   1              	 .syntax unified
   2              	 .cpu cortex-m4
   3              	 .eabi_attribute 27,3
   4              	 .fpu fpv4-sp-d16
   5              	 .eabi_attribute 20,1
   6              	 .eabi_attribute 21,1
   7              	 .eabi_attribute 23,3
   8              	 .eabi_attribute 24,1
   9              	 .eabi_attribute 25,1
  10              	 .eabi_attribute 26,1
  11              	 .eabi_attribute 30,2
  12              	 .eabi_attribute 34,1
  13              	 .eabi_attribute 18,4
  14              	 .thumb
  15              	 .file "arm_q15_to_float.c"
  16              	 .text
  17              	.Ltext0:
  18              	 .cfi_sections .debug_frame
  19              	 .section .text.arm_q15_to_float,"ax",%progbits
  20              	 .align 2
  21              	 .global arm_q15_to_float
  22              	 .thumb
  23              	 .thumb_func
  25              	arm_q15_to_float:
  26              	.LFB135:
  27              	 .file 1 "../Dave/Generated/CMSIS_DSP/SupportFunctions/arm_q15_to_float.c"
   1:../Dave/Generated/CMSIS_DSP/SupportFunctions/arm_q15_to_float.c **** /* ----------------------------------------------------------------------
   2:../Dave/Generated/CMSIS_DSP/SupportFunctions/arm_q15_to_float.c ****  * Project:      CMSIS DSP Library
   3:../Dave/Generated/CMSIS_DSP/SupportFunctions/arm_q15_to_float.c ****  * Title:        arm_q15_to_float.c
   4:../Dave/Generated/CMSIS_DSP/SupportFunctions/arm_q15_to_float.c ****  * Description:  Converts the elements of the Q15 vector to floating-point vector
   5:../Dave/Generated/CMSIS_DSP/SupportFunctions/arm_q15_to_float.c ****  *
   6:../Dave/Generated/CMSIS_DSP/SupportFunctions/arm_q15_to_float.c ****  * $Date:        27. January 2017
   7:../Dave/Generated/CMSIS_DSP/SupportFunctions/arm_q15_to_float.c ****  * $Revision:    V.1.5.1
   8:../Dave/Generated/CMSIS_DSP/SupportFunctions/arm_q15_to_float.c ****  *
   9:../Dave/Generated/CMSIS_DSP/SupportFunctions/arm_q15_to_float.c ****  * Target Processor: Cortex-M cores
  10:../Dave/Generated/CMSIS_DSP/SupportFunctions/arm_q15_to_float.c ****  * -------------------------------------------------------------------- */
  11:../Dave/Generated/CMSIS_DSP/SupportFunctions/arm_q15_to_float.c **** /*
  12:../Dave/Generated/CMSIS_DSP/SupportFunctions/arm_q15_to_float.c ****  * Copyright (C) 2010-2017 ARM Limited or its affiliates. All rights reserved.
  13:../Dave/Generated/CMSIS_DSP/SupportFunctions/arm_q15_to_float.c ****  *
  14:../Dave/Generated/CMSIS_DSP/SupportFunctions/arm_q15_to_float.c ****  * SPDX-License-Identifier: Apache-2.0
  15:../Dave/Generated/CMSIS_DSP/SupportFunctions/arm_q15_to_float.c ****  *
  16:../Dave/Generated/CMSIS_DSP/SupportFunctions/arm_q15_to_float.c ****  * Licensed under the Apache License, Version 2.0 (the License); you may
  17:../Dave/Generated/CMSIS_DSP/SupportFunctions/arm_q15_to_float.c ****  * not use this file except in compliance with the License.
  18:../Dave/Generated/CMSIS_DSP/SupportFunctions/arm_q15_to_float.c ****  * You may obtain a copy of the License at
  19:../Dave/Generated/CMSIS_DSP/SupportFunctions/arm_q15_to_float.c ****  *
  20:../Dave/Generated/CMSIS_DSP/SupportFunctions/arm_q15_to_float.c ****  * www.apache.org/licenses/LICENSE-2.0
  21:../Dave/Generated/CMSIS_DSP/SupportFunctions/arm_q15_to_float.c ****  *
  22:../Dave/Generated/CMSIS_DSP/SupportFunctions/arm_q15_to_float.c ****  * Unless required by applicable law or agreed to in writing, software
  23:../Dave/Generated/CMSIS_DSP/SupportFunctions/arm_q15_to_float.c ****  * distributed under the License is distributed on an AS IS BASIS, WITHOUT
  24:../Dave/Generated/CMSIS_DSP/SupportFunctions/arm_q15_to_float.c ****  * WARRANTIES OR CONDITIONS OF ANY KIND, either express or implied.
  25:../Dave/Generated/CMSIS_DSP/SupportFunctions/arm_q15_to_float.c ****  * See the License for the specific language governing permissions and
  26:../Dave/Generated/CMSIS_DSP/SupportFunctions/arm_q15_to_float.c ****  * limitations under the License.
  27:../Dave/Generated/CMSIS_DSP/SupportFunctions/arm_q15_to_float.c ****  */
  28:../Dave/Generated/CMSIS_DSP/SupportFunctions/arm_q15_to_float.c **** 
  29:../Dave/Generated/CMSIS_DSP/SupportFunctions/arm_q15_to_float.c **** #include "CMSIS_DSP/cmsis_dsp.h"
  30:../Dave/Generated/CMSIS_DSP/SupportFunctions/arm_q15_to_float.c **** 
  31:../Dave/Generated/CMSIS_DSP/SupportFunctions/arm_q15_to_float.c **** /**
  32:../Dave/Generated/CMSIS_DSP/SupportFunctions/arm_q15_to_float.c ****  * @ingroup groupSupport
  33:../Dave/Generated/CMSIS_DSP/SupportFunctions/arm_q15_to_float.c ****  */
  34:../Dave/Generated/CMSIS_DSP/SupportFunctions/arm_q15_to_float.c **** 
  35:../Dave/Generated/CMSIS_DSP/SupportFunctions/arm_q15_to_float.c **** /**
  36:../Dave/Generated/CMSIS_DSP/SupportFunctions/arm_q15_to_float.c ****  * @defgroup q15_to_x  Convert 16-bit Integer value
  37:../Dave/Generated/CMSIS_DSP/SupportFunctions/arm_q15_to_float.c ****  */
  38:../Dave/Generated/CMSIS_DSP/SupportFunctions/arm_q15_to_float.c **** 
  39:../Dave/Generated/CMSIS_DSP/SupportFunctions/arm_q15_to_float.c **** /**
  40:../Dave/Generated/CMSIS_DSP/SupportFunctions/arm_q15_to_float.c ****  * @addtogroup q15_to_x
  41:../Dave/Generated/CMSIS_DSP/SupportFunctions/arm_q15_to_float.c ****  * @{
  42:../Dave/Generated/CMSIS_DSP/SupportFunctions/arm_q15_to_float.c ****  */
  43:../Dave/Generated/CMSIS_DSP/SupportFunctions/arm_q15_to_float.c **** 
  44:../Dave/Generated/CMSIS_DSP/SupportFunctions/arm_q15_to_float.c **** 
  45:../Dave/Generated/CMSIS_DSP/SupportFunctions/arm_q15_to_float.c **** 
  46:../Dave/Generated/CMSIS_DSP/SupportFunctions/arm_q15_to_float.c **** 
  47:../Dave/Generated/CMSIS_DSP/SupportFunctions/arm_q15_to_float.c **** /**
  48:../Dave/Generated/CMSIS_DSP/SupportFunctions/arm_q15_to_float.c ****  * @brief  Converts the elements of the Q15 vector to floating-point vector.
  49:../Dave/Generated/CMSIS_DSP/SupportFunctions/arm_q15_to_float.c ****  * @param[in]       *pSrc points to the Q15 input vector
  50:../Dave/Generated/CMSIS_DSP/SupportFunctions/arm_q15_to_float.c ****  * @param[out]      *pDst points to the floating-point output vector
  51:../Dave/Generated/CMSIS_DSP/SupportFunctions/arm_q15_to_float.c ****  * @param[in]       blockSize length of the input vector
  52:../Dave/Generated/CMSIS_DSP/SupportFunctions/arm_q15_to_float.c ****  * @return none.
  53:../Dave/Generated/CMSIS_DSP/SupportFunctions/arm_q15_to_float.c ****  *
  54:../Dave/Generated/CMSIS_DSP/SupportFunctions/arm_q15_to_float.c ****  * \par Description:
  55:../Dave/Generated/CMSIS_DSP/SupportFunctions/arm_q15_to_float.c ****  *
  56:../Dave/Generated/CMSIS_DSP/SupportFunctions/arm_q15_to_float.c ****  * The equation used for the conversion process is:
  57:../Dave/Generated/CMSIS_DSP/SupportFunctions/arm_q15_to_float.c ****  *
  58:../Dave/Generated/CMSIS_DSP/SupportFunctions/arm_q15_to_float.c ****  * <pre>
  59:../Dave/Generated/CMSIS_DSP/SupportFunctions/arm_q15_to_float.c ****  * 	pDst[n] = (float32_t) pSrc[n] / 32768;   0 <= n < blockSize.
  60:../Dave/Generated/CMSIS_DSP/SupportFunctions/arm_q15_to_float.c ****  * </pre>
  61:../Dave/Generated/CMSIS_DSP/SupportFunctions/arm_q15_to_float.c ****  *
  62:../Dave/Generated/CMSIS_DSP/SupportFunctions/arm_q15_to_float.c ****  */
  63:../Dave/Generated/CMSIS_DSP/SupportFunctions/arm_q15_to_float.c **** 
  64:../Dave/Generated/CMSIS_DSP/SupportFunctions/arm_q15_to_float.c **** 
  65:../Dave/Generated/CMSIS_DSP/SupportFunctions/arm_q15_to_float.c **** void arm_q15_to_float(
  66:../Dave/Generated/CMSIS_DSP/SupportFunctions/arm_q15_to_float.c ****   q15_t * pSrc,
  67:../Dave/Generated/CMSIS_DSP/SupportFunctions/arm_q15_to_float.c ****   float32_t * pDst,
  68:../Dave/Generated/CMSIS_DSP/SupportFunctions/arm_q15_to_float.c ****   uint32_t blockSize)
  69:../Dave/Generated/CMSIS_DSP/SupportFunctions/arm_q15_to_float.c **** {
  28              	 .loc 1 69 0
  29              	 .cfi_startproc
  30              	 
  31              	 
  32              	.LVL0:
  33 0000 70B5     	 push {r4,r5,r6,lr}
  34              	.LCFI0:
  35              	 .cfi_def_cfa_offset 16
  36              	 .cfi_offset 4,-16
  37              	 .cfi_offset 5,-12
  38              	 .cfi_offset 6,-8
  39              	 .cfi_offset 14,-4
  70:../Dave/Generated/CMSIS_DSP/SupportFunctions/arm_q15_to_float.c ****   q15_t *pIn = pSrc;                             /* Src pointer */
  71:../Dave/Generated/CMSIS_DSP/SupportFunctions/arm_q15_to_float.c ****   uint32_t blkCnt;                               /* loop counter */
  72:../Dave/Generated/CMSIS_DSP/SupportFunctions/arm_q15_to_float.c **** 
  73:../Dave/Generated/CMSIS_DSP/SupportFunctions/arm_q15_to_float.c **** 
  74:../Dave/Generated/CMSIS_DSP/SupportFunctions/arm_q15_to_float.c **** #if defined (ARM_MATH_DSP)
  75:../Dave/Generated/CMSIS_DSP/SupportFunctions/arm_q15_to_float.c **** 
  76:../Dave/Generated/CMSIS_DSP/SupportFunctions/arm_q15_to_float.c ****   /* Run the below code for Cortex-M4 and Cortex-M3 */
  77:../Dave/Generated/CMSIS_DSP/SupportFunctions/arm_q15_to_float.c **** 
  78:../Dave/Generated/CMSIS_DSP/SupportFunctions/arm_q15_to_float.c ****   /*loop Unrolling */
  79:../Dave/Generated/CMSIS_DSP/SupportFunctions/arm_q15_to_float.c ****   blkCnt = blockSize >> 2u;
  80:../Dave/Generated/CMSIS_DSP/SupportFunctions/arm_q15_to_float.c **** 
  81:../Dave/Generated/CMSIS_DSP/SupportFunctions/arm_q15_to_float.c ****   /* First part of the processing with loop unrolling.  Compute 4 outputs at a time.
  82:../Dave/Generated/CMSIS_DSP/SupportFunctions/arm_q15_to_float.c ****    ** a second loop below computes the remaining 1 to 3 samples. */
  83:../Dave/Generated/CMSIS_DSP/SupportFunctions/arm_q15_to_float.c ****   while (blkCnt > 0u)
  40              	 .loc 1 83 0
  41 0002 9608     	 lsrs r6,r2,#2
  42              	.LVL1:
  43 0004 38D0     	 beq .L2
  84:../Dave/Generated/CMSIS_DSP/SupportFunctions/arm_q15_to_float.c ****   {
  85:../Dave/Generated/CMSIS_DSP/SupportFunctions/arm_q15_to_float.c ****     /* C = (float32_t) A / 32768 */
  86:../Dave/Generated/CMSIS_DSP/SupportFunctions/arm_q15_to_float.c ****     /* convert from q15 to float and then store the results in the destination buffer */
  87:../Dave/Generated/CMSIS_DSP/SupportFunctions/arm_q15_to_float.c ****     *pDst++ = ((float32_t) * pIn++ / 32768.0f);
  44              	 .loc 1 87 0
  45 0006 DFED255A 	 flds s11,.L14
  46 000a 01F11004 	 add r4,r1,#16
  47 000e 00F10803 	 add r3,r0,#8
  83:../Dave/Generated/CMSIS_DSP/SupportFunctions/arm_q15_to_float.c ****   {
  48              	 .loc 1 83 0
  49 0012 3546     	 mov r5,r6
  50              	.LVL2:
  51              	.L3:
  52              	 .loc 1 87 0
  53 0014 33F908EC 	 ldrsh lr,[r3,#-8]
  54 0018 06EE10EA 	 fmsr s12,lr
  88:../Dave/Generated/CMSIS_DSP/SupportFunctions/arm_q15_to_float.c ****     *pDst++ = ((float32_t) * pIn++ / 32768.0f);
  55              	 .loc 1 88 0
  56 001c 33F906EC 	 ldrsh lr,[r3,#-6]
  57 0020 06EE90EA 	 fmsr s13,lr
  89:../Dave/Generated/CMSIS_DSP/SupportFunctions/arm_q15_to_float.c ****     *pDst++ = ((float32_t) * pIn++ / 32768.0f);
  58              	 .loc 1 89 0
  59 0024 33F904EC 	 ldrsh lr,[r3,#-4]
  60 0028 07EE10EA 	 fmsr s14,lr
  90:../Dave/Generated/CMSIS_DSP/SupportFunctions/arm_q15_to_float.c ****     *pDst++ = ((float32_t) * pIn++ / 32768.0f);
  61              	 .loc 1 90 0
  62 002c 33F902EC 	 ldrsh lr,[r3,#-2]
  63 0030 07EE90EA 	 fmsr s15,lr
  87:../Dave/Generated/CMSIS_DSP/SupportFunctions/arm_q15_to_float.c ****     *pDst++ = ((float32_t) * pIn++ / 32768.0f);
  64              	 .loc 1 87 0
  65 0034 B8EEC66A 	 fsitos s12,s12
  88:../Dave/Generated/CMSIS_DSP/SupportFunctions/arm_q15_to_float.c ****     *pDst++ = ((float32_t) * pIn++ / 32768.0f);
  66              	 .loc 1 88 0
  67 0038 F8EEE66A 	 fsitos s13,s13
  89:../Dave/Generated/CMSIS_DSP/SupportFunctions/arm_q15_to_float.c ****     *pDst++ = ((float32_t) * pIn++ / 32768.0f);
  68              	 .loc 1 89 0
  69 003c B8EEC77A 	 fsitos s14,s14
  70              	 .loc 1 90 0
  71 0040 F8EEE77A 	 fsitos s15,s15
  87:../Dave/Generated/CMSIS_DSP/SupportFunctions/arm_q15_to_float.c ****     *pDst++ = ((float32_t) * pIn++ / 32768.0f);
  72              	 .loc 1 87 0
  73 0044 26EE256A 	 fmuls s12,s12,s11
  88:../Dave/Generated/CMSIS_DSP/SupportFunctions/arm_q15_to_float.c ****     *pDst++ = ((float32_t) * pIn++ / 32768.0f);
  74              	 .loc 1 88 0
  75 0048 66EEA56A 	 fmuls s13,s13,s11
  89:../Dave/Generated/CMSIS_DSP/SupportFunctions/arm_q15_to_float.c ****     *pDst++ = ((float32_t) * pIn++ / 32768.0f);
  76              	 .loc 1 89 0
  77 004c 27EE257A 	 fmuls s14,s14,s11
  78              	 .loc 1 90 0
  79 0050 67EEA57A 	 fmuls s15,s15,s11
  83:../Dave/Generated/CMSIS_DSP/SupportFunctions/arm_q15_to_float.c ****   {
  80              	 .loc 1 83 0
  81 0054 013D     	 subs r5,r5,#1
  82              	.LVL3:
  87:../Dave/Generated/CMSIS_DSP/SupportFunctions/arm_q15_to_float.c ****     *pDst++ = ((float32_t) * pIn++ / 32768.0f);
  83              	 .loc 1 87 0
  84 0056 04ED046A 	 fsts s12,[r4,#-16]
  85              	.LVL4:
  88:../Dave/Generated/CMSIS_DSP/SupportFunctions/arm_q15_to_float.c ****     *pDst++ = ((float32_t) * pIn++ / 32768.0f);
  86              	 .loc 1 88 0
  87 005a 44ED036A 	 fsts s13,[r4,#-12]
  88              	.LVL5:
  89:../Dave/Generated/CMSIS_DSP/SupportFunctions/arm_q15_to_float.c ****     *pDst++ = ((float32_t) * pIn++ / 32768.0f);
  89              	 .loc 1 89 0
  90 005e 04ED027A 	 fsts s14,[r4,#-8]
  91              	.LVL6:
  92              	 .loc 1 90 0
  93 0062 44ED017A 	 fsts s15,[r4,#-4]
  94 0066 03F10803 	 add r3,r3,#8
  95              	.LVL7:
  96 006a 04F11004 	 add r4,r4,#16
  97              	.LVL8:
  83:../Dave/Generated/CMSIS_DSP/SupportFunctions/arm_q15_to_float.c ****   {
  98              	 .loc 1 83 0
  99 006e D1D1     	 bne .L3
 100 0070 01EB0611 	 add r1,r1,r6,lsl#4
 101 0074 00EBC600 	 add r0,r0,r6,lsl#3
 102              	.LVL9:
 103              	.L2:
  91:../Dave/Generated/CMSIS_DSP/SupportFunctions/arm_q15_to_float.c **** 
  92:../Dave/Generated/CMSIS_DSP/SupportFunctions/arm_q15_to_float.c ****     /* Decrement the loop counter */
  93:../Dave/Generated/CMSIS_DSP/SupportFunctions/arm_q15_to_float.c ****     blkCnt--;
  94:../Dave/Generated/CMSIS_DSP/SupportFunctions/arm_q15_to_float.c ****   }
  95:../Dave/Generated/CMSIS_DSP/SupportFunctions/arm_q15_to_float.c **** 
  96:../Dave/Generated/CMSIS_DSP/SupportFunctions/arm_q15_to_float.c ****   /* If the blockSize is not a multiple of 4, compute any remaining output samples here.
  97:../Dave/Generated/CMSIS_DSP/SupportFunctions/arm_q15_to_float.c ****    ** No loop unrolling is used. */
  98:../Dave/Generated/CMSIS_DSP/SupportFunctions/arm_q15_to_float.c ****   blkCnt = blockSize % 0x4u;
  99:../Dave/Generated/CMSIS_DSP/SupportFunctions/arm_q15_to_float.c **** 
 100:../Dave/Generated/CMSIS_DSP/SupportFunctions/arm_q15_to_float.c **** #else
 101:../Dave/Generated/CMSIS_DSP/SupportFunctions/arm_q15_to_float.c **** 
 102:../Dave/Generated/CMSIS_DSP/SupportFunctions/arm_q15_to_float.c ****   /* Run the below code for Cortex-M0 */
 103:../Dave/Generated/CMSIS_DSP/SupportFunctions/arm_q15_to_float.c **** 
 104:../Dave/Generated/CMSIS_DSP/SupportFunctions/arm_q15_to_float.c ****   /* Loop over blockSize number of values */
 105:../Dave/Generated/CMSIS_DSP/SupportFunctions/arm_q15_to_float.c ****   blkCnt = blockSize;
 106:../Dave/Generated/CMSIS_DSP/SupportFunctions/arm_q15_to_float.c **** 
 107:../Dave/Generated/CMSIS_DSP/SupportFunctions/arm_q15_to_float.c **** #endif /* #if defined (ARM_MATH_DSP) */
 108:../Dave/Generated/CMSIS_DSP/SupportFunctions/arm_q15_to_float.c **** 
 109:../Dave/Generated/CMSIS_DSP/SupportFunctions/arm_q15_to_float.c ****   while (blkCnt > 0u)
 104              	 .loc 1 109 0
 105 0078 12F00302 	 ands r2,r2,#3
 106              	.LVL10:
 107 007c 0DD0     	 beq .L1
 110:../Dave/Generated/CMSIS_DSP/SupportFunctions/arm_q15_to_float.c ****   {
 111:../Dave/Generated/CMSIS_DSP/SupportFunctions/arm_q15_to_float.c ****     /* C = (float32_t) A / 32768 */
 112:../Dave/Generated/CMSIS_DSP/SupportFunctions/arm_q15_to_float.c ****     /* convert from q15 to float and then store the results in the destination buffer */
 113:../Dave/Generated/CMSIS_DSP/SupportFunctions/arm_q15_to_float.c ****     *pDst++ = ((float32_t) * pIn++ / 32768.0f);
 108              	 .loc 1 113 0
 109 007e 9FED077A 	 flds s14,.L14
 110              	.LVL11:
 111              	.L5:
 112 0082 30F9023B 	 ldrsh r3,[r0],#2
 113              	.LVL12:
 114 0086 07EE903A 	 fmsr s15,r3
 115              	.LVL13:
 116 008a F8EEE77A 	 fsitos s15,s15
 109:../Dave/Generated/CMSIS_DSP/SupportFunctions/arm_q15_to_float.c ****   {
 117              	 .loc 1 109 0
 118 008e 013A     	 subs r2,r2,#1
 119              	.LVL14:
 120              	 .loc 1 113 0
 121 0090 67EE877A 	 fmuls s15,s15,s14
 122 0094 E1EC017A 	 fstmias r1!,{s15}
 123              	.LVL15:
 109:../Dave/Generated/CMSIS_DSP/SupportFunctions/arm_q15_to_float.c ****   {
 124              	 .loc 1 109 0
 125 0098 F3D1     	 bne .L5
 126              	.LVL16:
 127              	.L1:
 128 009a 70BD     	 pop {r4,r5,r6,pc}
 129              	.L15:
 130              	 .align 2
 131              	.L14:
 132 009c 00000038 	 .word 939524096
 133              	 .cfi_endproc
 134              	.LFE135:
 136              	 .text
 137              	.Letext0:
 138              	 .file 2 "c:\\infineon\\tools\\dave ide\\4.5.0.202105191637\\eclipse\\arm-gcc-49\\arm-none-eabi\\include\\machine\\_default_types.h"
 139              	 .file 3 "c:\\infineon\\tools\\dave ide\\4.5.0.202105191637\\eclipse\\arm-gcc-49\\arm-none-eabi\\include\\stdint.h"
 140              	 .file 4 "C:/Users/Utente/Desktop/Tesi/Firmware_Software/DAVE project/S2GLP_Pulsed_Doppler/Dave/Generated/CMSIS_DSP/arm_math.h"
DEFINED SYMBOLS
                            *ABS*:00000000 arm_q15_to_float.c
    {standard input}:20     .text.arm_q15_to_float:00000000 $t
    {standard input}:25     .text.arm_q15_to_float:00000000 arm_q15_to_float
    {standard input}:132    .text.arm_q15_to_float:0000009c $d
                     .debug_frame:00000010 $d

NO UNDEFINED SYMBOLS
