   1              	 .syntax unified
   2              	 .cpu cortex-m4
   3              	 .eabi_attribute 27,3
   4              	 .fpu fpv4-sp-d16
   5              	 .eabi_attribute 20,1
   6              	 .eabi_attribute 21,1
   7              	 .eabi_attribute 23,3
   8              	 .eabi_attribute 24,1
   9              	 .eabi_attribute 25,1
  10              	 .eabi_attribute 26,1
  11              	 .eabi_attribute 30,2
  12              	 .eabi_attribute 34,1
  13              	 .eabi_attribute 18,4
  14              	 .thumb
  15              	 .file "arm_copy_q7.c"
  16              	 .text
  17              	.Ltext0:
  18              	 .cfi_sections .debug_frame
  19              	 .section .text.arm_copy_q7,"ax",%progbits
  20              	 .align 2
  21              	 .global arm_copy_q7
  22              	 .thumb
  23              	 .thumb_func
  25              	arm_copy_q7:
  26              	.LFB135:
  27              	 .file 1 "../Dave/Generated/CMSIS_DSP/SupportFunctions/arm_copy_q7.c"
   1:../Dave/Generated/CMSIS_DSP/SupportFunctions/arm_copy_q7.c **** /* ----------------------------------------------------------------------
   2:../Dave/Generated/CMSIS_DSP/SupportFunctions/arm_copy_q7.c ****  * Project:      CMSIS DSP Library
   3:../Dave/Generated/CMSIS_DSP/SupportFunctions/arm_copy_q7.c ****  * Title:        arm_copy_q7.c
   4:../Dave/Generated/CMSIS_DSP/SupportFunctions/arm_copy_q7.c ****  * Description:  Copies the elements of a Q7 vector
   5:../Dave/Generated/CMSIS_DSP/SupportFunctions/arm_copy_q7.c ****  *
   6:../Dave/Generated/CMSIS_DSP/SupportFunctions/arm_copy_q7.c ****  * $Date:        27. January 2017
   7:../Dave/Generated/CMSIS_DSP/SupportFunctions/arm_copy_q7.c ****  * $Revision:    V.1.5.1
   8:../Dave/Generated/CMSIS_DSP/SupportFunctions/arm_copy_q7.c ****  *
   9:../Dave/Generated/CMSIS_DSP/SupportFunctions/arm_copy_q7.c ****  * Target Processor: Cortex-M cores
  10:../Dave/Generated/CMSIS_DSP/SupportFunctions/arm_copy_q7.c ****  * -------------------------------------------------------------------- */
  11:../Dave/Generated/CMSIS_DSP/SupportFunctions/arm_copy_q7.c **** /*
  12:../Dave/Generated/CMSIS_DSP/SupportFunctions/arm_copy_q7.c ****  * Copyright (C) 2010-2017 ARM Limited or its affiliates. All rights reserved.
  13:../Dave/Generated/CMSIS_DSP/SupportFunctions/arm_copy_q7.c ****  *
  14:../Dave/Generated/CMSIS_DSP/SupportFunctions/arm_copy_q7.c ****  * SPDX-License-Identifier: Apache-2.0
  15:../Dave/Generated/CMSIS_DSP/SupportFunctions/arm_copy_q7.c ****  *
  16:../Dave/Generated/CMSIS_DSP/SupportFunctions/arm_copy_q7.c ****  * Licensed under the Apache License, Version 2.0 (the License); you may
  17:../Dave/Generated/CMSIS_DSP/SupportFunctions/arm_copy_q7.c ****  * not use this file except in compliance with the License.
  18:../Dave/Generated/CMSIS_DSP/SupportFunctions/arm_copy_q7.c ****  * You may obtain a copy of the License at
  19:../Dave/Generated/CMSIS_DSP/SupportFunctions/arm_copy_q7.c ****  *
  20:../Dave/Generated/CMSIS_DSP/SupportFunctions/arm_copy_q7.c ****  * www.apache.org/licenses/LICENSE-2.0
  21:../Dave/Generated/CMSIS_DSP/SupportFunctions/arm_copy_q7.c ****  *
  22:../Dave/Generated/CMSIS_DSP/SupportFunctions/arm_copy_q7.c ****  * Unless required by applicable law or agreed to in writing, software
  23:../Dave/Generated/CMSIS_DSP/SupportFunctions/arm_copy_q7.c ****  * distributed under the License is distributed on an AS IS BASIS, WITHOUT
  24:../Dave/Generated/CMSIS_DSP/SupportFunctions/arm_copy_q7.c ****  * WARRANTIES OR CONDITIONS OF ANY KIND, either express or implied.
  25:../Dave/Generated/CMSIS_DSP/SupportFunctions/arm_copy_q7.c ****  * See the License for the specific language governing permissions and
  26:../Dave/Generated/CMSIS_DSP/SupportFunctions/arm_copy_q7.c ****  * limitations under the License.
  27:../Dave/Generated/CMSIS_DSP/SupportFunctions/arm_copy_q7.c ****  */
  28:../Dave/Generated/CMSIS_DSP/SupportFunctions/arm_copy_q7.c **** 
  29:../Dave/Generated/CMSIS_DSP/SupportFunctions/arm_copy_q7.c **** #include "CMSIS_DSP/cmsis_dsp.h"
  30:../Dave/Generated/CMSIS_DSP/SupportFunctions/arm_copy_q7.c **** 
  31:../Dave/Generated/CMSIS_DSP/SupportFunctions/arm_copy_q7.c **** /**
  32:../Dave/Generated/CMSIS_DSP/SupportFunctions/arm_copy_q7.c ****  * @ingroup groupSupport
  33:../Dave/Generated/CMSIS_DSP/SupportFunctions/arm_copy_q7.c ****  */
  34:../Dave/Generated/CMSIS_DSP/SupportFunctions/arm_copy_q7.c **** 
  35:../Dave/Generated/CMSIS_DSP/SupportFunctions/arm_copy_q7.c **** /**
  36:../Dave/Generated/CMSIS_DSP/SupportFunctions/arm_copy_q7.c ****  * @addtogroup copy
  37:../Dave/Generated/CMSIS_DSP/SupportFunctions/arm_copy_q7.c ****  * @{
  38:../Dave/Generated/CMSIS_DSP/SupportFunctions/arm_copy_q7.c ****  */
  39:../Dave/Generated/CMSIS_DSP/SupportFunctions/arm_copy_q7.c **** 
  40:../Dave/Generated/CMSIS_DSP/SupportFunctions/arm_copy_q7.c **** /**
  41:../Dave/Generated/CMSIS_DSP/SupportFunctions/arm_copy_q7.c ****  * @brief Copies the elements of a Q7 vector.
  42:../Dave/Generated/CMSIS_DSP/SupportFunctions/arm_copy_q7.c ****  * @param[in]       *pSrc points to input vector
  43:../Dave/Generated/CMSIS_DSP/SupportFunctions/arm_copy_q7.c ****  * @param[out]      *pDst points to output vector
  44:../Dave/Generated/CMSIS_DSP/SupportFunctions/arm_copy_q7.c ****  * @param[in]       blockSize length of the input vector
  45:../Dave/Generated/CMSIS_DSP/SupportFunctions/arm_copy_q7.c ****  * @return none.
  46:../Dave/Generated/CMSIS_DSP/SupportFunctions/arm_copy_q7.c ****  *
  47:../Dave/Generated/CMSIS_DSP/SupportFunctions/arm_copy_q7.c ****  */
  48:../Dave/Generated/CMSIS_DSP/SupportFunctions/arm_copy_q7.c **** 
  49:../Dave/Generated/CMSIS_DSP/SupportFunctions/arm_copy_q7.c **** void arm_copy_q7(
  50:../Dave/Generated/CMSIS_DSP/SupportFunctions/arm_copy_q7.c ****   q7_t * pSrc,
  51:../Dave/Generated/CMSIS_DSP/SupportFunctions/arm_copy_q7.c ****   q7_t * pDst,
  52:../Dave/Generated/CMSIS_DSP/SupportFunctions/arm_copy_q7.c ****   uint32_t blockSize)
  53:../Dave/Generated/CMSIS_DSP/SupportFunctions/arm_copy_q7.c **** {
  28              	 .loc 1 53 0
  29              	 .cfi_startproc
  30              	 
  31              	 
  32              	 
  33              	.LVL0:
  34 0000 F0B4     	 push {r4,r5,r6,r7}
  35              	.LCFI0:
  36              	 .cfi_def_cfa_offset 16
  37              	 .cfi_offset 4,-16
  38              	 .cfi_offset 5,-12
  39              	 .cfi_offset 6,-8
  40              	 .cfi_offset 7,-4
  54:../Dave/Generated/CMSIS_DSP/SupportFunctions/arm_copy_q7.c ****   uint32_t blkCnt;                               /* loop counter */
  55:../Dave/Generated/CMSIS_DSP/SupportFunctions/arm_copy_q7.c **** 
  56:../Dave/Generated/CMSIS_DSP/SupportFunctions/arm_copy_q7.c **** #if defined (ARM_MATH_DSP)
  57:../Dave/Generated/CMSIS_DSP/SupportFunctions/arm_copy_q7.c **** 
  58:../Dave/Generated/CMSIS_DSP/SupportFunctions/arm_copy_q7.c ****   /* Run the below code for Cortex-M4 and Cortex-M3 */
  59:../Dave/Generated/CMSIS_DSP/SupportFunctions/arm_copy_q7.c **** 
  60:../Dave/Generated/CMSIS_DSP/SupportFunctions/arm_copy_q7.c ****   /*loop Unrolling */
  61:../Dave/Generated/CMSIS_DSP/SupportFunctions/arm_copy_q7.c ****   blkCnt = blockSize >> 2u;
  62:../Dave/Generated/CMSIS_DSP/SupportFunctions/arm_copy_q7.c **** 
  63:../Dave/Generated/CMSIS_DSP/SupportFunctions/arm_copy_q7.c ****   /* First part of the processing with loop unrolling.  Compute 4 outputs at a time.
  64:../Dave/Generated/CMSIS_DSP/SupportFunctions/arm_copy_q7.c ****    ** a second loop below computes the remaining 1 to 3 samples. */
  65:../Dave/Generated/CMSIS_DSP/SupportFunctions/arm_copy_q7.c ****   while (blkCnt > 0u)
  41              	 .loc 1 65 0
  42 0002 9708     	 lsrs r7,r2,#2
  43              	.LVL1:
  44 0004 0BD0     	 beq .L2
  45 0006 0D1F     	 subs r5,r1,#4
  46 0008 0446     	 mov r4,r0
  47 000a 3B46     	 mov r3,r7
  48              	.LVL2:
  49              	.L3:
  66:../Dave/Generated/CMSIS_DSP/SupportFunctions/arm_copy_q7.c ****   {
  67:../Dave/Generated/CMSIS_DSP/SupportFunctions/arm_copy_q7.c ****     /* C = A */
  68:../Dave/Generated/CMSIS_DSP/SupportFunctions/arm_copy_q7.c ****     /* Copy and then store the results in the destination buffer */
  69:../Dave/Generated/CMSIS_DSP/SupportFunctions/arm_copy_q7.c ****     /* 4 samples are copied and stored at a time using SIMD */
  70:../Dave/Generated/CMSIS_DSP/SupportFunctions/arm_copy_q7.c ****     *__SIMD32(pDst)++ = *__SIMD32(pSrc)++;
  50              	 .loc 1 70 0
  51 000c 54F8046B 	 ldr r6,[r4],#4
  52              	.LVL3:
  53 0010 45F8046F 	 str r6,[r5,#4]!
  65:../Dave/Generated/CMSIS_DSP/SupportFunctions/arm_copy_q7.c ****   {
  54              	 .loc 1 65 0
  55 0014 013B     	 subs r3,r3,#1
  56              	.LVL4:
  57 0016 F9D1     	 bne .L3
  58 0018 BF00     	 lsls r7,r7,#2
  59 001a 3944     	 add r1,r1,r7
  60 001c 3844     	 add r0,r0,r7
  61              	.LVL5:
  62              	.L2:
  71:../Dave/Generated/CMSIS_DSP/SupportFunctions/arm_copy_q7.c **** 
  72:../Dave/Generated/CMSIS_DSP/SupportFunctions/arm_copy_q7.c ****     /* Decrement the loop counter */
  73:../Dave/Generated/CMSIS_DSP/SupportFunctions/arm_copy_q7.c ****     blkCnt--;
  74:../Dave/Generated/CMSIS_DSP/SupportFunctions/arm_copy_q7.c ****   }
  75:../Dave/Generated/CMSIS_DSP/SupportFunctions/arm_copy_q7.c **** 
  76:../Dave/Generated/CMSIS_DSP/SupportFunctions/arm_copy_q7.c ****   /* If the blockSize is not a multiple of 4, compute any remaining output samples here.
  77:../Dave/Generated/CMSIS_DSP/SupportFunctions/arm_copy_q7.c ****    ** No loop unrolling is used. */
  78:../Dave/Generated/CMSIS_DSP/SupportFunctions/arm_copy_q7.c ****   blkCnt = blockSize % 0x4u;
  79:../Dave/Generated/CMSIS_DSP/SupportFunctions/arm_copy_q7.c **** 
  80:../Dave/Generated/CMSIS_DSP/SupportFunctions/arm_copy_q7.c **** #else
  81:../Dave/Generated/CMSIS_DSP/SupportFunctions/arm_copy_q7.c **** 
  82:../Dave/Generated/CMSIS_DSP/SupportFunctions/arm_copy_q7.c ****   /* Run the below code for Cortex-M0 */
  83:../Dave/Generated/CMSIS_DSP/SupportFunctions/arm_copy_q7.c **** 
  84:../Dave/Generated/CMSIS_DSP/SupportFunctions/arm_copy_q7.c ****   /* Loop over blockSize number of values */
  85:../Dave/Generated/CMSIS_DSP/SupportFunctions/arm_copy_q7.c ****   blkCnt = blockSize;
  86:../Dave/Generated/CMSIS_DSP/SupportFunctions/arm_copy_q7.c **** 
  87:../Dave/Generated/CMSIS_DSP/SupportFunctions/arm_copy_q7.c **** #endif /* #if defined (ARM_MATH_DSP) */
  88:../Dave/Generated/CMSIS_DSP/SupportFunctions/arm_copy_q7.c **** 
  89:../Dave/Generated/CMSIS_DSP/SupportFunctions/arm_copy_q7.c **** 
  90:../Dave/Generated/CMSIS_DSP/SupportFunctions/arm_copy_q7.c ****   while (blkCnt > 0u)
  63              	 .loc 1 90 0
  64 001e 12F00302 	 ands r2,r2,#3
  65              	.LVL6:
  66 0022 07D0     	 beq .L1
  67 0024 0139     	 subs r1,r1,#1
  68              	.LVL7:
  69 0026 0244     	 add r2,r2,r0
  70              	.LVL8:
  71              	.L5:
  91:../Dave/Generated/CMSIS_DSP/SupportFunctions/arm_copy_q7.c ****   {
  92:../Dave/Generated/CMSIS_DSP/SupportFunctions/arm_copy_q7.c ****     /* C = A */
  93:../Dave/Generated/CMSIS_DSP/SupportFunctions/arm_copy_q7.c ****     /* Copy and then store the results in the destination buffer */
  94:../Dave/Generated/CMSIS_DSP/SupportFunctions/arm_copy_q7.c ****     *pDst++ = *pSrc++;
  72              	 .loc 1 94 0
  73 0028 10F8013B 	 ldrb r3,[r0],#1
  74              	.LVL9:
  75 002c 01F8013F 	 strb r3,[r1,#1]!
  76              	.LVL10:
  90:../Dave/Generated/CMSIS_DSP/SupportFunctions/arm_copy_q7.c ****   {
  77              	 .loc 1 90 0
  78 0030 9042     	 cmp r0,r2
  79 0032 F9D1     	 bne .L5
  80              	.LVL11:
  81              	.L1:
  95:../Dave/Generated/CMSIS_DSP/SupportFunctions/arm_copy_q7.c **** 
  96:../Dave/Generated/CMSIS_DSP/SupportFunctions/arm_copy_q7.c ****     /* Decrement the loop counter */
  97:../Dave/Generated/CMSIS_DSP/SupportFunctions/arm_copy_q7.c ****     blkCnt--;
  98:../Dave/Generated/CMSIS_DSP/SupportFunctions/arm_copy_q7.c ****   }
  99:../Dave/Generated/CMSIS_DSP/SupportFunctions/arm_copy_q7.c **** }
  82              	 .loc 1 99 0
  83 0034 F0BC     	 pop {r4,r5,r6,r7}
  84              	.LCFI1:
  85              	 .cfi_restore 7
  86              	 .cfi_restore 6
  87              	 .cfi_restore 5
  88              	 .cfi_restore 4
  89              	 .cfi_def_cfa_offset 0
  90 0036 7047     	 bx lr
  91              	 .cfi_endproc
  92              	.LFE135:
  94              	 .text
  95              	.Letext0:
  96              	 .file 2 "c:\\infineon\\tools\\dave ide\\4.5.0.202105191637\\eclipse\\arm-gcc-49\\arm-none-eabi\\include\\machine\\_default_types.h"
  97              	 .file 3 "c:\\infineon\\tools\\dave ide\\4.5.0.202105191637\\eclipse\\arm-gcc-49\\arm-none-eabi\\include\\stdint.h"
  98              	 .file 4 "C:/Users/Utente/Desktop/Tesi/Firmware_Software/DAVE project/S2GLP_Pulsed_Doppler/Dave/Generated/CMSIS_DSP/arm_math.h"
DEFINED SYMBOLS
                            *ABS*:00000000 arm_copy_q7.c
    {standard input}:20     .text.arm_copy_q7:00000000 $t
    {standard input}:25     .text.arm_copy_q7:00000000 arm_copy_q7
                     .debug_frame:00000010 $d

NO UNDEFINED SYMBOLS
