   1              	 .syntax unified
   2              	 .cpu cortex-m4
   3              	 .eabi_attribute 27,3
   4              	 .fpu fpv4-sp-d16
   5              	 .eabi_attribute 20,1
   6              	 .eabi_attribute 21,1
   7              	 .eabi_attribute 23,3
   8              	 .eabi_attribute 24,1
   9              	 .eabi_attribute 25,1
  10              	 .eabi_attribute 26,1
  11              	 .eabi_attribute 30,2
  12              	 .eabi_attribute 34,1
  13              	 .eabi_attribute 18,4
  14              	 .thumb
  15              	 .file "arm_q15_to_q31.c"
  16              	 .text
  17              	.Ltext0:
  18              	 .cfi_sections .debug_frame
  19              	 .section .text.arm_q15_to_q31,"ax",%progbits
  20              	 .align 2
  21              	 .global arm_q15_to_q31
  22              	 .thumb
  23              	 .thumb_func
  25              	arm_q15_to_q31:
  26              	.LFB135:
  27              	 .file 1 "../Dave/Generated/CMSIS_DSP/SupportFunctions/arm_q15_to_q31.c"
   1:../Dave/Generated/CMSIS_DSP/SupportFunctions/arm_q15_to_q31.c **** /* ----------------------------------------------------------------------
   2:../Dave/Generated/CMSIS_DSP/SupportFunctions/arm_q15_to_q31.c ****  * Project:      CMSIS DSP Library
   3:../Dave/Generated/CMSIS_DSP/SupportFunctions/arm_q15_to_q31.c ****  * Title:        arm_q15_to_q31.c
   4:../Dave/Generated/CMSIS_DSP/SupportFunctions/arm_q15_to_q31.c ****  * Description:  Converts the elements of the Q15 vector to Q31 vector
   5:../Dave/Generated/CMSIS_DSP/SupportFunctions/arm_q15_to_q31.c ****  *
   6:../Dave/Generated/CMSIS_DSP/SupportFunctions/arm_q15_to_q31.c ****  * $Date:        27. January 2017
   7:../Dave/Generated/CMSIS_DSP/SupportFunctions/arm_q15_to_q31.c ****  * $Revision:    V.1.5.1
   8:../Dave/Generated/CMSIS_DSP/SupportFunctions/arm_q15_to_q31.c ****  *
   9:../Dave/Generated/CMSIS_DSP/SupportFunctions/arm_q15_to_q31.c ****  * Target Processor: Cortex-M cores
  10:../Dave/Generated/CMSIS_DSP/SupportFunctions/arm_q15_to_q31.c ****  * -------------------------------------------------------------------- */
  11:../Dave/Generated/CMSIS_DSP/SupportFunctions/arm_q15_to_q31.c **** /*
  12:../Dave/Generated/CMSIS_DSP/SupportFunctions/arm_q15_to_q31.c ****  * Copyright (C) 2010-2017 ARM Limited or its affiliates. All rights reserved.
  13:../Dave/Generated/CMSIS_DSP/SupportFunctions/arm_q15_to_q31.c ****  *
  14:../Dave/Generated/CMSIS_DSP/SupportFunctions/arm_q15_to_q31.c ****  * SPDX-License-Identifier: Apache-2.0
  15:../Dave/Generated/CMSIS_DSP/SupportFunctions/arm_q15_to_q31.c ****  *
  16:../Dave/Generated/CMSIS_DSP/SupportFunctions/arm_q15_to_q31.c ****  * Licensed under the Apache License, Version 2.0 (the License); you may
  17:../Dave/Generated/CMSIS_DSP/SupportFunctions/arm_q15_to_q31.c ****  * not use this file except in compliance with the License.
  18:../Dave/Generated/CMSIS_DSP/SupportFunctions/arm_q15_to_q31.c ****  * You may obtain a copy of the License at
  19:../Dave/Generated/CMSIS_DSP/SupportFunctions/arm_q15_to_q31.c ****  *
  20:../Dave/Generated/CMSIS_DSP/SupportFunctions/arm_q15_to_q31.c ****  * www.apache.org/licenses/LICENSE-2.0
  21:../Dave/Generated/CMSIS_DSP/SupportFunctions/arm_q15_to_q31.c ****  *
  22:../Dave/Generated/CMSIS_DSP/SupportFunctions/arm_q15_to_q31.c ****  * Unless required by applicable law or agreed to in writing, software
  23:../Dave/Generated/CMSIS_DSP/SupportFunctions/arm_q15_to_q31.c ****  * distributed under the License is distributed on an AS IS BASIS, WITHOUT
  24:../Dave/Generated/CMSIS_DSP/SupportFunctions/arm_q15_to_q31.c ****  * WARRANTIES OR CONDITIONS OF ANY KIND, either express or implied.
  25:../Dave/Generated/CMSIS_DSP/SupportFunctions/arm_q15_to_q31.c ****  * See the License for the specific language governing permissions and
  26:../Dave/Generated/CMSIS_DSP/SupportFunctions/arm_q15_to_q31.c ****  * limitations under the License.
  27:../Dave/Generated/CMSIS_DSP/SupportFunctions/arm_q15_to_q31.c ****  */
  28:../Dave/Generated/CMSIS_DSP/SupportFunctions/arm_q15_to_q31.c **** 
  29:../Dave/Generated/CMSIS_DSP/SupportFunctions/arm_q15_to_q31.c **** #include "CMSIS_DSP/cmsis_dsp.h"
  30:../Dave/Generated/CMSIS_DSP/SupportFunctions/arm_q15_to_q31.c **** 
  31:../Dave/Generated/CMSIS_DSP/SupportFunctions/arm_q15_to_q31.c **** /**
  32:../Dave/Generated/CMSIS_DSP/SupportFunctions/arm_q15_to_q31.c ****  * @ingroup groupSupport
  33:../Dave/Generated/CMSIS_DSP/SupportFunctions/arm_q15_to_q31.c ****  */
  34:../Dave/Generated/CMSIS_DSP/SupportFunctions/arm_q15_to_q31.c **** 
  35:../Dave/Generated/CMSIS_DSP/SupportFunctions/arm_q15_to_q31.c **** /**
  36:../Dave/Generated/CMSIS_DSP/SupportFunctions/arm_q15_to_q31.c ****  * @addtogroup q15_to_x
  37:../Dave/Generated/CMSIS_DSP/SupportFunctions/arm_q15_to_q31.c ****  * @{
  38:../Dave/Generated/CMSIS_DSP/SupportFunctions/arm_q15_to_q31.c ****  */
  39:../Dave/Generated/CMSIS_DSP/SupportFunctions/arm_q15_to_q31.c **** 
  40:../Dave/Generated/CMSIS_DSP/SupportFunctions/arm_q15_to_q31.c **** /**
  41:../Dave/Generated/CMSIS_DSP/SupportFunctions/arm_q15_to_q31.c ****  * @brief Converts the elements of the Q15 vector to Q31 vector.
  42:../Dave/Generated/CMSIS_DSP/SupportFunctions/arm_q15_to_q31.c ****  * @param[in]       *pSrc points to the Q15 input vector
  43:../Dave/Generated/CMSIS_DSP/SupportFunctions/arm_q15_to_q31.c ****  * @param[out]      *pDst points to the Q31 output vector
  44:../Dave/Generated/CMSIS_DSP/SupportFunctions/arm_q15_to_q31.c ****  * @param[in]       blockSize length of the input vector
  45:../Dave/Generated/CMSIS_DSP/SupportFunctions/arm_q15_to_q31.c ****  * @return none.
  46:../Dave/Generated/CMSIS_DSP/SupportFunctions/arm_q15_to_q31.c ****  *
  47:../Dave/Generated/CMSIS_DSP/SupportFunctions/arm_q15_to_q31.c ****  * \par Description:
  48:../Dave/Generated/CMSIS_DSP/SupportFunctions/arm_q15_to_q31.c ****  *
  49:../Dave/Generated/CMSIS_DSP/SupportFunctions/arm_q15_to_q31.c ****  * The equation used for the conversion process is:
  50:../Dave/Generated/CMSIS_DSP/SupportFunctions/arm_q15_to_q31.c ****  *
  51:../Dave/Generated/CMSIS_DSP/SupportFunctions/arm_q15_to_q31.c ****  * <pre>
  52:../Dave/Generated/CMSIS_DSP/SupportFunctions/arm_q15_to_q31.c ****  * 	pDst[n] = (q31_t) pSrc[n] << 16;   0 <= n < blockSize.
  53:../Dave/Generated/CMSIS_DSP/SupportFunctions/arm_q15_to_q31.c ****  * </pre>
  54:../Dave/Generated/CMSIS_DSP/SupportFunctions/arm_q15_to_q31.c ****  *
  55:../Dave/Generated/CMSIS_DSP/SupportFunctions/arm_q15_to_q31.c ****  */
  56:../Dave/Generated/CMSIS_DSP/SupportFunctions/arm_q15_to_q31.c **** 
  57:../Dave/Generated/CMSIS_DSP/SupportFunctions/arm_q15_to_q31.c **** 
  58:../Dave/Generated/CMSIS_DSP/SupportFunctions/arm_q15_to_q31.c **** void arm_q15_to_q31(
  59:../Dave/Generated/CMSIS_DSP/SupportFunctions/arm_q15_to_q31.c ****   q15_t * pSrc,
  60:../Dave/Generated/CMSIS_DSP/SupportFunctions/arm_q15_to_q31.c ****   q31_t * pDst,
  61:../Dave/Generated/CMSIS_DSP/SupportFunctions/arm_q15_to_q31.c ****   uint32_t blockSize)
  62:../Dave/Generated/CMSIS_DSP/SupportFunctions/arm_q15_to_q31.c **** {
  28              	 .loc 1 62 0
  29              	 .cfi_startproc
  30              	 
  31              	 
  32              	.LVL0:
  33 0000 2DE9F041 	 push {r4,r5,r6,r7,r8,lr}
  34              	.LCFI0:
  35              	 .cfi_def_cfa_offset 24
  36              	 .cfi_offset 4,-24
  37              	 .cfi_offset 5,-20
  38              	 .cfi_offset 6,-16
  39              	 .cfi_offset 7,-12
  40              	 .cfi_offset 8,-8
  41              	 .cfi_offset 14,-4
  63:../Dave/Generated/CMSIS_DSP/SupportFunctions/arm_q15_to_q31.c ****   q15_t *pIn = pSrc;                             /* Src pointer */
  64:../Dave/Generated/CMSIS_DSP/SupportFunctions/arm_q15_to_q31.c ****   uint32_t blkCnt;                               /* loop counter */
  65:../Dave/Generated/CMSIS_DSP/SupportFunctions/arm_q15_to_q31.c **** 
  66:../Dave/Generated/CMSIS_DSP/SupportFunctions/arm_q15_to_q31.c **** #if defined (ARM_MATH_DSP)
  67:../Dave/Generated/CMSIS_DSP/SupportFunctions/arm_q15_to_q31.c **** 
  68:../Dave/Generated/CMSIS_DSP/SupportFunctions/arm_q15_to_q31.c ****   /* Run the below code for Cortex-M4 and Cortex-M3 */
  69:../Dave/Generated/CMSIS_DSP/SupportFunctions/arm_q15_to_q31.c ****   q31_t in1, in2;
  70:../Dave/Generated/CMSIS_DSP/SupportFunctions/arm_q15_to_q31.c ****   q31_t out1, out2, out3, out4;
  71:../Dave/Generated/CMSIS_DSP/SupportFunctions/arm_q15_to_q31.c **** 
  72:../Dave/Generated/CMSIS_DSP/SupportFunctions/arm_q15_to_q31.c ****   /*loop Unrolling */
  73:../Dave/Generated/CMSIS_DSP/SupportFunctions/arm_q15_to_q31.c ****   blkCnt = blockSize >> 2u;
  74:../Dave/Generated/CMSIS_DSP/SupportFunctions/arm_q15_to_q31.c **** 
  75:../Dave/Generated/CMSIS_DSP/SupportFunctions/arm_q15_to_q31.c ****   /* First part of the processing with loop unrolling.  Compute 4 outputs at a time.
  76:../Dave/Generated/CMSIS_DSP/SupportFunctions/arm_q15_to_q31.c ****    ** a second loop below computes the remaining 1 to 3 samples. */
  77:../Dave/Generated/CMSIS_DSP/SupportFunctions/arm_q15_to_q31.c ****   while (blkCnt > 0u)
  42              	 .loc 1 77 0
  43 0004 5FEA9208 	 lsrs r8,r2,#2
  62:../Dave/Generated/CMSIS_DSP/SupportFunctions/arm_q15_to_q31.c ****   q15_t *pIn = pSrc;                             /* Src pointer */
  44              	 .loc 1 62 0
  45 0008 9646     	 mov lr,r2
  46              	.LVL1:
  47              	 .loc 1 77 0
  48 000a 1FD0     	 beq .L2
  49 000c 00F10806 	 add r6,r0,#8
  50 0010 01F11003 	 add r3,r1,#16
  51 0014 C446     	 mov ip,r8
  52              	.LVL2:
  53              	.L3:
  78:../Dave/Generated/CMSIS_DSP/SupportFunctions/arm_q15_to_q31.c ****   {
  79:../Dave/Generated/CMSIS_DSP/SupportFunctions/arm_q15_to_q31.c ****     /* C = (q31_t)A << 16 */
  80:../Dave/Generated/CMSIS_DSP/SupportFunctions/arm_q15_to_q31.c ****     /* convert from q15 to q31 and then store the results in the destination buffer */
  81:../Dave/Generated/CMSIS_DSP/SupportFunctions/arm_q15_to_q31.c ****     in1 = *__SIMD32(pIn)++;
  54              	 .loc 1 81 0
  55 0016 56F8085C 	 ldr r5,[r6,#-8]
  56              	.LVL3:
  82:../Dave/Generated/CMSIS_DSP/SupportFunctions/arm_q15_to_q31.c ****     in2 = *__SIMD32(pIn)++;
  57              	 .loc 1 82 0
  58 001a 56F8044C 	 ldr r4,[r6,#-4]
  59              	.LVL4:
  83:../Dave/Generated/CMSIS_DSP/SupportFunctions/arm_q15_to_q31.c **** 
  84:../Dave/Generated/CMSIS_DSP/SupportFunctions/arm_q15_to_q31.c **** #ifndef ARM_MATH_BIG_ENDIAN
  85:../Dave/Generated/CMSIS_DSP/SupportFunctions/arm_q15_to_q31.c **** 
  86:../Dave/Generated/CMSIS_DSP/SupportFunctions/arm_q15_to_q31.c ****     /* extract lower 16 bits to 32 bit result */
  87:../Dave/Generated/CMSIS_DSP/SupportFunctions/arm_q15_to_q31.c ****     out1 = in1 << 16u;
  88:../Dave/Generated/CMSIS_DSP/SupportFunctions/arm_q15_to_q31.c ****     /* extract upper 16 bits to 32 bit result */
  89:../Dave/Generated/CMSIS_DSP/SupportFunctions/arm_q15_to_q31.c ****     out2 = in1 & 0xFFFF0000;
  60              	 .loc 1 89 0
  61 001e 2A0C     	 lsrs r2,r5,#16
  90:../Dave/Generated/CMSIS_DSP/SupportFunctions/arm_q15_to_q31.c ****     /* extract lower 16 bits to 32 bit result */
  91:../Dave/Generated/CMSIS_DSP/SupportFunctions/arm_q15_to_q31.c ****     out3 = in2 << 16u;
  92:../Dave/Generated/CMSIS_DSP/SupportFunctions/arm_q15_to_q31.c ****     /* extract upper 16 bits to 32 bit result */
  93:../Dave/Generated/CMSIS_DSP/SupportFunctions/arm_q15_to_q31.c ****     out4 = in2 & 0xFFFF0000;
  62              	 .loc 1 93 0
  63 0020 270C     	 lsrs r7,r4,#16
  89:../Dave/Generated/CMSIS_DSP/SupportFunctions/arm_q15_to_q31.c ****     /* extract lower 16 bits to 32 bit result */
  64              	 .loc 1 89 0
  65 0022 1204     	 lsls r2,r2,#16
  87:../Dave/Generated/CMSIS_DSP/SupportFunctions/arm_q15_to_q31.c ****     /* extract upper 16 bits to 32 bit result */
  66              	 .loc 1 87 0
  67 0024 2D04     	 lsls r5,r5,#16
  68              	.LVL5:
  69              	 .loc 1 93 0
  70 0026 3F04     	 lsls r7,r7,#16
  91:../Dave/Generated/CMSIS_DSP/SupportFunctions/arm_q15_to_q31.c ****     /* extract upper 16 bits to 32 bit result */
  71              	 .loc 1 91 0
  72 0028 2404     	 lsls r4,r4,#16
  73              	.LVL6:
  77:../Dave/Generated/CMSIS_DSP/SupportFunctions/arm_q15_to_q31.c ****   {
  74              	 .loc 1 77 0
  75 002a BCF1010C 	 subs ip,ip,#1
  76              	.LVL7:
  94:../Dave/Generated/CMSIS_DSP/SupportFunctions/arm_q15_to_q31.c **** 
  95:../Dave/Generated/CMSIS_DSP/SupportFunctions/arm_q15_to_q31.c **** #else
  96:../Dave/Generated/CMSIS_DSP/SupportFunctions/arm_q15_to_q31.c **** 
  97:../Dave/Generated/CMSIS_DSP/SupportFunctions/arm_q15_to_q31.c ****     /* extract upper 16 bits to 32 bit result */
  98:../Dave/Generated/CMSIS_DSP/SupportFunctions/arm_q15_to_q31.c ****     out1 = in1 & 0xFFFF0000;
  99:../Dave/Generated/CMSIS_DSP/SupportFunctions/arm_q15_to_q31.c ****     /* extract lower 16 bits to 32 bit result */
 100:../Dave/Generated/CMSIS_DSP/SupportFunctions/arm_q15_to_q31.c ****     out2 = in1 << 16u;
 101:../Dave/Generated/CMSIS_DSP/SupportFunctions/arm_q15_to_q31.c ****     /* extract upper 16 bits to 32 bit result */
 102:../Dave/Generated/CMSIS_DSP/SupportFunctions/arm_q15_to_q31.c ****     out3 = in2 & 0xFFFF0000;
 103:../Dave/Generated/CMSIS_DSP/SupportFunctions/arm_q15_to_q31.c ****     /* extract lower 16 bits to 32 bit result */
 104:../Dave/Generated/CMSIS_DSP/SupportFunctions/arm_q15_to_q31.c ****     out4 = in2 << 16u;
 105:../Dave/Generated/CMSIS_DSP/SupportFunctions/arm_q15_to_q31.c **** 
 106:../Dave/Generated/CMSIS_DSP/SupportFunctions/arm_q15_to_q31.c **** #endif //      #ifndef ARM_MATH_BIG_ENDIAN
 107:../Dave/Generated/CMSIS_DSP/SupportFunctions/arm_q15_to_q31.c **** 
 108:../Dave/Generated/CMSIS_DSP/SupportFunctions/arm_q15_to_q31.c ****     *pDst++ = out1;
 109:../Dave/Generated/CMSIS_DSP/SupportFunctions/arm_q15_to_q31.c ****     *pDst++ = out2;
  77              	 .loc 1 109 0
  78 002e 43F80C2C 	 str r2,[r3,#-12]
  79              	.LVL8:
 108:../Dave/Generated/CMSIS_DSP/SupportFunctions/arm_q15_to_q31.c ****     *pDst++ = out2;
  80              	 .loc 1 108 0
  81 0032 43F8105C 	 str r5,[r3,#-16]
  82              	.LVL9:
 110:../Dave/Generated/CMSIS_DSP/SupportFunctions/arm_q15_to_q31.c ****     *pDst++ = out3;
  83              	 .loc 1 110 0
  84 0036 03E99000 	 stmdb r3,{r4,r7}
  85              	.LVL10:
  86 003a 06F10806 	 add r6,r6,#8
  87              	.LVL11:
  88 003e 03F11003 	 add r3,r3,#16
  89              	.LVL12:
  77:../Dave/Generated/CMSIS_DSP/SupportFunctions/arm_q15_to_q31.c ****   {
  90              	 .loc 1 77 0
  91 0042 E8D1     	 bne .L3
  92 0044 00EBC800 	 add r0,r0,r8,lsl#3
  93              	.LVL13:
  94 0048 01EB0811 	 add r1,r1,r8,lsl#4
  95              	.LVL14:
  96              	.L2:
 111:../Dave/Generated/CMSIS_DSP/SupportFunctions/arm_q15_to_q31.c ****     *pDst++ = out4;
 112:../Dave/Generated/CMSIS_DSP/SupportFunctions/arm_q15_to_q31.c **** 
 113:../Dave/Generated/CMSIS_DSP/SupportFunctions/arm_q15_to_q31.c ****     /* Decrement the loop counter */
 114:../Dave/Generated/CMSIS_DSP/SupportFunctions/arm_q15_to_q31.c ****     blkCnt--;
 115:../Dave/Generated/CMSIS_DSP/SupportFunctions/arm_q15_to_q31.c ****   }
 116:../Dave/Generated/CMSIS_DSP/SupportFunctions/arm_q15_to_q31.c **** 
 117:../Dave/Generated/CMSIS_DSP/SupportFunctions/arm_q15_to_q31.c ****   /* If the blockSize is not a multiple of 4, compute any remaining output samples here.
 118:../Dave/Generated/CMSIS_DSP/SupportFunctions/arm_q15_to_q31.c ****    ** No loop unrolling is used. */
 119:../Dave/Generated/CMSIS_DSP/SupportFunctions/arm_q15_to_q31.c ****   blkCnt = blockSize % 0x4u;
 120:../Dave/Generated/CMSIS_DSP/SupportFunctions/arm_q15_to_q31.c **** 
 121:../Dave/Generated/CMSIS_DSP/SupportFunctions/arm_q15_to_q31.c **** #else
 122:../Dave/Generated/CMSIS_DSP/SupportFunctions/arm_q15_to_q31.c **** 
 123:../Dave/Generated/CMSIS_DSP/SupportFunctions/arm_q15_to_q31.c ****   /* Run the below code for Cortex-M0 */
 124:../Dave/Generated/CMSIS_DSP/SupportFunctions/arm_q15_to_q31.c **** 
 125:../Dave/Generated/CMSIS_DSP/SupportFunctions/arm_q15_to_q31.c ****   /* Loop over blockSize number of values */
 126:../Dave/Generated/CMSIS_DSP/SupportFunctions/arm_q15_to_q31.c ****   blkCnt = blockSize;
 127:../Dave/Generated/CMSIS_DSP/SupportFunctions/arm_q15_to_q31.c **** 
 128:../Dave/Generated/CMSIS_DSP/SupportFunctions/arm_q15_to_q31.c **** #endif /* #if defined (ARM_MATH_DSP) */
 129:../Dave/Generated/CMSIS_DSP/SupportFunctions/arm_q15_to_q31.c **** 
 130:../Dave/Generated/CMSIS_DSP/SupportFunctions/arm_q15_to_q31.c ****   while (blkCnt > 0u)
  97              	 .loc 1 130 0
  98 004c 1EF00302 	 ands r2,lr,#3
  99              	.LVL15:
 100 0050 08D0     	 beq .L1
 101 0052 0439     	 subs r1,r1,#4
 102              	.LVL16:
 103              	.L5:
 131:../Dave/Generated/CMSIS_DSP/SupportFunctions/arm_q15_to_q31.c ****   {
 132:../Dave/Generated/CMSIS_DSP/SupportFunctions/arm_q15_to_q31.c ****     /* C = (q31_t)A << 16 */
 133:../Dave/Generated/CMSIS_DSP/SupportFunctions/arm_q15_to_q31.c ****     /* convert from q15 to q31 and then store the results in the destination buffer */
 134:../Dave/Generated/CMSIS_DSP/SupportFunctions/arm_q15_to_q31.c ****     *pDst++ = (q31_t) * pIn++ << 16;
 104              	 .loc 1 134 0
 105 0054 30F9023B 	 ldrsh r3,[r0],#2
 106              	.LVL17:
 130:../Dave/Generated/CMSIS_DSP/SupportFunctions/arm_q15_to_q31.c ****   {
 107              	 .loc 1 130 0
 108 0058 013A     	 subs r2,r2,#1
 109              	.LVL18:
 110              	 .loc 1 134 0
 111 005a 4FEA0343 	 lsl r3,r3,#16
 112 005e 41F8043F 	 str r3,[r1,#4]!
 113              	.LVL19:
 130:../Dave/Generated/CMSIS_DSP/SupportFunctions/arm_q15_to_q31.c ****   {
 114              	 .loc 1 130 0
 115 0062 F7D1     	 bne .L5
 116              	.LVL20:
 117              	.L1:
 118 0064 BDE8F081 	 pop {r4,r5,r6,r7,r8,pc}
 119              	 .cfi_endproc
 120              	.LFE135:
 122              	 .text
 123              	.Letext0:
 124              	 .file 2 "c:\\infineon\\tools\\dave ide\\4.5.0.202105191637\\eclipse\\arm-gcc-49\\arm-none-eabi\\include\\machine\\_default_types.h"
 125              	 .file 3 "c:\\infineon\\tools\\dave ide\\4.5.0.202105191637\\eclipse\\arm-gcc-49\\arm-none-eabi\\include\\stdint.h"
 126              	 .file 4 "C:/Users/Utente/Desktop/Tesi/Firmware_Software/DAVE project/S2GLP_Pulsed_Doppler/Dave/Generated/CMSIS_DSP/arm_math.h"
DEFINED SYMBOLS
                            *ABS*:00000000 arm_q15_to_q31.c
    {standard input}:20     .text.arm_q15_to_q31:00000000 $t
    {standard input}:25     .text.arm_q15_to_q31:00000000 arm_q15_to_q31
                     .debug_frame:00000010 $d

NO UNDEFINED SYMBOLS
