   1              	 .syntax unified
   2              	 .cpu cortex-m4
   3              	 .eabi_attribute 27,3
   4              	 .fpu fpv4-sp-d16
   5              	 .eabi_attribute 20,1
   6              	 .eabi_attribute 21,1
   7              	 .eabi_attribute 23,3
   8              	 .eabi_attribute 24,1
   9              	 .eabi_attribute 25,1
  10              	 .eabi_attribute 26,1
  11              	 .eabi_attribute 30,2
  12              	 .eabi_attribute 34,1
  13              	 .eabi_attribute 18,4
  14              	 .thumb
  15              	 .file "arm_copy_q31.c"
  16              	 .text
  17              	.Ltext0:
  18              	 .cfi_sections .debug_frame
  19              	 .section .text.arm_copy_q31,"ax",%progbits
  20              	 .align 2
  21              	 .global arm_copy_q31
  22              	 .thumb
  23              	 .thumb_func
  25              	arm_copy_q31:
  26              	.LFB135:
  27              	 .file 1 "../Dave/Generated/CMSIS_DSP/SupportFunctions/arm_copy_q31.c"
   1:../Dave/Generated/CMSIS_DSP/SupportFunctions/arm_copy_q31.c **** /* ----------------------------------------------------------------------
   2:../Dave/Generated/CMSIS_DSP/SupportFunctions/arm_copy_q31.c ****  * Project:      CMSIS DSP Library
   3:../Dave/Generated/CMSIS_DSP/SupportFunctions/arm_copy_q31.c ****  * Title:        arm_copy_q31.c
   4:../Dave/Generated/CMSIS_DSP/SupportFunctions/arm_copy_q31.c ****  * Description:  Copies the elements of a Q31 vector
   5:../Dave/Generated/CMSIS_DSP/SupportFunctions/arm_copy_q31.c ****  *
   6:../Dave/Generated/CMSIS_DSP/SupportFunctions/arm_copy_q31.c ****  * $Date:        27. January 2017
   7:../Dave/Generated/CMSIS_DSP/SupportFunctions/arm_copy_q31.c ****  * $Revision:    V.1.5.1
   8:../Dave/Generated/CMSIS_DSP/SupportFunctions/arm_copy_q31.c ****  *
   9:../Dave/Generated/CMSIS_DSP/SupportFunctions/arm_copy_q31.c ****  * Target Processor: Cortex-M cores
  10:../Dave/Generated/CMSIS_DSP/SupportFunctions/arm_copy_q31.c ****  * -------------------------------------------------------------------- */
  11:../Dave/Generated/CMSIS_DSP/SupportFunctions/arm_copy_q31.c **** /*
  12:../Dave/Generated/CMSIS_DSP/SupportFunctions/arm_copy_q31.c ****  * Copyright (C) 2010-2017 ARM Limited or its affiliates. All rights reserved.
  13:../Dave/Generated/CMSIS_DSP/SupportFunctions/arm_copy_q31.c ****  *
  14:../Dave/Generated/CMSIS_DSP/SupportFunctions/arm_copy_q31.c ****  * SPDX-License-Identifier: Apache-2.0
  15:../Dave/Generated/CMSIS_DSP/SupportFunctions/arm_copy_q31.c ****  *
  16:../Dave/Generated/CMSIS_DSP/SupportFunctions/arm_copy_q31.c ****  * Licensed under the Apache License, Version 2.0 (the License); you may
  17:../Dave/Generated/CMSIS_DSP/SupportFunctions/arm_copy_q31.c ****  * not use this file except in compliance with the License.
  18:../Dave/Generated/CMSIS_DSP/SupportFunctions/arm_copy_q31.c ****  * You may obtain a copy of the License at
  19:../Dave/Generated/CMSIS_DSP/SupportFunctions/arm_copy_q31.c ****  *
  20:../Dave/Generated/CMSIS_DSP/SupportFunctions/arm_copy_q31.c ****  * www.apache.org/licenses/LICENSE-2.0
  21:../Dave/Generated/CMSIS_DSP/SupportFunctions/arm_copy_q31.c ****  *
  22:../Dave/Generated/CMSIS_DSP/SupportFunctions/arm_copy_q31.c ****  * Unless required by applicable law or agreed to in writing, software
  23:../Dave/Generated/CMSIS_DSP/SupportFunctions/arm_copy_q31.c ****  * distributed under the License is distributed on an AS IS BASIS, WITHOUT
  24:../Dave/Generated/CMSIS_DSP/SupportFunctions/arm_copy_q31.c ****  * WARRANTIES OR CONDITIONS OF ANY KIND, either express or implied.
  25:../Dave/Generated/CMSIS_DSP/SupportFunctions/arm_copy_q31.c ****  * See the License for the specific language governing permissions and
  26:../Dave/Generated/CMSIS_DSP/SupportFunctions/arm_copy_q31.c ****  * limitations under the License.
  27:../Dave/Generated/CMSIS_DSP/SupportFunctions/arm_copy_q31.c ****  */
  28:../Dave/Generated/CMSIS_DSP/SupportFunctions/arm_copy_q31.c **** 
  29:../Dave/Generated/CMSIS_DSP/SupportFunctions/arm_copy_q31.c **** #include "CMSIS_DSP/cmsis_dsp.h"
  30:../Dave/Generated/CMSIS_DSP/SupportFunctions/arm_copy_q31.c **** 
  31:../Dave/Generated/CMSIS_DSP/SupportFunctions/arm_copy_q31.c **** /**
  32:../Dave/Generated/CMSIS_DSP/SupportFunctions/arm_copy_q31.c ****  * @ingroup groupSupport
  33:../Dave/Generated/CMSIS_DSP/SupportFunctions/arm_copy_q31.c ****  */
  34:../Dave/Generated/CMSIS_DSP/SupportFunctions/arm_copy_q31.c **** 
  35:../Dave/Generated/CMSIS_DSP/SupportFunctions/arm_copy_q31.c **** /**
  36:../Dave/Generated/CMSIS_DSP/SupportFunctions/arm_copy_q31.c ****  * @addtogroup copy
  37:../Dave/Generated/CMSIS_DSP/SupportFunctions/arm_copy_q31.c ****  * @{
  38:../Dave/Generated/CMSIS_DSP/SupportFunctions/arm_copy_q31.c ****  */
  39:../Dave/Generated/CMSIS_DSP/SupportFunctions/arm_copy_q31.c **** 
  40:../Dave/Generated/CMSIS_DSP/SupportFunctions/arm_copy_q31.c **** /**
  41:../Dave/Generated/CMSIS_DSP/SupportFunctions/arm_copy_q31.c ****  * @brief Copies the elements of a Q31 vector.
  42:../Dave/Generated/CMSIS_DSP/SupportFunctions/arm_copy_q31.c ****  * @param[in]       *pSrc points to input vector
  43:../Dave/Generated/CMSIS_DSP/SupportFunctions/arm_copy_q31.c ****  * @param[out]      *pDst points to output vector
  44:../Dave/Generated/CMSIS_DSP/SupportFunctions/arm_copy_q31.c ****  * @param[in]       blockSize length of the input vector
  45:../Dave/Generated/CMSIS_DSP/SupportFunctions/arm_copy_q31.c ****  * @return none.
  46:../Dave/Generated/CMSIS_DSP/SupportFunctions/arm_copy_q31.c ****  *
  47:../Dave/Generated/CMSIS_DSP/SupportFunctions/arm_copy_q31.c ****  */
  48:../Dave/Generated/CMSIS_DSP/SupportFunctions/arm_copy_q31.c **** 
  49:../Dave/Generated/CMSIS_DSP/SupportFunctions/arm_copy_q31.c **** void arm_copy_q31(
  50:../Dave/Generated/CMSIS_DSP/SupportFunctions/arm_copy_q31.c ****   q31_t * pSrc,
  51:../Dave/Generated/CMSIS_DSP/SupportFunctions/arm_copy_q31.c ****   q31_t * pDst,
  52:../Dave/Generated/CMSIS_DSP/SupportFunctions/arm_copy_q31.c ****   uint32_t blockSize)
  53:../Dave/Generated/CMSIS_DSP/SupportFunctions/arm_copy_q31.c **** {
  28              	 .loc 1 53 0
  29              	 .cfi_startproc
  30              	 
  31              	 
  32              	.LVL0:
  33 0000 2DE9F041 	 push {r4,r5,r6,r7,r8,lr}
  34              	.LCFI0:
  35              	 .cfi_def_cfa_offset 24
  36              	 .cfi_offset 4,-24
  37              	 .cfi_offset 5,-20
  38              	 .cfi_offset 6,-16
  39              	 .cfi_offset 7,-12
  40              	 .cfi_offset 8,-8
  41              	 .cfi_offset 14,-4
  54:../Dave/Generated/CMSIS_DSP/SupportFunctions/arm_copy_q31.c ****   uint32_t blkCnt;                               /* loop counter */
  55:../Dave/Generated/CMSIS_DSP/SupportFunctions/arm_copy_q31.c **** 
  56:../Dave/Generated/CMSIS_DSP/SupportFunctions/arm_copy_q31.c **** 
  57:../Dave/Generated/CMSIS_DSP/SupportFunctions/arm_copy_q31.c **** #if defined (ARM_MATH_DSP)
  58:../Dave/Generated/CMSIS_DSP/SupportFunctions/arm_copy_q31.c **** 
  59:../Dave/Generated/CMSIS_DSP/SupportFunctions/arm_copy_q31.c ****   /* Run the below code for Cortex-M4 and Cortex-M3 */
  60:../Dave/Generated/CMSIS_DSP/SupportFunctions/arm_copy_q31.c ****   q31_t in1, in2, in3, in4;
  61:../Dave/Generated/CMSIS_DSP/SupportFunctions/arm_copy_q31.c **** 
  62:../Dave/Generated/CMSIS_DSP/SupportFunctions/arm_copy_q31.c ****   /*loop Unrolling */
  63:../Dave/Generated/CMSIS_DSP/SupportFunctions/arm_copy_q31.c ****   blkCnt = blockSize >> 2u;
  64:../Dave/Generated/CMSIS_DSP/SupportFunctions/arm_copy_q31.c **** 
  65:../Dave/Generated/CMSIS_DSP/SupportFunctions/arm_copy_q31.c ****   /* First part of the processing with loop unrolling.  Compute 4 outputs at a time.
  66:../Dave/Generated/CMSIS_DSP/SupportFunctions/arm_copy_q31.c ****    ** a second loop below computes the remaining 1 to 3 samples. */
  67:../Dave/Generated/CMSIS_DSP/SupportFunctions/arm_copy_q31.c ****   while (blkCnt > 0u)
  42              	 .loc 1 67 0
  43 0004 5FEA9208 	 lsrs r8,r2,#2
  53:../Dave/Generated/CMSIS_DSP/SupportFunctions/arm_copy_q31.c ****   uint32_t blkCnt;                               /* loop counter */
  44              	 .loc 1 53 0
  45 0008 9646     	 mov lr,r2
  46              	.LVL1:
  47 000a 8C46     	 mov ip,r1
  48              	 .loc 1 67 0
  49 000c 1ED0     	 beq .L2
  50 000e 00F11004 	 add r4,r0,#16
  51 0012 01F11003 	 add r3,r1,#16
  52 0016 4546     	 mov r5,r8
  53              	.LVL2:
  54              	.L3:
  68:../Dave/Generated/CMSIS_DSP/SupportFunctions/arm_copy_q31.c ****   {
  69:../Dave/Generated/CMSIS_DSP/SupportFunctions/arm_copy_q31.c ****     /* C = A */
  70:../Dave/Generated/CMSIS_DSP/SupportFunctions/arm_copy_q31.c ****     /* Copy and then store the values in the destination buffer */
  71:../Dave/Generated/CMSIS_DSP/SupportFunctions/arm_copy_q31.c ****     in1 = *pSrc++;
  55              	 .loc 1 71 0
  56 0018 54F8102C 	 ldr r2,[r4,#-16]
  57              	.LVL3:
  72:../Dave/Generated/CMSIS_DSP/SupportFunctions/arm_copy_q31.c ****     in2 = *pSrc++;
  58              	 .loc 1 72 0
  59 001c 54F80C7C 	 ldr r7,[r4,#-12]
  60              	.LVL4:
  73:../Dave/Generated/CMSIS_DSP/SupportFunctions/arm_copy_q31.c ****     in3 = *pSrc++;
  61              	 .loc 1 73 0
  62 0020 54F8086C 	 ldr r6,[r4,#-8]
  63              	.LVL5:
  74:../Dave/Generated/CMSIS_DSP/SupportFunctions/arm_copy_q31.c ****     in4 = *pSrc++;
  75:../Dave/Generated/CMSIS_DSP/SupportFunctions/arm_copy_q31.c **** 
  76:../Dave/Generated/CMSIS_DSP/SupportFunctions/arm_copy_q31.c ****     *pDst++ = in1;
  77:../Dave/Generated/CMSIS_DSP/SupportFunctions/arm_copy_q31.c ****     *pDst++ = in2;
  78:../Dave/Generated/CMSIS_DSP/SupportFunctions/arm_copy_q31.c ****     *pDst++ = in3;
  79:../Dave/Generated/CMSIS_DSP/SupportFunctions/arm_copy_q31.c ****     *pDst++ = in4;
  64              	 .loc 1 79 0
  65 0024 54F8041C 	 ldr r1,[r4,#-4]
  66 0028 43F8041C 	 str r1,[r3,#-4]
  67              	.LVL6:
  67:../Dave/Generated/CMSIS_DSP/SupportFunctions/arm_copy_q31.c ****   {
  68              	 .loc 1 67 0
  69 002c 013D     	 subs r5,r5,#1
  70              	.LVL7:
  76:../Dave/Generated/CMSIS_DSP/SupportFunctions/arm_copy_q31.c ****     *pDst++ = in2;
  71              	 .loc 1 76 0
  72 002e 43F8102C 	 str r2,[r3,#-16]
  77:../Dave/Generated/CMSIS_DSP/SupportFunctions/arm_copy_q31.c ****     *pDst++ = in3;
  73              	 .loc 1 77 0
  74 0032 43F80C7C 	 str r7,[r3,#-12]
  78:../Dave/Generated/CMSIS_DSP/SupportFunctions/arm_copy_q31.c ****     *pDst++ = in4;
  75              	 .loc 1 78 0
  76 0036 43F8086C 	 str r6,[r3,#-8]
  77              	.LVL8:
  78 003a 04F11004 	 add r4,r4,#16
  79              	.LVL9:
  80 003e 03F11003 	 add r3,r3,#16
  67:../Dave/Generated/CMSIS_DSP/SupportFunctions/arm_copy_q31.c ****   {
  81              	 .loc 1 67 0
  82 0042 E9D1     	 bne .L3
  83 0044 4FEA0818 	 lsl r8,r8,#4
  84 0048 4044     	 add r0,r0,r8
  85 004a C444     	 add ip,ip,r8
  86              	.LVL10:
  87              	.L2:
  80:../Dave/Generated/CMSIS_DSP/SupportFunctions/arm_copy_q31.c **** 
  81:../Dave/Generated/CMSIS_DSP/SupportFunctions/arm_copy_q31.c ****     /* Decrement the loop counter */
  82:../Dave/Generated/CMSIS_DSP/SupportFunctions/arm_copy_q31.c ****     blkCnt--;
  83:../Dave/Generated/CMSIS_DSP/SupportFunctions/arm_copy_q31.c ****   }
  84:../Dave/Generated/CMSIS_DSP/SupportFunctions/arm_copy_q31.c **** 
  85:../Dave/Generated/CMSIS_DSP/SupportFunctions/arm_copy_q31.c ****   /* If the blockSize is not a multiple of 4, compute any remaining output samples here.
  86:../Dave/Generated/CMSIS_DSP/SupportFunctions/arm_copy_q31.c ****    ** No loop unrolling is used. */
  87:../Dave/Generated/CMSIS_DSP/SupportFunctions/arm_copy_q31.c ****   blkCnt = blockSize % 0x4u;
  88:../Dave/Generated/CMSIS_DSP/SupportFunctions/arm_copy_q31.c **** 
  89:../Dave/Generated/CMSIS_DSP/SupportFunctions/arm_copy_q31.c **** #else
  90:../Dave/Generated/CMSIS_DSP/SupportFunctions/arm_copy_q31.c **** 
  91:../Dave/Generated/CMSIS_DSP/SupportFunctions/arm_copy_q31.c ****   /* Run the below code for Cortex-M0 */
  92:../Dave/Generated/CMSIS_DSP/SupportFunctions/arm_copy_q31.c **** 
  93:../Dave/Generated/CMSIS_DSP/SupportFunctions/arm_copy_q31.c ****   /* Loop over blockSize number of values */
  94:../Dave/Generated/CMSIS_DSP/SupportFunctions/arm_copy_q31.c ****   blkCnt = blockSize;
  95:../Dave/Generated/CMSIS_DSP/SupportFunctions/arm_copy_q31.c **** 
  96:../Dave/Generated/CMSIS_DSP/SupportFunctions/arm_copy_q31.c **** #endif /* #if defined (ARM_MATH_DSP) */
  97:../Dave/Generated/CMSIS_DSP/SupportFunctions/arm_copy_q31.c **** 
  98:../Dave/Generated/CMSIS_DSP/SupportFunctions/arm_copy_q31.c ****   while (blkCnt > 0u)
  88              	 .loc 1 98 0
  89 004c 1EF00302 	 ands r2,lr,#3
  90              	.LVL11:
  91 0050 07D0     	 beq .L1
  92 0052 ACF10401 	 sub r1,ip,#4
  93              	.LVL12:
  94              	.L5:
  99:../Dave/Generated/CMSIS_DSP/SupportFunctions/arm_copy_q31.c ****   {
 100:../Dave/Generated/CMSIS_DSP/SupportFunctions/arm_copy_q31.c ****     /* C = A */
 101:../Dave/Generated/CMSIS_DSP/SupportFunctions/arm_copy_q31.c ****     /* Copy and then store the value in the destination buffer */
 102:../Dave/Generated/CMSIS_DSP/SupportFunctions/arm_copy_q31.c ****     *pDst++ = *pSrc++;
  95              	 .loc 1 102 0
  96 0056 50F8043B 	 ldr r3,[r0],#4
  97              	.LVL13:
  98 005a 41F8043F 	 str r3,[r1,#4]!
  98:../Dave/Generated/CMSIS_DSP/SupportFunctions/arm_copy_q31.c ****   {
  99              	 .loc 1 98 0
 100 005e 013A     	 subs r2,r2,#1
 101              	.LVL14:
 102 0060 F9D1     	 bne .L5
 103              	.LVL15:
 104              	.L1:
 105 0062 BDE8F081 	 pop {r4,r5,r6,r7,r8,pc}
 106              	 .cfi_endproc
 107              	.LFE135:
 109 0066 00BF     	 .text
 110              	.Letext0:
 111              	 .file 2 "c:\\infineon\\tools\\dave ide\\4.5.0.202105191637\\eclipse\\arm-gcc-49\\arm-none-eabi\\include\\machine\\_default_types.h"
 112              	 .file 3 "c:\\infineon\\tools\\dave ide\\4.5.0.202105191637\\eclipse\\arm-gcc-49\\arm-none-eabi\\include\\stdint.h"
 113              	 .file 4 "C:/Users/Utente/Desktop/Tesi/Firmware_Software/DAVE project/S2GLP_Pulsed_Doppler/Dave/Generated/CMSIS_DSP/arm_math.h"
DEFINED SYMBOLS
                            *ABS*:00000000 arm_copy_q31.c
    {standard input}:20     .text.arm_copy_q31:00000000 $t
    {standard input}:25     .text.arm_copy_q31:00000000 arm_copy_q31
                     .debug_frame:00000010 $d

NO UNDEFINED SYMBOLS
