   1              	 .syntax unified
   2              	 .cpu cortex-m4
   3              	 .eabi_attribute 27,3
   4              	 .fpu fpv4-sp-d16
   5              	 .eabi_attribute 20,1
   6              	 .eabi_attribute 21,1
   7              	 .eabi_attribute 23,3
   8              	 .eabi_attribute 24,1
   9              	 .eabi_attribute 25,1
  10              	 .eabi_attribute 26,1
  11              	 .eabi_attribute 30,2
  12              	 .eabi_attribute 34,1
  13              	 .eabi_attribute 18,4
  14              	 .thumb
  15              	 .file "arm_cos_q15.c"
  16              	 .text
  17              	.Ltext0:
  18              	 .cfi_sections .debug_frame
  19              	 .section .text.arm_cos_q15,"ax",%progbits
  20              	 .align 2
  21              	 .global arm_cos_q15
  22              	 .thumb
  23              	 .thumb_func
  25              	arm_cos_q15:
  26              	.LFB135:
  27              	 .file 1 "../Dave/Generated/CMSIS_DSP/FastMathFunctions/arm_cos_q15.c"
   1:../Dave/Generated/CMSIS_DSP/FastMathFunctions/arm_cos_q15.c **** /* ----------------------------------------------------------------------
   2:../Dave/Generated/CMSIS_DSP/FastMathFunctions/arm_cos_q15.c ****  * Project:      CMSIS DSP Library
   3:../Dave/Generated/CMSIS_DSP/FastMathFunctions/arm_cos_q15.c ****  * Title:        arm_cos_q15.c
   4:../Dave/Generated/CMSIS_DSP/FastMathFunctions/arm_cos_q15.c ****  * Description:  Fast cosine calculation for Q15 values
   5:../Dave/Generated/CMSIS_DSP/FastMathFunctions/arm_cos_q15.c ****  *
   6:../Dave/Generated/CMSIS_DSP/FastMathFunctions/arm_cos_q15.c ****  * $Date:        27. January 2017
   7:../Dave/Generated/CMSIS_DSP/FastMathFunctions/arm_cos_q15.c ****  * $Revision:    V.1.5.1
   8:../Dave/Generated/CMSIS_DSP/FastMathFunctions/arm_cos_q15.c ****  *
   9:../Dave/Generated/CMSIS_DSP/FastMathFunctions/arm_cos_q15.c ****  * Target Processor: Cortex-M cores
  10:../Dave/Generated/CMSIS_DSP/FastMathFunctions/arm_cos_q15.c ****  * -------------------------------------------------------------------- */
  11:../Dave/Generated/CMSIS_DSP/FastMathFunctions/arm_cos_q15.c **** /*
  12:../Dave/Generated/CMSIS_DSP/FastMathFunctions/arm_cos_q15.c ****  * Copyright (C) 2010-2017 ARM Limited or its affiliates. All rights reserved.
  13:../Dave/Generated/CMSIS_DSP/FastMathFunctions/arm_cos_q15.c ****  *
  14:../Dave/Generated/CMSIS_DSP/FastMathFunctions/arm_cos_q15.c ****  * SPDX-License-Identifier: Apache-2.0
  15:../Dave/Generated/CMSIS_DSP/FastMathFunctions/arm_cos_q15.c ****  *
  16:../Dave/Generated/CMSIS_DSP/FastMathFunctions/arm_cos_q15.c ****  * Licensed under the Apache License, Version 2.0 (the License); you may
  17:../Dave/Generated/CMSIS_DSP/FastMathFunctions/arm_cos_q15.c ****  * not use this file except in compliance with the License.
  18:../Dave/Generated/CMSIS_DSP/FastMathFunctions/arm_cos_q15.c ****  * You may obtain a copy of the License at
  19:../Dave/Generated/CMSIS_DSP/FastMathFunctions/arm_cos_q15.c ****  *
  20:../Dave/Generated/CMSIS_DSP/FastMathFunctions/arm_cos_q15.c ****  * www.apache.org/licenses/LICENSE-2.0
  21:../Dave/Generated/CMSIS_DSP/FastMathFunctions/arm_cos_q15.c ****  *
  22:../Dave/Generated/CMSIS_DSP/FastMathFunctions/arm_cos_q15.c ****  * Unless required by applicable law or agreed to in writing, software
  23:../Dave/Generated/CMSIS_DSP/FastMathFunctions/arm_cos_q15.c ****  * distributed under the License is distributed on an AS IS BASIS, WITHOUT
  24:../Dave/Generated/CMSIS_DSP/FastMathFunctions/arm_cos_q15.c ****  * WARRANTIES OR CONDITIONS OF ANY KIND, either express or implied.
  25:../Dave/Generated/CMSIS_DSP/FastMathFunctions/arm_cos_q15.c ****  * See the License for the specific language governing permissions and
  26:../Dave/Generated/CMSIS_DSP/FastMathFunctions/arm_cos_q15.c ****  * limitations under the License.
  27:../Dave/Generated/CMSIS_DSP/FastMathFunctions/arm_cos_q15.c ****  */
  28:../Dave/Generated/CMSIS_DSP/FastMathFunctions/arm_cos_q15.c **** 
  29:../Dave/Generated/CMSIS_DSP/FastMathFunctions/arm_cos_q15.c **** #include "CMSIS_DSP/cmsis_dsp.h"
  30:../Dave/Generated/CMSIS_DSP/FastMathFunctions/arm_cos_q15.c **** #include "CMSIS_DSP/arm_common_tables.h"
  31:../Dave/Generated/CMSIS_DSP/FastMathFunctions/arm_cos_q15.c **** 
  32:../Dave/Generated/CMSIS_DSP/FastMathFunctions/arm_cos_q15.c **** /**
  33:../Dave/Generated/CMSIS_DSP/FastMathFunctions/arm_cos_q15.c ****  * @ingroup groupFastMath
  34:../Dave/Generated/CMSIS_DSP/FastMathFunctions/arm_cos_q15.c ****  */
  35:../Dave/Generated/CMSIS_DSP/FastMathFunctions/arm_cos_q15.c **** 
  36:../Dave/Generated/CMSIS_DSP/FastMathFunctions/arm_cos_q15.c ****  /**
  37:../Dave/Generated/CMSIS_DSP/FastMathFunctions/arm_cos_q15.c ****  * @addtogroup cos
  38:../Dave/Generated/CMSIS_DSP/FastMathFunctions/arm_cos_q15.c ****  * @{
  39:../Dave/Generated/CMSIS_DSP/FastMathFunctions/arm_cos_q15.c ****  */
  40:../Dave/Generated/CMSIS_DSP/FastMathFunctions/arm_cos_q15.c **** 
  41:../Dave/Generated/CMSIS_DSP/FastMathFunctions/arm_cos_q15.c **** /**
  42:../Dave/Generated/CMSIS_DSP/FastMathFunctions/arm_cos_q15.c ****  * @brief Fast approximation to the trigonometric cosine function for Q15 data.
  43:../Dave/Generated/CMSIS_DSP/FastMathFunctions/arm_cos_q15.c ****  * @param[in] x Scaled input value in radians.
  44:../Dave/Generated/CMSIS_DSP/FastMathFunctions/arm_cos_q15.c ****  * @return  cos(x).
  45:../Dave/Generated/CMSIS_DSP/FastMathFunctions/arm_cos_q15.c ****  *
  46:../Dave/Generated/CMSIS_DSP/FastMathFunctions/arm_cos_q15.c ****  * The Q15 input value is in the range [0 +0.9999] and is mapped to a radian
  47:../Dave/Generated/CMSIS_DSP/FastMathFunctions/arm_cos_q15.c ****  * value in the range [0 2*pi).
  48:../Dave/Generated/CMSIS_DSP/FastMathFunctions/arm_cos_q15.c ****  */
  49:../Dave/Generated/CMSIS_DSP/FastMathFunctions/arm_cos_q15.c **** 
  50:../Dave/Generated/CMSIS_DSP/FastMathFunctions/arm_cos_q15.c **** q15_t arm_cos_q15(
  51:../Dave/Generated/CMSIS_DSP/FastMathFunctions/arm_cos_q15.c ****   q15_t x)
  52:../Dave/Generated/CMSIS_DSP/FastMathFunctions/arm_cos_q15.c **** {
  28              	 .loc 1 52 0
  29              	 .cfi_startproc
  30              	 
  31              	 
  32              	 
  33              	.LVL0:
  53:../Dave/Generated/CMSIS_DSP/FastMathFunctions/arm_cos_q15.c ****   q15_t cosVal;                                  /* Temporary variables for input, output */
  54:../Dave/Generated/CMSIS_DSP/FastMathFunctions/arm_cos_q15.c ****   int32_t index;                                 /* Index variables */
  55:../Dave/Generated/CMSIS_DSP/FastMathFunctions/arm_cos_q15.c ****   q15_t a, b;                                    /* Four nearest output values */
  56:../Dave/Generated/CMSIS_DSP/FastMathFunctions/arm_cos_q15.c ****   q15_t fract;                                   /* Temporary values for fractional values */
  57:../Dave/Generated/CMSIS_DSP/FastMathFunctions/arm_cos_q15.c **** 
  58:../Dave/Generated/CMSIS_DSP/FastMathFunctions/arm_cos_q15.c ****   /* add 0.25 (pi/2) to read sine table */
  59:../Dave/Generated/CMSIS_DSP/FastMathFunctions/arm_cos_q15.c ****   x = (uint16_t)x + 0x2000;
  34              	 .loc 1 59 0
  35 0000 80B2     	 uxth r0,r0
  36 0002 00F50053 	 add r3,r0,#8192
  37 0006 1BB2     	 sxth r3,r3
  38              	.LVL1:
  60:../Dave/Generated/CMSIS_DSP/FastMathFunctions/arm_cos_q15.c ****   if (x < 0)
  39              	 .loc 1 60 0
  40 0008 002B     	 cmp r3,#0
  61:../Dave/Generated/CMSIS_DSP/FastMathFunctions/arm_cos_q15.c ****   {   /* convert negative numbers to corresponding positive ones */
  62:../Dave/Generated/CMSIS_DSP/FastMathFunctions/arm_cos_q15.c ****       x = (uint16_t)x + 0x8000;
  41              	 .loc 1 62 0
  42 000a BCBF     	 itt lt
  43 000c A0F5C040 	 sublt r0,r0,#24576
  44 0010 03B2     	 sxthlt r3,r0
  45              	.LVL2:
  63:../Dave/Generated/CMSIS_DSP/FastMathFunctions/arm_cos_q15.c ****   }
  64:../Dave/Generated/CMSIS_DSP/FastMathFunctions/arm_cos_q15.c **** 
  65:../Dave/Generated/CMSIS_DSP/FastMathFunctions/arm_cos_q15.c ****   /* Calculate the nearest index */
  66:../Dave/Generated/CMSIS_DSP/FastMathFunctions/arm_cos_q15.c ****   index = (uint32_t)x >> FAST_MATH_Q15_SHIFT;
  46              	 .loc 1 66 0
  47 0012 9909     	 lsrs r1,r3,#6
  48              	.LVL3:
  67:../Dave/Generated/CMSIS_DSP/FastMathFunctions/arm_cos_q15.c **** 
  68:../Dave/Generated/CMSIS_DSP/FastMathFunctions/arm_cos_q15.c ****   /* Calculation of fractional value */
  69:../Dave/Generated/CMSIS_DSP/FastMathFunctions/arm_cos_q15.c ****   fract = (x - (index << FAST_MATH_Q15_SHIFT)) << 9;
  49              	 .loc 1 69 0
  50 0014 A3EB8113 	 sub r3,r3,r1,lsl#6
  51              	.LVL4:
  52:../Dave/Generated/CMSIS_DSP/FastMathFunctions/arm_cos_q15.c ****   q15_t cosVal;                                  /* Temporary variables for input, output */
  52              	 .loc 1 52 0
  53 0018 10B4     	 push {r4}
  54              	.LCFI0:
  55              	 .cfi_def_cfa_offset 4
  56              	 .cfi_offset 4,-4
  57              	 .loc 1 69 0
  58 001a 5B02     	 lsls r3,r3,#9
  70:../Dave/Generated/CMSIS_DSP/FastMathFunctions/arm_cos_q15.c **** 
  71:../Dave/Generated/CMSIS_DSP/FastMathFunctions/arm_cos_q15.c ****   /* Read two nearest values of input value from the sin table */
  72:../Dave/Generated/CMSIS_DSP/FastMathFunctions/arm_cos_q15.c ****   a = sinTable_q15[index];
  73:../Dave/Generated/CMSIS_DSP/FastMathFunctions/arm_cos_q15.c ****   b = sinTable_q15[index+1];
  59              	 .loc 1 73 0
  60 001c 0B4C     	 ldr r4,.L4
  69:../Dave/Generated/CMSIS_DSP/FastMathFunctions/arm_cos_q15.c **** 
  61              	 .loc 1 69 0
  62 001e 9BB2     	 uxth r3,r3
  63              	.LVL5:
  74:../Dave/Generated/CMSIS_DSP/FastMathFunctions/arm_cos_q15.c **** 
  75:../Dave/Generated/CMSIS_DSP/FastMathFunctions/arm_cos_q15.c ****   /* Linear interpolation process */
  76:../Dave/Generated/CMSIS_DSP/FastMathFunctions/arm_cos_q15.c ****   cosVal = (q31_t)(0x8000-fract)*a >> 16;
  64              	 .loc 1 76 0
  65 0020 34F91120 	 ldrsh r2,[r4,r1,lsl#1]
  66 0024 18B2     	 sxth r0,r3
  67              	.LVL6:
  68 0026 C0F50040 	 rsb r0,r0,#32768
  73:../Dave/Generated/CMSIS_DSP/FastMathFunctions/arm_cos_q15.c **** 
  69              	 .loc 1 73 0
  70 002a 0131     	 adds r1,r1,#1
  71              	.LVL7:
  72              	 .loc 1 76 0
  73 002c 02FB00F0 	 mul r0,r2,r0
  77:../Dave/Generated/CMSIS_DSP/FastMathFunctions/arm_cos_q15.c ****   cosVal = (q15_t)((((q31_t)cosVal << 16) + ((q31_t)fract*b)) >> 16);
  74              	 .loc 1 77 0
  75 0030 000C     	 lsrs r0,r0,#16
  73:../Dave/Generated/CMSIS_DSP/FastMathFunctions/arm_cos_q15.c **** 
  76              	 .loc 1 73 0
  77 0032 34F81120 	 ldrh r2,[r4,r1,lsl#1]
  78              	.LVL8:
  78:../Dave/Generated/CMSIS_DSP/FastMathFunctions/arm_cos_q15.c **** 
  79:../Dave/Generated/CMSIS_DSP/FastMathFunctions/arm_cos_q15.c ****   return cosVal << 1;
  80:../Dave/Generated/CMSIS_DSP/FastMathFunctions/arm_cos_q15.c **** }
  79              	 .loc 1 80 0
  80 0036 5DF8044B 	 ldr r4,[sp],#4
  81              	.LCFI1:
  82              	 .cfi_restore 4
  83              	 .cfi_def_cfa_offset 0
  77:../Dave/Generated/CMSIS_DSP/FastMathFunctions/arm_cos_q15.c ****   cosVal = (q15_t)((((q31_t)cosVal << 16) + ((q31_t)fract*b)) >> 16);
  84              	 .loc 1 77 0
  85 003a 0004     	 lsls r0,r0,#16
  86 003c 13FB0203 	 smlabb r3,r3,r2,r0
  87              	.LVL9:
  79:../Dave/Generated/CMSIS_DSP/FastMathFunctions/arm_cos_q15.c **** }
  88              	 .loc 1 79 0
  89 0040 43F3CF30 	 sbfx r0,r3,#15,#16
  90              	 .loc 1 80 0
  91 0044 20F00100 	 bic r0,r0,#1
  92 0048 7047     	 bx lr
  93              	.L5:
  94 004a 00BF     	 .align 2
  95              	.L4:
  96 004c 00000000 	 .word sinTable_q15
  97              	 .cfi_endproc
  98              	.LFE135:
 100              	 .text
 101              	.Letext0:
 102              	 .file 2 "c:\\infineon\\tools\\dave ide\\4.5.0.202105191637\\eclipse\\arm-gcc-49\\arm-none-eabi\\include\\machine\\_default_types.h"
 103              	 .file 3 "c:\\infineon\\tools\\dave ide\\4.5.0.202105191637\\eclipse\\arm-gcc-49\\arm-none-eabi\\include\\stdint.h"
 104              	 .file 4 "C:/Users/Utente/Desktop/Tesi/Firmware_Software/DAVE project/S2GLP_Pulsed_Doppler/Dave/Generated/CMSIS_DSP/arm_math.h"
 105              	 .file 5 "C:/Users/Utente/Desktop/Tesi/Firmware_Software/DAVE project/S2GLP_Pulsed_Doppler/Dave/Generated/CMSIS_DSP/arm_common_tables.h"
DEFINED SYMBOLS
                            *ABS*:00000000 arm_cos_q15.c
    {standard input}:20     .text.arm_cos_q15:00000000 $t
    {standard input}:25     .text.arm_cos_q15:00000000 arm_cos_q15
    {standard input}:96     .text.arm_cos_q15:0000004c $d
                     .debug_frame:00000010 $d

UNDEFINED SYMBOLS
sinTable_q15
