   1              	 .syntax unified
   2              	 .cpu cortex-m4
   3              	 .eabi_attribute 27,3
   4              	 .fpu fpv4-sp-d16
   5              	 .eabi_attribute 20,1
   6              	 .eabi_attribute 21,1
   7              	 .eabi_attribute 23,3
   8              	 .eabi_attribute 24,1
   9              	 .eabi_attribute 25,1
  10              	 .eabi_attribute 26,1
  11              	 .eabi_attribute 30,2
  12              	 .eabi_attribute 34,1
  13              	 .eabi_attribute 18,4
  14              	 .thumb
  15              	 .file "cmsis_dsp.c"
  16              	 .text
  17              	.Ltext0:
  18              	 .cfi_sections .debug_frame
  19              	 .section .text.CMSIS_DSP_GetAppVersion,"ax",%progbits
  20              	 .align 2
  21              	 .global CMSIS_DSP_GetAppVersion
  22              	 .thumb
  23              	 .thumb_func
  25              	CMSIS_DSP_GetAppVersion:
  26              	.LFB135:
  27              	 .file 1 "../Dave/Generated/CMSIS_DSP/cmsis_dsp.c"
   1:../Dave/Generated/CMSIS_DSP/cmsis_dsp.c **** 
   2:../Dave/Generated/CMSIS_DSP/cmsis_dsp.c **** /**
   3:../Dave/Generated/CMSIS_DSP/cmsis_dsp.c ****  * @file cmsis_dsp.c
   4:../Dave/Generated/CMSIS_DSP/cmsis_dsp.c ****  * @date 2015-10-09
   5:../Dave/Generated/CMSIS_DSP/cmsis_dsp.c ****  *
   6:../Dave/Generated/CMSIS_DSP/cmsis_dsp.c ****  * NOTE:
   7:../Dave/Generated/CMSIS_DSP/cmsis_dsp.c ****  * This file is generated by DAVE. Any manual modification done to this file will be lost when the 
   8:../Dave/Generated/CMSIS_DSP/cmsis_dsp.c ****  *
   9:../Dave/Generated/CMSIS_DSP/cmsis_dsp.c ****  * @cond
  10:../Dave/Generated/CMSIS_DSP/cmsis_dsp.c ****  **************************************************************************************************
  11:../Dave/Generated/CMSIS_DSP/cmsis_dsp.c ****  * CMSIS_DSP v4.0.10 - CMSIS DSP software library for DAVE
  12:../Dave/Generated/CMSIS_DSP/cmsis_dsp.c ****  *
  13:../Dave/Generated/CMSIS_DSP/cmsis_dsp.c ****  * Copyright (c) 2015, Infineon Technologies AG
  14:../Dave/Generated/CMSIS_DSP/cmsis_dsp.c ****  * All rights reserved.
  15:../Dave/Generated/CMSIS_DSP/cmsis_dsp.c ****  *
  16:../Dave/Generated/CMSIS_DSP/cmsis_dsp.c ****  * Redistribution and use in source and binary forms, with or without modification,are permitted pr
  17:../Dave/Generated/CMSIS_DSP/cmsis_dsp.c ****  * following conditions are met:
  18:../Dave/Generated/CMSIS_DSP/cmsis_dsp.c ****  *
  19:../Dave/Generated/CMSIS_DSP/cmsis_dsp.c ****  *   Redistributions of source code must retain the above copyright notice, this list of conditions
  20:../Dave/Generated/CMSIS_DSP/cmsis_dsp.c ****  *   disclaimer.
  21:../Dave/Generated/CMSIS_DSP/cmsis_dsp.c ****  *
  22:../Dave/Generated/CMSIS_DSP/cmsis_dsp.c ****  *   Redistributions in binary form must reproduce the above copyright notice, this list of conditi
  23:../Dave/Generated/CMSIS_DSP/cmsis_dsp.c ****  *   following disclaimer in the documentation and/or other materials provided with the distributio
  24:../Dave/Generated/CMSIS_DSP/cmsis_dsp.c ****  *
  25:../Dave/Generated/CMSIS_DSP/cmsis_dsp.c ****  *   Neither the name of the copyright holders nor the names of its contributors may be used to end
  26:../Dave/Generated/CMSIS_DSP/cmsis_dsp.c ****  *   products derived from this software without specific prior written permission.
  27:../Dave/Generated/CMSIS_DSP/cmsis_dsp.c ****  *
  28:../Dave/Generated/CMSIS_DSP/cmsis_dsp.c ****  * THIS SOFTWARE IS PROVIDED BY THE COPYRIGHT HOLDERS AND CONTRIBUTORS "AS IS" AND ANY EXPRESS OR I
  29:../Dave/Generated/CMSIS_DSP/cmsis_dsp.c ****  * INCLUDING, BUT NOT LIMITED TO, THE IMPLIED WARRANTIES OF MERCHANTABILITY AND FITNESS FOR A PARTI
  30:../Dave/Generated/CMSIS_DSP/cmsis_dsp.c ****  * DISCLAIMED. IN NO EVENT SHALL THE COPYRIGHT HOLDER OR CONTRIBUTORS BE LIABLE  FOR ANY DIRECT, IN
  31:../Dave/Generated/CMSIS_DSP/cmsis_dsp.c ****  * SPECIAL, EXEMPLARY, OR CONSEQUENTIAL DAMAGES (INCLUDING, BUT NOT LIMITED TO, PROCUREMENT OF SUBS
  32:../Dave/Generated/CMSIS_DSP/cmsis_dsp.c ****  * SERVICES; LOSS OF USE, DATA, OR PROFITS; OR BUSINESS INTERRUPTION) HOWEVER CAUSED AND ON ANY THE
  33:../Dave/Generated/CMSIS_DSP/cmsis_dsp.c ****  * WHETHER IN CONTRACT, STRICT LIABILITY,OR TORT (INCLUDING NEGLIGENCE OR OTHERWISE) ARISING IN ANY
  34:../Dave/Generated/CMSIS_DSP/cmsis_dsp.c ****  * USE OF THIS SOFTWARE, EVEN IF ADVISED OF THE POSSIBILITY OF SUCH DAMAGE.
  35:../Dave/Generated/CMSIS_DSP/cmsis_dsp.c ****  *
  36:../Dave/Generated/CMSIS_DSP/cmsis_dsp.c ****  * To improve the quality of the software, users are encouraged to share modifications, enhancement
  37:../Dave/Generated/CMSIS_DSP/cmsis_dsp.c ****  * with Infineon Technologies AG (dave@infineon.com).
  38:../Dave/Generated/CMSIS_DSP/cmsis_dsp.c ****  **************************************************************************************************
  39:../Dave/Generated/CMSIS_DSP/cmsis_dsp.c ****  *
  40:../Dave/Generated/CMSIS_DSP/cmsis_dsp.c ****  * Change History
  41:../Dave/Generated/CMSIS_DSP/cmsis_dsp.c ****  * --------------
  42:../Dave/Generated/CMSIS_DSP/cmsis_dsp.c ****  *
  43:../Dave/Generated/CMSIS_DSP/cmsis_dsp.c ****  * 2015-06-25:
  44:../Dave/Generated/CMSIS_DSP/cmsis_dsp.c ****  *     - Initial version <br>
  45:../Dave/Generated/CMSIS_DSP/cmsis_dsp.c ****  *
  46:../Dave/Generated/CMSIS_DSP/cmsis_dsp.c ****  * @endcond
  47:../Dave/Generated/CMSIS_DSP/cmsis_dsp.c ****  */
  48:../Dave/Generated/CMSIS_DSP/cmsis_dsp.c **** 
  49:../Dave/Generated/CMSIS_DSP/cmsis_dsp.c **** /**************************************************************************************************
  50:../Dave/Generated/CMSIS_DSP/cmsis_dsp.c ****  * HEADER FILES
  51:../Dave/Generated/CMSIS_DSP/cmsis_dsp.c ****  **************************************************************************************************
  52:../Dave/Generated/CMSIS_DSP/cmsis_dsp.c **** 
  53:../Dave/Generated/CMSIS_DSP/cmsis_dsp.c **** #include "cmsis_dsp.h"
  54:../Dave/Generated/CMSIS_DSP/cmsis_dsp.c **** 
  55:../Dave/Generated/CMSIS_DSP/cmsis_dsp.c **** /**************************************************************************************************
  56:../Dave/Generated/CMSIS_DSP/cmsis_dsp.c ****  * MACROS
  57:../Dave/Generated/CMSIS_DSP/cmsis_dsp.c ****  **************************************************************************************************
  58:../Dave/Generated/CMSIS_DSP/cmsis_dsp.c **** 
  59:../Dave/Generated/CMSIS_DSP/cmsis_dsp.c **** /**************************************************************************************************
  60:../Dave/Generated/CMSIS_DSP/cmsis_dsp.c ****  * LOCAL DATA
  61:../Dave/Generated/CMSIS_DSP/cmsis_dsp.c ****  **************************************************************************************************
  62:../Dave/Generated/CMSIS_DSP/cmsis_dsp.c **** 
  63:../Dave/Generated/CMSIS_DSP/cmsis_dsp.c **** /**************************************************************************************************
  64:../Dave/Generated/CMSIS_DSP/cmsis_dsp.c ****  * LOCAL ROUTINES
  65:../Dave/Generated/CMSIS_DSP/cmsis_dsp.c ****  **************************************************************************************************
  66:../Dave/Generated/CMSIS_DSP/cmsis_dsp.c **** 
  67:../Dave/Generated/CMSIS_DSP/cmsis_dsp.c **** /**************************************************************************************************
  68:../Dave/Generated/CMSIS_DSP/cmsis_dsp.c ****  * API IMPLEMENTATION
  69:../Dave/Generated/CMSIS_DSP/cmsis_dsp.c ****  **************************************************************************************************
  70:../Dave/Generated/CMSIS_DSP/cmsis_dsp.c **** 
  71:../Dave/Generated/CMSIS_DSP/cmsis_dsp.c **** /* Retrieve the version of the CMSIS_DSP APP */
  72:../Dave/Generated/CMSIS_DSP/cmsis_dsp.c **** DAVE_APP_VERSION_t CMSIS_DSP_GetAppVersion(void)
  73:../Dave/Generated/CMSIS_DSP/cmsis_dsp.c **** {
  28              	 .loc 1 73 0
  29              	 .cfi_startproc
  30              	 
  31              	 
  32              	 
  33              	.LVL0:
  74:../Dave/Generated/CMSIS_DSP/cmsis_dsp.c ****   DAVE_APP_VERSION_t version;
  75:../Dave/Generated/CMSIS_DSP/cmsis_dsp.c **** 
  76:../Dave/Generated/CMSIS_DSP/cmsis_dsp.c ****   version.major = CMSIS_DSP_MAJOR_VERSION;
  77:../Dave/Generated/CMSIS_DSP/cmsis_dsp.c ****   version.minor = CMSIS_DSP_MINOR_VERSION;
  78:../Dave/Generated/CMSIS_DSP/cmsis_dsp.c ****   version.patch = CMSIS_DSP_PATCH_VERSION;
  79:../Dave/Generated/CMSIS_DSP/cmsis_dsp.c **** 
  80:../Dave/Generated/CMSIS_DSP/cmsis_dsp.c ****   return version;
  34              	 .loc 1 80 0
  35 0000 0023     	 movs r3,#0
  36 0002 1846     	 mov r0,r3
  37 0004 0422     	 movs r2,#4
  38 0006 62F30700 	 bfi r0,r2,#0,#8
  39 000a 63F30F20 	 bfi r0,r3,#8,#8
  40 000e 0E23     	 movs r3,#14
  41 0010 63F31740 	 bfi r0,r3,#16,#8
  73:../Dave/Generated/CMSIS_DSP/cmsis_dsp.c ****   DAVE_APP_VERSION_t version;
  42              	 .loc 1 73 0
  43 0014 82B0     	 sub sp,sp,#8
  44              	.LCFI0:
  45              	 .cfi_def_cfa_offset 8
  81:../Dave/Generated/CMSIS_DSP/cmsis_dsp.c **** }
  46              	 .loc 1 81 0
  47 0016 02B0     	 add sp,sp,#8
  48              	.LCFI1:
  49              	 .cfi_def_cfa_offset 0
  50              	 
  51 0018 7047     	 bx lr
  52              	 .cfi_endproc
  53              	.LFE135:
  55 001a 00BF     	 .text
  56              	.Letext0:
  57              	 .file 2 "c:\\infineon\\tools\\dave ide\\4.5.0.202105191637\\eclipse\\arm-gcc-49\\arm-none-eabi\\include\\machine\\_default_types.h"
  58              	 .file 3 "c:\\infineon\\tools\\dave ide\\4.5.0.202105191637\\eclipse\\arm-gcc-49\\arm-none-eabi\\include\\stdint.h"
  59              	 .file 4 "C:/Users/Utente/Desktop/Tesi/Firmware_Software/DAVE project/S2GLP_Pulsed_Doppler/Dave/Generated/DAVE_Common.h"
DEFINED SYMBOLS
                            *ABS*:00000000 cmsis_dsp.c
    {standard input}:20     .text.CMSIS_DSP_GetAppVersion:00000000 $t
    {standard input}:25     .text.CMSIS_DSP_GetAppVersion:00000000 CMSIS_DSP_GetAppVersion
                     .debug_frame:00000010 $d

NO UNDEFINED SYMBOLS
