   1              	 .syntax unified
   2              	 .cpu cortex-m4
   3              	 .eabi_attribute 27,3
   4              	 .fpu fpv4-sp-d16
   5              	 .eabi_attribute 20,1
   6              	 .eabi_attribute 21,1
   7              	 .eabi_attribute 23,3
   8              	 .eabi_attribute 24,1
   9              	 .eabi_attribute 25,1
  10              	 .eabi_attribute 26,1
  11              	 .eabi_attribute 30,2
  12              	 .eabi_attribute 34,1
  13              	 .eabi_attribute 18,4
  14              	 .thumb
  15              	 .file "xmc4_gpio.c"
  16              	 .text
  17              	.Ltext0:
  18              	 .cfi_sections .debug_frame
  19              	 .section .text.XMC_GPIO_Init,"ax",%progbits
  20              	 .align 2
  21              	 .global XMC_GPIO_Init
  22              	 .thumb
  23              	 .thumb_func
  25              	XMC_GPIO_Init:
  26              	.LFB138:
  27              	 .file 1 "../Libraries/XMCLib/src/xmc4_gpio.c"
   1:../Libraries/XMCLib/src/xmc4_gpio.c **** /**
   2:../Libraries/XMCLib/src/xmc4_gpio.c ****  * @file xmc4_gpio.c
   3:../Libraries/XMCLib/src/xmc4_gpio.c ****  * @date 2015-06-20
   4:../Libraries/XMCLib/src/xmc4_gpio.c ****  *
   5:../Libraries/XMCLib/src/xmc4_gpio.c ****  * @cond
   6:../Libraries/XMCLib/src/xmc4_gpio.c ****  **************************************************************************************************
   7:../Libraries/XMCLib/src/xmc4_gpio.c ****  * XMClib v2.1.16 - XMC Peripheral Driver Library 
   8:../Libraries/XMCLib/src/xmc4_gpio.c ****  *
   9:../Libraries/XMCLib/src/xmc4_gpio.c ****  * Copyright (c) 2015-2017, Infineon Technologies AG
  10:../Libraries/XMCLib/src/xmc4_gpio.c ****  * All rights reserved.                        
  11:../Libraries/XMCLib/src/xmc4_gpio.c ****  *                                             
  12:../Libraries/XMCLib/src/xmc4_gpio.c ****  * Redistribution and use in source and binary forms, with or without modification,are permitted pr
  13:../Libraries/XMCLib/src/xmc4_gpio.c ****  * following conditions are met:   
  14:../Libraries/XMCLib/src/xmc4_gpio.c ****  *                                                                              
  15:../Libraries/XMCLib/src/xmc4_gpio.c ****  * Redistributions of source code must retain the above copyright notice, this list of conditions a
  16:../Libraries/XMCLib/src/xmc4_gpio.c ****  * disclaimer.                        
  17:../Libraries/XMCLib/src/xmc4_gpio.c ****  * 
  18:../Libraries/XMCLib/src/xmc4_gpio.c ****  * Redistributions in binary form must reproduce the above copyright notice, this list of condition
  19:../Libraries/XMCLib/src/xmc4_gpio.c ****  * disclaimer in the documentation and/or other materials provided with the distribution.          
  20:../Libraries/XMCLib/src/xmc4_gpio.c ****  * 
  21:../Libraries/XMCLib/src/xmc4_gpio.c ****  * Neither the name of the copyright holders nor the names of its contributors may be used to endor
  22:../Libraries/XMCLib/src/xmc4_gpio.c ****  * products derived from this software without specific prior written permission.                  
  23:../Libraries/XMCLib/src/xmc4_gpio.c ****  *                                                                              
  24:../Libraries/XMCLib/src/xmc4_gpio.c ****  * THIS SOFTWARE IS PROVIDED BY THE COPYRIGHT HOLDERS AND CONTRIBUTORS "AS IS" AND ANY EXPRESS OR I
  25:../Libraries/XMCLib/src/xmc4_gpio.c ****  * INCLUDING, BUT NOT LIMITED TO, THE IMPLIED WARRANTIES OF MERCHANTABILITY AND FITNESS FOR A PARTI
  26:../Libraries/XMCLib/src/xmc4_gpio.c ****  * DISCLAIMED. IN NO EVENT SHALL THE COPYRIGHT HOLDER OR CONTRIBUTORS BE LIABLE  FOR ANY DIRECT, IN
  27:../Libraries/XMCLib/src/xmc4_gpio.c ****  * SPECIAL, EXEMPLARY, OR CONSEQUENTIAL DAMAGES (INCLUDING, BUT NOT LIMITED TO, PROCUREMENT OF SUBS
  28:../Libraries/XMCLib/src/xmc4_gpio.c ****  * SERVICES; LOSS OF USE, DATA, OR PROFITS; OR BUSINESS INTERRUPTION) HOWEVER CAUSED AND ON ANY THE
  29:../Libraries/XMCLib/src/xmc4_gpio.c ****  * WHETHER IN CONTRACT, STRICT LIABILITY,OR TORT (INCLUDING NEGLIGENCE OR OTHERWISE) ARISING IN ANY
  30:../Libraries/XMCLib/src/xmc4_gpio.c ****  * OF THIS SOFTWARE, EVEN IF ADVISED OF THE POSSIBILITY OF SUCH DAMAGE.                            
  31:../Libraries/XMCLib/src/xmc4_gpio.c ****  *                                                                              
  32:../Libraries/XMCLib/src/xmc4_gpio.c ****  * To improve the quality of the software, users are encouraged to share modifications, enhancement
  33:../Libraries/XMCLib/src/xmc4_gpio.c ****  * Infineon Technologies AG dave@infineon.com).                                                    
  34:../Libraries/XMCLib/src/xmc4_gpio.c ****  **************************************************************************************************
  35:../Libraries/XMCLib/src/xmc4_gpio.c ****  *
  36:../Libraries/XMCLib/src/xmc4_gpio.c ****  * Change History
  37:../Libraries/XMCLib/src/xmc4_gpio.c ****  * --------------
  38:../Libraries/XMCLib/src/xmc4_gpio.c ****  *
  39:../Libraries/XMCLib/src/xmc4_gpio.c ****  * 2015-02-20:
  40:../Libraries/XMCLib/src/xmc4_gpio.c ****  *     - Initial draft <br>
  41:../Libraries/XMCLib/src/xmc4_gpio.c ****  *      
  42:../Libraries/XMCLib/src/xmc4_gpio.c ****  * 2015-06-20:
  43:../Libraries/XMCLib/src/xmc4_gpio.c ****  *     - Removed version macros and declaration of GetDriverVersion API
  44:../Libraries/XMCLib/src/xmc4_gpio.c ****  *
  45:../Libraries/XMCLib/src/xmc4_gpio.c ****  * @endcond
  46:../Libraries/XMCLib/src/xmc4_gpio.c ****  *
  47:../Libraries/XMCLib/src/xmc4_gpio.c ****  */
  48:../Libraries/XMCLib/src/xmc4_gpio.c **** 
  49:../Libraries/XMCLib/src/xmc4_gpio.c **** #include "xmc_gpio.h"
  50:../Libraries/XMCLib/src/xmc4_gpio.c **** 
  51:../Libraries/XMCLib/src/xmc4_gpio.c **** #if UC_FAMILY == XMC4
  52:../Libraries/XMCLib/src/xmc4_gpio.c **** 
  53:../Libraries/XMCLib/src/xmc4_gpio.c **** /*******************************************************************************
  54:../Libraries/XMCLib/src/xmc4_gpio.c ****  * MACROS
  55:../Libraries/XMCLib/src/xmc4_gpio.c ****  *******************************************************************************/
  56:../Libraries/XMCLib/src/xmc4_gpio.c **** 
  57:../Libraries/XMCLib/src/xmc4_gpio.c **** #define PORT_PDR_Msk              PORT0_PDR0_PD0_Msk
  58:../Libraries/XMCLib/src/xmc4_gpio.c **** #define PORT_PDR_Size             (4U)
  59:../Libraries/XMCLib/src/xmc4_gpio.c **** #define PORT_HWSEL_Msk            PORT0_HWSEL_HW0_Msk
  60:../Libraries/XMCLib/src/xmc4_gpio.c **** 
  61:../Libraries/XMCLib/src/xmc4_gpio.c **** /*******************************************************************************
  62:../Libraries/XMCLib/src/xmc4_gpio.c ****  * API IMPLEMENTATION
  63:../Libraries/XMCLib/src/xmc4_gpio.c ****  *******************************************************************************/
  64:../Libraries/XMCLib/src/xmc4_gpio.c **** 
  65:../Libraries/XMCLib/src/xmc4_gpio.c **** void XMC_GPIO_Init(XMC_GPIO_PORT_t *const port, const uint8_t pin, const XMC_GPIO_CONFIG_t *const c
  66:../Libraries/XMCLib/src/xmc4_gpio.c **** {
  28              	 .loc 1 66 0
  29              	 .cfi_startproc
  30              	 
  31              	 
  32              	.LVL0:
  33 0000 01F0FC03 	 and r3,r1,#252
  34 0004 0344     	 add r3,r3,r0
  35 0006 F0B5     	 push {r4,r5,r6,r7,lr}
  36              	.LCFI0:
  37              	 .cfi_def_cfa_offset 20
  38              	 .cfi_offset 4,-20
  39              	 .cfi_offset 5,-16
  40              	 .cfi_offset 6,-12
  41              	 .cfi_offset 7,-8
  42              	 .cfi_offset 14,-4
  67:../Libraries/XMCLib/src/xmc4_gpio.c ****   XMC_ASSERT("XMC_GPIO_Init: Invalid port", XMC_GPIO_CHECK_PORT(port));
  68:../Libraries/XMCLib/src/xmc4_gpio.c ****   XMC_ASSERT("XMC_GPIO_Init: Invalid mode", XMC_GPIO_IsModeValid(config->mode));
  69:../Libraries/XMCLib/src/xmc4_gpio.c ****  
  70:../Libraries/XMCLib/src/xmc4_gpio.c ****   /* Switch to input */
  71:../Libraries/XMCLib/src/xmc4_gpio.c ****   port->IOCR[pin >> 2U] &= (uint32_t)~(PORT_IOCR_PC_Msk << (PORT_IOCR_PC_Size * (pin & 0x3U)));
  43              	 .loc 1 71 0
  44 0008 01F00305 	 and r5,r1,#3
  45 000c 1E69     	 ldr r6,[r3,#16]
  72:../Libraries/XMCLib/src/xmc4_gpio.c **** 
  73:../Libraries/XMCLib/src/xmc4_gpio.c ****   /* HW port control is disabled */
  74:../Libraries/XMCLib/src/xmc4_gpio.c ****   port->HWSEL &= ~(uint32_t)((uint32_t)PORT_HWSEL_Msk << ((uint32_t)pin << 1U));
  75:../Libraries/XMCLib/src/xmc4_gpio.c **** 
  76:../Libraries/XMCLib/src/xmc4_gpio.c **** 
  77:../Libraries/XMCLib/src/xmc4_gpio.c ****   /* Enable digital input */
  78:../Libraries/XMCLib/src/xmc4_gpio.c ****   if (XMC_GPIO_CHECK_ANALOG_PORT(port))
  46              	 .loc 1 78 0
  47 000e 1C4F     	 ldr r7,.L7
  71:../Libraries/XMCLib/src/xmc4_gpio.c **** 
  48              	 .loc 1 71 0
  49 0010 ED00     	 lsls r5,r5,#3
  50 0012 F824     	 movs r4,#248
  51 0014 AC40     	 lsls r4,r4,r5
  52 0016 26EA0404 	 bic r4,r6,r4
  53 001a 1C61     	 str r4,[r3,#16]
  74:../Libraries/XMCLib/src/xmc4_gpio.c **** 
  54              	 .loc 1 74 0
  55 001c 466F     	 ldr r6,[r0,#116]
  56 001e 4FEA410E 	 lsl lr,r1,#1
  57 0022 0324     	 movs r4,#3
  58 0024 04FA0EF4 	 lsl r4,r4,lr
  59 0028 26EA0404 	 bic r4,r6,r4
  60              	 .loc 1 78 0
  61 002c B842     	 cmp r0,r7
  74:../Libraries/XMCLib/src/xmc4_gpio.c **** 
  62              	 .loc 1 74 0
  63 002e 4467     	 str r4,[r0,#116]
  64              	 .loc 1 78 0
  65 0030 1DD0     	 beq .L2
  66              	 .loc 1 78 0 is_stmt 0 discriminator 1
  67 0032 144C     	 ldr r4,.L7+4
  68 0034 A042     	 cmp r0,r4
  69 0036 1AD0     	 beq .L2
  79:../Libraries/XMCLib/src/xmc4_gpio.c ****   {
  80:../Libraries/XMCLib/src/xmc4_gpio.c ****     port->PDISC &= ~(uint32_t)((uint32_t)0x1U << pin);
  81:../Libraries/XMCLib/src/xmc4_gpio.c ****   }
  82:../Libraries/XMCLib/src/xmc4_gpio.c ****   else
  83:../Libraries/XMCLib/src/xmc4_gpio.c ****   {
  84:../Libraries/XMCLib/src/xmc4_gpio.c ****     /* Set output level */
  85:../Libraries/XMCLib/src/xmc4_gpio.c ****     port->OMR = (uint32_t)config->output_level << pin;
  70              	 .loc 1 85 0 is_stmt 1
  71 0038 5768     	 ldr r7,[r2,#4]
  86:../Libraries/XMCLib/src/xmc4_gpio.c **** 
  87:../Libraries/XMCLib/src/xmc4_gpio.c ****     /* Set output driver strength */
  88:../Libraries/XMCLib/src/xmc4_gpio.c ****     port->PDR[pin >> 3U] &= (uint32_t)~(PORT_PDR_Msk << ((uint32_t)PORT_PDR_Size * ((uint32_t)pin &
  89:../Libraries/XMCLib/src/xmc4_gpio.c ****     port->PDR[pin >> 3U] |= (uint32_t)config->output_strength << ((uint32_t)PORT_PDR_Size * ((uint3
  72              	 .loc 1 89 0
  73 003a 167A     	 ldrb r6,[r2,#8]
  74 003c CC08     	 lsrs r4,r1,#3
  75 003e 00EB8404 	 add r4,r0,r4,lsl#2
  85:../Libraries/XMCLib/src/xmc4_gpio.c **** 
  76              	 .loc 1 85 0
  77 0042 8F40     	 lsls r7,r7,r1
  78 0044 4760     	 str r7,[r0,#4]
  88:../Libraries/XMCLib/src/xmc4_gpio.c ****     port->PDR[pin >> 3U] |= (uint32_t)config->output_strength << ((uint32_t)PORT_PDR_Size * ((uint3
  79              	 .loc 1 88 0
  80 0046 01F00701 	 and r1,r1,#7
  81              	.LVL1:
  82 004a 276C     	 ldr r7,[r4,#64]
  83 004c 8900     	 lsls r1,r1,#2
  84 004e 0720     	 movs r0,#7
  85              	.LVL2:
  86 0050 8840     	 lsls r0,r0,r1
  87 0052 27EA0000 	 bic r0,r7,r0
  88 0056 2064     	 str r0,[r4,#64]
  89              	 .loc 1 89 0
  90 0058 206C     	 ldr r0,[r4,#64]
  91 005a 06FA01F1 	 lsl r1,r6,r1
  92 005e 0143     	 orrs r1,r1,r0
  93 0060 2164     	 str r1,[r4,#64]
  94              	.L4:
  90:../Libraries/XMCLib/src/xmc4_gpio.c ****   }
  91:../Libraries/XMCLib/src/xmc4_gpio.c **** 
  92:../Libraries/XMCLib/src/xmc4_gpio.c ****   /* Set mode */
  93:../Libraries/XMCLib/src/xmc4_gpio.c ****   port->IOCR[pin >> 2U] |= (uint32_t)config->mode << ((uint32_t)PORT_IOCR_PC_Size * ((uint32_t)pin 
  95              	 .loc 1 93 0
  96 0062 1278     	 ldrb r2,[r2]
  97              	.LVL3:
  98 0064 1969     	 ldr r1,[r3,#16]
  99 0066 AA40     	 lsls r2,r2,r5
 100 0068 0A43     	 orrs r2,r2,r1
 101 006a 1A61     	 str r2,[r3,#16]
 102 006c F0BD     	 pop {r4,r5,r6,r7,pc}
 103              	.LVL4:
 104              	.L2:
  80:../Libraries/XMCLib/src/xmc4_gpio.c ****   }
 105              	 .loc 1 80 0
 106 006e 046E     	 ldr r4,[r0,#96]
 107 0070 0126     	 movs r6,#1
 108 0072 06FA01F1 	 lsl r1,r6,r1
 109              	.LVL5:
 110 0076 24EA0101 	 bic r1,r4,r1
 111 007a 0166     	 str r1,[r0,#96]
 112 007c F1E7     	 b .L4
 113              	.L8:
 114 007e 00BF     	 .align 2
 115              	.L7:
 116 0080 008E0248 	 .word 1208126976
 117 0084 008F0248 	 .word 1208127232
 118              	 .cfi_endproc
 119              	.LFE138:
 121              	 .section .text.XMC_GPIO_SetOutputStrength,"ax",%progbits
 122              	 .align 2
 123              	 .global XMC_GPIO_SetOutputStrength
 124              	 .thumb
 125              	 .thumb_func
 127              	XMC_GPIO_SetOutputStrength:
 128              	.LFB139:
  94:../Libraries/XMCLib/src/xmc4_gpio.c **** }
  95:../Libraries/XMCLib/src/xmc4_gpio.c **** 
  96:../Libraries/XMCLib/src/xmc4_gpio.c **** void XMC_GPIO_SetOutputStrength(XMC_GPIO_PORT_t *const port, const uint8_t pin, XMC_GPIO_OUTPUT_STR
  97:../Libraries/XMCLib/src/xmc4_gpio.c **** {
 129              	 .loc 1 97 0
 130              	 .cfi_startproc
 131              	 
 132              	 
 133              	 
 134              	.LVL6:
 135 0000 CB08     	 lsrs r3,r1,#3
 136 0002 00EB8300 	 add r0,r0,r3,lsl#2
 137              	.LVL7:
  98:../Libraries/XMCLib/src/xmc4_gpio.c ****   XMC_ASSERT("XMC_GPIO_Init: Invalid port", XMC_GPIO_CHECK_OUTPUT_PORT(port));
  99:../Libraries/XMCLib/src/xmc4_gpio.c ****   XMC_ASSERT("XMC_GPIO_Init: Invalid output strength", XMC_GPIO_CHECK_OUTPUT_STRENGTH(strength));
 100:../Libraries/XMCLib/src/xmc4_gpio.c **** 
 101:../Libraries/XMCLib/src/xmc4_gpio.c ****   port->PDR[pin >> 3U] &= (uint32_t)~((uint32_t)PORT_PDR_Msk << ((uint32_t)PORT_PDR_Size * ((uint32
 138              	 .loc 1 101 0
 139 0006 01F00701 	 and r1,r1,#7
 140              	.LVL8:
  97:../Libraries/XMCLib/src/xmc4_gpio.c ****   XMC_ASSERT("XMC_GPIO_Init: Invalid port", XMC_GPIO_CHECK_OUTPUT_PORT(port));
 141              	 .loc 1 97 0
 142 000a 10B4     	 push {r4}
 143              	.LCFI1:
 144              	 .cfi_def_cfa_offset 4
 145              	 .cfi_offset 4,-4
 146              	 .loc 1 101 0
 147 000c 8900     	 lsls r1,r1,#2
 148 000e 046C     	 ldr r4,[r0,#64]
 149 0010 0723     	 movs r3,#7
 150 0012 8B40     	 lsls r3,r3,r1
 151 0014 24EA0303 	 bic r3,r4,r3
 152 0018 0364     	 str r3,[r0,#64]
 102:../Libraries/XMCLib/src/xmc4_gpio.c ****   port->PDR[pin >> 3U] |= (uint32_t)strength << ((uint32_t)PORT_PDR_Size * ((uint32_t)pin & 0x7U));
 153              	 .loc 1 102 0
 154 001a 036C     	 ldr r3,[r0,#64]
 103:../Libraries/XMCLib/src/xmc4_gpio.c **** }
 155              	 .loc 1 103 0
 156 001c 5DF8044B 	 ldr r4,[sp],#4
 157              	.LCFI2:
 158              	 .cfi_restore 4
 159              	 .cfi_def_cfa_offset 0
 102:../Libraries/XMCLib/src/xmc4_gpio.c ****   port->PDR[pin >> 3U] |= (uint32_t)strength << ((uint32_t)PORT_PDR_Size * ((uint32_t)pin & 0x7U));
 160              	 .loc 1 102 0
 161 0020 8A40     	 lsls r2,r2,r1
 162              	.LVL9:
 163 0022 1343     	 orrs r3,r3,r2
 164 0024 0364     	 str r3,[r0,#64]
 165              	 .loc 1 103 0
 166 0026 7047     	 bx lr
 167              	 .cfi_endproc
 168              	.LFE139:
 170              	 .text
 171              	.Letext0:
 172              	 .file 2 "c:\\infineon\\tools\\dave ide\\4.5.0.202105191637\\eclipse\\arm-gcc-49\\arm-none-eabi\\include\\machine\\_default_types.h"
 173              	 .file 3 "c:\\infineon\\tools\\dave ide\\4.5.0.202105191637\\eclipse\\arm-gcc-49\\arm-none-eabi\\include\\stdint.h"
 174              	 .file 4 "C:/Users/Utente/Desktop/Tesi/Firmware_Software/DAVE project/S2GLP_Pulsed_Doppler/Libraries/XMCLib/inc/xmc_gpio.h"
 175              	 .file 5 "C:/Users/Utente/Desktop/Tesi/Firmware_Software/DAVE project/S2GLP_Pulsed_Doppler/Libraries/XMCLib/inc/xmc4_gpio.h"
 176              	 .file 6 "C:/Users/Utente/Desktop/Tesi/Firmware_Software/DAVE project/S2GLP_Pulsed_Doppler/Libraries/CMSIS/Include/core_cm4.h"
DEFINED SYMBOLS
                            *ABS*:00000000 xmc4_gpio.c
    {standard input}:20     .text.XMC_GPIO_Init:00000000 $t
    {standard input}:25     .text.XMC_GPIO_Init:00000000 XMC_GPIO_Init
    {standard input}:116    .text.XMC_GPIO_Init:00000080 $d
    {standard input}:122    .text.XMC_GPIO_SetOutputStrength:00000000 $t
    {standard input}:127    .text.XMC_GPIO_SetOutputStrength:00000000 XMC_GPIO_SetOutputStrength
                     .debug_frame:00000010 $d

NO UNDEFINED SYMBOLS
