   1              	 .syntax unified
   2              	 .cpu cortex-m4
   3              	 .eabi_attribute 27,3
   4              	 .fpu fpv4-sp-d16
   5              	 .eabi_attribute 20,1
   6              	 .eabi_attribute 21,1
   7              	 .eabi_attribute 23,3
   8              	 .eabi_attribute 24,1
   9              	 .eabi_attribute 25,1
  10              	 .eabi_attribute 26,1
  11              	 .eabi_attribute 30,2
  12              	 .eabi_attribute 34,1
  13              	 .eabi_attribute 18,4
  14              	 .thumb
  15              	 .file "xmc_dsd.c"
  16              	 .text
  17              	.Ltext0:
  18              	 .cfi_sections .debug_frame
  19              	 .section .text.XMC_DSD_Enable,"ax",%progbits
  20              	 .align 2
  21              	 .global XMC_DSD_Enable
  22              	 .thumb
  23              	 .thumb_func
  25              	XMC_DSD_Enable:
  26              	.LFB180:
  27              	 .file 1 "../Libraries/XMCLib/src/xmc_dsd.c"
   1:../Libraries/XMCLib/src/xmc_dsd.c **** /**
   2:../Libraries/XMCLib/src/xmc_dsd.c ****  * @file xmc_dsd.c
   3:../Libraries/XMCLib/src/xmc_dsd.c ****  * @date 2015-09-18
   4:../Libraries/XMCLib/src/xmc_dsd.c ****  *
   5:../Libraries/XMCLib/src/xmc_dsd.c ****  * @cond
   6:../Libraries/XMCLib/src/xmc_dsd.c ****  **********************************************************************************
   7:../Libraries/XMCLib/src/xmc_dsd.c ****  * XMClib v2.1.16 - XMC Peripheral Driver Library 
   8:../Libraries/XMCLib/src/xmc_dsd.c ****  *
   9:../Libraries/XMCLib/src/xmc_dsd.c ****  * Copyright (c) 2015-2017, Infineon Technologies AG
  10:../Libraries/XMCLib/src/xmc_dsd.c ****  * All rights reserved.                        
  11:../Libraries/XMCLib/src/xmc_dsd.c ****  *                                             
  12:../Libraries/XMCLib/src/xmc_dsd.c ****  * Redistribution and use in source and binary forms, with or without           
  13:../Libraries/XMCLib/src/xmc_dsd.c ****  * modification,are permitted provided that the following conditions are met:   
  14:../Libraries/XMCLib/src/xmc_dsd.c ****  *                                                                              
  15:../Libraries/XMCLib/src/xmc_dsd.c ****  *   Redistributions of source code must retain the above copyright notice,      
  16:../Libraries/XMCLib/src/xmc_dsd.c ****  *   this list of conditions and the following disclaimer.                        
  17:../Libraries/XMCLib/src/xmc_dsd.c ****  * 
  18:../Libraries/XMCLib/src/xmc_dsd.c ****  *   Redistributions in binary form must reproduce the above copyright notice,   
  19:../Libraries/XMCLib/src/xmc_dsd.c ****  *   this list of conditions and the following disclaimer in the documentation    
  20:../Libraries/XMCLib/src/xmc_dsd.c ****  *   and/or other materials provided with the distribution.                       
  21:../Libraries/XMCLib/src/xmc_dsd.c ****  * 
  22:../Libraries/XMCLib/src/xmc_dsd.c ****  *   Neither the name of the copyright holders nor the names of its contributors 
  23:../Libraries/XMCLib/src/xmc_dsd.c ****  *   may be used to endorse or promote products derived from this software without
  24:../Libraries/XMCLib/src/xmc_dsd.c ****  *   specific prior written permission.                                           
  25:../Libraries/XMCLib/src/xmc_dsd.c ****  *                                                                              
  26:../Libraries/XMCLib/src/xmc_dsd.c ****  * THIS SOFTWARE IS PROVIDED BY THE COPYRIGHT HOLDERS AND CONTRIBUTORS "AS IS"  
  27:../Libraries/XMCLib/src/xmc_dsd.c ****  * AND ANY EXPRESS OR IMPLIED WARRANTIES, INCLUDING, BUT NOT LIMITED TO, THE    
  28:../Libraries/XMCLib/src/xmc_dsd.c ****  * IMPLIED WARRANTIES OF MERCHANTABILITY AND FITNESS FOR A PARTICULAR PURPOSE   
  29:../Libraries/XMCLib/src/xmc_dsd.c ****  * ARE  DISCLAIMED. IN NO EVENT SHALL THE COPYRIGHT HOLDER OR CONTRIBUTORS BE   
  30:../Libraries/XMCLib/src/xmc_dsd.c ****  * LIABLE  FOR ANY DIRECT, INDIRECT, INCIDENTAL, SPECIAL, EXEMPLARY, OR         
  31:../Libraries/XMCLib/src/xmc_dsd.c ****  * CONSEQUENTIAL DAMAGES (INCLUDING, BUT NOT LIMITED TO, PROCUREMENT OF         
  32:../Libraries/XMCLib/src/xmc_dsd.c ****  * SUBSTITUTE GOODS OR  SERVICES; LOSS OF USE, DATA, OR PROFITS; OR BUSINESS    
  33:../Libraries/XMCLib/src/xmc_dsd.c ****  * INTERRUPTION) HOWEVER CAUSED AND ON ANY THEORY OF LIABILITY, WHETHER IN      
  34:../Libraries/XMCLib/src/xmc_dsd.c ****  * CONTRACT, STRICT LIABILITY,OR TORT (INCLUDING NEGLIGENCE OR OTHERWISE)       
  35:../Libraries/XMCLib/src/xmc_dsd.c ****  * ARISING IN ANY WAY OUT OF THE USE OF THIS SOFTWARE, EVEN IF ADVISED OF THE   
  36:../Libraries/XMCLib/src/xmc_dsd.c ****  * POSSIBILITY OF SUCH DAMAGE.                                                  
  37:../Libraries/XMCLib/src/xmc_dsd.c ****  *                                                                              
  38:../Libraries/XMCLib/src/xmc_dsd.c ****  * To improve the quality of the software, users are encouraged to share        
  39:../Libraries/XMCLib/src/xmc_dsd.c ****  * modifications, enhancements or bug fixes with Infineon Technologies AG       
  40:../Libraries/XMCLib/src/xmc_dsd.c ****  * dave@infineon.com).                                                          
  41:../Libraries/XMCLib/src/xmc_dsd.c ****  **********************************************************************************
  42:../Libraries/XMCLib/src/xmc_dsd.c ****  *
  43:../Libraries/XMCLib/src/xmc_dsd.c ****  * Change History
  44:../Libraries/XMCLib/src/xmc_dsd.c ****  * --------------
  45:../Libraries/XMCLib/src/xmc_dsd.c ****  *
  46:../Libraries/XMCLib/src/xmc_dsd.c ****  * 2015-03-30:
  47:../Libraries/XMCLib/src/xmc_dsd.c ****  *     - Initial version
  48:../Libraries/XMCLib/src/xmc_dsd.c ****  *      
  49:../Libraries/XMCLib/src/xmc_dsd.c ****  * 2015-06-19:
  50:../Libraries/XMCLib/src/xmc_dsd.c ****  *     - Removed GetDriverVersion API <BR>
  51:../Libraries/XMCLib/src/xmc_dsd.c ****  * 
  52:../Libraries/XMCLib/src/xmc_dsd.c ****  * 2015-09-18:
  53:../Libraries/XMCLib/src/xmc_dsd.c ****  *     - Support added for XMC4800 microcontroller family <BR>
  54:../Libraries/XMCLib/src/xmc_dsd.c ****  * @endcond 
  55:../Libraries/XMCLib/src/xmc_dsd.c ****  *
  56:../Libraries/XMCLib/src/xmc_dsd.c ****  */
  57:../Libraries/XMCLib/src/xmc_dsd.c **** 
  58:../Libraries/XMCLib/src/xmc_dsd.c **** /**************************************************************************************************
  59:../Libraries/XMCLib/src/xmc_dsd.c ****  * HEADER FILES
  60:../Libraries/XMCLib/src/xmc_dsd.c ****  **************************************************************************************************
  61:../Libraries/XMCLib/src/xmc_dsd.c **** #include "xmc_dsd.h"
  62:../Libraries/XMCLib/src/xmc_dsd.c **** 
  63:../Libraries/XMCLib/src/xmc_dsd.c **** #if defined(DSD)
  64:../Libraries/XMCLib/src/xmc_dsd.c **** 
  65:../Libraries/XMCLib/src/xmc_dsd.c **** /**************************************************************************************************
  66:../Libraries/XMCLib/src/xmc_dsd.c ****  * MACROS
  67:../Libraries/XMCLib/src/xmc_dsd.c ****  **************************************************************************************************
  68:../Libraries/XMCLib/src/xmc_dsd.c **** 
  69:../Libraries/XMCLib/src/xmc_dsd.c **** #define XMC_DSD_MIN_FILTER_START  (4U)
  70:../Libraries/XMCLib/src/xmc_dsd.c **** #define XMC_DSD_MIN_DECIMATION_FACTOR (4U)
  71:../Libraries/XMCLib/src/xmc_dsd.c **** #define XMC_DSD_MAX_DECIMATION_FACTOR (256U)
  72:../Libraries/XMCLib/src/xmc_dsd.c **** #define XMC_DSD_MAX_DECIMATION_FACTOR_AUX (32U)
  73:../Libraries/XMCLib/src/xmc_dsd.c **** 
  74:../Libraries/XMCLib/src/xmc_dsd.c **** /**************************************************************************************************
  75:../Libraries/XMCLib/src/xmc_dsd.c ****  * API IMPLEMENTATION
  76:../Libraries/XMCLib/src/xmc_dsd.c ****  **************************************************************************************************
  77:../Libraries/XMCLib/src/xmc_dsd.c **** 
  78:../Libraries/XMCLib/src/xmc_dsd.c **** /*Enable the DSD Module*/
  79:../Libraries/XMCLib/src/xmc_dsd.c **** void XMC_DSD_Enable(XMC_DSD_t *const dsd)
  80:../Libraries/XMCLib/src/xmc_dsd.c **** {
  28              	 .loc 1 80 0
  29              	 .cfi_startproc
  30              	 
  31              	 
  32              	.LVL0:
  33 0000 08B5     	 push {r3,lr}
  34              	.LCFI0:
  35              	 .cfi_def_cfa_offset 8
  36              	 .cfi_offset 3,-8
  37              	 .cfi_offset 14,-4
  81:../Libraries/XMCLib/src/xmc_dsd.c ****   XMC_ASSERT("XMC_DSD_Enable:Invalid module pointer", XMC_DSD_CHECK_MODULE_PTR(dsd));
  82:../Libraries/XMCLib/src/xmc_dsd.c ****   XMC_UNUSED_ARG(dsd);
  83:../Libraries/XMCLib/src/xmc_dsd.c **** 
  84:../Libraries/XMCLib/src/xmc_dsd.c **** #if defined(CLOCK_GATING_SUPPORTED)
  85:../Libraries/XMCLib/src/xmc_dsd.c ****   XMC_SCU_CLOCK_UngatePeripheralClock(XMC_SCU_PERIPHERAL_CLOCK_DSD);
  38              	 .loc 1 85 0
  39 0002 0220     	 movs r0,#2
  40              	.LVL1:
  41 0004 FFF7FEFF 	 bl XMC_SCU_CLOCK_UngatePeripheralClock
  42              	.LVL2:
  86:../Libraries/XMCLib/src/xmc_dsd.c **** #endif
  87:../Libraries/XMCLib/src/xmc_dsd.c ****   XMC_SCU_RESET_DeassertPeripheralReset(XMC_SCU_PERIPHERAL_RESET_DSD);
  43              	 .loc 1 87 0
  44 0008 0220     	 movs r0,#2
  88:../Libraries/XMCLib/src/xmc_dsd.c **** }
  45              	 .loc 1 88 0
  46 000a BDE80840 	 pop {r3,lr}
  47              	.LCFI1:
  48              	 .cfi_restore 14
  49              	 .cfi_restore 3
  50              	 .cfi_def_cfa_offset 0
  87:../Libraries/XMCLib/src/xmc_dsd.c **** }
  51              	 .loc 1 87 0
  52 000e FFF7FEBF 	 b XMC_SCU_RESET_DeassertPeripheralReset
  53              	.LVL3:
  54              	 .cfi_endproc
  55              	.LFE180:
  57 0012 00BF     	 .section .text.XMC_DSD_Disable,"ax",%progbits
  58              	 .align 2
  59              	 .global XMC_DSD_Disable
  60              	 .thumb
  61              	 .thumb_func
  63              	XMC_DSD_Disable:
  64              	.LFB181:
  89:../Libraries/XMCLib/src/xmc_dsd.c **** 
  90:../Libraries/XMCLib/src/xmc_dsd.c **** /*Disable the DSD Module*/
  91:../Libraries/XMCLib/src/xmc_dsd.c **** void XMC_DSD_Disable(XMC_DSD_t *const dsd)
  92:../Libraries/XMCLib/src/xmc_dsd.c **** {
  65              	 .loc 1 92 0
  66              	 .cfi_startproc
  67              	 
  68              	 
  69              	.LVL4:
  70 0000 08B5     	 push {r3,lr}
  71              	.LCFI2:
  72              	 .cfi_def_cfa_offset 8
  73              	 .cfi_offset 3,-8
  74              	 .cfi_offset 14,-4
  93:../Libraries/XMCLib/src/xmc_dsd.c ****   XMC_ASSERT("XMC_DSD_Disable:Invalid module pointer", XMC_DSD_CHECK_MODULE_PTR(dsd));
  94:../Libraries/XMCLib/src/xmc_dsd.c ****   XMC_UNUSED_ARG(dsd);
  95:../Libraries/XMCLib/src/xmc_dsd.c **** 
  96:../Libraries/XMCLib/src/xmc_dsd.c ****   XMC_SCU_RESET_AssertPeripheralReset(XMC_SCU_PERIPHERAL_RESET_DSD);
  75              	 .loc 1 96 0
  76 0002 0220     	 movs r0,#2
  77              	.LVL5:
  78 0004 FFF7FEFF 	 bl XMC_SCU_RESET_AssertPeripheralReset
  79              	.LVL6:
  97:../Libraries/XMCLib/src/xmc_dsd.c **** #if defined(CLOCK_GATING_SUPPORTED)
  98:../Libraries/XMCLib/src/xmc_dsd.c ****   XMC_SCU_CLOCK_GatePeripheralClock(XMC_SCU_PERIPHERAL_CLOCK_DSD);
  80              	 .loc 1 98 0
  81 0008 0220     	 movs r0,#2
  99:../Libraries/XMCLib/src/xmc_dsd.c **** #endif
 100:../Libraries/XMCLib/src/xmc_dsd.c **** }
  82              	 .loc 1 100 0
  83 000a BDE80840 	 pop {r3,lr}
  84              	.LCFI3:
  85              	 .cfi_restore 14
  86              	 .cfi_restore 3
  87              	 .cfi_def_cfa_offset 0
  98:../Libraries/XMCLib/src/xmc_dsd.c **** #endif
  88              	 .loc 1 98 0
  89 000e FFF7FEBF 	 b XMC_SCU_CLOCK_GatePeripheralClock
  90              	.LVL7:
  91              	 .cfi_endproc
  92              	.LFE181:
  94 0012 00BF     	 .section .text.XMC_DSD_EnableClock,"ax",%progbits
  95              	 .align 2
  96              	 .global XMC_DSD_EnableClock
  97              	 .thumb
  98              	 .thumb_func
 100              	XMC_DSD_EnableClock:
 101              	.LFB182:
 101:../Libraries/XMCLib/src/xmc_dsd.c **** 
 102:../Libraries/XMCLib/src/xmc_dsd.c **** /* Enable the module clock*/
 103:../Libraries/XMCLib/src/xmc_dsd.c **** void XMC_DSD_EnableClock(XMC_DSD_t *const dsd)
 104:../Libraries/XMCLib/src/xmc_dsd.c **** {
 102              	 .loc 1 104 0
 103              	 .cfi_startproc
 104              	 
 105              	 
 106              	 
 107              	.LVL8:
 105:../Libraries/XMCLib/src/xmc_dsd.c ****   XMC_ASSERT("XMC_DSD_EnableClock:Invalid module pointer", XMC_DSD_CHECK_MODULE_PTR(dsd));
 106:../Libraries/XMCLib/src/xmc_dsd.c ****   /* Enable the module clock */
 107:../Libraries/XMCLib/src/xmc_dsd.c ****   dsd->CLC &= ~(uint32_t)DSD_CLC_DISR_Msk;
 108              	 .loc 1 107 0
 109 0000 0368     	 ldr r3,[r0]
 110 0002 23F00103 	 bic r3,r3,#1
 111 0006 0360     	 str r3,[r0]
 108:../Libraries/XMCLib/src/xmc_dsd.c ****   /* enable internal module clock */
 109:../Libraries/XMCLib/src/xmc_dsd.c ****   dsd ->GLOBCFG |= (uint32_t)0x01;
 112              	 .loc 1 109 0
 113 0008 D0F88030 	 ldr r3,[r0,#128]
 114 000c 43F00103 	 orr r3,r3,#1
 115 0010 C0F88030 	 str r3,[r0,#128]
 116 0014 7047     	 bx lr
 117              	 .cfi_endproc
 118              	.LFE182:
 120 0016 00BF     	 .section .text.XMC_DSD_DisableClock,"ax",%progbits
 121              	 .align 2
 122              	 .global XMC_DSD_DisableClock
 123              	 .thumb
 124              	 .thumb_func
 126              	XMC_DSD_DisableClock:
 127              	.LFB183:
 110:../Libraries/XMCLib/src/xmc_dsd.c **** }
 111:../Libraries/XMCLib/src/xmc_dsd.c **** 
 112:../Libraries/XMCLib/src/xmc_dsd.c **** void XMC_DSD_DisableClock(XMC_DSD_t *const dsd)
 113:../Libraries/XMCLib/src/xmc_dsd.c **** {
 128              	 .loc 1 113 0
 129              	 .cfi_startproc
 130              	 
 131              	 
 132              	 
 133              	.LVL9:
 114:../Libraries/XMCLib/src/xmc_dsd.c ****   XMC_ASSERT("XMC_DSD_DisableClock:Invalid module pointer", XMC_DSD_CHECK_MODULE_PTR(dsd));
 115:../Libraries/XMCLib/src/xmc_dsd.c **** 
 116:../Libraries/XMCLib/src/xmc_dsd.c ****   /* disable internal module clock */
 117:../Libraries/XMCLib/src/xmc_dsd.c ****   dsd->GLOBCFG &= ~(uint32_t)DSD_GLOBCFG_MCSEL_Msk;
 134              	 .loc 1 117 0
 135 0000 D0F88030 	 ldr r3,[r0,#128]
 136 0004 23F00703 	 bic r3,r3,#7
 137 0008 C0F88030 	 str r3,[r0,#128]
 118:../Libraries/XMCLib/src/xmc_dsd.c **** 
 119:../Libraries/XMCLib/src/xmc_dsd.c ****   /* stop the module clock */
 120:../Libraries/XMCLib/src/xmc_dsd.c ****   dsd->CLC |= (uint32_t)DSD_CLC_DISR_Msk;
 138              	 .loc 1 120 0
 139 000c 0368     	 ldr r3,[r0]
 140 000e 43F00103 	 orr r3,r3,#1
 141 0012 0360     	 str r3,[r0]
 142 0014 7047     	 bx lr
 143              	 .cfi_endproc
 144              	.LFE183:
 146 0016 00BF     	 .section .text.XMC_DSD_Init,"ax",%progbits
 147              	 .align 2
 148              	 .global XMC_DSD_Init
 149              	 .thumb
 150              	 .thumb_func
 152              	XMC_DSD_Init:
 153              	.LFB184:
 121:../Libraries/XMCLib/src/xmc_dsd.c **** 
 122:../Libraries/XMCLib/src/xmc_dsd.c **** }
 123:../Libraries/XMCLib/src/xmc_dsd.c **** 
 124:../Libraries/XMCLib/src/xmc_dsd.c **** /* Enable the DSD module and clock */
 125:../Libraries/XMCLib/src/xmc_dsd.c **** void XMC_DSD_Init(XMC_DSD_t *const dsd)
 126:../Libraries/XMCLib/src/xmc_dsd.c **** {
 154              	 .loc 1 126 0
 155              	 .cfi_startproc
 156              	 
 157              	 
 158              	.LVL10:
 159 0000 10B5     	 push {r4,lr}
 160              	.LCFI4:
 161              	 .cfi_def_cfa_offset 8
 162              	 .cfi_offset 4,-8
 163              	 .cfi_offset 14,-4
 164              	 .loc 1 126 0
 165 0002 0446     	 mov r4,r0
 166              	.LVL11:
 167              	.LBB14:
 168              	.LBB15:
  85:../Libraries/XMCLib/src/xmc_dsd.c **** #endif
 169              	 .loc 1 85 0
 170 0004 0220     	 movs r0,#2
 171              	.LVL12:
 172 0006 FFF7FEFF 	 bl XMC_SCU_CLOCK_UngatePeripheralClock
 173              	.LVL13:
  87:../Libraries/XMCLib/src/xmc_dsd.c **** }
 174              	 .loc 1 87 0
 175 000a 0220     	 movs r0,#2
 176 000c FFF7FEFF 	 bl XMC_SCU_RESET_DeassertPeripheralReset
 177              	.LVL14:
 178              	.LBE15:
 179              	.LBE14:
 180              	.LBB16:
 181              	.LBB17:
 107:../Libraries/XMCLib/src/xmc_dsd.c ****   /* enable internal module clock */
 182              	 .loc 1 107 0
 183 0010 2368     	 ldr r3,[r4]
 184 0012 23F00103 	 bic r3,r3,#1
 185 0016 2360     	 str r3,[r4]
 109:../Libraries/XMCLib/src/xmc_dsd.c **** }
 186              	 .loc 1 109 0
 187 0018 D4F88030 	 ldr r3,[r4,#128]
 188 001c 43F00103 	 orr r3,r3,#1
 189 0020 C4F88030 	 str r3,[r4,#128]
 190 0024 10BD     	 pop {r4,pc}
 191              	.LBE17:
 192              	.LBE16:
 193              	 .cfi_endproc
 194              	.LFE184:
 196 0026 00BF     	 .section .text.XMC_DSD_IsEnabled,"ax",%progbits
 197              	 .align 2
 198              	 .global XMC_DSD_IsEnabled
 199              	 .thumb
 200              	 .thumb_func
 202              	XMC_DSD_IsEnabled:
 203              	.LFB185:
 127:../Libraries/XMCLib/src/xmc_dsd.c ****   XMC_ASSERT("XMC_DSD_Init:Invalid module pointer", XMC_DSD_CHECK_MODULE_PTR(dsd));
 128:../Libraries/XMCLib/src/xmc_dsd.c ****   XMC_DSD_Enable(dsd);
 129:../Libraries/XMCLib/src/xmc_dsd.c ****   XMC_DSD_EnableClock(dsd);
 130:../Libraries/XMCLib/src/xmc_dsd.c **** }
 131:../Libraries/XMCLib/src/xmc_dsd.c **** 
 132:../Libraries/XMCLib/src/xmc_dsd.c **** bool XMC_DSD_IsEnabled(XMC_DSD_t *const dsd)
 133:../Libraries/XMCLib/src/xmc_dsd.c **** {
 204              	 .loc 1 133 0
 205              	 .cfi_startproc
 206              	 
 207              	 
 208              	.LVL15:
 209 0000 08B5     	 push {r3,lr}
 210              	.LCFI5:
 211              	 .cfi_def_cfa_offset 8
 212              	 .cfi_offset 3,-8
 213              	 .cfi_offset 14,-4
 134:../Libraries/XMCLib/src/xmc_dsd.c ****   bool status;
 135:../Libraries/XMCLib/src/xmc_dsd.c ****   XMC_ASSERT("XMC_DSD_Disable:Invalid module pointer", XMC_DSD_CHECK_MODULE_PTR(dsd));
 136:../Libraries/XMCLib/src/xmc_dsd.c ****   XMC_UNUSED_ARG(dsd);
 137:../Libraries/XMCLib/src/xmc_dsd.c ****   
 138:../Libraries/XMCLib/src/xmc_dsd.c ****   #if ((UC_SERIES == XMC44) || (UC_SERIES == XMC48)||(UC_SERIES == XMC47))
 139:../Libraries/XMCLib/src/xmc_dsd.c ****   if(XMC_SCU_RESET_IsPeripheralResetAsserted(XMC_SCU_PERIPHERAL_RESET_DSD) == false) 
 214              	 .loc 1 139 0
 215 0002 0220     	 movs r0,#2
 216              	.LVL16:
 217 0004 FFF7FEFF 	 bl XMC_SCU_RESET_IsPeripheralResetAsserted
 218              	.LVL17:
 219 0008 08B1     	 cbz r0,.L14
 140:../Libraries/XMCLib/src/xmc_dsd.c ****   {
 141:../Libraries/XMCLib/src/xmc_dsd.c ****     if(XMC_SCU_CLOCK_IsPeripheralClockGated(XMC_SCU_PERIPHERAL_CLOCK_DSD) == false)
 142:../Libraries/XMCLib/src/xmc_dsd.c ****     {
 143:../Libraries/XMCLib/src/xmc_dsd.c ****       status = true;
 144:../Libraries/XMCLib/src/xmc_dsd.c ****     }
 145:../Libraries/XMCLib/src/xmc_dsd.c **** 	else
 146:../Libraries/XMCLib/src/xmc_dsd.c **** 	{
 147:../Libraries/XMCLib/src/xmc_dsd.c ****       status = false;
 148:../Libraries/XMCLib/src/xmc_dsd.c **** 	}
 149:../Libraries/XMCLib/src/xmc_dsd.c ****   }
 150:../Libraries/XMCLib/src/xmc_dsd.c ****   else
 151:../Libraries/XMCLib/src/xmc_dsd.c ****   {
 152:../Libraries/XMCLib/src/xmc_dsd.c ****     status = false;
 220              	 .loc 1 152 0
 221 000a 0020     	 movs r0,#0
 222              	.LVL18:
 153:../Libraries/XMCLib/src/xmc_dsd.c ****   }
 154:../Libraries/XMCLib/src/xmc_dsd.c ****   #else
 155:../Libraries/XMCLib/src/xmc_dsd.c ****   if(XMC_SCU_RESET_IsPeripheralResetAsserted(XMC_SCU_PERIPHERAL_RESET_DSD) == false)
 156:../Libraries/XMCLib/src/xmc_dsd.c ****   {
 157:../Libraries/XMCLib/src/xmc_dsd.c ****     status = true;
 158:../Libraries/XMCLib/src/xmc_dsd.c ****   }
 159:../Libraries/XMCLib/src/xmc_dsd.c ****   else
 160:../Libraries/XMCLib/src/xmc_dsd.c ****   {
 161:../Libraries/XMCLib/src/xmc_dsd.c ****     status = false;
 162:../Libraries/XMCLib/src/xmc_dsd.c ****   }
 163:../Libraries/XMCLib/src/xmc_dsd.c ****   #endif
 164:../Libraries/XMCLib/src/xmc_dsd.c ****   
 165:../Libraries/XMCLib/src/xmc_dsd.c ****   return (status);
 166:../Libraries/XMCLib/src/xmc_dsd.c **** }
 223              	 .loc 1 166 0
 224 000c 08BD     	 pop {r3,pc}
 225              	.LVL19:
 226              	.L14:
 141:../Libraries/XMCLib/src/xmc_dsd.c ****     {
 227              	 .loc 1 141 0
 228 000e 0220     	 movs r0,#2
 229 0010 FFF7FEFF 	 bl XMC_SCU_CLOCK_IsPeripheralClockGated
 230              	.LVL20:
 231 0014 80F00100 	 eor r0,r0,#1
 232 0018 C0B2     	 uxtb r0,r0
 233 001a 08BD     	 pop {r3,pc}
 234              	 .cfi_endproc
 235              	.LFE185:
 237              	 .section .text.XMC_DSD_Generator_Init,"ax",%progbits
 238              	 .align 2
 239              	 .global XMC_DSD_Generator_Init
 240              	 .thumb
 241              	 .thumb_func
 243              	XMC_DSD_Generator_Init:
 244              	.LFB186:
 167:../Libraries/XMCLib/src/xmc_dsd.c **** 
 168:../Libraries/XMCLib/src/xmc_dsd.c **** /*Initializes the Waveform Generator*/
 169:../Libraries/XMCLib/src/xmc_dsd.c **** void XMC_DSD_Generator_Init(XMC_DSD_t *const dsd, const XMC_DSD_GENERATOR_CONFIG_t *const config)
 170:../Libraries/XMCLib/src/xmc_dsd.c **** {
 245              	 .loc 1 170 0
 246              	 .cfi_startproc
 247              	 
 248              	 
 249              	 
 250              	.LVL21:
 171:../Libraries/XMCLib/src/xmc_dsd.c ****   XMC_ASSERT("XMC_DSD_GENERATOR_Init:Invalid module pointer", XMC_DSD_CHECK_MODULE_PTR(dsd));
 172:../Libraries/XMCLib/src/xmc_dsd.c ****   XMC_ASSERT("XMC_DSD_GENERATOR_Init:NULL Pointer", (config != (XMC_DSD_GENERATOR_CONFIG_t *)NULL) 
 173:../Libraries/XMCLib/src/xmc_dsd.c ****   /* Reset Generator */
 174:../Libraries/XMCLib/src/xmc_dsd.c ****   dsd ->CGCFG &= ~((uint32_t)DSD_CGCFG_CGMOD_Msk | (uint32_t)DSD_CGCFG_BREV_Msk | (uint32_t)DSD_CGC
 251              	 .loc 1 174 0
 252 0000 D0F8A030 	 ldr r3,[r0,#160]
 253 0004 23F0FF03 	 bic r3,r3,#255
 254 0008 C0F8A030 	 str r3,[r0,#160]
 175:../Libraries/XMCLib/src/xmc_dsd.c **** 
 176:../Libraries/XMCLib/src/xmc_dsd.c ****   /* Generator configuration */
 177:../Libraries/XMCLib/src/xmc_dsd.c ****   dsd ->CGCFG = config->generator_conf;
 255              	 .loc 1 177 0
 256 000c 0B68     	 ldr r3,[r1]
 257 000e C0F8A030 	 str r3,[r0,#160]
 258 0012 7047     	 bx lr
 259              	 .cfi_endproc
 260              	.LFE186:
 262              	 .section .text.XMC_DSD_CH_Init,"ax",%progbits
 263              	 .align 2
 264              	 .global XMC_DSD_CH_Init
 265              	 .thumb
 266              	 .thumb_func
 268              	XMC_DSD_CH_Init:
 269              	.LFB187:
 178:../Libraries/XMCLib/src/xmc_dsd.c **** }
 179:../Libraries/XMCLib/src/xmc_dsd.c **** 
 180:../Libraries/XMCLib/src/xmc_dsd.c **** /* Initialize main filter,auxiliary filter,integrator, rectifier and timestamp of DSD*/
 181:../Libraries/XMCLib/src/xmc_dsd.c **** XMC_DSD_STATUS_t XMC_DSD_CH_Init( XMC_DSD_CH_t *const channel, const XMC_DSD_CH_CONFIG_t *const con
 182:../Libraries/XMCLib/src/xmc_dsd.c **** {
 270              	 .loc 1 182 0
 271              	 .cfi_startproc
 272              	 
 273              	 
 274              	 
 275              	.LVL22:
 183:../Libraries/XMCLib/src/xmc_dsd.c ****   XMC_DSD_STATUS_t status;
 184:../Libraries/XMCLib/src/xmc_dsd.c **** 
 185:../Libraries/XMCLib/src/xmc_dsd.c ****   XMC_ASSERT("XMC_DSD_CH_Init:Invalid module pointer", XMC_DSD_CHECK_CHANNEL_PTR(channel));
 186:../Libraries/XMCLib/src/xmc_dsd.c ****   XMC_ASSERT("XMC_DSD_CH_Init:NULL Pointer", (config != (XMC_DSD_CH_CONFIG_t *)NULL) );
 187:../Libraries/XMCLib/src/xmc_dsd.c **** 
 188:../Libraries/XMCLib/src/xmc_dsd.c ****   if (config->filter != (XMC_DSD_CH_FILTER_CONFIG_t*)NULL)
 276              	 .loc 1 188 0
 277 0000 0B68     	 ldr r3,[r1]
 278 0002 002B     	 cmp r3,#0
 279 0004 59D0     	 beq .L21
 280              	.LVL23:
 281              	.LBB28:
 282              	.LBB29:
 189:../Libraries/XMCLib/src/xmc_dsd.c ****   {
 190:../Libraries/XMCLib/src/xmc_dsd.c ****     XMC_DSD_CH_MainFilter_Init(channel, config->filter);
 191:../Libraries/XMCLib/src/xmc_dsd.c **** 
 192:../Libraries/XMCLib/src/xmc_dsd.c ****     if (config->aux != (XMC_DSD_CH_AUX_FILTER_CONFIG_t*)NULL)
 193:../Libraries/XMCLib/src/xmc_dsd.c ****     {
 194:../Libraries/XMCLib/src/xmc_dsd.c ****       XMC_DSD_CH_AuxFilter_Init(channel, config->aux);
 195:../Libraries/XMCLib/src/xmc_dsd.c ****     }
 196:../Libraries/XMCLib/src/xmc_dsd.c ****     if (config->integrator != (XMC_DSD_CH_INTEGRATOR_CONFIG_t*)NULL)
 197:../Libraries/XMCLib/src/xmc_dsd.c ****     {
 198:../Libraries/XMCLib/src/xmc_dsd.c ****       XMC_DSD_CH_Integrator_Init(channel, config->integrator);
 199:../Libraries/XMCLib/src/xmc_dsd.c ****     }
 200:../Libraries/XMCLib/src/xmc_dsd.c ****     if (config->rectify != (XMC_DSD_CH_RECTIFY_CONFIG_t*)NULL)
 201:../Libraries/XMCLib/src/xmc_dsd.c ****     {
 202:../Libraries/XMCLib/src/xmc_dsd.c ****       XMC_DSD_CH_Rectify_Init(channel, config->rectify);
 203:../Libraries/XMCLib/src/xmc_dsd.c ****     }
 204:../Libraries/XMCLib/src/xmc_dsd.c ****     if (config->timestamp != (XMC_DSD_CH_TIMESTAMP_CONFIG_t*)NULL)
 205:../Libraries/XMCLib/src/xmc_dsd.c ****     {
 206:../Libraries/XMCLib/src/xmc_dsd.c ****       XMC_DSD_CH_Timestamp_Init(channel, config->timestamp);
 207:../Libraries/XMCLib/src/xmc_dsd.c ****     }
 208:../Libraries/XMCLib/src/xmc_dsd.c ****     status =  XMC_DSD_STATUS_OK;
 209:../Libraries/XMCLib/src/xmc_dsd.c ****   }
 210:../Libraries/XMCLib/src/xmc_dsd.c ****   else
 211:../Libraries/XMCLib/src/xmc_dsd.c ****   {
 212:../Libraries/XMCLib/src/xmc_dsd.c ****     status =  XMC_DSD_STATUS_ERROR;
 213:../Libraries/XMCLib/src/xmc_dsd.c ****   }
 214:../Libraries/XMCLib/src/xmc_dsd.c ****   return (status);
 215:../Libraries/XMCLib/src/xmc_dsd.c **** 
 216:../Libraries/XMCLib/src/xmc_dsd.c **** }
 217:../Libraries/XMCLib/src/xmc_dsd.c **** 
 218:../Libraries/XMCLib/src/xmc_dsd.c **** /* Initialize main filter of DSD */
 219:../Libraries/XMCLib/src/xmc_dsd.c **** void XMC_DSD_CH_MainFilter_Init(XMC_DSD_CH_t *const channel, const XMC_DSD_CH_FILTER_CONFIG_t *cons
 220:../Libraries/XMCLib/src/xmc_dsd.c **** {
 221:../Libraries/XMCLib/src/xmc_dsd.c ****   uint32_t decimation_factor_temp;
 222:../Libraries/XMCLib/src/xmc_dsd.c ****   uint32_t filter_start_value_temp;
 223:../Libraries/XMCLib/src/xmc_dsd.c **** 
 224:../Libraries/XMCLib/src/xmc_dsd.c ****   XMC_ASSERT("XMC_DSD_MAIN_FILTER_Init:Invalid module pointer", XMC_DSD_CHECK_CHANNEL_PTR(channel))
 225:../Libraries/XMCLib/src/xmc_dsd.c ****   XMC_ASSERT("XMC_DSD_MAIN_FILTER_Init:NULL Pointer", (config != (XMC_DSD_CH_FILTER_CONFIG_t *)NULL
 226:../Libraries/XMCLib/src/xmc_dsd.c ****   XMC_ASSERT("XMC_DSD_MAIN_FILTER_Init:Invalid Filter Start Value", (config->filter_start_value >= 
 227:../Libraries/XMCLib/src/xmc_dsd.c ****   XMC_ASSERT("XMC_DSD_MAIN_FILTER_Init:Invalid Filter Start Value", (config->filter_start_value <= 
 228:../Libraries/XMCLib/src/xmc_dsd.c ****   XMC_ASSERT("XMC_DSD_MAIN_FILTER_Init:Invalid Decimation Factor",
 229:../Libraries/XMCLib/src/xmc_dsd.c ****       ((config->decimation_factor >= XMC_DSD_MIN_DECIMATION_FACTOR) && (config->decimation_factor <
 230:../Libraries/XMCLib/src/xmc_dsd.c ****   XMC_ASSERT("XMC_DSD_MAIN_FILTER_Init:Invalid divider",(((uint32_t)config->clock_divider <= XMC_DS
 231:../Libraries/XMCLib/src/xmc_dsd.c **** 
 232:../Libraries/XMCLib/src/xmc_dsd.c ****   /*Set Channel frequency*/
 233:../Libraries/XMCLib/src/xmc_dsd.c ****   channel->MODCFG = ((uint32_t)config->clock_divider << DSD_CH_MODCFG_DIVM_Pos) | (uint32_t)DSD_CH_
 283              	 .loc 1 233 0
 284 0006 1A78     	 ldrb r2,[r3]
 285              	.LBE29:
 286              	.LBE28:
 182:../Libraries/XMCLib/src/xmc_dsd.c ****   XMC_DSD_STATUS_t status;
 287              	 .loc 1 182 0
 288 0008 F0B4     	 push {r4,r5,r6,r7}
 289              	.LCFI6:
 290              	 .cfi_def_cfa_offset 16
 291              	 .cfi_offset 4,-16
 292              	 .cfi_offset 5,-12
 293              	 .cfi_offset 6,-8
 294              	 .cfi_offset 7,-4
 295              	.LBB32:
 296              	.LBB30:
 297              	 .loc 1 233 0
 298 000a 02F00F02 	 and r2,r2,#15
 299 000e 1204     	 lsls r2,r2,#16
 300 0010 42F40002 	 orr r2,r2,#8388608
 234:../Libraries/XMCLib/src/xmc_dsd.c **** 
 235:../Libraries/XMCLib/src/xmc_dsd.c ****   /* Input Data/Clk */
 236:../Libraries/XMCLib/src/xmc_dsd.c ****   channel->DICFG = config->demodulator_conf | (uint32_t)DSD_CH_DICFG_DSWC_Msk | (uint32_t)DSD_CH_DI
 237:../Libraries/XMCLib/src/xmc_dsd.c **** 
 238:../Libraries/XMCLib/src/xmc_dsd.c ****   /*The decimation factor of the Main CIC filter is CFMDF + 1.*/
 239:../Libraries/XMCLib/src/xmc_dsd.c ****   decimation_factor_temp = config->decimation_factor-1U;
 301              	 .loc 1 239 0
 302 0014 DC68     	 ldr r4,[r3,#12]
 240:../Libraries/XMCLib/src/xmc_dsd.c ****   filter_start_value_temp = config->filter_start_value-1U;
 303              	 .loc 1 240 0
 304 0016 1F69     	 ldr r7,[r3,#16]
 241:../Libraries/XMCLib/src/xmc_dsd.c **** 
 242:../Libraries/XMCLib/src/xmc_dsd.c ****   /* Filter setup*/
 243:../Libraries/XMCLib/src/xmc_dsd.c ****   channel->FCFGC = (decimation_factor_temp |
 244:../Libraries/XMCLib/src/xmc_dsd.c **** 		  (filter_start_value_temp << (uint32_t)DSD_CH_FCFGC_CFMSV_Pos)|
 245:../Libraries/XMCLib/src/xmc_dsd.c **** 		  config->main_filter_conf|
 246:../Libraries/XMCLib/src/xmc_dsd.c **** 		  (uint32_t)DSD_CH_FCFGC_CFEN_Msk);
 247:../Libraries/XMCLib/src/xmc_dsd.c **** 
 248:../Libraries/XMCLib/src/xmc_dsd.c ****   /* Offset */
 249:../Libraries/XMCLib/src/xmc_dsd.c ****   channel->OFFM = (uint16_t)config->offset;
 305              	 .loc 1 249 0
 306 0018 5E88     	 ldrh r6,[r3,#2]
 307              	.LBE30:
 308              	.LBE32:
 192:../Libraries/XMCLib/src/xmc_dsd.c ****     {
 309              	 .loc 1 192 0
 310 001a CD68     	 ldr r5,[r1,#12]
 311              	.LBB33:
 312              	.LBB31:
 233:../Libraries/XMCLib/src/xmc_dsd.c **** 
 313              	 .loc 1 233 0
 314 001c 0260     	 str r2,[r0]
 236:../Libraries/XMCLib/src/xmc_dsd.c **** 
 315              	 .loc 1 236 0
 316 001e 5A68     	 ldr r2,[r3,#4]
 317 0020 42F00042 	 orr r2,r2,#-2147483648
 318 0024 42F08002 	 orr r2,r2,#128
 319 0028 8260     	 str r2,[r0,#8]
 320              	.LVL24:
 321 002a 9B68     	 ldr r3,[r3,#8]
 322              	.LVL25:
 239:../Libraries/XMCLib/src/xmc_dsd.c ****   filter_start_value_temp = config->filter_start_value-1U;
 323              	 .loc 1 239 0
 324 002c 013C     	 subs r4,r4,#1
 325 002e 43F48063 	 orr r3,r3,#1024
 326 0032 43EA0402 	 orr r2,r3,r4
 240:../Libraries/XMCLib/src/xmc_dsd.c **** 
 327              	 .loc 1 240 0
 328 0036 7B1E     	 subs r3,r7,#1
 245:../Libraries/XMCLib/src/xmc_dsd.c **** 		  (uint32_t)DSD_CH_FCFGC_CFEN_Msk);
 329              	 .loc 1 245 0
 330 0038 42EA0343 	 orr r3,r2,r3,lsl#16
 243:../Libraries/XMCLib/src/xmc_dsd.c **** 		  (filter_start_value_temp << (uint32_t)DSD_CH_FCFGC_CFMSV_Pos)|
 331              	 .loc 1 243 0
 332 003c 4361     	 str r3,[r0,#20]
 333              	.LVL26:
 334              	 .loc 1 249 0
 335 003e 8663     	 str r6,[r0,#56]
 336              	.LBE31:
 337              	.LBE33:
 192:../Libraries/XMCLib/src/xmc_dsd.c ****     {
 338              	 .loc 1 192 0
 339 0040 35B1     	 cbz r5,.L18
 340              	.LVL27:
 341              	.LBB34:
 342              	.LBB35:
 250:../Libraries/XMCLib/src/xmc_dsd.c **** }
 251:../Libraries/XMCLib/src/xmc_dsd.c **** 
 252:../Libraries/XMCLib/src/xmc_dsd.c **** /* Initialize timestamp mode of DSD */
 253:../Libraries/XMCLib/src/xmc_dsd.c **** void XMC_DSD_CH_Timestamp_Init(XMC_DSD_CH_t *const channel, const XMC_DSD_CH_TIMESTAMP_CONFIG_t *co
 254:../Libraries/XMCLib/src/xmc_dsd.c **** {
 255:../Libraries/XMCLib/src/xmc_dsd.c ****   uint32_t temp;
 256:../Libraries/XMCLib/src/xmc_dsd.c ****   XMC_ASSERT("XMC_DSD_MAIN_FILTER_Init:Invalid module pointer", XMC_DSD_CHECK_CHANNEL_PTR(channel))
 257:../Libraries/XMCLib/src/xmc_dsd.c ****   XMC_ASSERT("XMC_DSD_MAIN_FILTER_Init:NULL Pointer", (config != (XMC_DSD_CH_TIMESTAMP_CONFIG_t *)N
 258:../Libraries/XMCLib/src/xmc_dsd.c **** 
 259:../Libraries/XMCLib/src/xmc_dsd.c ****   temp = (channel->DICFG | (uint32_t)DSD_CH_DICFG_TRWC_Msk);
 260:../Libraries/XMCLib/src/xmc_dsd.c ****   temp &= ~((uint32_t)DSD_CH_DICFG_TSTRMODE_Msk|(uint32_t)DSD_CH_DICFG_TRSEL_Msk);
 261:../Libraries/XMCLib/src/xmc_dsd.c ****   temp |= config->timestamp_conf;
 262:../Libraries/XMCLib/src/xmc_dsd.c ****   channel->DICFG = temp;
 263:../Libraries/XMCLib/src/xmc_dsd.c **** }
 264:../Libraries/XMCLib/src/xmc_dsd.c **** 
 265:../Libraries/XMCLib/src/xmc_dsd.c **** /* Initialize auxiliary filter of DSD */
 266:../Libraries/XMCLib/src/xmc_dsd.c **** void XMC_DSD_CH_AuxFilter_Init(XMC_DSD_CH_t *const channel, const XMC_DSD_CH_AUX_FILTER_CONFIG_t *c
 267:../Libraries/XMCLib/src/xmc_dsd.c **** {
 268:../Libraries/XMCLib/src/xmc_dsd.c ****   uint32_t decimation_factor_temp;
 269:../Libraries/XMCLib/src/xmc_dsd.c **** 
 270:../Libraries/XMCLib/src/xmc_dsd.c ****   XMC_ASSERT("XMC_DSD_AUX_FILTER_Init:Invalid module pointer", XMC_DSD_CHECK_CHANNEL_PTR(channel));
 271:../Libraries/XMCLib/src/xmc_dsd.c ****   XMC_ASSERT("XMC_DSD_AUX_FILTER_Init:NULL Pointer", (config != (XMC_DSD_CH_AUX_FILTER_CONFIG_t *)N
 272:../Libraries/XMCLib/src/xmc_dsd.c ****   XMC_ASSERT("XMC_DSD_AUX_FILTER_Init:Invalid Decimation Factor",
 273:../Libraries/XMCLib/src/xmc_dsd.c ****       ((config->decimation_factor >= XMC_DSD_MIN_DECIMATION_FACTOR) && (config->decimation_factor <
 274:../Libraries/XMCLib/src/xmc_dsd.c **** 
 275:../Libraries/XMCLib/src/xmc_dsd.c ****   channel->BOUNDSEL = config->boundary_conf;
 343              	 .loc 1 275 0
 344 0042 6B68     	 ldr r3,[r5,#4]
 345 0044 8362     	 str r3,[r0,#40]
 346              	.LVL28:
 276:../Libraries/XMCLib/src/xmc_dsd.c ****   /*The decimation factor of the Aux CIC filter is CFMDF + 1.*/
 277:../Libraries/XMCLib/src/xmc_dsd.c ****   decimation_factor_temp = config->decimation_factor-1U;
 347              	 .loc 1 277 0
 348 0046 AB68     	 ldr r3,[r5,#8]
 278:../Libraries/XMCLib/src/xmc_dsd.c ****   channel->FCFGA = (decimation_factor_temp | config->aux_filter_conf);
 349              	 .loc 1 278 0
 350 0048 2A68     	 ldr r2,[r5]
 277:../Libraries/XMCLib/src/xmc_dsd.c ****   channel->FCFGA = (decimation_factor_temp | config->aux_filter_conf);
 351              	 .loc 1 277 0
 352 004a 013B     	 subs r3,r3,#1
 353              	.LVL29:
 354              	 .loc 1 278 0
 355 004c 1343     	 orrs r3,r3,r2
 356              	.LVL30:
 357 004e 8361     	 str r3,[r0,#24]
 358              	.LVL31:
 359              	.L18:
 360              	.LBE35:
 361              	.LBE34:
 196:../Libraries/XMCLib/src/xmc_dsd.c ****     {
 362              	 .loc 1 196 0
 363 0050 4D68     	 ldr r5,[r1,#4]
 364 0052 B5B1     	 cbz r5,.L19
 365              	.LVL32:
 366              	.LBB36:
 367              	.LBB37:
 279:../Libraries/XMCLib/src/xmc_dsd.c **** }
 280:../Libraries/XMCLib/src/xmc_dsd.c **** 
 281:../Libraries/XMCLib/src/xmc_dsd.c **** /* Integrator initialization of DSD */
 282:../Libraries/XMCLib/src/xmc_dsd.c **** void XMC_DSD_CH_Integrator_Init(XMC_DSD_CH_t *const channel, const XMC_DSD_CH_INTEGRATOR_CONFIG_t *
 283:../Libraries/XMCLib/src/xmc_dsd.c **** {
 284:../Libraries/XMCLib/src/xmc_dsd.c ****   uint32_t temp;
 285:../Libraries/XMCLib/src/xmc_dsd.c ****   XMC_ASSERT("XMC_DSD_INTEGRATOR_Init:Invalid module pointer", XMC_DSD_CHECK_CHANNEL_PTR(channel));
 286:../Libraries/XMCLib/src/xmc_dsd.c ****   XMC_ASSERT("XMC_DSD_INTEGRATOR_Init:NULL Pointer", (config != (XMC_DSD_CH_INTEGRATOR_CONFIG_t *)N
 287:../Libraries/XMCLib/src/xmc_dsd.c ****   XMC_ASSERT("XMC_DSD_INTEGRATOR_Init:Invalid integration_loop", (config->integration_loop > 0U ));
 288:../Libraries/XMCLib/src/xmc_dsd.c ****   XMC_ASSERT("XMC_DSD_INTEGRATOR_Init:Invalid counted_values", (config->counted_values > 0U ));
 289:../Libraries/XMCLib/src/xmc_dsd.c **** 
 290:../Libraries/XMCLib/src/xmc_dsd.c ****   channel->IWCTR = ((config->integration_loop - 1U) << DSD_CH_IWCTR_REPVAL_Pos)
 291:../Libraries/XMCLib/src/xmc_dsd.c ****                    | (config->discarded_values << DSD_CH_IWCTR_NVALDIS_Pos)
 368              	 .loc 1 291 0
 369 0054 AB68     	 ldr r3,[r5,#8]
 292:../Libraries/XMCLib/src/xmc_dsd.c ****                    | (config->stop_condition << DSD_CH_IWCTR_IWS_Pos)
 370              	 .loc 1 292 0
 371 0056 EA68     	 ldr r2,[r5,#12]
 290:../Libraries/XMCLib/src/xmc_dsd.c ****                    | (config->discarded_values << DSD_CH_IWCTR_NVALDIS_Pos)
 372              	 .loc 1 290 0
 373 0058 6F68     	 ldr r7,[r5,#4]
 293:../Libraries/XMCLib/src/xmc_dsd.c ****                    | ((config->counted_values - 1U) << DSD_CH_IWCTR_NVALINT_Pos);
 374              	 .loc 1 293 0
 375 005a 2E69     	 ldr r6,[r5,#16]
 291:../Libraries/XMCLib/src/xmc_dsd.c ****                    | (config->stop_condition << DSD_CH_IWCTR_IWS_Pos)
 376              	 .loc 1 291 0
 377 005c 1B04     	 lsls r3,r3,#16
 378 005e 43EAC254 	 orr r4,r3,r2,lsl#23
 290:../Libraries/XMCLib/src/xmc_dsd.c ****                    | (config->discarded_values << DSD_CH_IWCTR_NVALDIS_Pos)
 379              	 .loc 1 290 0
 380 0062 7B1E     	 subs r3,r7,#1
 292:../Libraries/XMCLib/src/xmc_dsd.c ****                    | ((config->counted_values - 1U) << DSD_CH_IWCTR_NVALINT_Pos);
 381              	 .loc 1 292 0
 382 0064 44EA0332 	 orr r2,r4,r3,lsl#12
 383              	 .loc 1 293 0
 384 0068 731E     	 subs r3,r6,#1
 385 006a 42EA0363 	 orr r3,r2,r3,lsl#24
 290:../Libraries/XMCLib/src/xmc_dsd.c ****                    | (config->discarded_values << DSD_CH_IWCTR_NVALDIS_Pos)
 386              	 .loc 1 290 0
 387 006e 0362     	 str r3,[r0,#32]
 294:../Libraries/XMCLib/src/xmc_dsd.c **** 
 295:../Libraries/XMCLib/src/xmc_dsd.c ****   /*To ensure proper operation, ensure that bit field ITRMODE is zero before selecting any other tr
 296:../Libraries/XMCLib/src/xmc_dsd.c ****   temp = (channel->DICFG & ~((uint32_t)DSD_CH_DICFG_ITRMODE_Msk|(uint32_t)DSD_CH_DICFG_TRSEL_Msk)) 
 388              	 .loc 1 296 0
 389 0070 8368     	 ldr r3,[r0,#8]
 390 0072 23F47343 	 bic r3,r3,#62208
 391 0076 43F40043 	 orr r3,r3,#32768
 392              	.LVL33:
 297:../Libraries/XMCLib/src/xmc_dsd.c **** 
 298:../Libraries/XMCLib/src/xmc_dsd.c ****   channel->DICFG = temp;
 393              	 .loc 1 298 0
 394 007a 8360     	 str r3,[r0,#8]
 299:../Libraries/XMCLib/src/xmc_dsd.c **** 
 300:../Libraries/XMCLib/src/xmc_dsd.c ****   temp |=  config->integrator_trigger;
 395              	 .loc 1 300 0
 396 007c 2A68     	 ldr r2,[r5]
 397 007e 1343     	 orrs r3,r3,r2
 398              	.LVL34:
 301:../Libraries/XMCLib/src/xmc_dsd.c ****   channel->DICFG = temp;
 399              	 .loc 1 301 0
 400 0080 8360     	 str r3,[r0,#8]
 401              	.LVL35:
 402              	.L19:
 403              	.LBE37:
 404              	.LBE36:
 200:../Libraries/XMCLib/src/xmc_dsd.c ****     {
 405              	 .loc 1 200 0
 406 0082 0B69     	 ldr r3,[r1,#16]
 407 0084 63B1     	 cbz r3,.L20
 408              	.LVL36:
 409              	.LBB38:
 410              	.LBB39:
 302:../Libraries/XMCLib/src/xmc_dsd.c **** }
 303:../Libraries/XMCLib/src/xmc_dsd.c **** 
 304:../Libraries/XMCLib/src/xmc_dsd.c **** /* Rectifier initialization of DSD */
 305:../Libraries/XMCLib/src/xmc_dsd.c **** void XMC_DSD_CH_Rectify_Init(XMC_DSD_CH_t *const channel, const XMC_DSD_CH_RECTIFY_CONFIG_t *const 
 306:../Libraries/XMCLib/src/xmc_dsd.c **** {
 307:../Libraries/XMCLib/src/xmc_dsd.c ****   XMC_ASSERT("XMC_DSD_RECTIFY_Init:Invalid module pointer", XMC_DSD_CHECK_CHANNEL_PTR(channel));
 308:../Libraries/XMCLib/src/xmc_dsd.c ****   XMC_ASSERT("XMC_DSD_RECTIFY_Init:NULL Pointer", (config != (XMC_DSD_CH_RECTIFY_CONFIG_t *)NULL));
 309:../Libraries/XMCLib/src/xmc_dsd.c ****   XMC_ASSERT("XMC_DSD_RECTIFY_Init:NULL Pointer", (((uint16_t)config->delay + (uint16_t)config->hal
 310:../Libraries/XMCLib/src/xmc_dsd.c **** 
 311:../Libraries/XMCLib/src/xmc_dsd.c ****   channel->RECTCFG = config->rectify_config | (uint32_t)DSD_CH_RECTCFG_RFEN_Msk;
 411              	 .loc 1 311 0
 412 0086 1A68     	 ldr r2,[r3]
 413 0088 42F00102 	 orr r2,r2,#1
 414 008c C0F8A820 	 str r2,[r0,#168]
 312:../Libraries/XMCLib/src/xmc_dsd.c ****   channel->CGSYNC = (((uint32_t) config->delay << (uint32_t)DSD_CH_CGSYNC_SDPOS_Pos)
 415              	 .loc 1 312 0
 416 0090 1A79     	 ldrb r2,[r3,#4]
 313:../Libraries/XMCLib/src/xmc_dsd.c ****                       | (((uint32_t)config->delay + (uint32_t)config->half_cycle) << (uint32_t)DSD_
 417              	 .loc 1 313 0
 418 0092 5C79     	 ldrb r4,[r3,#5]
 312:../Libraries/XMCLib/src/xmc_dsd.c ****   channel->CGSYNC = (((uint32_t) config->delay << (uint32_t)DSD_CH_CGSYNC_SDPOS_Pos)
 419              	 .loc 1 312 0
 420 0094 1304     	 lsls r3,r2,#16
 421              	.LVL37:
 422              	 .loc 1 313 0
 423 0096 2244     	 add r2,r2,r4
 424 0098 43EA0262 	 orr r2,r3,r2,lsl#24
 312:../Libraries/XMCLib/src/xmc_dsd.c ****   channel->CGSYNC = (((uint32_t) config->delay << (uint32_t)DSD_CH_CGSYNC_SDPOS_Pos)
 425              	 .loc 1 312 0
 426 009c C0F8A020 	 str r2,[r0,#160]
 427              	.LVL38:
 428              	.L20:
 429              	.LBE39:
 430              	.LBE38:
 204:../Libraries/XMCLib/src/xmc_dsd.c ****     {
 431              	 .loc 1 204 0
 432 00a0 8B68     	 ldr r3,[r1,#8]
 433 00a2 63B1     	 cbz r3,.L22
 434              	.LVL39:
 435 00a4 1A68     	 ldr r2,[r3]
 436              	.LBB40:
 437              	.LBB41:
 259:../Libraries/XMCLib/src/xmc_dsd.c ****   temp &= ~((uint32_t)DSD_CH_DICFG_TSTRMODE_Msk|(uint32_t)DSD_CH_DICFG_TRSEL_Msk);
 438              	 .loc 1 259 0
 439 00a6 8368     	 ldr r3,[r0,#8]
 440              	.LVL40:
 441 00a8 42F40042 	 orr r2,r2,#32768
 260:../Libraries/XMCLib/src/xmc_dsd.c ****   temp |= config->timestamp_conf;
 442              	 .loc 1 260 0
 443 00ac 23F4F843 	 bic r3,r3,#31744
 444              	.LVL41:
 261:../Libraries/XMCLib/src/xmc_dsd.c ****   channel->DICFG = temp;
 445              	 .loc 1 261 0
 446 00b0 1343     	 orrs r3,r3,r2
 447              	.LVL42:
 262:../Libraries/XMCLib/src/xmc_dsd.c **** }
 448              	 .loc 1 262 0
 449 00b2 8360     	 str r3,[r0,#8]
 450              	.LBE41:
 451              	.LBE40:
 208:../Libraries/XMCLib/src/xmc_dsd.c ****   }
 452              	 .loc 1 208 0
 453 00b4 0020     	 movs r0,#0
 454              	.LVL43:
 455              	.L17:
 216:../Libraries/XMCLib/src/xmc_dsd.c **** 
 456              	 .loc 1 216 0
 457 00b6 F0BC     	 pop {r4,r5,r6,r7}
 458              	.LCFI7:
 459              	 .cfi_restore 7
 460              	 .cfi_restore 6
 461              	 .cfi_restore 5
 462              	 .cfi_restore 4
 463              	 .cfi_def_cfa_offset 0
 464 00b8 7047     	 bx lr
 465              	.LVL44:
 466              	.L21:
 212:../Libraries/XMCLib/src/xmc_dsd.c ****   }
 467              	 .loc 1 212 0
 468 00ba 0120     	 movs r0,#1
 469              	.LVL45:
 216:../Libraries/XMCLib/src/xmc_dsd.c **** 
 470              	 .loc 1 216 0
 471 00bc 7047     	 bx lr
 472              	.LVL46:
 473              	.L22:
 474              	.LCFI8:
 475              	 .cfi_def_cfa_offset 16
 476              	 .cfi_offset 4,-16
 477              	 .cfi_offset 5,-12
 478              	 .cfi_offset 6,-8
 479              	 .cfi_offset 7,-4
 208:../Libraries/XMCLib/src/xmc_dsd.c ****   }
 480              	 .loc 1 208 0
 481 00be 1846     	 mov r0,r3
 482              	.LVL47:
 483 00c0 F9E7     	 b .L17
 484              	 .cfi_endproc
 485              	.LFE187:
 487 00c2 00BF     	 .section .text.XMC_DSD_CH_MainFilter_Init,"ax",%progbits
 488              	 .align 2
 489              	 .global XMC_DSD_CH_MainFilter_Init
 490              	 .thumb
 491              	 .thumb_func
 493              	XMC_DSD_CH_MainFilter_Init:
 494              	.LFB188:
 220:../Libraries/XMCLib/src/xmc_dsd.c ****   uint32_t decimation_factor_temp;
 495              	 .loc 1 220 0
 496              	 .cfi_startproc
 497              	 
 498              	 
 499              	 
 500              	.LVL48:
 501 0000 30B4     	 push {r4,r5}
 502              	.LCFI9:
 503              	 .cfi_def_cfa_offset 8
 504              	 .cfi_offset 4,-8
 505              	 .cfi_offset 5,-4
 233:../Libraries/XMCLib/src/xmc_dsd.c **** 
 506              	 .loc 1 233 0
 507 0002 0C78     	 ldrb r4,[r1]
 239:../Libraries/XMCLib/src/xmc_dsd.c ****   filter_start_value_temp = config->filter_start_value-1U;
 508              	 .loc 1 239 0
 509 0004 CA68     	 ldr r2,[r1,#12]
 240:../Libraries/XMCLib/src/xmc_dsd.c **** 
 510              	 .loc 1 240 0
 511 0006 0B69     	 ldr r3,[r1,#16]
 249:../Libraries/XMCLib/src/xmc_dsd.c **** }
 512              	 .loc 1 249 0
 513 0008 4D88     	 ldrh r5,[r1,#2]
 233:../Libraries/XMCLib/src/xmc_dsd.c **** 
 514              	 .loc 1 233 0
 515 000a 04F00F04 	 and r4,r4,#15
 516 000e 2404     	 lsls r4,r4,#16
 517 0010 44F40004 	 orr r4,r4,#8388608
 518 0014 0460     	 str r4,[r0]
 236:../Libraries/XMCLib/src/xmc_dsd.c **** 
 519              	 .loc 1 236 0
 520 0016 4C68     	 ldr r4,[r1,#4]
 521 0018 44F00044 	 orr r4,r4,#-2147483648
 522 001c 44F08004 	 orr r4,r4,#128
 523 0020 8460     	 str r4,[r0,#8]
 524              	.LVL49:
 525 0022 8C68     	 ldr r4,[r1,#8]
 239:../Libraries/XMCLib/src/xmc_dsd.c ****   filter_start_value_temp = config->filter_start_value-1U;
 526              	 .loc 1 239 0
 527 0024 511E     	 subs r1,r2,#1
 528              	.LVL50:
 529 0026 44F48062 	 orr r2,r4,#1024
 530 002a 0A43     	 orrs r2,r2,r1
 240:../Libraries/XMCLib/src/xmc_dsd.c **** 
 531              	 .loc 1 240 0
 532 002c 013B     	 subs r3,r3,#1
 245:../Libraries/XMCLib/src/xmc_dsd.c **** 		  (uint32_t)DSD_CH_FCFGC_CFEN_Msk);
 533              	 .loc 1 245 0
 534 002e 42EA0343 	 orr r3,r2,r3,lsl#16
 243:../Libraries/XMCLib/src/xmc_dsd.c **** 		  (filter_start_value_temp << (uint32_t)DSD_CH_FCFGC_CFMSV_Pos)|
 535              	 .loc 1 243 0
 536 0032 4361     	 str r3,[r0,#20]
 537              	.LVL51:
 249:../Libraries/XMCLib/src/xmc_dsd.c **** }
 538              	 .loc 1 249 0
 539 0034 8563     	 str r5,[r0,#56]
 250:../Libraries/XMCLib/src/xmc_dsd.c **** 
 540              	 .loc 1 250 0
 541 0036 30BC     	 pop {r4,r5}
 542              	.LCFI10:
 543              	 .cfi_restore 5
 544              	 .cfi_restore 4
 545              	 .cfi_def_cfa_offset 0
 546 0038 7047     	 bx lr
 547              	 .cfi_endproc
 548              	.LFE188:
 550 003a 00BF     	 .section .text.XMC_DSD_CH_Timestamp_Init,"ax",%progbits
 551              	 .align 2
 552              	 .global XMC_DSD_CH_Timestamp_Init
 553              	 .thumb
 554              	 .thumb_func
 556              	XMC_DSD_CH_Timestamp_Init:
 557              	.LFB189:
 254:../Libraries/XMCLib/src/xmc_dsd.c ****   uint32_t temp;
 558              	 .loc 1 254 0
 559              	 .cfi_startproc
 560              	 
 561              	 
 562              	 
 563              	.LVL52:
 564 0000 0A68     	 ldr r2,[r1]
 259:../Libraries/XMCLib/src/xmc_dsd.c ****   temp &= ~((uint32_t)DSD_CH_DICFG_TSTRMODE_Msk|(uint32_t)DSD_CH_DICFG_TRSEL_Msk);
 565              	 .loc 1 259 0
 566 0002 8368     	 ldr r3,[r0,#8]
 567              	.LVL53:
 568 0004 42F40042 	 orr r2,r2,#32768
 260:../Libraries/XMCLib/src/xmc_dsd.c ****   temp |= config->timestamp_conf;
 569              	 .loc 1 260 0
 570 0008 23F4F843 	 bic r3,r3,#31744
 571              	.LVL54:
 261:../Libraries/XMCLib/src/xmc_dsd.c ****   channel->DICFG = temp;
 572              	 .loc 1 261 0
 573 000c 1343     	 orrs r3,r3,r2
 574              	.LVL55:
 262:../Libraries/XMCLib/src/xmc_dsd.c **** }
 575              	 .loc 1 262 0
 576 000e 8360     	 str r3,[r0,#8]
 577 0010 7047     	 bx lr
 578              	 .cfi_endproc
 579              	.LFE189:
 581 0012 00BF     	 .section .text.XMC_DSD_CH_AuxFilter_Init,"ax",%progbits
 582              	 .align 2
 583              	 .global XMC_DSD_CH_AuxFilter_Init
 584              	 .thumb
 585              	 .thumb_func
 587              	XMC_DSD_CH_AuxFilter_Init:
 588              	.LFB190:
 267:../Libraries/XMCLib/src/xmc_dsd.c ****   uint32_t decimation_factor_temp;
 589              	 .loc 1 267 0
 590              	 .cfi_startproc
 591              	 
 592              	 
 593              	 
 594              	.LVL56:
 275:../Libraries/XMCLib/src/xmc_dsd.c ****   /*The decimation factor of the Aux CIC filter is CFMDF + 1.*/
 595              	 .loc 1 275 0
 596 0000 4B68     	 ldr r3,[r1,#4]
 597 0002 8362     	 str r3,[r0,#40]
 598              	.LVL57:
 277:../Libraries/XMCLib/src/xmc_dsd.c ****   channel->FCFGA = (decimation_factor_temp | config->aux_filter_conf);
 599              	 .loc 1 277 0
 600 0004 8B68     	 ldr r3,[r1,#8]
 278:../Libraries/XMCLib/src/xmc_dsd.c **** }
 601              	 .loc 1 278 0
 602 0006 0A68     	 ldr r2,[r1]
 277:../Libraries/XMCLib/src/xmc_dsd.c ****   channel->FCFGA = (decimation_factor_temp | config->aux_filter_conf);
 603              	 .loc 1 277 0
 604 0008 013B     	 subs r3,r3,#1
 605              	.LVL58:
 278:../Libraries/XMCLib/src/xmc_dsd.c **** }
 606              	 .loc 1 278 0
 607 000a 1343     	 orrs r3,r3,r2
 608              	.LVL59:
 609 000c 8361     	 str r3,[r0,#24]
 610              	.LVL60:
 611 000e 7047     	 bx lr
 612              	 .cfi_endproc
 613              	.LFE190:
 615              	 .section .text.XMC_DSD_CH_Integrator_Init,"ax",%progbits
 616              	 .align 2
 617              	 .global XMC_DSD_CH_Integrator_Init
 618              	 .thumb
 619              	 .thumb_func
 621              	XMC_DSD_CH_Integrator_Init:
 622              	.LFB191:
 283:../Libraries/XMCLib/src/xmc_dsd.c ****   uint32_t temp;
 623              	 .loc 1 283 0
 624              	 .cfi_startproc
 625              	 
 626              	 
 627              	 
 628              	.LVL61:
 291:../Libraries/XMCLib/src/xmc_dsd.c ****                    | (config->stop_condition << DSD_CH_IWCTR_IWS_Pos)
 629              	 .loc 1 291 0
 630 0000 8B68     	 ldr r3,[r1,#8]
 292:../Libraries/XMCLib/src/xmc_dsd.c ****                    | ((config->counted_values - 1U) << DSD_CH_IWCTR_NVALINT_Pos);
 631              	 .loc 1 292 0
 632 0002 CA68     	 ldr r2,[r1,#12]
 283:../Libraries/XMCLib/src/xmc_dsd.c ****   uint32_t temp;
 633              	 .loc 1 283 0
 634 0004 70B4     	 push {r4,r5,r6}
 635              	.LCFI11:
 636              	 .cfi_def_cfa_offset 12
 637              	 .cfi_offset 4,-12
 638              	 .cfi_offset 5,-8
 639              	 .cfi_offset 6,-4
 290:../Libraries/XMCLib/src/xmc_dsd.c ****                    | (config->discarded_values << DSD_CH_IWCTR_NVALDIS_Pos)
 640              	 .loc 1 290 0
 641 0006 4E68     	 ldr r6,[r1,#4]
 293:../Libraries/XMCLib/src/xmc_dsd.c **** 
 642              	 .loc 1 293 0
 643 0008 0D69     	 ldr r5,[r1,#16]
 291:../Libraries/XMCLib/src/xmc_dsd.c ****                    | (config->stop_condition << DSD_CH_IWCTR_IWS_Pos)
 644              	 .loc 1 291 0
 645 000a 1B04     	 lsls r3,r3,#16
 646 000c 43EAC254 	 orr r4,r3,r2,lsl#23
 290:../Libraries/XMCLib/src/xmc_dsd.c ****                    | (config->discarded_values << DSD_CH_IWCTR_NVALDIS_Pos)
 647              	 .loc 1 290 0
 648 0010 731E     	 subs r3,r6,#1
 292:../Libraries/XMCLib/src/xmc_dsd.c ****                    | ((config->counted_values - 1U) << DSD_CH_IWCTR_NVALINT_Pos);
 649              	 .loc 1 292 0
 650 0012 44EA0332 	 orr r2,r4,r3,lsl#12
 293:../Libraries/XMCLib/src/xmc_dsd.c **** 
 651              	 .loc 1 293 0
 652 0016 6B1E     	 subs r3,r5,#1
 653 0018 42EA0363 	 orr r3,r2,r3,lsl#24
 290:../Libraries/XMCLib/src/xmc_dsd.c ****                    | (config->discarded_values << DSD_CH_IWCTR_NVALDIS_Pos)
 654              	 .loc 1 290 0
 655 001c 0362     	 str r3,[r0,#32]
 296:../Libraries/XMCLib/src/xmc_dsd.c **** 
 656              	 .loc 1 296 0
 657 001e 8368     	 ldr r3,[r0,#8]
 658 0020 23F47343 	 bic r3,r3,#62208
 659 0024 43F40043 	 orr r3,r3,#32768
 660              	.LVL62:
 298:../Libraries/XMCLib/src/xmc_dsd.c **** 
 661              	 .loc 1 298 0
 662 0028 8360     	 str r3,[r0,#8]
 300:../Libraries/XMCLib/src/xmc_dsd.c ****   channel->DICFG = temp;
 663              	 .loc 1 300 0
 664 002a 0A68     	 ldr r2,[r1]
 665 002c 1343     	 orrs r3,r3,r2
 666              	.LVL63:
 301:../Libraries/XMCLib/src/xmc_dsd.c **** }
 667              	 .loc 1 301 0
 668 002e 8360     	 str r3,[r0,#8]
 302:../Libraries/XMCLib/src/xmc_dsd.c **** 
 669              	 .loc 1 302 0
 670 0030 70BC     	 pop {r4,r5,r6}
 671              	.LCFI12:
 672              	 .cfi_restore 6
 673              	 .cfi_restore 5
 674              	 .cfi_restore 4
 675              	 .cfi_def_cfa_offset 0
 676 0032 7047     	 bx lr
 677              	 .cfi_endproc
 678              	.LFE191:
 680              	 .section .text.XMC_DSD_CH_Rectify_Init,"ax",%progbits
 681              	 .align 2
 682              	 .global XMC_DSD_CH_Rectify_Init
 683              	 .thumb
 684              	 .thumb_func
 686              	XMC_DSD_CH_Rectify_Init:
 687              	.LFB192:
 306:../Libraries/XMCLib/src/xmc_dsd.c ****   XMC_ASSERT("XMC_DSD_RECTIFY_Init:Invalid module pointer", XMC_DSD_CHECK_CHANNEL_PTR(channel));
 688              	 .loc 1 306 0
 689              	 .cfi_startproc
 690              	 
 691              	 
 692              	 
 693              	.LVL64:
 311:../Libraries/XMCLib/src/xmc_dsd.c ****   channel->CGSYNC = (((uint32_t) config->delay << (uint32_t)DSD_CH_CGSYNC_SDPOS_Pos)
 694              	 .loc 1 311 0
 695 0000 0B68     	 ldr r3,[r1]
 696 0002 43F00103 	 orr r3,r3,#1
 697 0006 C0F8A830 	 str r3,[r0,#168]
 312:../Libraries/XMCLib/src/xmc_dsd.c ****                       | (((uint32_t)config->delay + (uint32_t)config->half_cycle) << (uint32_t)DSD_
 698              	 .loc 1 312 0
 699 000a 0B79     	 ldrb r3,[r1,#4]
 700              	 .loc 1 313 0
 701 000c 4979     	 ldrb r1,[r1,#5]
 702              	.LVL65:
 312:../Libraries/XMCLib/src/xmc_dsd.c ****                       | (((uint32_t)config->delay + (uint32_t)config->half_cycle) << (uint32_t)DSD_
 703              	 .loc 1 312 0
 704 000e 1A04     	 lsls r2,r3,#16
 705              	 .loc 1 313 0
 706 0010 0B44     	 add r3,r3,r1
 707 0012 42EA0363 	 orr r3,r2,r3,lsl#24
 312:../Libraries/XMCLib/src/xmc_dsd.c ****                       | (((uint32_t)config->delay + (uint32_t)config->half_cycle) << (uint32_t)DSD_
 708              	 .loc 1 312 0
 709 0016 C0F8A030 	 str r3,[r0,#160]
 710 001a 7047     	 bx lr
 711              	 .cfi_endproc
 712              	.LFE192:
 714              	 .section .text.XMC_DSD_CH_GetResult_TS,"ax",%progbits
 715              	 .align 2
 716              	 .global XMC_DSD_CH_GetResult_TS
 717              	 .thumb
 718              	 .thumb_func
 720              	XMC_DSD_CH_GetResult_TS:
 721              	.LFB193:
 314:../Libraries/XMCLib/src/xmc_dsd.c **** }
 315:../Libraries/XMCLib/src/xmc_dsd.c **** 
 316:../Libraries/XMCLib/src/xmc_dsd.c **** /* API to get the result of the last conversion */
 317:../Libraries/XMCLib/src/xmc_dsd.c **** void XMC_DSD_CH_GetResult_TS(XMC_DSD_CH_t* const channel,
 318:../Libraries/XMCLib/src/xmc_dsd.c ****                              int16_t* dsd_result,
 319:../Libraries/XMCLib/src/xmc_dsd.c ****                              uint8_t* dsd_filter_count,
 320:../Libraries/XMCLib/src/xmc_dsd.c ****                              uint8_t* dsd_integration_count)
 321:../Libraries/XMCLib/src/xmc_dsd.c **** {
 722              	 .loc 1 321 0
 723              	 .cfi_startproc
 724              	 
 725              	 
 726              	 
 727              	.LVL66:
 322:../Libraries/XMCLib/src/xmc_dsd.c ****   uint32_t timestamp;
 323:../Libraries/XMCLib/src/xmc_dsd.c ****   uint16_t result;
 324:../Libraries/XMCLib/src/xmc_dsd.c **** 
 325:../Libraries/XMCLib/src/xmc_dsd.c ****   timestamp = channel->TSTMP;
 728              	 .loc 1 325 0
 729 0000 006D     	 ldr r0,[r0,#80]
 730              	.LVL67:
 326:../Libraries/XMCLib/src/xmc_dsd.c ****   result = (uint16_t)((uint32_t)timestamp & DSD_CH_TSTMP_RESULT_Msk);
 327:../Libraries/XMCLib/src/xmc_dsd.c ****   *dsd_result = (int16_t)(result);
 731              	 .loc 1 327 0
 732 0002 0880     	 strh r0,[r1]
 328:../Libraries/XMCLib/src/xmc_dsd.c ****   *dsd_filter_count = (uint8_t) ((timestamp & (uint32_t)DSD_CH_TSTMP_CFMDCNT_Msk)>>(uint32_t)DSD_CH
 733              	 .loc 1 328 0
 734 0004 C0F30741 	 ubfx r1,r0,#16,#8
 735              	.LVL68:
 329:../Libraries/XMCLib/src/xmc_dsd.c ****   *dsd_integration_count = (uint8_t) ((timestamp & (uint32_t)DSD_CH_TSTMP_NVALCNT_Msk)>>(uint32_t)D
 736              	 .loc 1 329 0
 737 0008 C0F30560 	 ubfx r0,r0,#24,#6
 738              	.LVL69:
 328:../Libraries/XMCLib/src/xmc_dsd.c ****   *dsd_filter_count = (uint8_t) ((timestamp & (uint32_t)DSD_CH_TSTMP_CFMDCNT_Msk)>>(uint32_t)DSD_CH
 739              	 .loc 1 328 0
 740 000c 1170     	 strb r1,[r2]
 741              	.LVL70:
 742              	 .loc 1 329 0
 743 000e 1870     	 strb r0,[r3]
 744 0010 7047     	 bx lr
 745              	 .cfi_endproc
 746              	.LFE193:
 748 0012 00BF     	 .section .text.XMC_DSD_CH_GetResult_TS_Time,"ax",%progbits
 749              	 .align 2
 750              	 .global XMC_DSD_CH_GetResult_TS_Time
 751              	 .thumb
 752              	 .thumb_func
 754              	XMC_DSD_CH_GetResult_TS_Time:
 755              	.LFB194:
 330:../Libraries/XMCLib/src/xmc_dsd.c **** }
 331:../Libraries/XMCLib/src/xmc_dsd.c **** 
 332:../Libraries/XMCLib/src/xmc_dsd.c **** /* API to get the result of the last conversion with the time */
 333:../Libraries/XMCLib/src/xmc_dsd.c **** void XMC_DSD_CH_GetResult_TS_Time(XMC_DSD_CH_t* const channel, int16_t* dsd_Result, uint32_t* time)
 334:../Libraries/XMCLib/src/xmc_dsd.c **** {
 756              	 .loc 1 334 0
 757              	 .cfi_startproc
 758              	 
 759              	 
 760              	 
 761              	.LVL71:
 762 0000 30B4     	 push {r4,r5}
 763              	.LCFI13:
 764              	 .cfi_def_cfa_offset 8
 765              	 .cfi_offset 4,-8
 766              	 .cfi_offset 5,-4
 335:../Libraries/XMCLib/src/xmc_dsd.c ****   uint32_t timestamp;
 336:../Libraries/XMCLib/src/xmc_dsd.c ****   uint16_t filter_count;
 337:../Libraries/XMCLib/src/xmc_dsd.c ****   uint16_t integrator_count;
 338:../Libraries/XMCLib/src/xmc_dsd.c ****   uint16_t decimation;
 339:../Libraries/XMCLib/src/xmc_dsd.c ****   uint16_t result;
 340:../Libraries/XMCLib/src/xmc_dsd.c **** 
 341:../Libraries/XMCLib/src/xmc_dsd.c ****   timestamp = channel->TSTMP;
 767              	 .loc 1 341 0
 768 0002 046D     	 ldr r4,[r0,#80]
 769              	.LVL72:
 342:../Libraries/XMCLib/src/xmc_dsd.c ****   decimation = (uint16_t)(channel->FCFGC & DSD_CH_FCFGC_CFMDF_Msk);
 770              	 .loc 1 342 0
 771 0004 4369     	 ldr r3,[r0,#20]
 343:../Libraries/XMCLib/src/xmc_dsd.c ****   filter_count = (uint16_t)((timestamp & DSD_CH_TSTMP_CFMDCNT_Msk)>>DSD_CH_TSTMP_CFMDCNT_Pos);
 344:../Libraries/XMCLib/src/xmc_dsd.c **** 
 345:../Libraries/XMCLib/src/xmc_dsd.c ****   /* Integration enabled? */
 346:../Libraries/XMCLib/src/xmc_dsd.c ****   if ((channel->IWCTR & DSD_CH_IWCTR_INTEN_Msk))
 772              	 .loc 1 346 0
 773 0006 006A     	 ldr r0,[r0,#32]
 774              	.LVL73:
 775 0008 0006     	 lsls r0,r0,#24
 343:../Libraries/XMCLib/src/xmc_dsd.c ****   filter_count = (uint16_t)((timestamp & DSD_CH_TSTMP_CFMDCNT_Msk)>>DSD_CH_TSTMP_CFMDCNT_Pos);
 776              	 .loc 1 343 0
 777 000a C4F30745 	 ubfx r5,r4,#16,#8
 342:../Libraries/XMCLib/src/xmc_dsd.c ****   decimation = (uint16_t)(channel->FCFGC & DSD_CH_FCFGC_CFMDF_Msk);
 778              	 .loc 1 342 0
 779 000e DBB2     	 uxtb r3,r3
 780              	.LVL74:
 781              	 .loc 1 346 0
 782 0010 0CD5     	 bpl .L42
 347:../Libraries/XMCLib/src/xmc_dsd.c ****   {
 348:../Libraries/XMCLib/src/xmc_dsd.c ****     integrator_count = (uint16_t) ((timestamp & DSD_CH_TSTMP_NVALCNT_Msk)>>DSD_CH_TSTMP_NVALCNT_Pos
 783              	 .loc 1 348 0
 784 0012 C4F30560 	 ubfx r0,r4,#24,#6
 785              	.LVL75:
 349:../Libraries/XMCLib/src/xmc_dsd.c **** 
 350:../Libraries/XMCLib/src/xmc_dsd.c ****     /*See Errata number: xxyy */
 351:../Libraries/XMCLib/src/xmc_dsd.c ****     if (filter_count == decimation)
 786              	 .loc 1 351 0
 787 0016 9D42     	 cmp r5,r3
 352:../Libraries/XMCLib/src/xmc_dsd.c ****     {
 353:../Libraries/XMCLib/src/xmc_dsd.c ****       integrator_count++;
 788              	 .loc 1 353 0
 789 0018 08BF     	 it eq
 790 001a 0130     	 addeq r0,r0,#1
 791              	.LVL76:
 354:../Libraries/XMCLib/src/xmc_dsd.c ****     }
 355:../Libraries/XMCLib/src/xmc_dsd.c ****     *time = (uint32_t)(((uint32_t) integrator_count * ((uint32_t) decimation + 1U)) + (uint32_t) ((
 792              	 .loc 1 355 0
 793 001c 5D1B     	 subs r5,r3,r5
 794              	.LVL77:
 795 001e 03FB0000 	 mla r0,r3,r0,r0
 796              	.LVL78:
 797 0022 2B18     	 adds r3,r5,r0
 798              	.LVL79:
 799 0024 1360     	 str r3,[r2]
 800              	.LVL80:
 356:../Libraries/XMCLib/src/xmc_dsd.c ****   }
 357:../Libraries/XMCLib/src/xmc_dsd.c ****   else
 358:../Libraries/XMCLib/src/xmc_dsd.c ****   {
 359:../Libraries/XMCLib/src/xmc_dsd.c ****     *time = (uint32_t) ((uint32_t)decimation - filter_count);
 360:../Libraries/XMCLib/src/xmc_dsd.c ****   }
 361:../Libraries/XMCLib/src/xmc_dsd.c ****   result = (uint16_t)((uint32_t)timestamp & DSD_CH_TSTMP_RESULT_Msk);
 362:../Libraries/XMCLib/src/xmc_dsd.c ****   *dsd_Result = (int16_t)(result);
 801              	 .loc 1 362 0
 802 0026 0C80     	 strh r4,[r1]
 363:../Libraries/XMCLib/src/xmc_dsd.c **** }
 803              	 .loc 1 363 0
 804 0028 30BC     	 pop {r4,r5}
 805              	.LCFI14:
 806              	 .cfi_remember_state
 807              	 .cfi_restore 5
 808              	 .cfi_restore 4
 809              	 .cfi_def_cfa_offset 0
 810              	.LVL81:
 811 002a 7047     	 bx lr
 812              	.LVL82:
 813              	.L42:
 814              	.LCFI15:
 815              	 .cfi_restore_state
 359:../Libraries/XMCLib/src/xmc_dsd.c ****   }
 816              	 .loc 1 359 0
 817 002c 5B1B     	 subs r3,r3,r5
 818              	.LVL83:
 819 002e 1360     	 str r3,[r2]
 820              	.LVL84:
 362:../Libraries/XMCLib/src/xmc_dsd.c **** }
 821              	 .loc 1 362 0
 822 0030 0C80     	 strh r4,[r1]
 823              	 .loc 1 363 0
 824 0032 30BC     	 pop {r4,r5}
 825              	.LCFI16:
 826              	 .cfi_restore 4
 827              	 .cfi_restore 5
 828              	 .cfi_def_cfa_offset 0
 829              	.LVL85:
 830 0034 7047     	 bx lr
 831              	 .cfi_endproc
 832              	.LFE194:
 834 0036 00BF     	 .text
 835              	.Letext0:
 836              	 .file 2 "c:\\infineon\\tools\\dave ide\\4.5.0.202105191637\\eclipse\\arm-gcc-49\\arm-none-eabi\\include\\machine\\_default_types.h"
 837              	 .file 3 "c:\\infineon\\tools\\dave ide\\4.5.0.202105191637\\eclipse\\arm-gcc-49\\arm-none-eabi\\include\\stdint.h"
 838              	 .file 4 "C:/Users/Utente/Desktop/Tesi/Firmware_Software/DAVE project/S2GLP_Pulsed_Doppler/Libraries/CMSIS/Infineon/XMC4700_series/Include/XMC4700.h"
 839              	 .file 5 "C:/Users/Utente/Desktop/Tesi/Firmware_Software/DAVE project/S2GLP_Pulsed_Doppler/Libraries/XMCLib/inc/xmc4_scu.h"
 840              	 .file 6 "C:/Users/Utente/Desktop/Tesi/Firmware_Software/DAVE project/S2GLP_Pulsed_Doppler/Libraries/XMCLib/inc/xmc_dsd.h"
 841              	 .file 7 "C:/Users/Utente/Desktop/Tesi/Firmware_Software/DAVE project/S2GLP_Pulsed_Doppler/Libraries/CMSIS/Include/core_cm4.h"
 842              	 .file 8 "C:/Users/Utente/Desktop/Tesi/Firmware_Software/DAVE project/S2GLP_Pulsed_Doppler/Libraries/CMSIS/Infineon/XMC4700_series/Include/system_XMC4700.h"
 843              	 .file 9 "C:/Users/Utente/Desktop/Tesi/Firmware_Software/DAVE project/S2GLP_Pulsed_Doppler/Libraries/XMCLib/inc/xmc_scu.h"
DEFINED SYMBOLS
                            *ABS*:00000000 xmc_dsd.c
    {standard input}:20     .text.XMC_DSD_Enable:00000000 $t
    {standard input}:25     .text.XMC_DSD_Enable:00000000 XMC_DSD_Enable
    {standard input}:58     .text.XMC_DSD_Disable:00000000 $t
    {standard input}:63     .text.XMC_DSD_Disable:00000000 XMC_DSD_Disable
    {standard input}:95     .text.XMC_DSD_EnableClock:00000000 $t
    {standard input}:100    .text.XMC_DSD_EnableClock:00000000 XMC_DSD_EnableClock
    {standard input}:121    .text.XMC_DSD_DisableClock:00000000 $t
    {standard input}:126    .text.XMC_DSD_DisableClock:00000000 XMC_DSD_DisableClock
    {standard input}:147    .text.XMC_DSD_Init:00000000 $t
    {standard input}:152    .text.XMC_DSD_Init:00000000 XMC_DSD_Init
    {standard input}:197    .text.XMC_DSD_IsEnabled:00000000 $t
    {standard input}:202    .text.XMC_DSD_IsEnabled:00000000 XMC_DSD_IsEnabled
    {standard input}:238    .text.XMC_DSD_Generator_Init:00000000 $t
    {standard input}:243    .text.XMC_DSD_Generator_Init:00000000 XMC_DSD_Generator_Init
    {standard input}:263    .text.XMC_DSD_CH_Init:00000000 $t
    {standard input}:268    .text.XMC_DSD_CH_Init:00000000 XMC_DSD_CH_Init
    {standard input}:488    .text.XMC_DSD_CH_MainFilter_Init:00000000 $t
    {standard input}:493    .text.XMC_DSD_CH_MainFilter_Init:00000000 XMC_DSD_CH_MainFilter_Init
    {standard input}:551    .text.XMC_DSD_CH_Timestamp_Init:00000000 $t
    {standard input}:556    .text.XMC_DSD_CH_Timestamp_Init:00000000 XMC_DSD_CH_Timestamp_Init
    {standard input}:582    .text.XMC_DSD_CH_AuxFilter_Init:00000000 $t
    {standard input}:587    .text.XMC_DSD_CH_AuxFilter_Init:00000000 XMC_DSD_CH_AuxFilter_Init
    {standard input}:616    .text.XMC_DSD_CH_Integrator_Init:00000000 $t
    {standard input}:621    .text.XMC_DSD_CH_Integrator_Init:00000000 XMC_DSD_CH_Integrator_Init
    {standard input}:681    .text.XMC_DSD_CH_Rectify_Init:00000000 $t
    {standard input}:686    .text.XMC_DSD_CH_Rectify_Init:00000000 XMC_DSD_CH_Rectify_Init
    {standard input}:715    .text.XMC_DSD_CH_GetResult_TS:00000000 $t
    {standard input}:720    .text.XMC_DSD_CH_GetResult_TS:00000000 XMC_DSD_CH_GetResult_TS
    {standard input}:749    .text.XMC_DSD_CH_GetResult_TS_Time:00000000 $t
    {standard input}:754    .text.XMC_DSD_CH_GetResult_TS_Time:00000000 XMC_DSD_CH_GetResult_TS_Time
                     .debug_frame:00000010 $d

UNDEFINED SYMBOLS
XMC_SCU_CLOCK_UngatePeripheralClock
XMC_SCU_RESET_DeassertPeripheralReset
XMC_SCU_RESET_AssertPeripheralReset
XMC_SCU_CLOCK_GatePeripheralClock
XMC_SCU_RESET_IsPeripheralResetAsserted
XMC_SCU_CLOCK_IsPeripheralClockGated
