   1              	 .syntax unified
   2              	 .cpu cortex-m4
   3              	 .eabi_attribute 27,3
   4              	 .fpu fpv4-sp-d16
   5              	 .eabi_attribute 20,1
   6              	 .eabi_attribute 21,1
   7              	 .eabi_attribute 23,3
   8              	 .eabi_attribute 24,1
   9              	 .eabi_attribute 25,1
  10              	 .eabi_attribute 26,1
  11              	 .eabi_attribute 30,2
  12              	 .eabi_attribute 34,1
  13              	 .eabi_attribute 18,4
  14              	 .thumb
  15              	 .file "xmc_common.c"
  16              	 .text
  17              	.Ltext0:
  18              	 .cfi_sections .debug_frame
  19              	 .section .text.XMC_LIST_Init,"ax",%progbits
  20              	 .align 2
  21              	 .global XMC_LIST_Init
  22              	 .thumb
  23              	 .thumb_func
  25              	XMC_LIST_Init:
  26              	.LFB128:
  27              	 .file 1 "../Libraries/XMCLib/src/xmc_common.c"
   1:../Libraries/XMCLib/src/xmc_common.c **** /**
   2:../Libraries/XMCLib/src/xmc_common.c ****  * @file xmc_common.c
   3:../Libraries/XMCLib/src/xmc_common.c ****  * @date 2017-02-25
   4:../Libraries/XMCLib/src/xmc_common.c ****  *
   5:../Libraries/XMCLib/src/xmc_common.c ****  * @cond
   6:../Libraries/XMCLib/src/xmc_common.c ****  **************************************************************************************************
   7:../Libraries/XMCLib/src/xmc_common.c ****  * XMClib v2.1.16 - XMC Peripheral Driver Library 
   8:../Libraries/XMCLib/src/xmc_common.c ****  *
   9:../Libraries/XMCLib/src/xmc_common.c ****  * Copyright (c) 2015-2017, Infineon Technologies AG
  10:../Libraries/XMCLib/src/xmc_common.c ****  * All rights reserved.                        
  11:../Libraries/XMCLib/src/xmc_common.c ****  *                                             
  12:../Libraries/XMCLib/src/xmc_common.c ****  * Redistribution and use in source and binary forms, with or without modification,are permitted pr
  13:../Libraries/XMCLib/src/xmc_common.c ****  * following conditions are met:   
  14:../Libraries/XMCLib/src/xmc_common.c ****  *                                                                              
  15:../Libraries/XMCLib/src/xmc_common.c ****  * Redistributions of source code must retain the above copyright notice, this list of conditions a
  16:../Libraries/XMCLib/src/xmc_common.c ****  * disclaimer.                        
  17:../Libraries/XMCLib/src/xmc_common.c ****  * 
  18:../Libraries/XMCLib/src/xmc_common.c ****  * Redistributions in binary form must reproduce the above copyright notice, this list of condition
  19:../Libraries/XMCLib/src/xmc_common.c ****  * disclaimer in the documentation and/or other materials provided with the distribution.          
  20:../Libraries/XMCLib/src/xmc_common.c ****  * 
  21:../Libraries/XMCLib/src/xmc_common.c ****  * Neither the name of the copyright holders nor the names of its contributors may be used to endor
  22:../Libraries/XMCLib/src/xmc_common.c ****  * products derived from this software without specific prior written permission.                  
  23:../Libraries/XMCLib/src/xmc_common.c ****  *                                                                              
  24:../Libraries/XMCLib/src/xmc_common.c ****  * THIS SOFTWARE IS PROVIDED BY THE COPYRIGHT HOLDERS AND CONTRIBUTORS "AS IS" AND ANY EXPRESS OR I
  25:../Libraries/XMCLib/src/xmc_common.c ****  * INCLUDING, BUT NOT LIMITED TO, THE IMPLIED WARRANTIES OF MERCHANTABILITY AND FITNESS FOR A PARTI
  26:../Libraries/XMCLib/src/xmc_common.c ****  * DISCLAIMED. IN NO EVENT SHALL THE COPYRIGHT HOLDER OR CONTRIBUTORS BE LIABLE  FOR ANY DIRECT, IN
  27:../Libraries/XMCLib/src/xmc_common.c ****  * SPECIAL, EXEMPLARY, OR CONSEQUENTIAL DAMAGES (INCLUDING, BUT NOT LIMITED TO, PROCUREMENT OF SUBS
  28:../Libraries/XMCLib/src/xmc_common.c ****  * SERVICES; LOSS OF USE, DATA, OR PROFITS; OR BUSINESS INTERRUPTION) HOWEVER CAUSED AND ON ANY THE
  29:../Libraries/XMCLib/src/xmc_common.c ****  * WHETHER IN CONTRACT, STRICT LIABILITY,OR TORT (INCLUDING NEGLIGENCE OR OTHERWISE) ARISING IN ANY
  30:../Libraries/XMCLib/src/xmc_common.c ****  * OF THIS SOFTWARE, EVEN IF ADVISED OF THE POSSIBILITY OF SUCH DAMAGE.                            
  31:../Libraries/XMCLib/src/xmc_common.c ****  *                                                                              
  32:../Libraries/XMCLib/src/xmc_common.c ****  * To improve the quality of the software, users are encouraged to share modifications, enhancement
  33:../Libraries/XMCLib/src/xmc_common.c ****  * Infineon Technologies AG dave@infineon.com).                                                    
  34:../Libraries/XMCLib/src/xmc_common.c ****  **************************************************************************************************
  35:../Libraries/XMCLib/src/xmc_common.c ****  *
  36:../Libraries/XMCLib/src/xmc_common.c ****  * Change History
  37:../Libraries/XMCLib/src/xmc_common.c ****  * --------------
  38:../Libraries/XMCLib/src/xmc_common.c ****  *
  39:../Libraries/XMCLib/src/xmc_common.c ****  * 2015-02-20:
  40:../Libraries/XMCLib/src/xmc_common.c ****  *     - Initial <br>
  41:../Libraries/XMCLib/src/xmc_common.c ****  *      
  42:../Libraries/XMCLib/src/xmc_common.c ****  * 2017-02-25:
  43:../Libraries/XMCLib/src/xmc_common.c ****  *     - Remove the need to define XMC_USER_ASSERT_FUNCTION
  44:../Libraries/XMCLib/src/xmc_common.c ****  *     - XMC_AssertHandler fixed compilation warnings
  45:../Libraries/XMCLib/src/xmc_common.c ****  *
  46:../Libraries/XMCLib/src/xmc_common.c ****  * @endcond 
  47:../Libraries/XMCLib/src/xmc_common.c ****  *
  48:../Libraries/XMCLib/src/xmc_common.c ****  */
  49:../Libraries/XMCLib/src/xmc_common.c **** 
  50:../Libraries/XMCLib/src/xmc_common.c **** #include "xmc_common.h"
  51:../Libraries/XMCLib/src/xmc_common.c **** 
  52:../Libraries/XMCLib/src/xmc_common.c **** /*******************************************************************************
  53:../Libraries/XMCLib/src/xmc_common.c ****  * DATA STRUCTURES
  54:../Libraries/XMCLib/src/xmc_common.c ****  *******************************************************************************/
  55:../Libraries/XMCLib/src/xmc_common.c **** struct list
  56:../Libraries/XMCLib/src/xmc_common.c **** {
  57:../Libraries/XMCLib/src/xmc_common.c ****   struct list *next;
  58:../Libraries/XMCLib/src/xmc_common.c **** };
  59:../Libraries/XMCLib/src/xmc_common.c **** 
  60:../Libraries/XMCLib/src/xmc_common.c **** /*******************************************************************************
  61:../Libraries/XMCLib/src/xmc_common.c ****  * API IMPLEMENTATION
  62:../Libraries/XMCLib/src/xmc_common.c ****  *******************************************************************************/
  63:../Libraries/XMCLib/src/xmc_common.c **** #if defined(XMC_ASSERT_ENABLE)
  64:../Libraries/XMCLib/src/xmc_common.c **** __WEAK void XMC_AssertHandler(const char *const msg, const char *const file, uint32_t line)
  65:../Libraries/XMCLib/src/xmc_common.c **** {
  66:../Libraries/XMCLib/src/xmc_common.c ****   XMC_UNUSED_ARG(msg);
  67:../Libraries/XMCLib/src/xmc_common.c ****   XMC_UNUSED_ARG(file);
  68:../Libraries/XMCLib/src/xmc_common.c ****   XMC_UNUSED_ARG(line);
  69:../Libraries/XMCLib/src/xmc_common.c **** 
  70:../Libraries/XMCLib/src/xmc_common.c ****   while(1)
  71:../Libraries/XMCLib/src/xmc_common.c ****   {
  72:../Libraries/XMCLib/src/xmc_common.c ****     /* Endless loop */
  73:../Libraries/XMCLib/src/xmc_common.c ****   }
  74:../Libraries/XMCLib/src/xmc_common.c **** }
  75:../Libraries/XMCLib/src/xmc_common.c **** #endif
  76:../Libraries/XMCLib/src/xmc_common.c **** 
  77:../Libraries/XMCLib/src/xmc_common.c **** void XMC_LIST_Init(XMC_LIST_t *list)
  78:../Libraries/XMCLib/src/xmc_common.c **** {
  28              	 .loc 1 78 0
  29              	 .cfi_startproc
  30              	 
  31              	 
  32              	 
  33              	.LVL0:
  79:../Libraries/XMCLib/src/xmc_common.c ****   *list = NULL;
  34              	 .loc 1 79 0
  35 0000 0023     	 movs r3,#0
  36 0002 0360     	 str r3,[r0]
  37 0004 7047     	 bx lr
  38              	 .cfi_endproc
  39              	.LFE128:
  41 0006 00BF     	 .section .text.XMC_LIST_GetHead,"ax",%progbits
  42              	 .align 2
  43              	 .global XMC_LIST_GetHead
  44              	 .thumb
  45              	 .thumb_func
  47              	XMC_LIST_GetHead:
  48              	.LFB129:
  80:../Libraries/XMCLib/src/xmc_common.c **** }
  81:../Libraries/XMCLib/src/xmc_common.c **** 
  82:../Libraries/XMCLib/src/xmc_common.c **** void *XMC_LIST_GetHead(XMC_LIST_t *list)
  83:../Libraries/XMCLib/src/xmc_common.c **** {
  49              	 .loc 1 83 0
  50              	 .cfi_startproc
  51              	 
  52              	 
  53              	 
  54              	.LVL1:
  84:../Libraries/XMCLib/src/xmc_common.c ****   return *list;
  85:../Libraries/XMCLib/src/xmc_common.c **** }
  55              	 .loc 1 85 0
  56 0000 0068     	 ldr r0,[r0]
  57              	.LVL2:
  58 0002 7047     	 bx lr
  59              	 .cfi_endproc
  60              	.LFE129:
  62              	 .section .text.XMC_LIST_GetTail,"ax",%progbits
  63              	 .align 2
  64              	 .global XMC_LIST_GetTail
  65              	 .thumb
  66              	 .thumb_func
  68              	XMC_LIST_GetTail:
  69              	.LFB130:
  86:../Libraries/XMCLib/src/xmc_common.c **** 
  87:../Libraries/XMCLib/src/xmc_common.c **** void *XMC_LIST_GetTail(XMC_LIST_t *list)
  88:../Libraries/XMCLib/src/xmc_common.c **** {
  70              	 .loc 1 88 0
  71              	 .cfi_startproc
  72              	 
  73              	 
  74              	 
  75              	.LVL3:
  89:../Libraries/XMCLib/src/xmc_common.c ****   struct list *tail;
  90:../Libraries/XMCLib/src/xmc_common.c ****   
  91:../Libraries/XMCLib/src/xmc_common.c ****   if (*list == NULL) 
  76              	 .loc 1 91 0
  77 0000 0068     	 ldr r0,[r0]
  78              	.LVL4:
  79 0002 08B9     	 cbnz r0,.L5
  80 0004 04E0     	 b .L11
  81              	.LVL5:
  82              	.L6:
  83 0006 1846     	 mov r0,r3
  84              	.LVL6:
  85              	.L5:
  92:../Libraries/XMCLib/src/xmc_common.c ****   {
  93:../Libraries/XMCLib/src/xmc_common.c ****     tail = NULL;
  94:../Libraries/XMCLib/src/xmc_common.c ****   }
  95:../Libraries/XMCLib/src/xmc_common.c ****   else
  96:../Libraries/XMCLib/src/xmc_common.c ****   {
  97:../Libraries/XMCLib/src/xmc_common.c ****     for (tail = (struct list *)*list; tail->next != NULL; tail = tail->next)
  86              	 .loc 1 97 0 discriminator 1
  87 0008 0368     	 ldr r3,[r0]
  88 000a 002B     	 cmp r3,#0
  89 000c FBD1     	 bne .L6
  98:../Libraries/XMCLib/src/xmc_common.c ****     {
  99:../Libraries/XMCLib/src/xmc_common.c ****       /* Loop through the list */
 100:../Libraries/XMCLib/src/xmc_common.c ****     }  
 101:../Libraries/XMCLib/src/xmc_common.c ****   }
 102:../Libraries/XMCLib/src/xmc_common.c ****   
 103:../Libraries/XMCLib/src/xmc_common.c ****   return tail;    
 104:../Libraries/XMCLib/src/xmc_common.c **** }
  90              	 .loc 1 104 0
  91 000e 7047     	 bx lr
  92              	.LVL7:
  93              	.L11:
  94 0010 7047     	 bx lr
  95              	 .cfi_endproc
  96              	.LFE130:
  98 0012 00BF     	 .section .text.XMC_LIST_Add,"ax",%progbits
  99              	 .align 2
 100              	 .global XMC_LIST_Add
 101              	 .thumb
 102              	 .thumb_func
 104              	XMC_LIST_Add:
 105              	.LFB131:
 105:../Libraries/XMCLib/src/xmc_common.c **** 
 106:../Libraries/XMCLib/src/xmc_common.c **** void XMC_LIST_Add(XMC_LIST_t *list, void *item)
 107:../Libraries/XMCLib/src/xmc_common.c **** {
 106              	 .loc 1 107 0
 107              	 .cfi_startproc
 108              	 
 109              	 
 110              	 
 111              	.LVL8:
 108:../Libraries/XMCLib/src/xmc_common.c ****   struct list *tail;
 109:../Libraries/XMCLib/src/xmc_common.c ****   
 110:../Libraries/XMCLib/src/xmc_common.c ****   ((struct list *)item)->next = NULL;
 112              	 .loc 1 110 0
 113 0000 0023     	 movs r3,#0
 114 0002 0B60     	 str r3,[r1]
 115              	.LVL9:
 116              	.LBB10:
 117              	.LBB11:
  91:../Libraries/XMCLib/src/xmc_common.c ****   {
 118              	 .loc 1 91 0
 119 0004 0268     	 ldr r2,[r0]
 120 0006 0AB9     	 cbnz r2,.L14
 121 0008 05E0     	 b .L21
 122              	.LVL10:
 123              	.L17:
  97:../Libraries/XMCLib/src/xmc_common.c ****     {
 124              	 .loc 1 97 0
 125 000a 1A46     	 mov r2,r3
 126              	.LVL11:
 127              	.L14:
 128 000c 1368     	 ldr r3,[r2]
 129 000e 002B     	 cmp r3,#0
 130 0010 FBD1     	 bne .L17
 131              	.LBE11:
 132              	.LBE10:
 111:../Libraries/XMCLib/src/xmc_common.c ****   tail = (struct list *)XMC_LIST_GetTail(list);
 112:../Libraries/XMCLib/src/xmc_common.c ****   
 113:../Libraries/XMCLib/src/xmc_common.c ****   if (tail == NULL) 
 114:../Libraries/XMCLib/src/xmc_common.c ****   {
 115:../Libraries/XMCLib/src/xmc_common.c ****     *list = item;
 116:../Libraries/XMCLib/src/xmc_common.c ****   } 
 117:../Libraries/XMCLib/src/xmc_common.c ****   else 
 118:../Libraries/XMCLib/src/xmc_common.c ****   {
 119:../Libraries/XMCLib/src/xmc_common.c ****     tail->next = (struct list *)item;
 133              	 .loc 1 119 0
 134 0012 1160     	 str r1,[r2]
 135 0014 7047     	 bx lr
 136              	.LVL12:
 137              	.L21:
 115:../Libraries/XMCLib/src/xmc_common.c ****   } 
 138              	 .loc 1 115 0
 139 0016 0160     	 str r1,[r0]
 140 0018 7047     	 bx lr
 141              	 .cfi_endproc
 142              	.LFE131:
 144 001a 00BF     	 .section .text.XMC_LIST_Remove,"ax",%progbits
 145              	 .align 2
 146              	 .global XMC_LIST_Remove
 147              	 .thumb
 148              	 .thumb_func
 150              	XMC_LIST_Remove:
 151              	.LFB132:
 120:../Libraries/XMCLib/src/xmc_common.c ****   }
 121:../Libraries/XMCLib/src/xmc_common.c **** }
 122:../Libraries/XMCLib/src/xmc_common.c **** 
 123:../Libraries/XMCLib/src/xmc_common.c **** void XMC_LIST_Remove(XMC_LIST_t *list, void *item)
 124:../Libraries/XMCLib/src/xmc_common.c **** {
 152              	 .loc 1 124 0
 153              	 .cfi_startproc
 154              	 
 155              	 
 156              	 
 157              	.LVL13:
 125:../Libraries/XMCLib/src/xmc_common.c ****   struct list *right, *left;
 126:../Libraries/XMCLib/src/xmc_common.c ****   
 127:../Libraries/XMCLib/src/xmc_common.c ****   if (*list != NULL) 
 158              	 .loc 1 127 0
 159 0000 0268     	 ldr r2,[r0]
 160 0002 42B1     	 cbz r2,.L22
 161              	.LVL14:
 128:../Libraries/XMCLib/src/xmc_common.c ****   {
 129:../Libraries/XMCLib/src/xmc_common.c ****     left = NULL;
 130:../Libraries/XMCLib/src/xmc_common.c ****     for(right = (struct list *)*list; right != NULL; right = right->next)
 131:../Libraries/XMCLib/src/xmc_common.c ****     {
 132:../Libraries/XMCLib/src/xmc_common.c ****       if(right == item) 
 162              	 .loc 1 132 0 discriminator 1
 163 0004 8A42     	 cmp r2,r1
 164 0006 03D1     	 bne .L26
 165 0008 0BE0     	 b .L34
 166              	.LVL15:
 167              	.L28:
 168              	 .loc 1 132 0 is_stmt 0
 169 000a 9942     	 cmp r1,r3
 170 000c 04D0     	 beq .L35
 171 000e 1A46     	 mov r2,r3
 172              	.LVL16:
 173              	.L26:
 130:../Libraries/XMCLib/src/xmc_common.c ****     {
 174              	 .loc 1 130 0 is_stmt 1 discriminator 2
 175 0010 1368     	 ldr r3,[r2]
 176              	.LVL17:
 177 0012 002B     	 cmp r3,#0
 178 0014 F9D1     	 bne .L28
 179              	.LVL18:
 180              	.L22:
 181 0016 7047     	 bx lr
 182              	.LVL19:
 183              	.L35:
 133:../Libraries/XMCLib/src/xmc_common.c ****       {
 134:../Libraries/XMCLib/src/xmc_common.c ****         if(left == NULL) 
 135:../Libraries/XMCLib/src/xmc_common.c ****         {
 136:../Libraries/XMCLib/src/xmc_common.c ****           /* First on list */
 137:../Libraries/XMCLib/src/xmc_common.c ****           *list = right->next;
 138:../Libraries/XMCLib/src/xmc_common.c ****         } 
 139:../Libraries/XMCLib/src/xmc_common.c ****         else 
 140:../Libraries/XMCLib/src/xmc_common.c ****         {
 141:../Libraries/XMCLib/src/xmc_common.c ****           /* Not first on list */
 142:../Libraries/XMCLib/src/xmc_common.c ****           left->next = right->next;
 184              	 .loc 1 142 0
 185 0018 1968     	 ldr r1,[r3]
 186              	.LVL20:
 187 001a 1160     	 str r1,[r2]
 188              	.LVL21:
 189              	.L27:
 143:../Libraries/XMCLib/src/xmc_common.c ****         }
 144:../Libraries/XMCLib/src/xmc_common.c ****         right->next = NULL;
 190              	 .loc 1 144 0
 191 001c 0022     	 movs r2,#0
 192 001e 1A60     	 str r2,[r3]
 145:../Libraries/XMCLib/src/xmc_common.c ****         break;
 193              	 .loc 1 145 0
 194 0020 7047     	 bx lr
 195              	.LVL22:
 196              	.L34:
 132:../Libraries/XMCLib/src/xmc_common.c ****       {
 197              	 .loc 1 132 0
 198 0022 1346     	 mov r3,r2
 137:../Libraries/XMCLib/src/xmc_common.c ****         } 
 199              	 .loc 1 137 0
 200 0024 1268     	 ldr r2,[r2]
 201              	.LVL23:
 202 0026 0260     	 str r2,[r0]
 203              	.LVL24:
 204 0028 F8E7     	 b .L27
 205              	 .cfi_endproc
 206              	.LFE132:
 208 002a 00BF     	 .section .text.XMC_LIST_Insert,"ax",%progbits
 209              	 .align 2
 210              	 .global XMC_LIST_Insert
 211              	 .thumb
 212              	 .thumb_func
 214              	XMC_LIST_Insert:
 215              	.LFB133:
 146:../Libraries/XMCLib/src/xmc_common.c ****       }
 147:../Libraries/XMCLib/src/xmc_common.c ****       left = right;
 148:../Libraries/XMCLib/src/xmc_common.c ****     }
 149:../Libraries/XMCLib/src/xmc_common.c ****   }
 150:../Libraries/XMCLib/src/xmc_common.c **** }
 151:../Libraries/XMCLib/src/xmc_common.c **** 
 152:../Libraries/XMCLib/src/xmc_common.c **** void XMC_LIST_Insert(XMC_LIST_t *list, void *prev_item, void *new_item)
 153:../Libraries/XMCLib/src/xmc_common.c **** {
 216              	 .loc 1 153 0
 217              	 .cfi_startproc
 218              	 
 219              	 
 220              	 
 221              	.LVL25:
 154:../Libraries/XMCLib/src/xmc_common.c ****   if (prev_item == NULL) 
 222              	 .loc 1 154 0
 223 0000 19B1     	 cbz r1,.L39
 155:../Libraries/XMCLib/src/xmc_common.c ****   {
 156:../Libraries/XMCLib/src/xmc_common.c **** 	((struct list *)new_item)->next = (struct list *)*list;
 157:../Libraries/XMCLib/src/xmc_common.c **** 	*list = new_item;
 158:../Libraries/XMCLib/src/xmc_common.c ****   } 
 159:../Libraries/XMCLib/src/xmc_common.c ****   else 
 160:../Libraries/XMCLib/src/xmc_common.c ****   {
 161:../Libraries/XMCLib/src/xmc_common.c ****     ((struct list *)new_item)->next = ((struct list *)prev_item)->next;
 224              	 .loc 1 161 0
 225 0002 0B68     	 ldr r3,[r1]
 226 0004 1360     	 str r3,[r2]
 162:../Libraries/XMCLib/src/xmc_common.c ****     ((struct list *)prev_item)->next = (struct list *)new_item;
 227              	 .loc 1 162 0
 228 0006 0A60     	 str r2,[r1]
 229 0008 7047     	 bx lr
 230              	.L39:
 156:../Libraries/XMCLib/src/xmc_common.c **** 	*list = new_item;
 231              	 .loc 1 156 0
 232 000a 0368     	 ldr r3,[r0]
 233 000c 1360     	 str r3,[r2]
 157:../Libraries/XMCLib/src/xmc_common.c ****   } 
 234              	 .loc 1 157 0
 235 000e 0260     	 str r2,[r0]
 236 0010 7047     	 bx lr
 237              	 .cfi_endproc
 238              	.LFE133:
 240 0012 00BF     	 .section .text.XMC_PRIOARRAY_Init,"ax",%progbits
 241              	 .align 2
 242              	 .global XMC_PRIOARRAY_Init
 243              	 .thumb
 244              	 .thumb_func
 246              	XMC_PRIOARRAY_Init:
 247              	.LFB134:
 163:../Libraries/XMCLib/src/xmc_common.c ****   }
 164:../Libraries/XMCLib/src/xmc_common.c **** }
 165:../Libraries/XMCLib/src/xmc_common.c **** 
 166:../Libraries/XMCLib/src/xmc_common.c **** void XMC_PRIOARRAY_Init(XMC_PRIOARRAY_t *prioarray)
 167:../Libraries/XMCLib/src/xmc_common.c **** {
 248              	 .loc 1 167 0
 249              	 .cfi_startproc
 250              	 
 251              	 
 252              	.LVL26:
 168:../Libraries/XMCLib/src/xmc_common.c ****   XMC_ASSERT("XMC_PRIOARRAY_Init: NULL pointer", prioarray != NULL);
 169:../Libraries/XMCLib/src/xmc_common.c **** 
 170:../Libraries/XMCLib/src/xmc_common.c ****   /* Initialize head, next points to tail, previous to NULL and the priority is MININT */
 171:../Libraries/XMCLib/src/xmc_common.c ****   prioarray->items[prioarray->size].next = prioarray->size + 1;
 253              	 .loc 1 171 0
 254 0000 90E80600 	 ldmia r0,{r1,r2}
 167:../Libraries/XMCLib/src/xmc_common.c ****   XMC_ASSERT("XMC_PRIOARRAY_Init: NULL pointer", prioarray != NULL);
 255              	 .loc 1 167 0
 256 0004 F0B5     	 push {r4,r5,r6,r7,lr}
 257              	.LCFI0:
 258              	 .cfi_def_cfa_offset 20
 259              	 .cfi_offset 4,-20
 260              	 .cfi_offset 5,-16
 261              	 .cfi_offset 6,-12
 262              	 .cfi_offset 7,-8
 263              	 .cfi_offset 14,-4
 264              	 .loc 1 171 0
 265 0006 01EB4103 	 add r3,r1,r1,lsl#1
 266 000a 9B00     	 lsls r3,r3,#2
 172:../Libraries/XMCLib/src/xmc_common.c ****   prioarray->items[prioarray->size].previous = -1;
 173:../Libraries/XMCLib/src/xmc_common.c ****   prioarray->items[prioarray->size].priority = INT32_MAX;
 174:../Libraries/XMCLib/src/xmc_common.c **** 
 175:../Libraries/XMCLib/src/xmc_common.c ****   /* Initialize tail, next points to NULL, previous is the head and the priority is MAXINT */
 176:../Libraries/XMCLib/src/xmc_common.c ****   prioarray->items[prioarray->size + 1].next = -1;
 267              	 .loc 1 176 0
 268 000c 03F10C00 	 add r0,r3,#12
 269              	.LVL27:
 171:../Libraries/XMCLib/src/xmc_common.c ****   prioarray->items[prioarray->size].previous = -1;
 270              	 .loc 1 171 0
 271 0010 D618     	 adds r6,r2,r3
 272              	 .loc 1 176 0
 273 0012 1418     	 adds r4,r2,r0
 172:../Libraries/XMCLib/src/xmc_common.c ****   prioarray->items[prioarray->size].previous = -1;
 274              	 .loc 1 172 0
 275 0014 4FF0FF35 	 mov r5,#-1
 171:../Libraries/XMCLib/src/xmc_common.c ****   prioarray->items[prioarray->size].previous = -1;
 276              	 .loc 1 171 0
 277 0018 01F1010C 	 add ip,r1,#1
 173:../Libraries/XMCLib/src/xmc_common.c **** 
 278              	 .loc 1 173 0
 279 001c 6FF0004E 	 mvn lr,#-2147483648
 177:../Libraries/XMCLib/src/xmc_common.c ****   prioarray->items[prioarray->size + 1].previous = prioarray->size;
 178:../Libraries/XMCLib/src/xmc_common.c ****   prioarray->items[prioarray->size + 1].priority = INT32_MIN;
 280              	 .loc 1 178 0
 281 0020 4FF00047 	 mov r7,#-2147483648
 171:../Libraries/XMCLib/src/xmc_common.c ****   prioarray->items[prioarray->size].previous = -1;
 282              	 .loc 1 171 0
 283 0024 C6F808C0 	 str ip,[r6,#8]
 172:../Libraries/XMCLib/src/xmc_common.c ****   prioarray->items[prioarray->size].priority = INT32_MAX;
 284              	 .loc 1 172 0
 285 0028 7560     	 str r5,[r6,#4]
 173:../Libraries/XMCLib/src/xmc_common.c **** 
 286              	 .loc 1 173 0
 287 002a 42F803E0 	 str lr,[r2,r3]
 177:../Libraries/XMCLib/src/xmc_common.c ****   prioarray->items[prioarray->size + 1].priority = INT32_MIN;
 288              	 .loc 1 177 0
 289 002e 6160     	 str r1,[r4,#4]
 176:../Libraries/XMCLib/src/xmc_common.c ****   prioarray->items[prioarray->size + 1].previous = prioarray->size;
 290              	 .loc 1 176 0
 291 0030 A560     	 str r5,[r4,#8]
 292              	 .loc 1 178 0
 293 0032 1750     	 str r7,[r2,r0]
 294 0034 F0BD     	 pop {r4,r5,r6,r7,pc}
 295              	 .cfi_endproc
 296              	.LFE134:
 298 0036 00BF     	 .section .text.XMC_PRIOARRAY_Add,"ax",%progbits
 299              	 .align 2
 300              	 .global XMC_PRIOARRAY_Add
 301              	 .thumb
 302              	 .thumb_func
 304              	XMC_PRIOARRAY_Add:
 305              	.LFB135:
 179:../Libraries/XMCLib/src/xmc_common.c **** 
 180:../Libraries/XMCLib/src/xmc_common.c **** }
 181:../Libraries/XMCLib/src/xmc_common.c **** 
 182:../Libraries/XMCLib/src/xmc_common.c **** void XMC_PRIOARRAY_Add(XMC_PRIOARRAY_t *prioarray, int32_t item, int32_t priority)
 183:../Libraries/XMCLib/src/xmc_common.c **** {
 306              	 .loc 1 183 0
 307              	 .cfi_startproc
 308              	 
 309              	 
 310              	.LVL28:
 311 0000 F0B5     	 push {r4,r5,r6,r7,lr}
 312              	.LCFI1:
 313              	 .cfi_def_cfa_offset 20
 314              	 .cfi_offset 4,-20
 315              	 .cfi_offset 5,-16
 316              	 .cfi_offset 6,-12
 317              	 .cfi_offset 7,-8
 318              	 .cfi_offset 14,-4
 319              	.LBB12:
 320              	.LBB13:
 321              	 .file 2 "C:/Users/Utente/Desktop/Tesi/Firmware_Software/DAVE project/S2GLP_Pulsed_Doppler/Libraries/XMCLib/inc/xmc_common.h"
   1:C:/Users/Utente/Desktop/Tesi/Firmware_Software/DAVE project/S2GLP_Pulsed_Doppler/Libraries/XMCLib/inc\xmc_common.h **** /**
   2:C:/Users/Utente/Desktop/Tesi/Firmware_Software/DAVE project/S2GLP_Pulsed_Doppler/Libraries/XMCLib/inc\xmc_common.h ****  * @file xmc_common.h
   3:C:/Users/Utente/Desktop/Tesi/Firmware_Software/DAVE project/S2GLP_Pulsed_Doppler/Libraries/XMCLib/inc\xmc_common.h ****  * @date 2017-08-03
   4:C:/Users/Utente/Desktop/Tesi/Firmware_Software/DAVE project/S2GLP_Pulsed_Doppler/Libraries/XMCLib/inc\xmc_common.h ****  *
   5:C:/Users/Utente/Desktop/Tesi/Firmware_Software/DAVE project/S2GLP_Pulsed_Doppler/Libraries/XMCLib/inc\xmc_common.h ****  * @cond
   6:C:/Users/Utente/Desktop/Tesi/Firmware_Software/DAVE project/S2GLP_Pulsed_Doppler/Libraries/XMCLib/inc\xmc_common.h ****   *************************************************************************************************
   7:C:/Users/Utente/Desktop/Tesi/Firmware_Software/DAVE project/S2GLP_Pulsed_Doppler/Libraries/XMCLib/inc\xmc_common.h ****  * XMClib v2.1.16 - XMC Peripheral Driver Library 
   8:C:/Users/Utente/Desktop/Tesi/Firmware_Software/DAVE project/S2GLP_Pulsed_Doppler/Libraries/XMCLib/inc\xmc_common.h ****  *
   9:C:/Users/Utente/Desktop/Tesi/Firmware_Software/DAVE project/S2GLP_Pulsed_Doppler/Libraries/XMCLib/inc\xmc_common.h ****  * Copyright (c) 2015-2017, Infineon Technologies AG
  10:C:/Users/Utente/Desktop/Tesi/Firmware_Software/DAVE project/S2GLP_Pulsed_Doppler/Libraries/XMCLib/inc\xmc_common.h ****  * All rights reserved.                        
  11:C:/Users/Utente/Desktop/Tesi/Firmware_Software/DAVE project/S2GLP_Pulsed_Doppler/Libraries/XMCLib/inc\xmc_common.h ****  *                                             
  12:C:/Users/Utente/Desktop/Tesi/Firmware_Software/DAVE project/S2GLP_Pulsed_Doppler/Libraries/XMCLib/inc\xmc_common.h ****  * Redistribution and use in source and binary forms, with or without modification,are permitted pr
  13:C:/Users/Utente/Desktop/Tesi/Firmware_Software/DAVE project/S2GLP_Pulsed_Doppler/Libraries/XMCLib/inc\xmc_common.h ****  * following conditions are met:   
  14:C:/Users/Utente/Desktop/Tesi/Firmware_Software/DAVE project/S2GLP_Pulsed_Doppler/Libraries/XMCLib/inc\xmc_common.h ****  *                                                                              
  15:C:/Users/Utente/Desktop/Tesi/Firmware_Software/DAVE project/S2GLP_Pulsed_Doppler/Libraries/XMCLib/inc\xmc_common.h ****  * Redistributions of source code must retain the above copyright notice, this list of conditions a
  16:C:/Users/Utente/Desktop/Tesi/Firmware_Software/DAVE project/S2GLP_Pulsed_Doppler/Libraries/XMCLib/inc\xmc_common.h ****  * disclaimer.                        
  17:C:/Users/Utente/Desktop/Tesi/Firmware_Software/DAVE project/S2GLP_Pulsed_Doppler/Libraries/XMCLib/inc\xmc_common.h ****  * 
  18:C:/Users/Utente/Desktop/Tesi/Firmware_Software/DAVE project/S2GLP_Pulsed_Doppler/Libraries/XMCLib/inc\xmc_common.h ****  * Redistributions in binary form must reproduce the above copyright notice, this list of condition
  19:C:/Users/Utente/Desktop/Tesi/Firmware_Software/DAVE project/S2GLP_Pulsed_Doppler/Libraries/XMCLib/inc\xmc_common.h ****  * disclaimer in the documentation and/or other materials provided with the distribution.          
  20:C:/Users/Utente/Desktop/Tesi/Firmware_Software/DAVE project/S2GLP_Pulsed_Doppler/Libraries/XMCLib/inc\xmc_common.h ****  * 
  21:C:/Users/Utente/Desktop/Tesi/Firmware_Software/DAVE project/S2GLP_Pulsed_Doppler/Libraries/XMCLib/inc\xmc_common.h ****  * Neither the name of the copyright holders nor the names of its contributors may be used to endor
  22:C:/Users/Utente/Desktop/Tesi/Firmware_Software/DAVE project/S2GLP_Pulsed_Doppler/Libraries/XMCLib/inc\xmc_common.h ****  * products derived from this software without specific prior written permission.                  
  23:C:/Users/Utente/Desktop/Tesi/Firmware_Software/DAVE project/S2GLP_Pulsed_Doppler/Libraries/XMCLib/inc\xmc_common.h ****  *                                                                              
  24:C:/Users/Utente/Desktop/Tesi/Firmware_Software/DAVE project/S2GLP_Pulsed_Doppler/Libraries/XMCLib/inc\xmc_common.h ****  * THIS SOFTWARE IS PROVIDED BY THE COPYRIGHT HOLDERS AND CONTRIBUTORS "AS IS" AND ANY EXPRESS OR I
  25:C:/Users/Utente/Desktop/Tesi/Firmware_Software/DAVE project/S2GLP_Pulsed_Doppler/Libraries/XMCLib/inc\xmc_common.h ****  * INCLUDING, BUT NOT LIMITED TO, THE IMPLIED WARRANTIES OF MERCHANTABILITY AND FITNESS FOR A PARTI
  26:C:/Users/Utente/Desktop/Tesi/Firmware_Software/DAVE project/S2GLP_Pulsed_Doppler/Libraries/XMCLib/inc\xmc_common.h ****  * DISCLAIMED. IN NO EVENT SHALL THE COPYRIGHT HOLDER OR CONTRIBUTORS BE LIABLE  FOR ANY DIRECT, IN
  27:C:/Users/Utente/Desktop/Tesi/Firmware_Software/DAVE project/S2GLP_Pulsed_Doppler/Libraries/XMCLib/inc\xmc_common.h ****  * SPECIAL, EXEMPLARY, OR CONSEQUENTIAL DAMAGES (INCLUDING, BUT NOT LIMITED TO, PROCUREMENT OF SUBS
  28:C:/Users/Utente/Desktop/Tesi/Firmware_Software/DAVE project/S2GLP_Pulsed_Doppler/Libraries/XMCLib/inc\xmc_common.h ****  * SERVICES; LOSS OF USE, DATA, OR PROFITS; OR BUSINESS INTERRUPTION) HOWEVER CAUSED AND ON ANY THE
  29:C:/Users/Utente/Desktop/Tesi/Firmware_Software/DAVE project/S2GLP_Pulsed_Doppler/Libraries/XMCLib/inc\xmc_common.h ****  * WHETHER IN CONTRACT, STRICT LIABILITY,OR TORT (INCLUDING NEGLIGENCE OR OTHERWISE) ARISING IN ANY
  30:C:/Users/Utente/Desktop/Tesi/Firmware_Software/DAVE project/S2GLP_Pulsed_Doppler/Libraries/XMCLib/inc\xmc_common.h ****  * OF THIS SOFTWARE, EVEN IF ADVISED OF THE POSSIBILITY OF SUCH DAMAGE.                            
  31:C:/Users/Utente/Desktop/Tesi/Firmware_Software/DAVE project/S2GLP_Pulsed_Doppler/Libraries/XMCLib/inc\xmc_common.h ****  *                                                                              
  32:C:/Users/Utente/Desktop/Tesi/Firmware_Software/DAVE project/S2GLP_Pulsed_Doppler/Libraries/XMCLib/inc\xmc_common.h ****  * To improve the quality of the software, users are encouraged to share modifications, enhancement
  33:C:/Users/Utente/Desktop/Tesi/Firmware_Software/DAVE project/S2GLP_Pulsed_Doppler/Libraries/XMCLib/inc\xmc_common.h ****  * Infineon Technologies AG dave@infineon.com).                                                    
  34:C:/Users/Utente/Desktop/Tesi/Firmware_Software/DAVE project/S2GLP_Pulsed_Doppler/Libraries/XMCLib/inc\xmc_common.h ****  **************************************************************************************************
  35:C:/Users/Utente/Desktop/Tesi/Firmware_Software/DAVE project/S2GLP_Pulsed_Doppler/Libraries/XMCLib/inc\xmc_common.h ****  *
  36:C:/Users/Utente/Desktop/Tesi/Firmware_Software/DAVE project/S2GLP_Pulsed_Doppler/Libraries/XMCLib/inc\xmc_common.h ****  * Change History
  37:C:/Users/Utente/Desktop/Tesi/Firmware_Software/DAVE project/S2GLP_Pulsed_Doppler/Libraries/XMCLib/inc\xmc_common.h ****  * --------------
  38:C:/Users/Utente/Desktop/Tesi/Firmware_Software/DAVE project/S2GLP_Pulsed_Doppler/Libraries/XMCLib/inc\xmc_common.h ****  *
  39:C:/Users/Utente/Desktop/Tesi/Firmware_Software/DAVE project/S2GLP_Pulsed_Doppler/Libraries/XMCLib/inc\xmc_common.h ****  * 2015-06-20:
  40:C:/Users/Utente/Desktop/Tesi/Firmware_Software/DAVE project/S2GLP_Pulsed_Doppler/Libraries/XMCLib/inc\xmc_common.h ****  *     - Initial
  41:C:/Users/Utente/Desktop/Tesi/Firmware_Software/DAVE project/S2GLP_Pulsed_Doppler/Libraries/XMCLib/inc\xmc_common.h ****  *     - Brief section updated
  42:C:/Users/Utente/Desktop/Tesi/Firmware_Software/DAVE project/S2GLP_Pulsed_Doppler/Libraries/XMCLib/inc\xmc_common.h ****  *     - Added XMC_LIB_VERSION macro
  43:C:/Users/Utente/Desktop/Tesi/Firmware_Software/DAVE project/S2GLP_Pulsed_Doppler/Libraries/XMCLib/inc\xmc_common.h ****  *
  44:C:/Users/Utente/Desktop/Tesi/Firmware_Software/DAVE project/S2GLP_Pulsed_Doppler/Libraries/XMCLib/inc\xmc_common.h ****  * 2016-02-26:
  45:C:/Users/Utente/Desktop/Tesi/Firmware_Software/DAVE project/S2GLP_Pulsed_Doppler/Libraries/XMCLib/inc\xmc_common.h ****  *     - Updated XMC_LIB_VERSION macro to v2.1.6
  46:C:/Users/Utente/Desktop/Tesi/Firmware_Software/DAVE project/S2GLP_Pulsed_Doppler/Libraries/XMCLib/inc\xmc_common.h ****  *      
  47:C:/Users/Utente/Desktop/Tesi/Firmware_Software/DAVE project/S2GLP_Pulsed_Doppler/Libraries/XMCLib/inc\xmc_common.h ****  * 2016-05-30:
  48:C:/Users/Utente/Desktop/Tesi/Firmware_Software/DAVE project/S2GLP_Pulsed_Doppler/Libraries/XMCLib/inc\xmc_common.h ****  *     - Updated XMC_LIB_VERSION macro to v2.1.8
  49:C:/Users/Utente/Desktop/Tesi/Firmware_Software/DAVE project/S2GLP_Pulsed_Doppler/Libraries/XMCLib/inc\xmc_common.h ****  *
  50:C:/Users/Utente/Desktop/Tesi/Firmware_Software/DAVE project/S2GLP_Pulsed_Doppler/Libraries/XMCLib/inc\xmc_common.h ****  * 2016-11-18:
  51:C:/Users/Utente/Desktop/Tesi/Firmware_Software/DAVE project/S2GLP_Pulsed_Doppler/Libraries/XMCLib/inc\xmc_common.h ****  *     - Updated XMC_LIB_VERSION macro to v2.1.10
  52:C:/Users/Utente/Desktop/Tesi/Firmware_Software/DAVE project/S2GLP_Pulsed_Doppler/Libraries/XMCLib/inc\xmc_common.h ****  *     - Changed type of size in XMC_PRIOARRAY_t to fix compilation warnings
  53:C:/Users/Utente/Desktop/Tesi/Firmware_Software/DAVE project/S2GLP_Pulsed_Doppler/Libraries/XMCLib/inc\xmc_common.h ****  *
  54:C:/Users/Utente/Desktop/Tesi/Firmware_Software/DAVE project/S2GLP_Pulsed_Doppler/Libraries/XMCLib/inc\xmc_common.h ****  * 2017-04-04:
  55:C:/Users/Utente/Desktop/Tesi/Firmware_Software/DAVE project/S2GLP_Pulsed_Doppler/Libraries/XMCLib/inc\xmc_common.h ****  *     - Updated XMC_LIB_VERSION macro to v2.1.12
  56:C:/Users/Utente/Desktop/Tesi/Firmware_Software/DAVE project/S2GLP_Pulsed_Doppler/Libraries/XMCLib/inc\xmc_common.h ****  *
  57:C:/Users/Utente/Desktop/Tesi/Firmware_Software/DAVE project/S2GLP_Pulsed_Doppler/Libraries/XMCLib/inc\xmc_common.h ****  * 2017-06-24:
  58:C:/Users/Utente/Desktop/Tesi/Firmware_Software/DAVE project/S2GLP_Pulsed_Doppler/Libraries/XMCLib/inc\xmc_common.h ****  *     - Updated XMC_LIB_VERSION macro to v2.1.14
  59:C:/Users/Utente/Desktop/Tesi/Firmware_Software/DAVE project/S2GLP_Pulsed_Doppler/Libraries/XMCLib/inc\xmc_common.h ****  *
  60:C:/Users/Utente/Desktop/Tesi/Firmware_Software/DAVE project/S2GLP_Pulsed_Doppler/Libraries/XMCLib/inc\xmc_common.h ****  * 2017-08-03:
  61:C:/Users/Utente/Desktop/Tesi/Firmware_Software/DAVE project/S2GLP_Pulsed_Doppler/Libraries/XMCLib/inc\xmc_common.h ****  *     - Updated XMC_LIB_VERSION macro to v2.1.16
  62:C:/Users/Utente/Desktop/Tesi/Firmware_Software/DAVE project/S2GLP_Pulsed_Doppler/Libraries/XMCLib/inc\xmc_common.h ****  *     - Added __RAM_FUNC macro
  63:C:/Users/Utente/Desktop/Tesi/Firmware_Software/DAVE project/S2GLP_Pulsed_Doppler/Libraries/XMCLib/inc\xmc_common.h ****  *
  64:C:/Users/Utente/Desktop/Tesi/Firmware_Software/DAVE project/S2GLP_Pulsed_Doppler/Libraries/XMCLib/inc\xmc_common.h ****  * @endcond 
  65:C:/Users/Utente/Desktop/Tesi/Firmware_Software/DAVE project/S2GLP_Pulsed_Doppler/Libraries/XMCLib/inc\xmc_common.h ****  *
  66:C:/Users/Utente/Desktop/Tesi/Firmware_Software/DAVE project/S2GLP_Pulsed_Doppler/Libraries/XMCLib/inc\xmc_common.h ****  */
  67:C:/Users/Utente/Desktop/Tesi/Firmware_Software/DAVE project/S2GLP_Pulsed_Doppler/Libraries/XMCLib/inc\xmc_common.h **** 
  68:C:/Users/Utente/Desktop/Tesi/Firmware_Software/DAVE project/S2GLP_Pulsed_Doppler/Libraries/XMCLib/inc\xmc_common.h **** #ifndef XMC_COMMON_H
  69:C:/Users/Utente/Desktop/Tesi/Firmware_Software/DAVE project/S2GLP_Pulsed_Doppler/Libraries/XMCLib/inc\xmc_common.h **** #define XMC_COMMON_H
  70:C:/Users/Utente/Desktop/Tesi/Firmware_Software/DAVE project/S2GLP_Pulsed_Doppler/Libraries/XMCLib/inc\xmc_common.h **** 
  71:C:/Users/Utente/Desktop/Tesi/Firmware_Software/DAVE project/S2GLP_Pulsed_Doppler/Libraries/XMCLib/inc\xmc_common.h **** #include <stddef.h>
  72:C:/Users/Utente/Desktop/Tesi/Firmware_Software/DAVE project/S2GLP_Pulsed_Doppler/Libraries/XMCLib/inc\xmc_common.h **** #include <stdint.h>
  73:C:/Users/Utente/Desktop/Tesi/Firmware_Software/DAVE project/S2GLP_Pulsed_Doppler/Libraries/XMCLib/inc\xmc_common.h **** #include <stdbool.h>
  74:C:/Users/Utente/Desktop/Tesi/Firmware_Software/DAVE project/S2GLP_Pulsed_Doppler/Libraries/XMCLib/inc\xmc_common.h **** #include <string.h>
  75:C:/Users/Utente/Desktop/Tesi/Firmware_Software/DAVE project/S2GLP_Pulsed_Doppler/Libraries/XMCLib/inc\xmc_common.h **** 
  76:C:/Users/Utente/Desktop/Tesi/Firmware_Software/DAVE project/S2GLP_Pulsed_Doppler/Libraries/XMCLib/inc\xmc_common.h **** #include "xmc_device.h"
  77:C:/Users/Utente/Desktop/Tesi/Firmware_Software/DAVE project/S2GLP_Pulsed_Doppler/Libraries/XMCLib/inc\xmc_common.h **** 
  78:C:/Users/Utente/Desktop/Tesi/Firmware_Software/DAVE project/S2GLP_Pulsed_Doppler/Libraries/XMCLib/inc\xmc_common.h **** /**
  79:C:/Users/Utente/Desktop/Tesi/Firmware_Software/DAVE project/S2GLP_Pulsed_Doppler/Libraries/XMCLib/inc\xmc_common.h ****  * @addtogroup XMClib XMC Peripheral Library
  80:C:/Users/Utente/Desktop/Tesi/Firmware_Software/DAVE project/S2GLP_Pulsed_Doppler/Libraries/XMCLib/inc\xmc_common.h ****  * @{
  81:C:/Users/Utente/Desktop/Tesi/Firmware_Software/DAVE project/S2GLP_Pulsed_Doppler/Libraries/XMCLib/inc\xmc_common.h ****  */
  82:C:/Users/Utente/Desktop/Tesi/Firmware_Software/DAVE project/S2GLP_Pulsed_Doppler/Libraries/XMCLib/inc\xmc_common.h **** 
  83:C:/Users/Utente/Desktop/Tesi/Firmware_Software/DAVE project/S2GLP_Pulsed_Doppler/Libraries/XMCLib/inc\xmc_common.h **** /**
  84:C:/Users/Utente/Desktop/Tesi/Firmware_Software/DAVE project/S2GLP_Pulsed_Doppler/Libraries/XMCLib/inc\xmc_common.h ****  * @addtogroup COMMON
  85:C:/Users/Utente/Desktop/Tesi/Firmware_Software/DAVE project/S2GLP_Pulsed_Doppler/Libraries/XMCLib/inc\xmc_common.h ****  * @brief Common APIs to all peripherals for XMC microcontroller family 
  86:C:/Users/Utente/Desktop/Tesi/Firmware_Software/DAVE project/S2GLP_Pulsed_Doppler/Libraries/XMCLib/inc\xmc_common.h ****  * @{
  87:C:/Users/Utente/Desktop/Tesi/Firmware_Software/DAVE project/S2GLP_Pulsed_Doppler/Libraries/XMCLib/inc\xmc_common.h ****  */
  88:C:/Users/Utente/Desktop/Tesi/Firmware_Software/DAVE project/S2GLP_Pulsed_Doppler/Libraries/XMCLib/inc\xmc_common.h **** 
  89:C:/Users/Utente/Desktop/Tesi/Firmware_Software/DAVE project/S2GLP_Pulsed_Doppler/Libraries/XMCLib/inc\xmc_common.h **** /**************************************************************************************************
  90:C:/Users/Utente/Desktop/Tesi/Firmware_Software/DAVE project/S2GLP_Pulsed_Doppler/Libraries/XMCLib/inc\xmc_common.h ****  * MACROS
  91:C:/Users/Utente/Desktop/Tesi/Firmware_Software/DAVE project/S2GLP_Pulsed_Doppler/Libraries/XMCLib/inc\xmc_common.h ****  **************************************************************************************************
  92:C:/Users/Utente/Desktop/Tesi/Firmware_Software/DAVE project/S2GLP_Pulsed_Doppler/Libraries/XMCLib/inc\xmc_common.h **** #define XMC_LIB_MAJOR_VERSION	(2U)
  93:C:/Users/Utente/Desktop/Tesi/Firmware_Software/DAVE project/S2GLP_Pulsed_Doppler/Libraries/XMCLib/inc\xmc_common.h **** #define XMC_LIB_MINOR_VERSION	(1U)
  94:C:/Users/Utente/Desktop/Tesi/Firmware_Software/DAVE project/S2GLP_Pulsed_Doppler/Libraries/XMCLib/inc\xmc_common.h **** #define XMC_LIB_PATCH_VERSION	(16U)
  95:C:/Users/Utente/Desktop/Tesi/Firmware_Software/DAVE project/S2GLP_Pulsed_Doppler/Libraries/XMCLib/inc\xmc_common.h ****  
  96:C:/Users/Utente/Desktop/Tesi/Firmware_Software/DAVE project/S2GLP_Pulsed_Doppler/Libraries/XMCLib/inc\xmc_common.h **** #define XMC_LIB_VERSION         ((XMC_LIB_MAJOR_VERSION << 16U) + (XMC_LIB_MINOR_VERSION << 8U) + X
  97:C:/Users/Utente/Desktop/Tesi/Firmware_Software/DAVE project/S2GLP_Pulsed_Doppler/Libraries/XMCLib/inc\xmc_common.h **** 
  98:C:/Users/Utente/Desktop/Tesi/Firmware_Software/DAVE project/S2GLP_Pulsed_Doppler/Libraries/XMCLib/inc\xmc_common.h **** /* Define WEAK attribute */
  99:C:/Users/Utente/Desktop/Tesi/Firmware_Software/DAVE project/S2GLP_Pulsed_Doppler/Libraries/XMCLib/inc\xmc_common.h **** #if !defined(__WEAK)
 100:C:/Users/Utente/Desktop/Tesi/Firmware_Software/DAVE project/S2GLP_Pulsed_Doppler/Libraries/XMCLib/inc\xmc_common.h **** #if defined ( __CC_ARM )
 101:C:/Users/Utente/Desktop/Tesi/Firmware_Software/DAVE project/S2GLP_Pulsed_Doppler/Libraries/XMCLib/inc\xmc_common.h **** #define __WEAK __attribute__ ((weak))
 102:C:/Users/Utente/Desktop/Tesi/Firmware_Software/DAVE project/S2GLP_Pulsed_Doppler/Libraries/XMCLib/inc\xmc_common.h **** #elif defined ( __ICCARM__ )
 103:C:/Users/Utente/Desktop/Tesi/Firmware_Software/DAVE project/S2GLP_Pulsed_Doppler/Libraries/XMCLib/inc\xmc_common.h **** #define __WEAK __weak
 104:C:/Users/Utente/Desktop/Tesi/Firmware_Software/DAVE project/S2GLP_Pulsed_Doppler/Libraries/XMCLib/inc\xmc_common.h **** #elif defined ( __GNUC__ )
 105:C:/Users/Utente/Desktop/Tesi/Firmware_Software/DAVE project/S2GLP_Pulsed_Doppler/Libraries/XMCLib/inc\xmc_common.h **** #define __WEAK __attribute__ ((weak))
 106:C:/Users/Utente/Desktop/Tesi/Firmware_Software/DAVE project/S2GLP_Pulsed_Doppler/Libraries/XMCLib/inc\xmc_common.h **** #elif defined ( __TASKING__ )
 107:C:/Users/Utente/Desktop/Tesi/Firmware_Software/DAVE project/S2GLP_Pulsed_Doppler/Libraries/XMCLib/inc\xmc_common.h **** #define __WEAK __attribute__ ((weak))
 108:C:/Users/Utente/Desktop/Tesi/Firmware_Software/DAVE project/S2GLP_Pulsed_Doppler/Libraries/XMCLib/inc\xmc_common.h **** #endif
 109:C:/Users/Utente/Desktop/Tesi/Firmware_Software/DAVE project/S2GLP_Pulsed_Doppler/Libraries/XMCLib/inc\xmc_common.h **** #endif
 110:C:/Users/Utente/Desktop/Tesi/Firmware_Software/DAVE project/S2GLP_Pulsed_Doppler/Libraries/XMCLib/inc\xmc_common.h **** 
 111:C:/Users/Utente/Desktop/Tesi/Firmware_Software/DAVE project/S2GLP_Pulsed_Doppler/Libraries/XMCLib/inc\xmc_common.h **** #if !defined(__RAM_FUNC)
 112:C:/Users/Utente/Desktop/Tesi/Firmware_Software/DAVE project/S2GLP_Pulsed_Doppler/Libraries/XMCLib/inc\xmc_common.h **** #if defined ( __CC_ARM )
 113:C:/Users/Utente/Desktop/Tesi/Firmware_Software/DAVE project/S2GLP_Pulsed_Doppler/Libraries/XMCLib/inc\xmc_common.h **** // http://www.keil.com/support/docs/3723.htm
 114:C:/Users/Utente/Desktop/Tesi/Firmware_Software/DAVE project/S2GLP_Pulsed_Doppler/Libraries/XMCLib/inc\xmc_common.h **** #define __RAM_FUNC __attribute__((section("RAMCODESECTION")))
 115:C:/Users/Utente/Desktop/Tesi/Firmware_Software/DAVE project/S2GLP_Pulsed_Doppler/Libraries/XMCLib/inc\xmc_common.h **** #elif defined ( __ICCARM__ )
 116:C:/Users/Utente/Desktop/Tesi/Firmware_Software/DAVE project/S2GLP_Pulsed_Doppler/Libraries/XMCLib/inc\xmc_common.h **** // https://www.iar.com/support/tech-notes/linker/controlling-placement-of-the-section-where-__ramfu
 117:C:/Users/Utente/Desktop/Tesi/Firmware_Software/DAVE project/S2GLP_Pulsed_Doppler/Libraries/XMCLib/inc\xmc_common.h **** #define __RAM_FUNC __ramfunc
 118:C:/Users/Utente/Desktop/Tesi/Firmware_Software/DAVE project/S2GLP_Pulsed_Doppler/Libraries/XMCLib/inc\xmc_common.h **** #elif defined ( __GNUC__ )
 119:C:/Users/Utente/Desktop/Tesi/Firmware_Software/DAVE project/S2GLP_Pulsed_Doppler/Libraries/XMCLib/inc\xmc_common.h **** #define __RAM_FUNC __attribute__((section(".ram_code"), long_call))
 120:C:/Users/Utente/Desktop/Tesi/Firmware_Software/DAVE project/S2GLP_Pulsed_Doppler/Libraries/XMCLib/inc\xmc_common.h **** #elif defined ( __TASKING__ )
 121:C:/Users/Utente/Desktop/Tesi/Firmware_Software/DAVE project/S2GLP_Pulsed_Doppler/Libraries/XMCLib/inc\xmc_common.h **** #define __RAM_FUNC __attribute__((section(".ram_code")))
 122:C:/Users/Utente/Desktop/Tesi/Firmware_Software/DAVE project/S2GLP_Pulsed_Doppler/Libraries/XMCLib/inc\xmc_common.h **** #endif
 123:C:/Users/Utente/Desktop/Tesi/Firmware_Software/DAVE project/S2GLP_Pulsed_Doppler/Libraries/XMCLib/inc\xmc_common.h **** #endif
 124:C:/Users/Utente/Desktop/Tesi/Firmware_Software/DAVE project/S2GLP_Pulsed_Doppler/Libraries/XMCLib/inc\xmc_common.h **** 
 125:C:/Users/Utente/Desktop/Tesi/Firmware_Software/DAVE project/S2GLP_Pulsed_Doppler/Libraries/XMCLib/inc\xmc_common.h **** #ifdef XMC_ASSERT_ENABLE
 126:C:/Users/Utente/Desktop/Tesi/Firmware_Software/DAVE project/S2GLP_Pulsed_Doppler/Libraries/XMCLib/inc\xmc_common.h ****  #define XMC_ASSERT(msg, exp) { if(!(exp)) {XMC_AssertHandler(msg, __FILE__, __LINE__);} }
 127:C:/Users/Utente/Desktop/Tesi/Firmware_Software/DAVE project/S2GLP_Pulsed_Doppler/Libraries/XMCLib/inc\xmc_common.h **** #else
 128:C:/Users/Utente/Desktop/Tesi/Firmware_Software/DAVE project/S2GLP_Pulsed_Doppler/Libraries/XMCLib/inc\xmc_common.h ****  #define XMC_ASSERT(msg, exp) { ; }
 129:C:/Users/Utente/Desktop/Tesi/Firmware_Software/DAVE project/S2GLP_Pulsed_Doppler/Libraries/XMCLib/inc\xmc_common.h **** #endif
 130:C:/Users/Utente/Desktop/Tesi/Firmware_Software/DAVE project/S2GLP_Pulsed_Doppler/Libraries/XMCLib/inc\xmc_common.h **** 
 131:C:/Users/Utente/Desktop/Tesi/Firmware_Software/DAVE project/S2GLP_Pulsed_Doppler/Libraries/XMCLib/inc\xmc_common.h **** #ifdef XMC_DEBUG_ENABLE
 132:C:/Users/Utente/Desktop/Tesi/Firmware_Software/DAVE project/S2GLP_Pulsed_Doppler/Libraries/XMCLib/inc\xmc_common.h ****  #include <stdio.h>
 133:C:/Users/Utente/Desktop/Tesi/Firmware_Software/DAVE project/S2GLP_Pulsed_Doppler/Libraries/XMCLib/inc\xmc_common.h ****  #define XMC_DEBUG(...) { printf(__VA_ARGS__); }
 134:C:/Users/Utente/Desktop/Tesi/Firmware_Software/DAVE project/S2GLP_Pulsed_Doppler/Libraries/XMCLib/inc\xmc_common.h **** #else
 135:C:/Users/Utente/Desktop/Tesi/Firmware_Software/DAVE project/S2GLP_Pulsed_Doppler/Libraries/XMCLib/inc\xmc_common.h ****  #define XMC_DEBUG(...) { ; }
 136:C:/Users/Utente/Desktop/Tesi/Firmware_Software/DAVE project/S2GLP_Pulsed_Doppler/Libraries/XMCLib/inc\xmc_common.h **** #endif
 137:C:/Users/Utente/Desktop/Tesi/Firmware_Software/DAVE project/S2GLP_Pulsed_Doppler/Libraries/XMCLib/inc\xmc_common.h **** 
 138:C:/Users/Utente/Desktop/Tesi/Firmware_Software/DAVE project/S2GLP_Pulsed_Doppler/Libraries/XMCLib/inc\xmc_common.h **** #define XMC_UNUSED_ARG(x) (void)x
 139:C:/Users/Utente/Desktop/Tesi/Firmware_Software/DAVE project/S2GLP_Pulsed_Doppler/Libraries/XMCLib/inc\xmc_common.h **** 
 140:C:/Users/Utente/Desktop/Tesi/Firmware_Software/DAVE project/S2GLP_Pulsed_Doppler/Libraries/XMCLib/inc\xmc_common.h **** #define XMC_STRUCT_INIT(m) memset(&m, 0, sizeof(m))
 141:C:/Users/Utente/Desktop/Tesi/Firmware_Software/DAVE project/S2GLP_Pulsed_Doppler/Libraries/XMCLib/inc\xmc_common.h **** 
 142:C:/Users/Utente/Desktop/Tesi/Firmware_Software/DAVE project/S2GLP_Pulsed_Doppler/Libraries/XMCLib/inc\xmc_common.h **** #define XMC_PRIOARRAY_DEF(name, size) \
 143:C:/Users/Utente/Desktop/Tesi/Firmware_Software/DAVE project/S2GLP_Pulsed_Doppler/Libraries/XMCLib/inc\xmc_common.h **** XMC_PRIOARRAY_ITEM_t prioarray_m_##name[size + 2]; \
 144:C:/Users/Utente/Desktop/Tesi/Firmware_Software/DAVE project/S2GLP_Pulsed_Doppler/Libraries/XMCLib/inc\xmc_common.h **** XMC_PRIOARRAY_t prioarray_def_##name = {(size), (prioarray_m_##name)};
 145:C:/Users/Utente/Desktop/Tesi/Firmware_Software/DAVE project/S2GLP_Pulsed_Doppler/Libraries/XMCLib/inc\xmc_common.h **** 
 146:C:/Users/Utente/Desktop/Tesi/Firmware_Software/DAVE project/S2GLP_Pulsed_Doppler/Libraries/XMCLib/inc\xmc_common.h **** #define XMC_PRIOARRAY(name) \
 147:C:/Users/Utente/Desktop/Tesi/Firmware_Software/DAVE project/S2GLP_Pulsed_Doppler/Libraries/XMCLib/inc\xmc_common.h **** &prioarray_def_##name
 148:C:/Users/Utente/Desktop/Tesi/Firmware_Software/DAVE project/S2GLP_Pulsed_Doppler/Libraries/XMCLib/inc\xmc_common.h **** 
 149:C:/Users/Utente/Desktop/Tesi/Firmware_Software/DAVE project/S2GLP_Pulsed_Doppler/Libraries/XMCLib/inc\xmc_common.h **** /**************************************************************************************************
 150:C:/Users/Utente/Desktop/Tesi/Firmware_Software/DAVE project/S2GLP_Pulsed_Doppler/Libraries/XMCLib/inc\xmc_common.h ****  * DATA STRUCTURES
 151:C:/Users/Utente/Desktop/Tesi/Firmware_Software/DAVE project/S2GLP_Pulsed_Doppler/Libraries/XMCLib/inc\xmc_common.h ****  **************************************************************************************************
 152:C:/Users/Utente/Desktop/Tesi/Firmware_Software/DAVE project/S2GLP_Pulsed_Doppler/Libraries/XMCLib/inc\xmc_common.h **** /*
 153:C:/Users/Utente/Desktop/Tesi/Firmware_Software/DAVE project/S2GLP_Pulsed_Doppler/Libraries/XMCLib/inc\xmc_common.h ****  *
 154:C:/Users/Utente/Desktop/Tesi/Firmware_Software/DAVE project/S2GLP_Pulsed_Doppler/Libraries/XMCLib/inc\xmc_common.h ****  */
 155:C:/Users/Utente/Desktop/Tesi/Firmware_Software/DAVE project/S2GLP_Pulsed_Doppler/Libraries/XMCLib/inc\xmc_common.h **** typedef struct XMC_DRIVER_VERSION 
 156:C:/Users/Utente/Desktop/Tesi/Firmware_Software/DAVE project/S2GLP_Pulsed_Doppler/Libraries/XMCLib/inc\xmc_common.h **** {
 157:C:/Users/Utente/Desktop/Tesi/Firmware_Software/DAVE project/S2GLP_Pulsed_Doppler/Libraries/XMCLib/inc\xmc_common.h ****   uint8_t major;
 158:C:/Users/Utente/Desktop/Tesi/Firmware_Software/DAVE project/S2GLP_Pulsed_Doppler/Libraries/XMCLib/inc\xmc_common.h ****   uint8_t minor;
 159:C:/Users/Utente/Desktop/Tesi/Firmware_Software/DAVE project/S2GLP_Pulsed_Doppler/Libraries/XMCLib/inc\xmc_common.h ****   uint8_t patch;
 160:C:/Users/Utente/Desktop/Tesi/Firmware_Software/DAVE project/S2GLP_Pulsed_Doppler/Libraries/XMCLib/inc\xmc_common.h **** } XMC_DRIVER_VERSION_t;
 161:C:/Users/Utente/Desktop/Tesi/Firmware_Software/DAVE project/S2GLP_Pulsed_Doppler/Libraries/XMCLib/inc\xmc_common.h **** 
 162:C:/Users/Utente/Desktop/Tesi/Firmware_Software/DAVE project/S2GLP_Pulsed_Doppler/Libraries/XMCLib/inc\xmc_common.h **** /*
 163:C:/Users/Utente/Desktop/Tesi/Firmware_Software/DAVE project/S2GLP_Pulsed_Doppler/Libraries/XMCLib/inc\xmc_common.h ****  *
 164:C:/Users/Utente/Desktop/Tesi/Firmware_Software/DAVE project/S2GLP_Pulsed_Doppler/Libraries/XMCLib/inc\xmc_common.h ****  */
 165:C:/Users/Utente/Desktop/Tesi/Firmware_Software/DAVE project/S2GLP_Pulsed_Doppler/Libraries/XMCLib/inc\xmc_common.h **** typedef void *XMC_LIST_t;
 166:C:/Users/Utente/Desktop/Tesi/Firmware_Software/DAVE project/S2GLP_Pulsed_Doppler/Libraries/XMCLib/inc\xmc_common.h **** 
 167:C:/Users/Utente/Desktop/Tesi/Firmware_Software/DAVE project/S2GLP_Pulsed_Doppler/Libraries/XMCLib/inc\xmc_common.h **** /*
 168:C:/Users/Utente/Desktop/Tesi/Firmware_Software/DAVE project/S2GLP_Pulsed_Doppler/Libraries/XMCLib/inc\xmc_common.h ****  *
 169:C:/Users/Utente/Desktop/Tesi/Firmware_Software/DAVE project/S2GLP_Pulsed_Doppler/Libraries/XMCLib/inc\xmc_common.h ****  */
 170:C:/Users/Utente/Desktop/Tesi/Firmware_Software/DAVE project/S2GLP_Pulsed_Doppler/Libraries/XMCLib/inc\xmc_common.h **** typedef struct XMC_PRIOARRAY_ITEM
 171:C:/Users/Utente/Desktop/Tesi/Firmware_Software/DAVE project/S2GLP_Pulsed_Doppler/Libraries/XMCLib/inc\xmc_common.h **** {
 172:C:/Users/Utente/Desktop/Tesi/Firmware_Software/DAVE project/S2GLP_Pulsed_Doppler/Libraries/XMCLib/inc\xmc_common.h ****   int32_t priority;
 173:C:/Users/Utente/Desktop/Tesi/Firmware_Software/DAVE project/S2GLP_Pulsed_Doppler/Libraries/XMCLib/inc\xmc_common.h ****   int32_t previous;
 174:C:/Users/Utente/Desktop/Tesi/Firmware_Software/DAVE project/S2GLP_Pulsed_Doppler/Libraries/XMCLib/inc\xmc_common.h ****   int32_t next;
 175:C:/Users/Utente/Desktop/Tesi/Firmware_Software/DAVE project/S2GLP_Pulsed_Doppler/Libraries/XMCLib/inc\xmc_common.h **** } XMC_PRIOARRAY_ITEM_t;
 176:C:/Users/Utente/Desktop/Tesi/Firmware_Software/DAVE project/S2GLP_Pulsed_Doppler/Libraries/XMCLib/inc\xmc_common.h **** 
 177:C:/Users/Utente/Desktop/Tesi/Firmware_Software/DAVE project/S2GLP_Pulsed_Doppler/Libraries/XMCLib/inc\xmc_common.h **** /*
 178:C:/Users/Utente/Desktop/Tesi/Firmware_Software/DAVE project/S2GLP_Pulsed_Doppler/Libraries/XMCLib/inc\xmc_common.h ****  *
 179:C:/Users/Utente/Desktop/Tesi/Firmware_Software/DAVE project/S2GLP_Pulsed_Doppler/Libraries/XMCLib/inc\xmc_common.h ****  */
 180:C:/Users/Utente/Desktop/Tesi/Firmware_Software/DAVE project/S2GLP_Pulsed_Doppler/Libraries/XMCLib/inc\xmc_common.h **** typedef struct XMC_PRIOARRAY
 181:C:/Users/Utente/Desktop/Tesi/Firmware_Software/DAVE project/S2GLP_Pulsed_Doppler/Libraries/XMCLib/inc\xmc_common.h **** {
 182:C:/Users/Utente/Desktop/Tesi/Firmware_Software/DAVE project/S2GLP_Pulsed_Doppler/Libraries/XMCLib/inc\xmc_common.h ****   int32_t size;
 183:C:/Users/Utente/Desktop/Tesi/Firmware_Software/DAVE project/S2GLP_Pulsed_Doppler/Libraries/XMCLib/inc\xmc_common.h ****   XMC_PRIOARRAY_ITEM_t *items;
 184:C:/Users/Utente/Desktop/Tesi/Firmware_Software/DAVE project/S2GLP_Pulsed_Doppler/Libraries/XMCLib/inc\xmc_common.h **** } XMC_PRIOARRAY_t;
 185:C:/Users/Utente/Desktop/Tesi/Firmware_Software/DAVE project/S2GLP_Pulsed_Doppler/Libraries/XMCLib/inc\xmc_common.h **** 
 186:C:/Users/Utente/Desktop/Tesi/Firmware_Software/DAVE project/S2GLP_Pulsed_Doppler/Libraries/XMCLib/inc\xmc_common.h **** /**************************************************************************************************
 187:C:/Users/Utente/Desktop/Tesi/Firmware_Software/DAVE project/S2GLP_Pulsed_Doppler/Libraries/XMCLib/inc\xmc_common.h ****  * API PROTOTYPES
 188:C:/Users/Utente/Desktop/Tesi/Firmware_Software/DAVE project/S2GLP_Pulsed_Doppler/Libraries/XMCLib/inc\xmc_common.h ****  **************************************************************************************************
 189:C:/Users/Utente/Desktop/Tesi/Firmware_Software/DAVE project/S2GLP_Pulsed_Doppler/Libraries/XMCLib/inc\xmc_common.h **** 
 190:C:/Users/Utente/Desktop/Tesi/Firmware_Software/DAVE project/S2GLP_Pulsed_Doppler/Libraries/XMCLib/inc\xmc_common.h **** #ifdef __cplusplus
 191:C:/Users/Utente/Desktop/Tesi/Firmware_Software/DAVE project/S2GLP_Pulsed_Doppler/Libraries/XMCLib/inc\xmc_common.h **** extern "C" {
 192:C:/Users/Utente/Desktop/Tesi/Firmware_Software/DAVE project/S2GLP_Pulsed_Doppler/Libraries/XMCLib/inc\xmc_common.h **** #endif
 193:C:/Users/Utente/Desktop/Tesi/Firmware_Software/DAVE project/S2GLP_Pulsed_Doppler/Libraries/XMCLib/inc\xmc_common.h **** 
 194:C:/Users/Utente/Desktop/Tesi/Firmware_Software/DAVE project/S2GLP_Pulsed_Doppler/Libraries/XMCLib/inc\xmc_common.h **** /*
 195:C:/Users/Utente/Desktop/Tesi/Firmware_Software/DAVE project/S2GLP_Pulsed_Doppler/Libraries/XMCLib/inc\xmc_common.h ****  *
 196:C:/Users/Utente/Desktop/Tesi/Firmware_Software/DAVE project/S2GLP_Pulsed_Doppler/Libraries/XMCLib/inc\xmc_common.h ****  */
 197:C:/Users/Utente/Desktop/Tesi/Firmware_Software/DAVE project/S2GLP_Pulsed_Doppler/Libraries/XMCLib/inc\xmc_common.h **** void XMC_AssertHandler(const char *const msg, const char *const file, uint32_t line);
 198:C:/Users/Utente/Desktop/Tesi/Firmware_Software/DAVE project/S2GLP_Pulsed_Doppler/Libraries/XMCLib/inc\xmc_common.h **** 
 199:C:/Users/Utente/Desktop/Tesi/Firmware_Software/DAVE project/S2GLP_Pulsed_Doppler/Libraries/XMCLib/inc\xmc_common.h **** /*
 200:C:/Users/Utente/Desktop/Tesi/Firmware_Software/DAVE project/S2GLP_Pulsed_Doppler/Libraries/XMCLib/inc\xmc_common.h ****  *
 201:C:/Users/Utente/Desktop/Tesi/Firmware_Software/DAVE project/S2GLP_Pulsed_Doppler/Libraries/XMCLib/inc\xmc_common.h ****  */
 202:C:/Users/Utente/Desktop/Tesi/Firmware_Software/DAVE project/S2GLP_Pulsed_Doppler/Libraries/XMCLib/inc\xmc_common.h **** void XMC_LIST_Init(XMC_LIST_t *list);
 203:C:/Users/Utente/Desktop/Tesi/Firmware_Software/DAVE project/S2GLP_Pulsed_Doppler/Libraries/XMCLib/inc\xmc_common.h **** 
 204:C:/Users/Utente/Desktop/Tesi/Firmware_Software/DAVE project/S2GLP_Pulsed_Doppler/Libraries/XMCLib/inc\xmc_common.h **** /*
 205:C:/Users/Utente/Desktop/Tesi/Firmware_Software/DAVE project/S2GLP_Pulsed_Doppler/Libraries/XMCLib/inc\xmc_common.h ****  *
 206:C:/Users/Utente/Desktop/Tesi/Firmware_Software/DAVE project/S2GLP_Pulsed_Doppler/Libraries/XMCLib/inc\xmc_common.h ****  */
 207:C:/Users/Utente/Desktop/Tesi/Firmware_Software/DAVE project/S2GLP_Pulsed_Doppler/Libraries/XMCLib/inc\xmc_common.h **** void XMC_LIST_Add(XMC_LIST_t *list, void *const item);
 208:C:/Users/Utente/Desktop/Tesi/Firmware_Software/DAVE project/S2GLP_Pulsed_Doppler/Libraries/XMCLib/inc\xmc_common.h **** 
 209:C:/Users/Utente/Desktop/Tesi/Firmware_Software/DAVE project/S2GLP_Pulsed_Doppler/Libraries/XMCLib/inc\xmc_common.h **** /*
 210:C:/Users/Utente/Desktop/Tesi/Firmware_Software/DAVE project/S2GLP_Pulsed_Doppler/Libraries/XMCLib/inc\xmc_common.h ****  *
 211:C:/Users/Utente/Desktop/Tesi/Firmware_Software/DAVE project/S2GLP_Pulsed_Doppler/Libraries/XMCLib/inc\xmc_common.h ****  */
 212:C:/Users/Utente/Desktop/Tesi/Firmware_Software/DAVE project/S2GLP_Pulsed_Doppler/Libraries/XMCLib/inc\xmc_common.h **** void XMC_LIST_Remove(XMC_LIST_t *list, void *const item);
 213:C:/Users/Utente/Desktop/Tesi/Firmware_Software/DAVE project/S2GLP_Pulsed_Doppler/Libraries/XMCLib/inc\xmc_common.h **** 
 214:C:/Users/Utente/Desktop/Tesi/Firmware_Software/DAVE project/S2GLP_Pulsed_Doppler/Libraries/XMCLib/inc\xmc_common.h **** /*
 215:C:/Users/Utente/Desktop/Tesi/Firmware_Software/DAVE project/S2GLP_Pulsed_Doppler/Libraries/XMCLib/inc\xmc_common.h ****  *
 216:C:/Users/Utente/Desktop/Tesi/Firmware_Software/DAVE project/S2GLP_Pulsed_Doppler/Libraries/XMCLib/inc\xmc_common.h ****  */
 217:C:/Users/Utente/Desktop/Tesi/Firmware_Software/DAVE project/S2GLP_Pulsed_Doppler/Libraries/XMCLib/inc\xmc_common.h **** uint32_t XMC_LIST_GetLength(XMC_LIST_t *list);
 218:C:/Users/Utente/Desktop/Tesi/Firmware_Software/DAVE project/S2GLP_Pulsed_Doppler/Libraries/XMCLib/inc\xmc_common.h **** 
 219:C:/Users/Utente/Desktop/Tesi/Firmware_Software/DAVE project/S2GLP_Pulsed_Doppler/Libraries/XMCLib/inc\xmc_common.h **** /*
 220:C:/Users/Utente/Desktop/Tesi/Firmware_Software/DAVE project/S2GLP_Pulsed_Doppler/Libraries/XMCLib/inc\xmc_common.h ****  *
 221:C:/Users/Utente/Desktop/Tesi/Firmware_Software/DAVE project/S2GLP_Pulsed_Doppler/Libraries/XMCLib/inc\xmc_common.h ****  */
 222:C:/Users/Utente/Desktop/Tesi/Firmware_Software/DAVE project/S2GLP_Pulsed_Doppler/Libraries/XMCLib/inc\xmc_common.h **** void *XMC_LIST_GetHead(XMC_LIST_t *list);
 223:C:/Users/Utente/Desktop/Tesi/Firmware_Software/DAVE project/S2GLP_Pulsed_Doppler/Libraries/XMCLib/inc\xmc_common.h **** 
 224:C:/Users/Utente/Desktop/Tesi/Firmware_Software/DAVE project/S2GLP_Pulsed_Doppler/Libraries/XMCLib/inc\xmc_common.h **** /*
 225:C:/Users/Utente/Desktop/Tesi/Firmware_Software/DAVE project/S2GLP_Pulsed_Doppler/Libraries/XMCLib/inc\xmc_common.h ****  *
 226:C:/Users/Utente/Desktop/Tesi/Firmware_Software/DAVE project/S2GLP_Pulsed_Doppler/Libraries/XMCLib/inc\xmc_common.h ****  */
 227:C:/Users/Utente/Desktop/Tesi/Firmware_Software/DAVE project/S2GLP_Pulsed_Doppler/Libraries/XMCLib/inc\xmc_common.h **** void *XMC_LIST_GetTail(XMC_LIST_t *list);
 228:C:/Users/Utente/Desktop/Tesi/Firmware_Software/DAVE project/S2GLP_Pulsed_Doppler/Libraries/XMCLib/inc\xmc_common.h **** 
 229:C:/Users/Utente/Desktop/Tesi/Firmware_Software/DAVE project/S2GLP_Pulsed_Doppler/Libraries/XMCLib/inc\xmc_common.h **** /*
 230:C:/Users/Utente/Desktop/Tesi/Firmware_Software/DAVE project/S2GLP_Pulsed_Doppler/Libraries/XMCLib/inc\xmc_common.h ****  *
 231:C:/Users/Utente/Desktop/Tesi/Firmware_Software/DAVE project/S2GLP_Pulsed_Doppler/Libraries/XMCLib/inc\xmc_common.h ****  */
 232:C:/Users/Utente/Desktop/Tesi/Firmware_Software/DAVE project/S2GLP_Pulsed_Doppler/Libraries/XMCLib/inc\xmc_common.h **** void XMC_LIST_Insert(XMC_LIST_t *list, void *prev_item, void *new_item);
 233:C:/Users/Utente/Desktop/Tesi/Firmware_Software/DAVE project/S2GLP_Pulsed_Doppler/Libraries/XMCLib/inc\xmc_common.h **** 
 234:C:/Users/Utente/Desktop/Tesi/Firmware_Software/DAVE project/S2GLP_Pulsed_Doppler/Libraries/XMCLib/inc\xmc_common.h **** /*
 235:C:/Users/Utente/Desktop/Tesi/Firmware_Software/DAVE project/S2GLP_Pulsed_Doppler/Libraries/XMCLib/inc\xmc_common.h ****  *
 236:C:/Users/Utente/Desktop/Tesi/Firmware_Software/DAVE project/S2GLP_Pulsed_Doppler/Libraries/XMCLib/inc\xmc_common.h ****  */
 237:C:/Users/Utente/Desktop/Tesi/Firmware_Software/DAVE project/S2GLP_Pulsed_Doppler/Libraries/XMCLib/inc\xmc_common.h **** void XMC_PRIOARRAY_Init(XMC_PRIOARRAY_t *prioarray);
 238:C:/Users/Utente/Desktop/Tesi/Firmware_Software/DAVE project/S2GLP_Pulsed_Doppler/Libraries/XMCLib/inc\xmc_common.h **** 
 239:C:/Users/Utente/Desktop/Tesi/Firmware_Software/DAVE project/S2GLP_Pulsed_Doppler/Libraries/XMCLib/inc\xmc_common.h **** /*
 240:C:/Users/Utente/Desktop/Tesi/Firmware_Software/DAVE project/S2GLP_Pulsed_Doppler/Libraries/XMCLib/inc\xmc_common.h ****  *
 241:C:/Users/Utente/Desktop/Tesi/Firmware_Software/DAVE project/S2GLP_Pulsed_Doppler/Libraries/XMCLib/inc\xmc_common.h ****  */
 242:C:/Users/Utente/Desktop/Tesi/Firmware_Software/DAVE project/S2GLP_Pulsed_Doppler/Libraries/XMCLib/inc\xmc_common.h **** void XMC_PRIOARRAY_Add(XMC_PRIOARRAY_t *prioarray, int32_t item, int32_t priority);
 243:C:/Users/Utente/Desktop/Tesi/Firmware_Software/DAVE project/S2GLP_Pulsed_Doppler/Libraries/XMCLib/inc\xmc_common.h **** 
 244:C:/Users/Utente/Desktop/Tesi/Firmware_Software/DAVE project/S2GLP_Pulsed_Doppler/Libraries/XMCLib/inc\xmc_common.h **** /*
 245:C:/Users/Utente/Desktop/Tesi/Firmware_Software/DAVE project/S2GLP_Pulsed_Doppler/Libraries/XMCLib/inc\xmc_common.h ****  *
 246:C:/Users/Utente/Desktop/Tesi/Firmware_Software/DAVE project/S2GLP_Pulsed_Doppler/Libraries/XMCLib/inc\xmc_common.h ****  */
 247:C:/Users/Utente/Desktop/Tesi/Firmware_Software/DAVE project/S2GLP_Pulsed_Doppler/Libraries/XMCLib/inc\xmc_common.h **** void XMC_PRIOARRAY_Remove(XMC_PRIOARRAY_t *prioarray, int32_t item);
 248:C:/Users/Utente/Desktop/Tesi/Firmware_Software/DAVE project/S2GLP_Pulsed_Doppler/Libraries/XMCLib/inc\xmc_common.h **** 
 249:C:/Users/Utente/Desktop/Tesi/Firmware_Software/DAVE project/S2GLP_Pulsed_Doppler/Libraries/XMCLib/inc\xmc_common.h **** /*
 250:C:/Users/Utente/Desktop/Tesi/Firmware_Software/DAVE project/S2GLP_Pulsed_Doppler/Libraries/XMCLib/inc\xmc_common.h ****  *
 251:C:/Users/Utente/Desktop/Tesi/Firmware_Software/DAVE project/S2GLP_Pulsed_Doppler/Libraries/XMCLib/inc\xmc_common.h ****  */
 252:C:/Users/Utente/Desktop/Tesi/Firmware_Software/DAVE project/S2GLP_Pulsed_Doppler/Libraries/XMCLib/inc\xmc_common.h **** __STATIC_INLINE int32_t XMC_PRIOARRAY_GetHead(XMC_PRIOARRAY_t *prioarray)
 253:C:/Users/Utente/Desktop/Tesi/Firmware_Software/DAVE project/S2GLP_Pulsed_Doppler/Libraries/XMCLib/inc\xmc_common.h **** {
 254:C:/Users/Utente/Desktop/Tesi/Firmware_Software/DAVE project/S2GLP_Pulsed_Doppler/Libraries/XMCLib/inc\xmc_common.h ****   XMC_ASSERT("XMC_PRIOARRAY_Init: NULL pointer", prioarray != NULL);
 255:C:/Users/Utente/Desktop/Tesi/Firmware_Software/DAVE project/S2GLP_Pulsed_Doppler/Libraries/XMCLib/inc\xmc_common.h ****   return prioarray->items[prioarray->size].next;
 322              	 .loc 2 255 0
 323 0002 90E81800 	 ldmia r0,{r3,r4}
 324 0006 03EB4303 	 add r3,r3,r3,lsl#1
 325 000a 04EB8303 	 add r3,r4,r3,lsl#2
 326 000e 9B68     	 ldr r3,[r3,#8]
 327              	.LVL29:
 328              	.LBE13:
 329              	.LBE12:
 330              	.LBB14:
 331              	.LBB15:
 256:C:/Users/Utente/Desktop/Tesi/Firmware_Software/DAVE project/S2GLP_Pulsed_Doppler/Libraries/XMCLib/inc\xmc_common.h **** }
 257:C:/Users/Utente/Desktop/Tesi/Firmware_Software/DAVE project/S2GLP_Pulsed_Doppler/Libraries/XMCLib/inc\xmc_common.h **** 
 258:C:/Users/Utente/Desktop/Tesi/Firmware_Software/DAVE project/S2GLP_Pulsed_Doppler/Libraries/XMCLib/inc\xmc_common.h **** /*
 259:C:/Users/Utente/Desktop/Tesi/Firmware_Software/DAVE project/S2GLP_Pulsed_Doppler/Libraries/XMCLib/inc\xmc_common.h ****  *
 260:C:/Users/Utente/Desktop/Tesi/Firmware_Software/DAVE project/S2GLP_Pulsed_Doppler/Libraries/XMCLib/inc\xmc_common.h ****  */
 261:C:/Users/Utente/Desktop/Tesi/Firmware_Software/DAVE project/S2GLP_Pulsed_Doppler/Libraries/XMCLib/inc\xmc_common.h **** __STATIC_INLINE int32_t XMC_PRIOARRAY_GetTail(XMC_PRIOARRAY_t *prioarray)
 262:C:/Users/Utente/Desktop/Tesi/Firmware_Software/DAVE project/S2GLP_Pulsed_Doppler/Libraries/XMCLib/inc\xmc_common.h **** {
 263:C:/Users/Utente/Desktop/Tesi/Firmware_Software/DAVE project/S2GLP_Pulsed_Doppler/Libraries/XMCLib/inc\xmc_common.h ****   XMC_ASSERT("XMC_PRIOARRAY_Init: NULL pointer", prioarray != NULL);
 264:C:/Users/Utente/Desktop/Tesi/Firmware_Software/DAVE project/S2GLP_Pulsed_Doppler/Libraries/XMCLib/inc\xmc_common.h ****   return prioarray->items[prioarray->size + 1].previous;
 265:C:/Users/Utente/Desktop/Tesi/Firmware_Software/DAVE project/S2GLP_Pulsed_Doppler/Libraries/XMCLib/inc\xmc_common.h **** }
 266:C:/Users/Utente/Desktop/Tesi/Firmware_Software/DAVE project/S2GLP_Pulsed_Doppler/Libraries/XMCLib/inc\xmc_common.h **** 
 267:C:/Users/Utente/Desktop/Tesi/Firmware_Software/DAVE project/S2GLP_Pulsed_Doppler/Libraries/XMCLib/inc\xmc_common.h **** /*
 268:C:/Users/Utente/Desktop/Tesi/Firmware_Software/DAVE project/S2GLP_Pulsed_Doppler/Libraries/XMCLib/inc\xmc_common.h ****  *
 269:C:/Users/Utente/Desktop/Tesi/Firmware_Software/DAVE project/S2GLP_Pulsed_Doppler/Libraries/XMCLib/inc\xmc_common.h ****  */
 270:C:/Users/Utente/Desktop/Tesi/Firmware_Software/DAVE project/S2GLP_Pulsed_Doppler/Libraries/XMCLib/inc\xmc_common.h **** __STATIC_INLINE int32_t XMC_PRIOARRAY_GetItemPriority(XMC_PRIOARRAY_t *prioarray, int32_t item)
 271:C:/Users/Utente/Desktop/Tesi/Firmware_Software/DAVE project/S2GLP_Pulsed_Doppler/Libraries/XMCLib/inc\xmc_common.h **** {
 272:C:/Users/Utente/Desktop/Tesi/Firmware_Software/DAVE project/S2GLP_Pulsed_Doppler/Libraries/XMCLib/inc\xmc_common.h ****   XMC_ASSERT("XMC_PRIOARRAY_GetItemPriority: item out of range", (item >= 0) && (item < prioarray->
 273:C:/Users/Utente/Desktop/Tesi/Firmware_Software/DAVE project/S2GLP_Pulsed_Doppler/Libraries/XMCLib/inc\xmc_common.h ****   return prioarray->items[item].priority;
 332              	 .loc 2 273 0
 333 0010 03EB4300 	 add r0,r3,r3,lsl#1
 334              	.LVL30:
 335 0014 8000     	 lsls r0,r0,#2
 336 0016 2518     	 adds r5,r4,r0
 337              	.LBE15:
 338              	.LBE14:
 184:../Libraries/XMCLib/src/xmc_common.c ****   int32_t next;
 185:../Libraries/XMCLib/src/xmc_common.c ****   int32_t previous;
 186:../Libraries/XMCLib/src/xmc_common.c **** 
 187:../Libraries/XMCLib/src/xmc_common.c ****   XMC_ASSERT("XMC_PRIOARRAY_Add: item out of range", (item >= 0) && (item < prioarray->size));
 188:../Libraries/XMCLib/src/xmc_common.c ****   
 189:../Libraries/XMCLib/src/xmc_common.c ****   next = XMC_PRIOARRAY_GetHead(prioarray);
 190:../Libraries/XMCLib/src/xmc_common.c ****   while (XMC_PRIOARRAY_GetItemPriority(prioarray, next) > priority)
 339              	 .loc 1 190 0
 340 0018 2058     	 ldr r0,[r4,r0]
 341 001a 8242     	 cmp r2,r0
 342 001c 08DA     	 bge .L43
 343              	.L44:
 344              	.LVL31:
 345              	.LBB17:
 346              	.LBB18:
 274:C:/Users/Utente/Desktop/Tesi/Firmware_Software/DAVE project/S2GLP_Pulsed_Doppler/Libraries/XMCLib/inc\xmc_common.h **** }
 275:C:/Users/Utente/Desktop/Tesi/Firmware_Software/DAVE project/S2GLP_Pulsed_Doppler/Libraries/XMCLib/inc\xmc_common.h **** 
 276:C:/Users/Utente/Desktop/Tesi/Firmware_Software/DAVE project/S2GLP_Pulsed_Doppler/Libraries/XMCLib/inc\xmc_common.h **** /*
 277:C:/Users/Utente/Desktop/Tesi/Firmware_Software/DAVE project/S2GLP_Pulsed_Doppler/Libraries/XMCLib/inc\xmc_common.h ****  *
 278:C:/Users/Utente/Desktop/Tesi/Firmware_Software/DAVE project/S2GLP_Pulsed_Doppler/Libraries/XMCLib/inc\xmc_common.h ****  */
 279:C:/Users/Utente/Desktop/Tesi/Firmware_Software/DAVE project/S2GLP_Pulsed_Doppler/Libraries/XMCLib/inc\xmc_common.h **** __STATIC_INLINE int32_t XMC_PRIOARRAY_GetItemNext(XMC_PRIOARRAY_t *prioarray, int32_t item)
 280:C:/Users/Utente/Desktop/Tesi/Firmware_Software/DAVE project/S2GLP_Pulsed_Doppler/Libraries/XMCLib/inc\xmc_common.h **** {
 281:C:/Users/Utente/Desktop/Tesi/Firmware_Software/DAVE project/S2GLP_Pulsed_Doppler/Libraries/XMCLib/inc\xmc_common.h ****   XMC_ASSERT("XMC_PRIOARRAY_GetItemNext: item out of range", (item >= 0) && (item < prioarray->size
 282:C:/Users/Utente/Desktop/Tesi/Firmware_Software/DAVE project/S2GLP_Pulsed_Doppler/Libraries/XMCLib/inc\xmc_common.h ****   return prioarray->items[item].next;
 347              	 .loc 2 282 0
 348 001e AB68     	 ldr r3,[r5,#8]
 349              	.LBE18:
 350              	.LBE17:
 351              	.LBB19:
 352              	.LBB16:
 273:C:/Users/Utente/Desktop/Tesi/Firmware_Software/DAVE project/S2GLP_Pulsed_Doppler/Libraries/XMCLib/inc\xmc_common.h **** }
 353              	 .loc 2 273 0
 354 0020 03EB4300 	 add r0,r3,r3,lsl#1
 355 0024 04EB8005 	 add r5,r4,r0,lsl#2
 356              	.LVL32:
 357              	.LBE16:
 358              	.LBE19:
 359              	 .loc 1 190 0
 360 0028 54F82000 	 ldr r0,[r4,r0,lsl#2]
 361 002c 8242     	 cmp r2,r0
 362 002e F6DB     	 blt .L44
 363              	.LVL33:
 364              	.L43:
 191:../Libraries/XMCLib/src/xmc_common.c ****   {
 192:../Libraries/XMCLib/src/xmc_common.c ****     next = XMC_PRIOARRAY_GetItemNext(prioarray, next);
 193:../Libraries/XMCLib/src/xmc_common.c ****   }
 194:../Libraries/XMCLib/src/xmc_common.c **** 
 195:../Libraries/XMCLib/src/xmc_common.c ****   previous = prioarray->items[next].previous;
 365              	 .loc 1 195 0
 366 0030 6F68     	 ldr r7,[r5,#4]
 367              	.LVL34:
 196:../Libraries/XMCLib/src/xmc_common.c **** 
 197:../Libraries/XMCLib/src/xmc_common.c ****   prioarray->items[item].next = next;
 368              	 .loc 1 197 0
 369 0032 01EB4100 	 add r0,r1,r1,lsl#1
 370 0036 8000     	 lsls r0,r0,#2
 198:../Libraries/XMCLib/src/xmc_common.c ****   prioarray->items[item].previous = previous;
 199:../Libraries/XMCLib/src/xmc_common.c ****   prioarray->items[item].priority = priority;
 200:../Libraries/XMCLib/src/xmc_common.c **** 
 201:../Libraries/XMCLib/src/xmc_common.c ****   prioarray->items[previous].next = item;
 371              	 .loc 1 201 0
 372 0038 07EB4706 	 add r6,r7,r7,lsl#1
 197:../Libraries/XMCLib/src/xmc_common.c ****   prioarray->items[item].previous = previous;
 373              	 .loc 1 197 0
 374 003c 04EB000E 	 add lr,r4,r0
 375              	 .loc 1 201 0
 376 0040 04EB8606 	 add r6,r4,r6,lsl#2
 197:../Libraries/XMCLib/src/xmc_common.c ****   prioarray->items[item].previous = previous;
 377              	 .loc 1 197 0
 378 0044 CEF80830 	 str r3,[lr,#8]
 198:../Libraries/XMCLib/src/xmc_common.c ****   prioarray->items[item].previous = previous;
 379              	 .loc 1 198 0
 380 0048 CEF80470 	 str r7,[lr,#4]
 199:../Libraries/XMCLib/src/xmc_common.c **** 
 381              	 .loc 1 199 0
 382 004c 2250     	 str r2,[r4,r0]
 383              	 .loc 1 201 0
 384 004e B160     	 str r1,[r6,#8]
 202:../Libraries/XMCLib/src/xmc_common.c ****   prioarray->items[next].previous = item;
 385              	 .loc 1 202 0
 386 0050 6960     	 str r1,[r5,#4]
 387 0052 F0BD     	 pop {r4,r5,r6,r7,pc}
 388              	 .cfi_endproc
 389              	.LFE135:
 391              	 .section .text.XMC_PRIOARRAY_Remove,"ax",%progbits
 392              	 .align 2
 393              	 .global XMC_PRIOARRAY_Remove
 394              	 .thumb
 395              	 .thumb_func
 397              	XMC_PRIOARRAY_Remove:
 398              	.LFB136:
 203:../Libraries/XMCLib/src/xmc_common.c **** }
 204:../Libraries/XMCLib/src/xmc_common.c **** 
 205:../Libraries/XMCLib/src/xmc_common.c **** void XMC_PRIOARRAY_Remove(XMC_PRIOARRAY_t *prioarray, int32_t item)
 206:../Libraries/XMCLib/src/xmc_common.c **** {
 399              	 .loc 1 206 0
 400              	 .cfi_startproc
 401              	 
 402              	 
 403              	 
 404              	.LVL35:
 207:../Libraries/XMCLib/src/xmc_common.c ****   int32_t next;
 208:../Libraries/XMCLib/src/xmc_common.c ****   int32_t previous;
 209:../Libraries/XMCLib/src/xmc_common.c **** 
 210:../Libraries/XMCLib/src/xmc_common.c ****   XMC_ASSERT("XMC_PRIOARRAY_Add: item out of range", (item >= 0) && (item < prioarray->size));
 211:../Libraries/XMCLib/src/xmc_common.c ****   
 212:../Libraries/XMCLib/src/xmc_common.c ****   next = prioarray->items[item].next;
 405              	 .loc 1 212 0
 406 0000 4368     	 ldr r3,[r0,#4]
 407 0002 01EB4101 	 add r1,r1,r1,lsl#1
 408              	.LVL36:
 409 0006 03EB8101 	 add r1,r3,r1,lsl#2
 206:../Libraries/XMCLib/src/xmc_common.c ****   int32_t next;
 410              	 .loc 1 206 0
 411 000a 10B4     	 push {r4}
 412              	.LCFI2:
 413              	 .cfi_def_cfa_offset 4
 414              	 .cfi_offset 4,-4
 415              	 .loc 1 212 0
 416 000c 8868     	 ldr r0,[r1,#8]
 417              	.LVL37:
 213:../Libraries/XMCLib/src/xmc_common.c ****   previous = prioarray->items[item].previous;
 418              	 .loc 1 213 0
 419 000e 4A68     	 ldr r2,[r1,#4]
 420              	.LVL38:
 214:../Libraries/XMCLib/src/xmc_common.c **** 
 215:../Libraries/XMCLib/src/xmc_common.c ****   prioarray->items[previous].next = next;
 216:../Libraries/XMCLib/src/xmc_common.c ****   prioarray->items[next].previous = previous;
 421              	 .loc 1 216 0
 422 0010 00EB4004 	 add r4,r0,r0,lsl#1
 215:../Libraries/XMCLib/src/xmc_common.c ****   prioarray->items[next].previous = previous;
 423              	 .loc 1 215 0
 424 0014 02EB4201 	 add r1,r2,r2,lsl#1
 425 0018 03EB8101 	 add r1,r3,r1,lsl#2
 426              	 .loc 1 216 0
 427 001c 03EB8403 	 add r3,r3,r4,lsl#2
 215:../Libraries/XMCLib/src/xmc_common.c ****   prioarray->items[next].previous = previous;
 428              	 .loc 1 215 0
 429 0020 8860     	 str r0,[r1,#8]
 217:../Libraries/XMCLib/src/xmc_common.c **** }
 430              	 .loc 1 217 0
 431 0022 5DF8044B 	 ldr r4,[sp],#4
 432              	.LCFI3:
 433              	 .cfi_restore 4
 434              	 .cfi_def_cfa_offset 0
 216:../Libraries/XMCLib/src/xmc_common.c **** }
 435              	 .loc 1 216 0
 436 0026 5A60     	 str r2,[r3,#4]
 437              	 .loc 1 217 0
 438 0028 7047     	 bx lr
 439              	 .cfi_endproc
 440              	.LFE136:
 442 002a 00BF     	 .text
 443              	.Letext0:
 444              	 .file 3 "c:\\infineon\\tools\\dave ide\\4.5.0.202105191637\\eclipse\\arm-gcc-49\\arm-none-eabi\\include\\machine\\_default_types.h"
 445              	 .file 4 "c:\\infineon\\tools\\dave ide\\4.5.0.202105191637\\eclipse\\arm-gcc-49\\arm-none-eabi\\include\\stdint.h"
 446              	 .file 5 "C:/Users/Utente/Desktop/Tesi/Firmware_Software/DAVE project/S2GLP_Pulsed_Doppler/Libraries/CMSIS/Include/core_cm4.h"
DEFINED SYMBOLS
                            *ABS*:00000000 xmc_common.c
    {standard input}:20     .text.XMC_LIST_Init:00000000 $t
    {standard input}:25     .text.XMC_LIST_Init:00000000 XMC_LIST_Init
    {standard input}:42     .text.XMC_LIST_GetHead:00000000 $t
    {standard input}:47     .text.XMC_LIST_GetHead:00000000 XMC_LIST_GetHead
    {standard input}:63     .text.XMC_LIST_GetTail:00000000 $t
    {standard input}:68     .text.XMC_LIST_GetTail:00000000 XMC_LIST_GetTail
    {standard input}:99     .text.XMC_LIST_Add:00000000 $t
    {standard input}:104    .text.XMC_LIST_Add:00000000 XMC_LIST_Add
    {standard input}:145    .text.XMC_LIST_Remove:00000000 $t
    {standard input}:150    .text.XMC_LIST_Remove:00000000 XMC_LIST_Remove
    {standard input}:209    .text.XMC_LIST_Insert:00000000 $t
    {standard input}:214    .text.XMC_LIST_Insert:00000000 XMC_LIST_Insert
    {standard input}:241    .text.XMC_PRIOARRAY_Init:00000000 $t
    {standard input}:246    .text.XMC_PRIOARRAY_Init:00000000 XMC_PRIOARRAY_Init
    {standard input}:299    .text.XMC_PRIOARRAY_Add:00000000 $t
    {standard input}:304    .text.XMC_PRIOARRAY_Add:00000000 XMC_PRIOARRAY_Add
    {standard input}:392    .text.XMC_PRIOARRAY_Remove:00000000 $t
    {standard input}:397    .text.XMC_PRIOARRAY_Remove:00000000 XMC_PRIOARRAY_Remove
                     .debug_frame:00000010 $d

NO UNDEFINED SYMBOLS
