   1              	 .syntax unified
   2              	 .cpu cortex-m4
   3              	 .eabi_attribute 27,3
   4              	 .fpu fpv4-sp-d16
   5              	 .eabi_attribute 20,1
   6              	 .eabi_attribute 21,1
   7              	 .eabi_attribute 23,3
   8              	 .eabi_attribute 24,1
   9              	 .eabi_attribute 25,1
  10              	 .eabi_attribute 26,1
  11              	 .eabi_attribute 30,2
  12              	 .eabi_attribute 34,1
  13              	 .eabi_attribute 18,4
  14              	 .thumb
  15              	 .file "digital_io.c"
  16              	 .text
  17              	.Ltext0:
  18              	 .cfi_sections .debug_frame
  19              	 .section .text.DIGITAL_IO_GetAppVersion,"ax",%progbits
  20              	 .align 2
  21              	 .global DIGITAL_IO_GetAppVersion
  22              	 .thumb
  23              	 .thumb_func
  25              	DIGITAL_IO_GetAppVersion:
  26              	.LFB142:
  27              	 .file 1 "../Dave/Generated/DIGITAL_IO/digital_io.c"
   1:../Dave/Generated/DIGITAL_IO/digital_io.c **** /**
   2:../Dave/Generated/DIGITAL_IO/digital_io.c ****  * @file digital_io.c
   3:../Dave/Generated/DIGITAL_IO/digital_io.c ****  * @date 2016-07-08
   4:../Dave/Generated/DIGITAL_IO/digital_io.c ****  *
   5:../Dave/Generated/DIGITAL_IO/digital_io.c ****  * NOTE:
   6:../Dave/Generated/DIGITAL_IO/digital_io.c ****  * This file is generated by DAVE. Any manual modification done to this file will be lost when the 
   7:../Dave/Generated/DIGITAL_IO/digital_io.c ****  *
   8:../Dave/Generated/DIGITAL_IO/digital_io.c ****  * @cond
   9:../Dave/Generated/DIGITAL_IO/digital_io.c ****  **************************************************************************************************
  10:../Dave/Generated/DIGITAL_IO/digital_io.c ****  * DIGITAL_IO v4.0.16 - The DIGITAL_IO APP is used to configure a port pin as digital Input/Output.
  11:../Dave/Generated/DIGITAL_IO/digital_io.c ****  *
  12:../Dave/Generated/DIGITAL_IO/digital_io.c ****  * Copyright (c) 2015-2016, Infineon Technologies AG
  13:../Dave/Generated/DIGITAL_IO/digital_io.c ****  * All rights reserved.
  14:../Dave/Generated/DIGITAL_IO/digital_io.c ****  *
  15:../Dave/Generated/DIGITAL_IO/digital_io.c ****  * Redistribution and use in source and binary forms, with or without modification,are permitted pr
  16:../Dave/Generated/DIGITAL_IO/digital_io.c ****  * following conditions are met:
  17:../Dave/Generated/DIGITAL_IO/digital_io.c ****  *
  18:../Dave/Generated/DIGITAL_IO/digital_io.c ****  *   Redistributions of source code must retain the above copyright notice, this list of conditions
  19:../Dave/Generated/DIGITAL_IO/digital_io.c ****  *   disclaimer.
  20:../Dave/Generated/DIGITAL_IO/digital_io.c ****  *
  21:../Dave/Generated/DIGITAL_IO/digital_io.c ****  *   Redistributions in binary form must reproduce the above copyright notice, this list of conditi
  22:../Dave/Generated/DIGITAL_IO/digital_io.c ****  *   following disclaimer in the documentation and/or other materials provided with the distributio
  23:../Dave/Generated/DIGITAL_IO/digital_io.c ****  *
  24:../Dave/Generated/DIGITAL_IO/digital_io.c ****  *   Neither the name of the copyright holders nor the names of its contributors may be used to end
  25:../Dave/Generated/DIGITAL_IO/digital_io.c ****  *   products derived from this software without specific prior written permission.
  26:../Dave/Generated/DIGITAL_IO/digital_io.c ****  *
  27:../Dave/Generated/DIGITAL_IO/digital_io.c ****  * THIS SOFTWARE IS PROVIDED BY THE COPYRIGHT HOLDERS AND CONTRIBUTORS "AS IS" AND ANY EXPRESS OR I
  28:../Dave/Generated/DIGITAL_IO/digital_io.c ****  * INCLUDING, BUT NOT LIMITED TO, THE IMPLIED WARRANTIES OF MERCHANTABILITY AND FITNESS FOR A PARTI
  29:../Dave/Generated/DIGITAL_IO/digital_io.c ****  * DISCLAIMED. IN NO EVENT SHALL THE COPYRIGHT HOLDER OR CONTRIBUTORS BE LIABLE  FOR ANY DIRECT, IN
  30:../Dave/Generated/DIGITAL_IO/digital_io.c ****  * SPECIAL, EXEMPLARY, OR CONSEQUENTIAL DAMAGES (INCLUDING, BUT NOT LIMITED TO, PROCUREMENT OF SUBS
  31:../Dave/Generated/DIGITAL_IO/digital_io.c ****  * SERVICES; LOSS OF USE, DATA, OR PROFITS; OR BUSINESS INTERRUPTION) HOWEVER CAUSED AND ON ANY THE
  32:../Dave/Generated/DIGITAL_IO/digital_io.c ****  * WHETHER IN CONTRACT, STRICT LIABILITY,OR TORT (INCLUDING NEGLIGENCE OR OTHERWISE) ARISING IN ANY
  33:../Dave/Generated/DIGITAL_IO/digital_io.c ****  * USE OF THIS SOFTWARE, EVEN IF ADVISED OF THE POSSIBILITY OF SUCH DAMAGE.
  34:../Dave/Generated/DIGITAL_IO/digital_io.c ****  *
  35:../Dave/Generated/DIGITAL_IO/digital_io.c ****  * To improve the quality of the software, users are encouraged to share modifications, enhancement
  36:../Dave/Generated/DIGITAL_IO/digital_io.c ****  * with Infineon Technologies AG (dave@infineon.com).
  37:../Dave/Generated/DIGITAL_IO/digital_io.c ****  **************************************************************************************************
  38:../Dave/Generated/DIGITAL_IO/digital_io.c ****  *
  39:../Dave/Generated/DIGITAL_IO/digital_io.c ****  * Change History
  40:../Dave/Generated/DIGITAL_IO/digital_io.c ****  * --------------
  41:../Dave/Generated/DIGITAL_IO/digital_io.c ****  *
  42:../Dave/Generated/DIGITAL_IO/digital_io.c ****  * 2015-02-16
  43:../Dave/Generated/DIGITAL_IO/digital_io.c ****  *     - Initial version<br>
  44:../Dave/Generated/DIGITAL_IO/digital_io.c ****  * 2015-12-22
  45:../Dave/Generated/DIGITAL_IO/digital_io.c ****  *     - Added hardware controlled IO feature.
  46:../Dave/Generated/DIGITAL_IO/digital_io.c ****  * 2016-07-08:
  47:../Dave/Generated/DIGITAL_IO/digital_io.c ****  *     - Fixed incorrect case for an included header.<br>
  48:../Dave/Generated/DIGITAL_IO/digital_io.c ****  *
  49:../Dave/Generated/DIGITAL_IO/digital_io.c ****  * @endcond
  50:../Dave/Generated/DIGITAL_IO/digital_io.c ****  *
  51:../Dave/Generated/DIGITAL_IO/digital_io.c ****  */
  52:../Dave/Generated/DIGITAL_IO/digital_io.c **** 
  53:../Dave/Generated/DIGITAL_IO/digital_io.c **** /**************************************************************************************************
  54:../Dave/Generated/DIGITAL_IO/digital_io.c ****  * HEADER FILES
  55:../Dave/Generated/DIGITAL_IO/digital_io.c ****  **************************************************************************************************
  56:../Dave/Generated/DIGITAL_IO/digital_io.c **** #include "digital_io.h"
  57:../Dave/Generated/DIGITAL_IO/digital_io.c **** 
  58:../Dave/Generated/DIGITAL_IO/digital_io.c **** /**************************************************************************************************
  59:../Dave/Generated/DIGITAL_IO/digital_io.c ****  * MACROS
  60:../Dave/Generated/DIGITAL_IO/digital_io.c ****  **************************************************************************************************
  61:../Dave/Generated/DIGITAL_IO/digital_io.c **** 
  62:../Dave/Generated/DIGITAL_IO/digital_io.c **** /**************************************************************************************************
  63:../Dave/Generated/DIGITAL_IO/digital_io.c ****  * LOCAL DATA
  64:../Dave/Generated/DIGITAL_IO/digital_io.c ****  **************************************************************************************************
  65:../Dave/Generated/DIGITAL_IO/digital_io.c **** 
  66:../Dave/Generated/DIGITAL_IO/digital_io.c **** /**************************************************************************************************
  67:../Dave/Generated/DIGITAL_IO/digital_io.c ****  * LOCAL ROUTINES
  68:../Dave/Generated/DIGITAL_IO/digital_io.c ****  **************************************************************************************************
  69:../Dave/Generated/DIGITAL_IO/digital_io.c **** 
  70:../Dave/Generated/DIGITAL_IO/digital_io.c ****  /*************************************************************************************************
  71:../Dave/Generated/DIGITAL_IO/digital_io.c ****  * API IMPLEMENTATION
  72:../Dave/Generated/DIGITAL_IO/digital_io.c ****  **************************************************************************************************
  73:../Dave/Generated/DIGITAL_IO/digital_io.c **** 
  74:../Dave/Generated/DIGITAL_IO/digital_io.c **** /**
  75:../Dave/Generated/DIGITAL_IO/digital_io.c **** * @brief Get DIGITAL_IO APP version
  76:../Dave/Generated/DIGITAL_IO/digital_io.c **** * @return DAVE_APP_VERSION_t APP version information (major, minor and patch number)
  77:../Dave/Generated/DIGITAL_IO/digital_io.c **** */
  78:../Dave/Generated/DIGITAL_IO/digital_io.c **** 
  79:../Dave/Generated/DIGITAL_IO/digital_io.c **** DAVE_APP_VERSION_t DIGITAL_IO_GetAppVersion(void)
  80:../Dave/Generated/DIGITAL_IO/digital_io.c **** {
  28              	 .loc 1 80 0
  29              	 .cfi_startproc
  30              	 
  31              	 
  32              	 
  33              	.LVL0:
  81:../Dave/Generated/DIGITAL_IO/digital_io.c ****   DAVE_APP_VERSION_t version;
  82:../Dave/Generated/DIGITAL_IO/digital_io.c **** 
  83:../Dave/Generated/DIGITAL_IO/digital_io.c ****   version.major = (uint8_t)DIGITAL_IO_MAJOR_VERSION;
  84:../Dave/Generated/DIGITAL_IO/digital_io.c ****   version.minor = (uint8_t)DIGITAL_IO_MINOR_VERSION;
  85:../Dave/Generated/DIGITAL_IO/digital_io.c ****   version.patch = (uint8_t)DIGITAL_IO_PATCH_VERSION;
  86:../Dave/Generated/DIGITAL_IO/digital_io.c **** 
  87:../Dave/Generated/DIGITAL_IO/digital_io.c ****   return (version);
  34              	 .loc 1 87 0
  35 0000 0023     	 movs r3,#0
  36 0002 1846     	 mov r0,r3
  37 0004 0422     	 movs r2,#4
  38 0006 62F30700 	 bfi r0,r2,#0,#8
  39 000a 63F30F20 	 bfi r0,r3,#8,#8
  40 000e 1023     	 movs r3,#16
  41 0010 63F31740 	 bfi r0,r3,#16,#8
  80:../Dave/Generated/DIGITAL_IO/digital_io.c ****   DAVE_APP_VERSION_t version;
  42              	 .loc 1 80 0
  43 0014 82B0     	 sub sp,sp,#8
  44              	.LCFI0:
  45              	 .cfi_def_cfa_offset 8
  88:../Dave/Generated/DIGITAL_IO/digital_io.c **** }
  46              	 .loc 1 88 0
  47 0016 02B0     	 add sp,sp,#8
  48              	.LCFI1:
  49              	 .cfi_def_cfa_offset 0
  50              	 
  51 0018 7047     	 bx lr
  52              	 .cfi_endproc
  53              	.LFE142:
  55 001a 00BF     	 .section .text.DIGITAL_IO_Init,"ax",%progbits
  56              	 .align 2
  57              	 .global DIGITAL_IO_Init
  58              	 .thumb
  59              	 .thumb_func
  61              	DIGITAL_IO_Init:
  62              	.LFB143:
  89:../Dave/Generated/DIGITAL_IO/digital_io.c **** 
  90:../Dave/Generated/DIGITAL_IO/digital_io.c **** 
  91:../Dave/Generated/DIGITAL_IO/digital_io.c **** /**
  92:../Dave/Generated/DIGITAL_IO/digital_io.c **** * @brief Function to initialize the port pin as per UI settings.
  93:../Dave/Generated/DIGITAL_IO/digital_io.c **** * @param handler Pointer pointing to APP data structure.
  94:../Dave/Generated/DIGITAL_IO/digital_io.c **** * @return DIGITAL_IO_STATUS_t DIGITAL_IO APP status.
  95:../Dave/Generated/DIGITAL_IO/digital_io.c **** */
  96:../Dave/Generated/DIGITAL_IO/digital_io.c **** 
  97:../Dave/Generated/DIGITAL_IO/digital_io.c **** DIGITAL_IO_STATUS_t DIGITAL_IO_Init(const DIGITAL_IO_t *const handler)
  98:../Dave/Generated/DIGITAL_IO/digital_io.c **** {
  63              	 .loc 1 98 0
  64              	 .cfi_startproc
  65              	 
  66              	 
  67              	.LVL1:
  68 0000 10B5     	 push {r4,lr}
  69              	.LCFI2:
  70              	 .cfi_def_cfa_offset 8
  71              	 .cfi_offset 4,-8
  72              	 .cfi_offset 14,-4
  73              	 .loc 1 98 0
  74 0002 0446     	 mov r4,r0
  99:../Dave/Generated/DIGITAL_IO/digital_io.c ****   XMC_ASSERT("DIGITAL_IO_Init: handler null pointer", handler != NULL);
 100:../Dave/Generated/DIGITAL_IO/digital_io.c **** 
 101:../Dave/Generated/DIGITAL_IO/digital_io.c ****   /* Initializes input / output characteristics */
 102:../Dave/Generated/DIGITAL_IO/digital_io.c ****   XMC_GPIO_Init(handler->gpio_port, handler->gpio_pin, &handler->gpio_config);
  75              	 .loc 1 102 0
  76 0004 021D     	 adds r2,r0,#4
  77 0006 217C     	 ldrb r1,[r4,#16]
  78 0008 0068     	 ldr r0,[r0]
  79              	.LVL2:
  80 000a FFF7FEFF 	 bl XMC_GPIO_Init
  81              	.LVL3:
 103:../Dave/Generated/DIGITAL_IO/digital_io.c **** 
 104:../Dave/Generated/DIGITAL_IO/digital_io.c ****   /*Configure hardware port control*/
 105:../Dave/Generated/DIGITAL_IO/digital_io.c ****   XMC_GPIO_SetHardwareControl(handler->gpio_port, handler->gpio_pin, handler->hwctrl);
  82              	 .loc 1 105 0
  83 000e 2068     	 ldr r0,[r4]
  84 0010 217C     	 ldrb r1,[r4,#16]
  85 0012 627C     	 ldrb r2,[r4,#17]
  86 0014 FFF7FEFF 	 bl XMC_GPIO_SetHardwareControl
  87              	.LVL4:
 106:../Dave/Generated/DIGITAL_IO/digital_io.c **** 
 107:../Dave/Generated/DIGITAL_IO/digital_io.c ****   return (DIGITAL_IO_STATUS_OK);
 108:../Dave/Generated/DIGITAL_IO/digital_io.c **** }
  88              	 .loc 1 108 0
  89 0018 0020     	 movs r0,#0
  90 001a 10BD     	 pop {r4,pc}
  91              	 .cfi_endproc
  92              	.LFE143:
  94              	 .text
  95              	.Letext0:
  96              	 .file 2 "c:\\infineon\\tools\\dave ide\\4.5.0.202105191637\\eclipse\\arm-gcc-49\\arm-none-eabi\\include\\machine\\_default_types.h"
  97              	 .file 3 "c:\\infineon\\tools\\dave ide\\4.5.0.202105191637\\eclipse\\arm-gcc-49\\arm-none-eabi\\include\\stdint.h"
  98              	 .file 4 "C:/Users/Utente/Desktop/Tesi/Firmware_Software/DAVE project/S2GLP_Pulsed_Doppler/Libraries/XMCLib/inc/xmc_gpio.h"
  99              	 .file 5 "C:/Users/Utente/Desktop/Tesi/Firmware_Software/DAVE project/S2GLP_Pulsed_Doppler/Libraries/XMCLib/inc/xmc4_gpio.h"
 100              	 .file 6 "C:/Users/Utente/Desktop/Tesi/Firmware_Software/DAVE project/S2GLP_Pulsed_Doppler/Dave/Generated/DAVE_Common.h"
 101              	 .file 7 "../Dave/Generated/DIGITAL_IO/digital_io.h"
 102              	 .file 8 "C:/Users/Utente/Desktop/Tesi/Firmware_Software/DAVE project/S2GLP_Pulsed_Doppler/Libraries/CMSIS/Include/core_cm4.h"
DEFINED SYMBOLS
                            *ABS*:00000000 digital_io.c
    {standard input}:20     .text.DIGITAL_IO_GetAppVersion:00000000 $t
    {standard input}:25     .text.DIGITAL_IO_GetAppVersion:00000000 DIGITAL_IO_GetAppVersion
    {standard input}:56     .text.DIGITAL_IO_Init:00000000 $t
    {standard input}:61     .text.DIGITAL_IO_Init:00000000 DIGITAL_IO_Init
                     .debug_frame:00000010 $d

UNDEFINED SYMBOLS
XMC_GPIO_Init
XMC_GPIO_SetHardwareControl
