   1              	 .syntax unified
   2              	 .cpu cortex-m4
   3              	 .eabi_attribute 27,3
   4              	 .fpu fpv4-sp-d16
   5              	 .eabi_attribute 20,1
   6              	 .eabi_attribute 21,1
   7              	 .eabi_attribute 23,3
   8              	 .eabi_attribute 24,1
   9              	 .eabi_attribute 25,1
  10              	 .eabi_attribute 26,1
  11              	 .eabi_attribute 30,2
  12              	 .eabi_attribute 34,1
  13              	 .eabi_attribute 18,4
  14              	 .thumb
  15              	 .file "arm_mat_init_q15.c"
  16              	 .text
  17              	.Ltext0:
  18              	 .cfi_sections .debug_frame
  19              	 .section .text.arm_mat_init_q15,"ax",%progbits
  20              	 .align 2
  21              	 .global arm_mat_init_q15
  22              	 .thumb
  23              	 .thumb_func
  25              	arm_mat_init_q15:
  26              	.LFB135:
  27              	 .file 1 "../Dave/Generated/CMSIS_DSP/MatrixFunctions/arm_mat_init_q15.c"
   1:../Dave/Generated/CMSIS_DSP/MatrixFunctions/arm_mat_init_q15.c **** /* ----------------------------------------------------------------------
   2:../Dave/Generated/CMSIS_DSP/MatrixFunctions/arm_mat_init_q15.c ****  * Project:      CMSIS DSP Library
   3:../Dave/Generated/CMSIS_DSP/MatrixFunctions/arm_mat_init_q15.c ****  * Title:        arm_mat_init_q15.c
   4:../Dave/Generated/CMSIS_DSP/MatrixFunctions/arm_mat_init_q15.c ****  * Description:  Q15 matrix initialization
   5:../Dave/Generated/CMSIS_DSP/MatrixFunctions/arm_mat_init_q15.c ****  *
   6:../Dave/Generated/CMSIS_DSP/MatrixFunctions/arm_mat_init_q15.c ****  * $Date:        27. January 2017
   7:../Dave/Generated/CMSIS_DSP/MatrixFunctions/arm_mat_init_q15.c ****  * $Revision:    V.1.5.1
   8:../Dave/Generated/CMSIS_DSP/MatrixFunctions/arm_mat_init_q15.c ****  *
   9:../Dave/Generated/CMSIS_DSP/MatrixFunctions/arm_mat_init_q15.c ****  * Target Processor: Cortex-M cores
  10:../Dave/Generated/CMSIS_DSP/MatrixFunctions/arm_mat_init_q15.c ****  * -------------------------------------------------------------------- */
  11:../Dave/Generated/CMSIS_DSP/MatrixFunctions/arm_mat_init_q15.c **** /*
  12:../Dave/Generated/CMSIS_DSP/MatrixFunctions/arm_mat_init_q15.c ****  * Copyright (C) 2010-2017 ARM Limited or its affiliates. All rights reserved.
  13:../Dave/Generated/CMSIS_DSP/MatrixFunctions/arm_mat_init_q15.c ****  *
  14:../Dave/Generated/CMSIS_DSP/MatrixFunctions/arm_mat_init_q15.c ****  * SPDX-License-Identifier: Apache-2.0
  15:../Dave/Generated/CMSIS_DSP/MatrixFunctions/arm_mat_init_q15.c ****  *
  16:../Dave/Generated/CMSIS_DSP/MatrixFunctions/arm_mat_init_q15.c ****  * Licensed under the Apache License, Version 2.0 (the License); you may
  17:../Dave/Generated/CMSIS_DSP/MatrixFunctions/arm_mat_init_q15.c ****  * not use this file except in compliance with the License.
  18:../Dave/Generated/CMSIS_DSP/MatrixFunctions/arm_mat_init_q15.c ****  * You may obtain a copy of the License at
  19:../Dave/Generated/CMSIS_DSP/MatrixFunctions/arm_mat_init_q15.c ****  *
  20:../Dave/Generated/CMSIS_DSP/MatrixFunctions/arm_mat_init_q15.c ****  * www.apache.org/licenses/LICENSE-2.0
  21:../Dave/Generated/CMSIS_DSP/MatrixFunctions/arm_mat_init_q15.c ****  *
  22:../Dave/Generated/CMSIS_DSP/MatrixFunctions/arm_mat_init_q15.c ****  * Unless required by applicable law or agreed to in writing, software
  23:../Dave/Generated/CMSIS_DSP/MatrixFunctions/arm_mat_init_q15.c ****  * distributed under the License is distributed on an AS IS BASIS, WITHOUT
  24:../Dave/Generated/CMSIS_DSP/MatrixFunctions/arm_mat_init_q15.c ****  * WARRANTIES OR CONDITIONS OF ANY KIND, either express or implied.
  25:../Dave/Generated/CMSIS_DSP/MatrixFunctions/arm_mat_init_q15.c ****  * See the License for the specific language governing permissions and
  26:../Dave/Generated/CMSIS_DSP/MatrixFunctions/arm_mat_init_q15.c ****  * limitations under the License.
  27:../Dave/Generated/CMSIS_DSP/MatrixFunctions/arm_mat_init_q15.c ****  */
  28:../Dave/Generated/CMSIS_DSP/MatrixFunctions/arm_mat_init_q15.c **** 
  29:../Dave/Generated/CMSIS_DSP/MatrixFunctions/arm_mat_init_q15.c **** #include "CMSIS_DSP/cmsis_dsp.h"
  30:../Dave/Generated/CMSIS_DSP/MatrixFunctions/arm_mat_init_q15.c **** 
  31:../Dave/Generated/CMSIS_DSP/MatrixFunctions/arm_mat_init_q15.c **** /**
  32:../Dave/Generated/CMSIS_DSP/MatrixFunctions/arm_mat_init_q15.c ****  * @ingroup groupMatrix
  33:../Dave/Generated/CMSIS_DSP/MatrixFunctions/arm_mat_init_q15.c ****  */
  34:../Dave/Generated/CMSIS_DSP/MatrixFunctions/arm_mat_init_q15.c **** 
  35:../Dave/Generated/CMSIS_DSP/MatrixFunctions/arm_mat_init_q15.c **** /**
  36:../Dave/Generated/CMSIS_DSP/MatrixFunctions/arm_mat_init_q15.c ****  * @addtogroup MatrixInit
  37:../Dave/Generated/CMSIS_DSP/MatrixFunctions/arm_mat_init_q15.c ****  * @{
  38:../Dave/Generated/CMSIS_DSP/MatrixFunctions/arm_mat_init_q15.c ****  */
  39:../Dave/Generated/CMSIS_DSP/MatrixFunctions/arm_mat_init_q15.c **** 
  40:../Dave/Generated/CMSIS_DSP/MatrixFunctions/arm_mat_init_q15.c ****   /**
  41:../Dave/Generated/CMSIS_DSP/MatrixFunctions/arm_mat_init_q15.c ****    * @brief  Q15 matrix initialization.
  42:../Dave/Generated/CMSIS_DSP/MatrixFunctions/arm_mat_init_q15.c ****    * @param[in,out] *S             points to an instance of the floating-point matrix structure.
  43:../Dave/Generated/CMSIS_DSP/MatrixFunctions/arm_mat_init_q15.c ****    * @param[in]     nRows          number of rows in the matrix.
  44:../Dave/Generated/CMSIS_DSP/MatrixFunctions/arm_mat_init_q15.c ****    * @param[in]     nColumns       number of columns in the matrix.
  45:../Dave/Generated/CMSIS_DSP/MatrixFunctions/arm_mat_init_q15.c ****    * @param[in]     *pData	   points to the matrix data array.
  46:../Dave/Generated/CMSIS_DSP/MatrixFunctions/arm_mat_init_q15.c ****    * @return        none
  47:../Dave/Generated/CMSIS_DSP/MatrixFunctions/arm_mat_init_q15.c ****    */
  48:../Dave/Generated/CMSIS_DSP/MatrixFunctions/arm_mat_init_q15.c **** 
  49:../Dave/Generated/CMSIS_DSP/MatrixFunctions/arm_mat_init_q15.c **** void arm_mat_init_q15(
  50:../Dave/Generated/CMSIS_DSP/MatrixFunctions/arm_mat_init_q15.c ****   arm_matrix_instance_q15 * S,
  51:../Dave/Generated/CMSIS_DSP/MatrixFunctions/arm_mat_init_q15.c ****   uint16_t nRows,
  52:../Dave/Generated/CMSIS_DSP/MatrixFunctions/arm_mat_init_q15.c ****   uint16_t nColumns,
  53:../Dave/Generated/CMSIS_DSP/MatrixFunctions/arm_mat_init_q15.c ****   q15_t * pData)
  54:../Dave/Generated/CMSIS_DSP/MatrixFunctions/arm_mat_init_q15.c **** {
  28              	 .loc 1 54 0
  29              	 .cfi_startproc
  30              	 
  31              	 
  32              	 
  33              	.LVL0:
  55:../Dave/Generated/CMSIS_DSP/MatrixFunctions/arm_mat_init_q15.c ****   /* Assign Number of Rows */
  56:../Dave/Generated/CMSIS_DSP/MatrixFunctions/arm_mat_init_q15.c ****   S->numRows = nRows;
  34              	 .loc 1 56 0
  35 0000 0180     	 strh r1,[r0]
  57:../Dave/Generated/CMSIS_DSP/MatrixFunctions/arm_mat_init_q15.c **** 
  58:../Dave/Generated/CMSIS_DSP/MatrixFunctions/arm_mat_init_q15.c ****   /* Assign Number of Columns */
  59:../Dave/Generated/CMSIS_DSP/MatrixFunctions/arm_mat_init_q15.c ****   S->numCols = nColumns;
  36              	 .loc 1 59 0
  37 0002 4280     	 strh r2,[r0,#2]
  60:../Dave/Generated/CMSIS_DSP/MatrixFunctions/arm_mat_init_q15.c **** 
  61:../Dave/Generated/CMSIS_DSP/MatrixFunctions/arm_mat_init_q15.c ****   /* Assign Data pointer */
  62:../Dave/Generated/CMSIS_DSP/MatrixFunctions/arm_mat_init_q15.c ****   S->pData = pData;
  38              	 .loc 1 62 0
  39 0004 4360     	 str r3,[r0,#4]
  40 0006 7047     	 bx lr
  41              	 .cfi_endproc
  42              	.LFE135:
  44              	 .text
  45              	.Letext0:
  46              	 .file 2 "c:\\infineon\\tools\\dave ide\\4.5.0.202105191637\\eclipse\\arm-gcc-49\\arm-none-eabi\\include\\machine\\_default_types.h"
  47              	 .file 3 "c:\\infineon\\tools\\dave ide\\4.5.0.202105191637\\eclipse\\arm-gcc-49\\arm-none-eabi\\include\\stdint.h"
  48              	 .file 4 "C:/Users/Utente/Desktop/Tesi/Firmware_Software/DAVE project/S2GLP_Pulsed_Doppler/Dave/Generated/CMSIS_DSP/arm_math.h"
DEFINED SYMBOLS
                            *ABS*:00000000 arm_mat_init_q15.c
    {standard input}:20     .text.arm_mat_init_q15:00000000 $t
    {standard input}:25     .text.arm_mat_init_q15:00000000 arm_mat_init_q15
                     .debug_frame:00000010 $d

NO UNDEFINED SYMBOLS
