   1              	 .syntax unified
   2              	 .cpu cortex-m4
   3              	 .eabi_attribute 27,3
   4              	 .fpu fpv4-sp-d16
   5              	 .eabi_attribute 20,1
   6              	 .eabi_attribute 21,1
   7              	 .eabi_attribute 23,3
   8              	 .eabi_attribute 24,1
   9              	 .eabi_attribute 25,1
  10              	 .eabi_attribute 26,1
  11              	 .eabi_attribute 30,2
  12              	 .eabi_attribute 34,1
  13              	 .eabi_attribute 18,4
  14              	 .thumb
  15              	 .file "arm_cfft_radix2_init_q15.c"
  16              	 .text
  17              	.Ltext0:
  18              	 .cfi_sections .debug_frame
  19              	 .section .text.arm_cfft_radix2_init_q15,"ax",%progbits
  20              	 .align 2
  21              	 .global arm_cfft_radix2_init_q15
  22              	 .thumb
  23              	 .thumb_func
  25              	arm_cfft_radix2_init_q15:
  26              	.LFB135:
  27              	 .file 1 "../Dave/Generated/CMSIS_DSP/TransformFunctions/arm_cfft_radix2_init_q15.c"
   1:../Dave/Generated/CMSIS_DSP/TransformFunctions/arm_cfft_radix2_init_q15.c **** /* ----------------------------------------------------------------------
   2:../Dave/Generated/CMSIS_DSP/TransformFunctions/arm_cfft_radix2_init_q15.c ****  * Project:      CMSIS DSP Library
   3:../Dave/Generated/CMSIS_DSP/TransformFunctions/arm_cfft_radix2_init_q15.c ****  * Title:        arm_cfft_radix2_init_q15.c
   4:../Dave/Generated/CMSIS_DSP/TransformFunctions/arm_cfft_radix2_init_q15.c ****  * Description:  Radix-2 Decimation in Frequency Q15 FFT & IFFT initialization function
   5:../Dave/Generated/CMSIS_DSP/TransformFunctions/arm_cfft_radix2_init_q15.c ****  *
   6:../Dave/Generated/CMSIS_DSP/TransformFunctions/arm_cfft_radix2_init_q15.c ****  * $Date:        27. January 2017
   7:../Dave/Generated/CMSIS_DSP/TransformFunctions/arm_cfft_radix2_init_q15.c ****  * $Revision:    V.1.5.1
   8:../Dave/Generated/CMSIS_DSP/TransformFunctions/arm_cfft_radix2_init_q15.c ****  *
   9:../Dave/Generated/CMSIS_DSP/TransformFunctions/arm_cfft_radix2_init_q15.c ****  * Target Processor: Cortex-M cores
  10:../Dave/Generated/CMSIS_DSP/TransformFunctions/arm_cfft_radix2_init_q15.c ****  * -------------------------------------------------------------------- */
  11:../Dave/Generated/CMSIS_DSP/TransformFunctions/arm_cfft_radix2_init_q15.c **** /*
  12:../Dave/Generated/CMSIS_DSP/TransformFunctions/arm_cfft_radix2_init_q15.c ****  * Copyright (C) 2010-2017 ARM Limited or its affiliates. All rights reserved.
  13:../Dave/Generated/CMSIS_DSP/TransformFunctions/arm_cfft_radix2_init_q15.c ****  *
  14:../Dave/Generated/CMSIS_DSP/TransformFunctions/arm_cfft_radix2_init_q15.c ****  * SPDX-License-Identifier: Apache-2.0
  15:../Dave/Generated/CMSIS_DSP/TransformFunctions/arm_cfft_radix2_init_q15.c ****  *
  16:../Dave/Generated/CMSIS_DSP/TransformFunctions/arm_cfft_radix2_init_q15.c ****  * Licensed under the Apache License, Version 2.0 (the License); you may
  17:../Dave/Generated/CMSIS_DSP/TransformFunctions/arm_cfft_radix2_init_q15.c ****  * not use this file except in compliance with the License.
  18:../Dave/Generated/CMSIS_DSP/TransformFunctions/arm_cfft_radix2_init_q15.c ****  * You may obtain a copy of the License at
  19:../Dave/Generated/CMSIS_DSP/TransformFunctions/arm_cfft_radix2_init_q15.c ****  *
  20:../Dave/Generated/CMSIS_DSP/TransformFunctions/arm_cfft_radix2_init_q15.c ****  * www.apache.org/licenses/LICENSE-2.0
  21:../Dave/Generated/CMSIS_DSP/TransformFunctions/arm_cfft_radix2_init_q15.c ****  *
  22:../Dave/Generated/CMSIS_DSP/TransformFunctions/arm_cfft_radix2_init_q15.c ****  * Unless required by applicable law or agreed to in writing, software
  23:../Dave/Generated/CMSIS_DSP/TransformFunctions/arm_cfft_radix2_init_q15.c ****  * distributed under the License is distributed on an AS IS BASIS, WITHOUT
  24:../Dave/Generated/CMSIS_DSP/TransformFunctions/arm_cfft_radix2_init_q15.c ****  * WARRANTIES OR CONDITIONS OF ANY KIND, either express or implied.
  25:../Dave/Generated/CMSIS_DSP/TransformFunctions/arm_cfft_radix2_init_q15.c ****  * See the License for the specific language governing permissions and
  26:../Dave/Generated/CMSIS_DSP/TransformFunctions/arm_cfft_radix2_init_q15.c ****  * limitations under the License.
  27:../Dave/Generated/CMSIS_DSP/TransformFunctions/arm_cfft_radix2_init_q15.c ****  */
  28:../Dave/Generated/CMSIS_DSP/TransformFunctions/arm_cfft_radix2_init_q15.c **** 
  29:../Dave/Generated/CMSIS_DSP/TransformFunctions/arm_cfft_radix2_init_q15.c **** #include "CMSIS_DSP/cmsis_dsp.h"
  30:../Dave/Generated/CMSIS_DSP/TransformFunctions/arm_cfft_radix2_init_q15.c **** #include "CMSIS_DSP/arm_common_tables.h"
  31:../Dave/Generated/CMSIS_DSP/TransformFunctions/arm_cfft_radix2_init_q15.c **** 
  32:../Dave/Generated/CMSIS_DSP/TransformFunctions/arm_cfft_radix2_init_q15.c **** /**
  33:../Dave/Generated/CMSIS_DSP/TransformFunctions/arm_cfft_radix2_init_q15.c ****  * @ingroup groupTransforms
  34:../Dave/Generated/CMSIS_DSP/TransformFunctions/arm_cfft_radix2_init_q15.c ****  */
  35:../Dave/Generated/CMSIS_DSP/TransformFunctions/arm_cfft_radix2_init_q15.c **** 
  36:../Dave/Generated/CMSIS_DSP/TransformFunctions/arm_cfft_radix2_init_q15.c **** 
  37:../Dave/Generated/CMSIS_DSP/TransformFunctions/arm_cfft_radix2_init_q15.c **** /**
  38:../Dave/Generated/CMSIS_DSP/TransformFunctions/arm_cfft_radix2_init_q15.c ****  * @addtogroup ComplexFFT
  39:../Dave/Generated/CMSIS_DSP/TransformFunctions/arm_cfft_radix2_init_q15.c ****  * @{
  40:../Dave/Generated/CMSIS_DSP/TransformFunctions/arm_cfft_radix2_init_q15.c ****  */
  41:../Dave/Generated/CMSIS_DSP/TransformFunctions/arm_cfft_radix2_init_q15.c **** 
  42:../Dave/Generated/CMSIS_DSP/TransformFunctions/arm_cfft_radix2_init_q15.c **** /**
  43:../Dave/Generated/CMSIS_DSP/TransformFunctions/arm_cfft_radix2_init_q15.c **** * @brief Initialization function for the Q15 CFFT/CIFFT.
  44:../Dave/Generated/CMSIS_DSP/TransformFunctions/arm_cfft_radix2_init_q15.c **** * @deprecated Do not use this function.  It has been superseded by \ref arm_cfft_q15 and will be re
  45:../Dave/Generated/CMSIS_DSP/TransformFunctions/arm_cfft_radix2_init_q15.c **** * @param[in,out] *S             points to an instance of the Q15 CFFT/CIFFT structure.
  46:../Dave/Generated/CMSIS_DSP/TransformFunctions/arm_cfft_radix2_init_q15.c **** * @param[in]     fftLen         length of the FFT.
  47:../Dave/Generated/CMSIS_DSP/TransformFunctions/arm_cfft_radix2_init_q15.c **** * @param[in]     ifftFlag       flag that selects forward (ifftFlag=0) or inverse (ifftFlag=1) tran
  48:../Dave/Generated/CMSIS_DSP/TransformFunctions/arm_cfft_radix2_init_q15.c **** * @param[in]     bitReverseFlag flag that enables (bitReverseFlag=1) or disables (bitReverseFlag=0)
  49:../Dave/Generated/CMSIS_DSP/TransformFunctions/arm_cfft_radix2_init_q15.c **** * @return        The function returns ARM_MATH_SUCCESS if initialization is successful or ARM_MATH_
  50:../Dave/Generated/CMSIS_DSP/TransformFunctions/arm_cfft_radix2_init_q15.c **** *
  51:../Dave/Generated/CMSIS_DSP/TransformFunctions/arm_cfft_radix2_init_q15.c **** * \par Description:
  52:../Dave/Generated/CMSIS_DSP/TransformFunctions/arm_cfft_radix2_init_q15.c **** * \par
  53:../Dave/Generated/CMSIS_DSP/TransformFunctions/arm_cfft_radix2_init_q15.c **** * The parameter <code>ifftFlag</code> controls whether a forward or inverse transform is computed.
  54:../Dave/Generated/CMSIS_DSP/TransformFunctions/arm_cfft_radix2_init_q15.c **** * Set(=1) ifftFlag for calculation of CIFFT otherwise  CFFT is calculated
  55:../Dave/Generated/CMSIS_DSP/TransformFunctions/arm_cfft_radix2_init_q15.c **** * \par
  56:../Dave/Generated/CMSIS_DSP/TransformFunctions/arm_cfft_radix2_init_q15.c **** * The parameter <code>bitReverseFlag</code> controls whether output is in normal order or bit rever
  57:../Dave/Generated/CMSIS_DSP/TransformFunctions/arm_cfft_radix2_init_q15.c **** * Set(=1) bitReverseFlag for output to be in normal order otherwise output is in bit reversed order
  58:../Dave/Generated/CMSIS_DSP/TransformFunctions/arm_cfft_radix2_init_q15.c **** * \par
  59:../Dave/Generated/CMSIS_DSP/TransformFunctions/arm_cfft_radix2_init_q15.c **** * The parameter <code>fftLen</code>	Specifies length of CFFT/CIFFT process. Supported FFT Lengths a
  60:../Dave/Generated/CMSIS_DSP/TransformFunctions/arm_cfft_radix2_init_q15.c **** * \par
  61:../Dave/Generated/CMSIS_DSP/TransformFunctions/arm_cfft_radix2_init_q15.c **** * This Function also initializes Twiddle factor table pointer and Bit reversal table pointer.
  62:../Dave/Generated/CMSIS_DSP/TransformFunctions/arm_cfft_radix2_init_q15.c **** */
  63:../Dave/Generated/CMSIS_DSP/TransformFunctions/arm_cfft_radix2_init_q15.c **** 
  64:../Dave/Generated/CMSIS_DSP/TransformFunctions/arm_cfft_radix2_init_q15.c **** arm_status arm_cfft_radix2_init_q15(
  65:../Dave/Generated/CMSIS_DSP/TransformFunctions/arm_cfft_radix2_init_q15.c ****   arm_cfft_radix2_instance_q15 * S,
  66:../Dave/Generated/CMSIS_DSP/TransformFunctions/arm_cfft_radix2_init_q15.c ****   uint16_t fftLen,
  67:../Dave/Generated/CMSIS_DSP/TransformFunctions/arm_cfft_radix2_init_q15.c ****   uint8_t ifftFlag,
  68:../Dave/Generated/CMSIS_DSP/TransformFunctions/arm_cfft_radix2_init_q15.c ****   uint8_t bitReverseFlag)
  69:../Dave/Generated/CMSIS_DSP/TransformFunctions/arm_cfft_radix2_init_q15.c **** {
  28              	 .loc 1 69 0
  29              	 .cfi_startproc
  30              	 
  31              	 
  32              	 
  33              	.LVL0:
  34 0000 10B4     	 push {r4}
  35              	.LCFI0:
  36              	 .cfi_def_cfa_offset 4
  37              	 .cfi_offset 4,-4
  70:../Dave/Generated/CMSIS_DSP/TransformFunctions/arm_cfft_radix2_init_q15.c ****   /*  Initialise the default arm status */
  71:../Dave/Generated/CMSIS_DSP/TransformFunctions/arm_cfft_radix2_init_q15.c ****   arm_status status = ARM_MATH_SUCCESS;
  72:../Dave/Generated/CMSIS_DSP/TransformFunctions/arm_cfft_radix2_init_q15.c **** 
  73:../Dave/Generated/CMSIS_DSP/TransformFunctions/arm_cfft_radix2_init_q15.c ****   /*  Initialise the FFT length */
  74:../Dave/Generated/CMSIS_DSP/TransformFunctions/arm_cfft_radix2_init_q15.c ****   S->fftLen = fftLen;
  75:../Dave/Generated/CMSIS_DSP/TransformFunctions/arm_cfft_radix2_init_q15.c **** 
  76:../Dave/Generated/CMSIS_DSP/TransformFunctions/arm_cfft_radix2_init_q15.c ****   /*  Initialise the Twiddle coefficient pointer */
  77:../Dave/Generated/CMSIS_DSP/TransformFunctions/arm_cfft_radix2_init_q15.c ****   S->pTwiddle = (q15_t *) twiddleCoef_4096_q15;
  78:../Dave/Generated/CMSIS_DSP/TransformFunctions/arm_cfft_radix2_init_q15.c ****   /*  Initialise the Flag for selection of CFFT or CIFFT */
  79:../Dave/Generated/CMSIS_DSP/TransformFunctions/arm_cfft_radix2_init_q15.c ****   S->ifftFlag = ifftFlag;
  80:../Dave/Generated/CMSIS_DSP/TransformFunctions/arm_cfft_radix2_init_q15.c ****   /*  Initialise the Flag for calculation Bit reversal or not */
  81:../Dave/Generated/CMSIS_DSP/TransformFunctions/arm_cfft_radix2_init_q15.c ****   S->bitReverseFlag = bitReverseFlag;
  82:../Dave/Generated/CMSIS_DSP/TransformFunctions/arm_cfft_radix2_init_q15.c **** 
  83:../Dave/Generated/CMSIS_DSP/TransformFunctions/arm_cfft_radix2_init_q15.c ****   /*  Initializations of structure parameters depending on the FFT length */
  84:../Dave/Generated/CMSIS_DSP/TransformFunctions/arm_cfft_radix2_init_q15.c ****   switch (S->fftLen)
  38              	 .loc 1 84 0
  39 0002 B1F5807F 	 cmp r1,#256
  77:../Dave/Generated/CMSIS_DSP/TransformFunctions/arm_cfft_radix2_init_q15.c ****   /*  Initialise the Flag for selection of CFFT or CIFFT */
  40              	 .loc 1 77 0
  41 0006 3E4C     	 ldr r4,.L21
  79:../Dave/Generated/CMSIS_DSP/TransformFunctions/arm_cfft_radix2_init_q15.c ****   /*  Initialise the Flag for calculation Bit reversal or not */
  42              	 .loc 1 79 0
  43 0008 8270     	 strb r2,[r0,#2]
  81:../Dave/Generated/CMSIS_DSP/TransformFunctions/arm_cfft_radix2_init_q15.c **** 
  44              	 .loc 1 81 0
  45 000a C370     	 strb r3,[r0,#3]
  74:../Dave/Generated/CMSIS_DSP/TransformFunctions/arm_cfft_radix2_init_q15.c **** 
  46              	 .loc 1 74 0
  47 000c 0180     	 strh r1,[r0]
  77:../Dave/Generated/CMSIS_DSP/TransformFunctions/arm_cfft_radix2_init_q15.c ****   /*  Initialise the Flag for selection of CFFT or CIFFT */
  48              	 .loc 1 77 0
  49 000e 4460     	 str r4,[r0,#4]
  50              	 .loc 1 84 0
  51 0010 5CD0     	 beq .L3
  52 0012 13D9     	 bls .L18
  53 0014 B1F5806F 	 cmp r1,#1024
  54 0018 62D0     	 beq .L10
  55 001a 40D9     	 bls .L19
  56 001c B1F5006F 	 cmp r1,#2048
  57 0020 26D0     	 beq .L13
  58 0022 B1F5805F 	 cmp r1,#4096
  59 0026 65D1     	 bne .L15
  85:../Dave/Generated/CMSIS_DSP/TransformFunctions/arm_cfft_radix2_init_q15.c ****   {
  86:../Dave/Generated/CMSIS_DSP/TransformFunctions/arm_cfft_radix2_init_q15.c ****   case 4096u:
  87:../Dave/Generated/CMSIS_DSP/TransformFunctions/arm_cfft_radix2_init_q15.c ****     /*  Initializations of structure parameters for 4096 point FFT */
  88:../Dave/Generated/CMSIS_DSP/TransformFunctions/arm_cfft_radix2_init_q15.c **** 
  89:../Dave/Generated/CMSIS_DSP/TransformFunctions/arm_cfft_radix2_init_q15.c ****     /*  Initialise the twiddle coef modifier value */
  90:../Dave/Generated/CMSIS_DSP/TransformFunctions/arm_cfft_radix2_init_q15.c ****     S->twidCoefModifier = 1u;
  60              	 .loc 1 90 0
  61 0028 0123     	 movs r3,#1
  62              	.LVL1:
  91:../Dave/Generated/CMSIS_DSP/TransformFunctions/arm_cfft_radix2_init_q15.c ****     /*  Initialise the bit reversal table modifier */
  92:../Dave/Generated/CMSIS_DSP/TransformFunctions/arm_cfft_radix2_init_q15.c ****     S->bitRevFactor = 1u;
  93:../Dave/Generated/CMSIS_DSP/TransformFunctions/arm_cfft_radix2_init_q15.c ****     /*  Initialise the bit reversal table pointer */
  94:../Dave/Generated/CMSIS_DSP/TransformFunctions/arm_cfft_radix2_init_q15.c ****     S->pBitRevTable = (uint16_t *) armBitRevTable;
  63              	 .loc 1 94 0
  64 002a 364A     	 ldr r2,.L21+4
  65              	.LVL2:
  90:../Dave/Generated/CMSIS_DSP/TransformFunctions/arm_cfft_radix2_init_q15.c ****     /*  Initialise the bit reversal table modifier */
  66              	 .loc 1 90 0
  67 002c 8381     	 strh r3,[r0,#12]
  92:../Dave/Generated/CMSIS_DSP/TransformFunctions/arm_cfft_radix2_init_q15.c ****     /*  Initialise the bit reversal table pointer */
  68              	 .loc 1 92 0
  69 002e C381     	 strh r3,[r0,#14]
  70              	 .loc 1 94 0
  71 0030 8260     	 str r2,[r0,#8]
  71:../Dave/Generated/CMSIS_DSP/TransformFunctions/arm_cfft_radix2_init_q15.c **** 
  72              	 .loc 1 71 0
  73 0032 0020     	 movs r0,#0
  74              	.LVL3:
  95:../Dave/Generated/CMSIS_DSP/TransformFunctions/arm_cfft_radix2_init_q15.c **** 
  96:../Dave/Generated/CMSIS_DSP/TransformFunctions/arm_cfft_radix2_init_q15.c ****     break;
  97:../Dave/Generated/CMSIS_DSP/TransformFunctions/arm_cfft_radix2_init_q15.c **** 
  98:../Dave/Generated/CMSIS_DSP/TransformFunctions/arm_cfft_radix2_init_q15.c ****   case 2048u:
  99:../Dave/Generated/CMSIS_DSP/TransformFunctions/arm_cfft_radix2_init_q15.c ****     /*  Initializations of structure parameters for 2048 point FFT */
 100:../Dave/Generated/CMSIS_DSP/TransformFunctions/arm_cfft_radix2_init_q15.c **** 
 101:../Dave/Generated/CMSIS_DSP/TransformFunctions/arm_cfft_radix2_init_q15.c ****     /*  Initialise the twiddle coef modifier value */
 102:../Dave/Generated/CMSIS_DSP/TransformFunctions/arm_cfft_radix2_init_q15.c ****     S->twidCoefModifier = 2u;
 103:../Dave/Generated/CMSIS_DSP/TransformFunctions/arm_cfft_radix2_init_q15.c ****     /*  Initialise the bit reversal table modifier */
 104:../Dave/Generated/CMSIS_DSP/TransformFunctions/arm_cfft_radix2_init_q15.c ****     S->bitRevFactor = 2u;
 105:../Dave/Generated/CMSIS_DSP/TransformFunctions/arm_cfft_radix2_init_q15.c ****     /*  Initialise the bit reversal table pointer */
 106:../Dave/Generated/CMSIS_DSP/TransformFunctions/arm_cfft_radix2_init_q15.c ****     S->pBitRevTable = (uint16_t *) & armBitRevTable[1];
 107:../Dave/Generated/CMSIS_DSP/TransformFunctions/arm_cfft_radix2_init_q15.c **** 
 108:../Dave/Generated/CMSIS_DSP/TransformFunctions/arm_cfft_radix2_init_q15.c ****     break;
 109:../Dave/Generated/CMSIS_DSP/TransformFunctions/arm_cfft_radix2_init_q15.c **** 
 110:../Dave/Generated/CMSIS_DSP/TransformFunctions/arm_cfft_radix2_init_q15.c ****   case 1024u:
 111:../Dave/Generated/CMSIS_DSP/TransformFunctions/arm_cfft_radix2_init_q15.c ****     /*  Initializations of structure parameters for 1024 point FFT */
 112:../Dave/Generated/CMSIS_DSP/TransformFunctions/arm_cfft_radix2_init_q15.c ****     S->twidCoefModifier = 4u;
 113:../Dave/Generated/CMSIS_DSP/TransformFunctions/arm_cfft_radix2_init_q15.c ****     S->bitRevFactor = 4u;
 114:../Dave/Generated/CMSIS_DSP/TransformFunctions/arm_cfft_radix2_init_q15.c ****     S->pBitRevTable = (uint16_t *) & armBitRevTable[3];
 115:../Dave/Generated/CMSIS_DSP/TransformFunctions/arm_cfft_radix2_init_q15.c **** 
 116:../Dave/Generated/CMSIS_DSP/TransformFunctions/arm_cfft_radix2_init_q15.c ****     break;
 117:../Dave/Generated/CMSIS_DSP/TransformFunctions/arm_cfft_radix2_init_q15.c **** 
 118:../Dave/Generated/CMSIS_DSP/TransformFunctions/arm_cfft_radix2_init_q15.c ****   case 512u:
 119:../Dave/Generated/CMSIS_DSP/TransformFunctions/arm_cfft_radix2_init_q15.c ****     /*  Initializations of structure parameters for 512 point FFT */
 120:../Dave/Generated/CMSIS_DSP/TransformFunctions/arm_cfft_radix2_init_q15.c ****     S->twidCoefModifier = 8u;
 121:../Dave/Generated/CMSIS_DSP/TransformFunctions/arm_cfft_radix2_init_q15.c ****     S->bitRevFactor = 8u;
 122:../Dave/Generated/CMSIS_DSP/TransformFunctions/arm_cfft_radix2_init_q15.c ****     S->pBitRevTable = (uint16_t *) & armBitRevTable[7];
 123:../Dave/Generated/CMSIS_DSP/TransformFunctions/arm_cfft_radix2_init_q15.c **** 
 124:../Dave/Generated/CMSIS_DSP/TransformFunctions/arm_cfft_radix2_init_q15.c ****     break;
 125:../Dave/Generated/CMSIS_DSP/TransformFunctions/arm_cfft_radix2_init_q15.c **** 
 126:../Dave/Generated/CMSIS_DSP/TransformFunctions/arm_cfft_radix2_init_q15.c ****   case 256u:
 127:../Dave/Generated/CMSIS_DSP/TransformFunctions/arm_cfft_radix2_init_q15.c ****     /*  Initializations of structure parameters for 256 point FFT */
 128:../Dave/Generated/CMSIS_DSP/TransformFunctions/arm_cfft_radix2_init_q15.c ****     S->twidCoefModifier = 16u;
 129:../Dave/Generated/CMSIS_DSP/TransformFunctions/arm_cfft_radix2_init_q15.c ****     S->bitRevFactor = 16u;
 130:../Dave/Generated/CMSIS_DSP/TransformFunctions/arm_cfft_radix2_init_q15.c ****     S->pBitRevTable = (uint16_t *) & armBitRevTable[15];
 131:../Dave/Generated/CMSIS_DSP/TransformFunctions/arm_cfft_radix2_init_q15.c **** 
 132:../Dave/Generated/CMSIS_DSP/TransformFunctions/arm_cfft_radix2_init_q15.c ****     break;
 133:../Dave/Generated/CMSIS_DSP/TransformFunctions/arm_cfft_radix2_init_q15.c **** 
 134:../Dave/Generated/CMSIS_DSP/TransformFunctions/arm_cfft_radix2_init_q15.c ****   case 128u:
 135:../Dave/Generated/CMSIS_DSP/TransformFunctions/arm_cfft_radix2_init_q15.c ****     /*  Initializations of structure parameters for 128 point FFT */
 136:../Dave/Generated/CMSIS_DSP/TransformFunctions/arm_cfft_radix2_init_q15.c ****     S->twidCoefModifier = 32u;
 137:../Dave/Generated/CMSIS_DSP/TransformFunctions/arm_cfft_radix2_init_q15.c ****     S->bitRevFactor = 32u;
 138:../Dave/Generated/CMSIS_DSP/TransformFunctions/arm_cfft_radix2_init_q15.c ****     S->pBitRevTable = (uint16_t *) & armBitRevTable[31];
 139:../Dave/Generated/CMSIS_DSP/TransformFunctions/arm_cfft_radix2_init_q15.c **** 
 140:../Dave/Generated/CMSIS_DSP/TransformFunctions/arm_cfft_radix2_init_q15.c ****     break;
 141:../Dave/Generated/CMSIS_DSP/TransformFunctions/arm_cfft_radix2_init_q15.c **** 
 142:../Dave/Generated/CMSIS_DSP/TransformFunctions/arm_cfft_radix2_init_q15.c ****   case 64u:
 143:../Dave/Generated/CMSIS_DSP/TransformFunctions/arm_cfft_radix2_init_q15.c ****     /*  Initializations of structure parameters for 64 point FFT */
 144:../Dave/Generated/CMSIS_DSP/TransformFunctions/arm_cfft_radix2_init_q15.c ****     S->twidCoefModifier = 64u;
 145:../Dave/Generated/CMSIS_DSP/TransformFunctions/arm_cfft_radix2_init_q15.c ****     S->bitRevFactor = 64u;
 146:../Dave/Generated/CMSIS_DSP/TransformFunctions/arm_cfft_radix2_init_q15.c ****     S->pBitRevTable = (uint16_t *) & armBitRevTable[63];
 147:../Dave/Generated/CMSIS_DSP/TransformFunctions/arm_cfft_radix2_init_q15.c **** 
 148:../Dave/Generated/CMSIS_DSP/TransformFunctions/arm_cfft_radix2_init_q15.c ****     break;
 149:../Dave/Generated/CMSIS_DSP/TransformFunctions/arm_cfft_radix2_init_q15.c **** 
 150:../Dave/Generated/CMSIS_DSP/TransformFunctions/arm_cfft_radix2_init_q15.c ****   case 32u:
 151:../Dave/Generated/CMSIS_DSP/TransformFunctions/arm_cfft_radix2_init_q15.c ****     /*  Initializations of structure parameters for 32 point FFT */
 152:../Dave/Generated/CMSIS_DSP/TransformFunctions/arm_cfft_radix2_init_q15.c ****     S->twidCoefModifier = 128u;
 153:../Dave/Generated/CMSIS_DSP/TransformFunctions/arm_cfft_radix2_init_q15.c ****     S->bitRevFactor = 128u;
 154:../Dave/Generated/CMSIS_DSP/TransformFunctions/arm_cfft_radix2_init_q15.c ****     S->pBitRevTable = (uint16_t *) & armBitRevTable[127];
 155:../Dave/Generated/CMSIS_DSP/TransformFunctions/arm_cfft_radix2_init_q15.c **** 
 156:../Dave/Generated/CMSIS_DSP/TransformFunctions/arm_cfft_radix2_init_q15.c ****     break;
 157:../Dave/Generated/CMSIS_DSP/TransformFunctions/arm_cfft_radix2_init_q15.c **** 
 158:../Dave/Generated/CMSIS_DSP/TransformFunctions/arm_cfft_radix2_init_q15.c ****   case 16u:
 159:../Dave/Generated/CMSIS_DSP/TransformFunctions/arm_cfft_radix2_init_q15.c ****     /*  Initializations of structure parameters for 16 point FFT */
 160:../Dave/Generated/CMSIS_DSP/TransformFunctions/arm_cfft_radix2_init_q15.c ****     S->twidCoefModifier = 256u;
 161:../Dave/Generated/CMSIS_DSP/TransformFunctions/arm_cfft_radix2_init_q15.c ****     S->bitRevFactor = 256u;
 162:../Dave/Generated/CMSIS_DSP/TransformFunctions/arm_cfft_radix2_init_q15.c ****     S->pBitRevTable = (uint16_t *) & armBitRevTable[255];
 163:../Dave/Generated/CMSIS_DSP/TransformFunctions/arm_cfft_radix2_init_q15.c **** 
 164:../Dave/Generated/CMSIS_DSP/TransformFunctions/arm_cfft_radix2_init_q15.c ****     break;
 165:../Dave/Generated/CMSIS_DSP/TransformFunctions/arm_cfft_radix2_init_q15.c **** 
 166:../Dave/Generated/CMSIS_DSP/TransformFunctions/arm_cfft_radix2_init_q15.c ****   default:
 167:../Dave/Generated/CMSIS_DSP/TransformFunctions/arm_cfft_radix2_init_q15.c ****     /*  Reporting argument error if fftSize is not valid value */
 168:../Dave/Generated/CMSIS_DSP/TransformFunctions/arm_cfft_radix2_init_q15.c ****     status = ARM_MATH_ARGUMENT_ERROR;
 169:../Dave/Generated/CMSIS_DSP/TransformFunctions/arm_cfft_radix2_init_q15.c ****     break;
 170:../Dave/Generated/CMSIS_DSP/TransformFunctions/arm_cfft_radix2_init_q15.c ****   }
 171:../Dave/Generated/CMSIS_DSP/TransformFunctions/arm_cfft_radix2_init_q15.c **** 
 172:../Dave/Generated/CMSIS_DSP/TransformFunctions/arm_cfft_radix2_init_q15.c ****   return (status);
 173:../Dave/Generated/CMSIS_DSP/TransformFunctions/arm_cfft_radix2_init_q15.c **** }
  75              	 .loc 1 173 0
  76 0034 40B2     	 sxtb r0,r0
  77 0036 5DF8044B 	 ldr r4,[sp],#4
  78              	.LCFI1:
  79              	 .cfi_remember_state
  80              	 .cfi_restore 4
  81              	 .cfi_def_cfa_offset 0
  82 003a 7047     	 bx lr
  83              	.LVL4:
  84              	.L18:
  85              	.LCFI2:
  86              	 .cfi_restore_state
  84:../Dave/Generated/CMSIS_DSP/TransformFunctions/arm_cfft_radix2_init_q15.c ****   {
  87              	 .loc 1 84 0
  88 003c 2029     	 cmp r1,#32
  89 003e 3BD0     	 beq .L5
  90 0040 20D9     	 bls .L20
  91 0042 4029     	 cmp r1,#64
  92 0044 0BD0     	 beq .L8
  93 0046 8029     	 cmp r1,#128
  94 0048 54D1     	 bne .L15
 136:../Dave/Generated/CMSIS_DSP/TransformFunctions/arm_cfft_radix2_init_q15.c ****     S->bitRevFactor = 32u;
  95              	 .loc 1 136 0
  96 004a 2023     	 movs r3,#32
  97              	.LVL5:
 138:../Dave/Generated/CMSIS_DSP/TransformFunctions/arm_cfft_radix2_init_q15.c **** 
  98              	 .loc 1 138 0
  99 004c 2E4A     	 ldr r2,.L21+8
 100              	.LVL6:
 136:../Dave/Generated/CMSIS_DSP/TransformFunctions/arm_cfft_radix2_init_q15.c ****     S->bitRevFactor = 32u;
 101              	 .loc 1 136 0
 102 004e 8381     	 strh r3,[r0,#12]
 137:../Dave/Generated/CMSIS_DSP/TransformFunctions/arm_cfft_radix2_init_q15.c ****     S->pBitRevTable = (uint16_t *) & armBitRevTable[31];
 103              	 .loc 1 137 0
 104 0050 C381     	 strh r3,[r0,#14]
 138:../Dave/Generated/CMSIS_DSP/TransformFunctions/arm_cfft_radix2_init_q15.c **** 
 105              	 .loc 1 138 0
 106 0052 8260     	 str r2,[r0,#8]
  71:../Dave/Generated/CMSIS_DSP/TransformFunctions/arm_cfft_radix2_init_q15.c **** 
 107              	 .loc 1 71 0
 108 0054 0020     	 movs r0,#0
 109              	.LVL7:
 110              	 .loc 1 173 0
 111 0056 40B2     	 sxtb r0,r0
 112 0058 5DF8044B 	 ldr r4,[sp],#4
 113              	.LCFI3:
 114              	 .cfi_remember_state
 115              	 .cfi_restore 4
 116              	 .cfi_def_cfa_offset 0
 117 005c 7047     	 bx lr
 118              	.LVL8:
 119              	.L8:
 120              	.LCFI4:
 121              	 .cfi_restore_state
 146:../Dave/Generated/CMSIS_DSP/TransformFunctions/arm_cfft_radix2_init_q15.c **** 
 122              	 .loc 1 146 0
 123 005e 2B4B     	 ldr r3,.L21+12
 124              	.LVL9:
 144:../Dave/Generated/CMSIS_DSP/TransformFunctions/arm_cfft_radix2_init_q15.c ****     S->bitRevFactor = 64u;
 125              	 .loc 1 144 0
 126 0060 8181     	 strh r1,[r0,#12]
 145:../Dave/Generated/CMSIS_DSP/TransformFunctions/arm_cfft_radix2_init_q15.c ****     S->pBitRevTable = (uint16_t *) & armBitRevTable[63];
 127              	 .loc 1 145 0
 128 0062 C181     	 strh r1,[r0,#14]
 146:../Dave/Generated/CMSIS_DSP/TransformFunctions/arm_cfft_radix2_init_q15.c **** 
 129              	 .loc 1 146 0
 130 0064 8360     	 str r3,[r0,#8]
  71:../Dave/Generated/CMSIS_DSP/TransformFunctions/arm_cfft_radix2_init_q15.c **** 
 131              	 .loc 1 71 0
 132 0066 0020     	 movs r0,#0
 133              	.LVL10:
 134              	 .loc 1 173 0
 135 0068 40B2     	 sxtb r0,r0
 136 006a 5DF8044B 	 ldr r4,[sp],#4
 137              	.LCFI5:
 138              	 .cfi_remember_state
 139              	 .cfi_restore 4
 140              	 .cfi_def_cfa_offset 0
 141 006e 7047     	 bx lr
 142              	.LVL11:
 143              	.L13:
 144              	.LCFI6:
 145              	 .cfi_restore_state
 102:../Dave/Generated/CMSIS_DSP/TransformFunctions/arm_cfft_radix2_init_q15.c ****     /*  Initialise the bit reversal table modifier */
 146              	 .loc 1 102 0
 147 0070 0223     	 movs r3,#2
 148              	.LVL12:
 106:../Dave/Generated/CMSIS_DSP/TransformFunctions/arm_cfft_radix2_init_q15.c **** 
 149              	 .loc 1 106 0
 150 0072 274A     	 ldr r2,.L21+16
 151              	.LVL13:
 102:../Dave/Generated/CMSIS_DSP/TransformFunctions/arm_cfft_radix2_init_q15.c ****     /*  Initialise the bit reversal table modifier */
 152              	 .loc 1 102 0
 153 0074 8381     	 strh r3,[r0,#12]
 104:../Dave/Generated/CMSIS_DSP/TransformFunctions/arm_cfft_radix2_init_q15.c ****     /*  Initialise the bit reversal table pointer */
 154              	 .loc 1 104 0
 155 0076 C381     	 strh r3,[r0,#14]
 106:../Dave/Generated/CMSIS_DSP/TransformFunctions/arm_cfft_radix2_init_q15.c **** 
 156              	 .loc 1 106 0
 157 0078 8260     	 str r2,[r0,#8]
  71:../Dave/Generated/CMSIS_DSP/TransformFunctions/arm_cfft_radix2_init_q15.c **** 
 158              	 .loc 1 71 0
 159 007a 0020     	 movs r0,#0
 160              	.LVL14:
 161              	 .loc 1 173 0
 162 007c 40B2     	 sxtb r0,r0
 163 007e 5DF8044B 	 ldr r4,[sp],#4
 164              	.LCFI7:
 165              	 .cfi_remember_state
 166              	 .cfi_restore 4
 167              	 .cfi_def_cfa_offset 0
 168 0082 7047     	 bx lr
 169              	.LVL15:
 170              	.L20:
 171              	.LCFI8:
 172              	 .cfi_restore_state
  84:../Dave/Generated/CMSIS_DSP/TransformFunctions/arm_cfft_radix2_init_q15.c ****   {
 173              	 .loc 1 84 0
 174 0084 1029     	 cmp r1,#16
 175 0086 35D1     	 bne .L15
 160:../Dave/Generated/CMSIS_DSP/TransformFunctions/arm_cfft_radix2_init_q15.c ****     S->bitRevFactor = 256u;
 176              	 .loc 1 160 0
 177 0088 4FF48073 	 mov r3,#256
 178              	.LVL16:
 162:../Dave/Generated/CMSIS_DSP/TransformFunctions/arm_cfft_radix2_init_q15.c **** 
 179              	 .loc 1 162 0
 180 008c 214A     	 ldr r2,.L21+20
 181              	.LVL17:
 160:../Dave/Generated/CMSIS_DSP/TransformFunctions/arm_cfft_radix2_init_q15.c ****     S->bitRevFactor = 256u;
 182              	 .loc 1 160 0
 183 008e 8381     	 strh r3,[r0,#12]
 161:../Dave/Generated/CMSIS_DSP/TransformFunctions/arm_cfft_radix2_init_q15.c ****     S->pBitRevTable = (uint16_t *) & armBitRevTable[255];
 184              	 .loc 1 161 0
 185 0090 C381     	 strh r3,[r0,#14]
 162:../Dave/Generated/CMSIS_DSP/TransformFunctions/arm_cfft_radix2_init_q15.c **** 
 186              	 .loc 1 162 0
 187 0092 8260     	 str r2,[r0,#8]
  71:../Dave/Generated/CMSIS_DSP/TransformFunctions/arm_cfft_radix2_init_q15.c **** 
 188              	 .loc 1 71 0
 189 0094 0020     	 movs r0,#0
 190              	.LVL18:
 191              	 .loc 1 173 0
 192 0096 40B2     	 sxtb r0,r0
 193 0098 5DF8044B 	 ldr r4,[sp],#4
 194              	.LCFI9:
 195              	 .cfi_remember_state
 196              	 .cfi_restore 4
 197              	 .cfi_def_cfa_offset 0
 198 009c 7047     	 bx lr
 199              	.LVL19:
 200              	.L19:
 201              	.LCFI10:
 202              	 .cfi_restore_state
  84:../Dave/Generated/CMSIS_DSP/TransformFunctions/arm_cfft_radix2_init_q15.c ****   {
 203              	 .loc 1 84 0
 204 009e B1F5007F 	 cmp r1,#512
 205 00a2 27D1     	 bne .L15
 120:../Dave/Generated/CMSIS_DSP/TransformFunctions/arm_cfft_radix2_init_q15.c ****     S->bitRevFactor = 8u;
 206              	 .loc 1 120 0
 207 00a4 0823     	 movs r3,#8
 208              	.LVL20:
 122:../Dave/Generated/CMSIS_DSP/TransformFunctions/arm_cfft_radix2_init_q15.c **** 
 209              	 .loc 1 122 0
 210 00a6 1C4A     	 ldr r2,.L21+24
 211              	.LVL21:
 120:../Dave/Generated/CMSIS_DSP/TransformFunctions/arm_cfft_radix2_init_q15.c ****     S->bitRevFactor = 8u;
 212              	 .loc 1 120 0
 213 00a8 8381     	 strh r3,[r0,#12]
 121:../Dave/Generated/CMSIS_DSP/TransformFunctions/arm_cfft_radix2_init_q15.c ****     S->pBitRevTable = (uint16_t *) & armBitRevTable[7];
 214              	 .loc 1 121 0
 215 00aa C381     	 strh r3,[r0,#14]
 122:../Dave/Generated/CMSIS_DSP/TransformFunctions/arm_cfft_radix2_init_q15.c **** 
 216              	 .loc 1 122 0
 217 00ac 8260     	 str r2,[r0,#8]
  71:../Dave/Generated/CMSIS_DSP/TransformFunctions/arm_cfft_radix2_init_q15.c **** 
 218              	 .loc 1 71 0
 219 00ae 0020     	 movs r0,#0
 220              	.LVL22:
 221              	 .loc 1 173 0
 222 00b0 40B2     	 sxtb r0,r0
 223 00b2 5DF8044B 	 ldr r4,[sp],#4
 224              	.LCFI11:
 225              	 .cfi_remember_state
 226              	 .cfi_restore 4
 227              	 .cfi_def_cfa_offset 0
 228 00b6 7047     	 bx lr
 229              	.LVL23:
 230              	.L5:
 231              	.LCFI12:
 232              	 .cfi_restore_state
 152:../Dave/Generated/CMSIS_DSP/TransformFunctions/arm_cfft_radix2_init_q15.c ****     S->bitRevFactor = 128u;
 233              	 .loc 1 152 0
 234 00b8 8023     	 movs r3,#128
 235              	.LVL24:
 154:../Dave/Generated/CMSIS_DSP/TransformFunctions/arm_cfft_radix2_init_q15.c **** 
 236              	 .loc 1 154 0
 237 00ba 184A     	 ldr r2,.L21+28
 238              	.LVL25:
 152:../Dave/Generated/CMSIS_DSP/TransformFunctions/arm_cfft_radix2_init_q15.c ****     S->bitRevFactor = 128u;
 239              	 .loc 1 152 0
 240 00bc 8381     	 strh r3,[r0,#12]
 153:../Dave/Generated/CMSIS_DSP/TransformFunctions/arm_cfft_radix2_init_q15.c ****     S->pBitRevTable = (uint16_t *) & armBitRevTable[127];
 241              	 .loc 1 153 0
 242 00be C381     	 strh r3,[r0,#14]
 154:../Dave/Generated/CMSIS_DSP/TransformFunctions/arm_cfft_radix2_init_q15.c **** 
 243              	 .loc 1 154 0
 244 00c0 8260     	 str r2,[r0,#8]
  71:../Dave/Generated/CMSIS_DSP/TransformFunctions/arm_cfft_radix2_init_q15.c **** 
 245              	 .loc 1 71 0
 246 00c2 0020     	 movs r0,#0
 247              	.LVL26:
 248              	 .loc 1 173 0
 249 00c4 40B2     	 sxtb r0,r0
 250 00c6 5DF8044B 	 ldr r4,[sp],#4
 251              	.LCFI13:
 252              	 .cfi_remember_state
 253              	 .cfi_restore 4
 254              	 .cfi_def_cfa_offset 0
 255 00ca 7047     	 bx lr
 256              	.LVL27:
 257              	.L3:
 258              	.LCFI14:
 259              	 .cfi_restore_state
 128:../Dave/Generated/CMSIS_DSP/TransformFunctions/arm_cfft_radix2_init_q15.c ****     S->bitRevFactor = 16u;
 260              	 .loc 1 128 0
 261 00cc 1023     	 movs r3,#16
 262              	.LVL28:
 130:../Dave/Generated/CMSIS_DSP/TransformFunctions/arm_cfft_radix2_init_q15.c **** 
 263              	 .loc 1 130 0
 264 00ce 144A     	 ldr r2,.L21+32
 265              	.LVL29:
 128:../Dave/Generated/CMSIS_DSP/TransformFunctions/arm_cfft_radix2_init_q15.c ****     S->bitRevFactor = 16u;
 266              	 .loc 1 128 0
 267 00d0 8381     	 strh r3,[r0,#12]
 129:../Dave/Generated/CMSIS_DSP/TransformFunctions/arm_cfft_radix2_init_q15.c ****     S->pBitRevTable = (uint16_t *) & armBitRevTable[15];
 268              	 .loc 1 129 0
 269 00d2 C381     	 strh r3,[r0,#14]
 130:../Dave/Generated/CMSIS_DSP/TransformFunctions/arm_cfft_radix2_init_q15.c **** 
 270              	 .loc 1 130 0
 271 00d4 8260     	 str r2,[r0,#8]
  71:../Dave/Generated/CMSIS_DSP/TransformFunctions/arm_cfft_radix2_init_q15.c **** 
 272              	 .loc 1 71 0
 273 00d6 0020     	 movs r0,#0
 274              	.LVL30:
 275              	 .loc 1 173 0
 276 00d8 40B2     	 sxtb r0,r0
 277 00da 5DF8044B 	 ldr r4,[sp],#4
 278              	.LCFI15:
 279              	 .cfi_remember_state
 280              	 .cfi_restore 4
 281              	 .cfi_def_cfa_offset 0
 282 00de 7047     	 bx lr
 283              	.LVL31:
 284              	.L10:
 285              	.LCFI16:
 286              	 .cfi_restore_state
 112:../Dave/Generated/CMSIS_DSP/TransformFunctions/arm_cfft_radix2_init_q15.c ****     S->bitRevFactor = 4u;
 287              	 .loc 1 112 0
 288 00e0 0423     	 movs r3,#4
 289              	.LVL32:
 114:../Dave/Generated/CMSIS_DSP/TransformFunctions/arm_cfft_radix2_init_q15.c **** 
 290              	 .loc 1 114 0
 291 00e2 104A     	 ldr r2,.L21+36
 292              	.LVL33:
 112:../Dave/Generated/CMSIS_DSP/TransformFunctions/arm_cfft_radix2_init_q15.c ****     S->bitRevFactor = 4u;
 293              	 .loc 1 112 0
 294 00e4 8381     	 strh r3,[r0,#12]
 113:../Dave/Generated/CMSIS_DSP/TransformFunctions/arm_cfft_radix2_init_q15.c ****     S->pBitRevTable = (uint16_t *) & armBitRevTable[3];
 295              	 .loc 1 113 0
 296 00e6 C381     	 strh r3,[r0,#14]
 114:../Dave/Generated/CMSIS_DSP/TransformFunctions/arm_cfft_radix2_init_q15.c **** 
 297              	 .loc 1 114 0
 298 00e8 8260     	 str r2,[r0,#8]
  71:../Dave/Generated/CMSIS_DSP/TransformFunctions/arm_cfft_radix2_init_q15.c **** 
 299              	 .loc 1 71 0
 300 00ea 0020     	 movs r0,#0
 301              	.LVL34:
 302              	 .loc 1 173 0
 303 00ec 40B2     	 sxtb r0,r0
 304 00ee 5DF8044B 	 ldr r4,[sp],#4
 305              	.LCFI17:
 306              	 .cfi_remember_state
 307              	 .cfi_restore 4
 308              	 .cfi_def_cfa_offset 0
 309 00f2 7047     	 bx lr
 310              	.LVL35:
 311              	.L15:
 312              	.LCFI18:
 313              	 .cfi_restore_state
 168:../Dave/Generated/CMSIS_DSP/TransformFunctions/arm_cfft_radix2_init_q15.c ****     break;
 314              	 .loc 1 168 0
 315 00f4 FF20     	 movs r0,#255
 316              	.LVL36:
 317              	 .loc 1 173 0
 318 00f6 40B2     	 sxtb r0,r0
 319 00f8 5DF8044B 	 ldr r4,[sp],#4
 320              	.LCFI19:
 321              	 .cfi_restore 4
 322              	 .cfi_def_cfa_offset 0
 323 00fc 7047     	 bx lr
 324              	.L22:
 325 00fe 00BF     	 .align 2
 326              	.L21:
 327 0100 00000000 	 .word twiddleCoef_4096_q15
 328 0104 00000000 	 .word armBitRevTable
 329 0108 3E000000 	 .word armBitRevTable+62
 330 010c 7E000000 	 .word armBitRevTable+126
 331 0110 02000000 	 .word armBitRevTable+2
 332 0114 FE010000 	 .word armBitRevTable+510
 333 0118 0E000000 	 .word armBitRevTable+14
 334 011c FE000000 	 .word armBitRevTable+254
 335 0120 1E000000 	 .word armBitRevTable+30
 336 0124 06000000 	 .word armBitRevTable+6
 337              	 .cfi_endproc
 338              	.LFE135:
 340              	 .text
 341              	.Letext0:
 342              	 .file 2 "c:\\infineon\\tools\\dave ide\\4.5.0.202105191637\\eclipse\\arm-gcc-49\\arm-none-eabi\\include\\machine\\_default_types.h"
 343              	 .file 3 "c:\\infineon\\tools\\dave ide\\4.5.0.202105191637\\eclipse\\arm-gcc-49\\arm-none-eabi\\include\\stdint.h"
 344              	 .file 4 "C:/Users/Utente/Desktop/Tesi/Firmware_Software/DAVE project/S2GLP_Pulsed_Doppler/Dave/Generated/CMSIS_DSP/arm_math.h"
 345              	 .file 5 "C:/Users/Utente/Desktop/Tesi/Firmware_Software/DAVE project/S2GLP_Pulsed_Doppler/Dave/Generated/CMSIS_DSP/arm_common_tables.h"
DEFINED SYMBOLS
                            *ABS*:00000000 arm_cfft_radix2_init_q15.c
    {standard input}:20     .text.arm_cfft_radix2_init_q15:00000000 $t
    {standard input}:25     .text.arm_cfft_radix2_init_q15:00000000 arm_cfft_radix2_init_q15
    {standard input}:327    .text.arm_cfft_radix2_init_q15:00000100 $d
                     .debug_frame:00000010 $d

UNDEFINED SYMBOLS
twiddleCoef_4096_q15
armBitRevTable
