   1              	 .syntax unified
   2              	 .cpu cortex-m4
   3              	 .eabi_attribute 27,3
   4              	 .fpu fpv4-sp-d16
   5              	 .eabi_attribute 20,1
   6              	 .eabi_attribute 21,1
   7              	 .eabi_attribute 23,3
   8              	 .eabi_attribute 24,1
   9              	 .eabi_attribute 25,1
  10              	 .eabi_attribute 26,1
  11              	 .eabi_attribute 30,2
  12              	 .eabi_attribute 34,1
  13              	 .eabi_attribute 18,4
  14              	 .thumb
  15              	 .file "arm_cfft_radix4_init_f32.c"
  16              	 .text
  17              	.Ltext0:
  18              	 .cfi_sections .debug_frame
  19              	 .section .text.arm_cfft_radix4_init_f32,"ax",%progbits
  20              	 .align 2
  21              	 .global arm_cfft_radix4_init_f32
  22              	 .thumb
  23              	 .thumb_func
  25              	arm_cfft_radix4_init_f32:
  26              	.LFB135:
  27              	 .file 1 "../Dave/Generated/CMSIS_DSP/TransformFunctions/arm_cfft_radix4_init_f32.c"
   1:../Dave/Generated/CMSIS_DSP/TransformFunctions/arm_cfft_radix4_init_f32.c **** /* ----------------------------------------------------------------------
   2:../Dave/Generated/CMSIS_DSP/TransformFunctions/arm_cfft_radix4_init_f32.c ****  * Project:      CMSIS DSP Library
   3:../Dave/Generated/CMSIS_DSP/TransformFunctions/arm_cfft_radix4_init_f32.c ****  * Title:        arm_cfft_radix4_init_f32.c
   4:../Dave/Generated/CMSIS_DSP/TransformFunctions/arm_cfft_radix4_init_f32.c ****  * Description:  Radix-4 Decimation in Frequency Floating-point CFFT & CIFFT Initialization functio
   5:../Dave/Generated/CMSIS_DSP/TransformFunctions/arm_cfft_radix4_init_f32.c ****  *
   6:../Dave/Generated/CMSIS_DSP/TransformFunctions/arm_cfft_radix4_init_f32.c ****  * $Date:        27. January 2017
   7:../Dave/Generated/CMSIS_DSP/TransformFunctions/arm_cfft_radix4_init_f32.c ****  * $Revision:    V.1.5.1
   8:../Dave/Generated/CMSIS_DSP/TransformFunctions/arm_cfft_radix4_init_f32.c ****  *
   9:../Dave/Generated/CMSIS_DSP/TransformFunctions/arm_cfft_radix4_init_f32.c ****  * Target Processor: Cortex-M cores
  10:../Dave/Generated/CMSIS_DSP/TransformFunctions/arm_cfft_radix4_init_f32.c ****  * -------------------------------------------------------------------- */
  11:../Dave/Generated/CMSIS_DSP/TransformFunctions/arm_cfft_radix4_init_f32.c **** /*
  12:../Dave/Generated/CMSIS_DSP/TransformFunctions/arm_cfft_radix4_init_f32.c ****  * Copyright (C) 2010-2017 ARM Limited or its affiliates. All rights reserved.
  13:../Dave/Generated/CMSIS_DSP/TransformFunctions/arm_cfft_radix4_init_f32.c ****  *
  14:../Dave/Generated/CMSIS_DSP/TransformFunctions/arm_cfft_radix4_init_f32.c ****  * SPDX-License-Identifier: Apache-2.0
  15:../Dave/Generated/CMSIS_DSP/TransformFunctions/arm_cfft_radix4_init_f32.c ****  *
  16:../Dave/Generated/CMSIS_DSP/TransformFunctions/arm_cfft_radix4_init_f32.c ****  * Licensed under the Apache License, Version 2.0 (the License); you may
  17:../Dave/Generated/CMSIS_DSP/TransformFunctions/arm_cfft_radix4_init_f32.c ****  * not use this file except in compliance with the License.
  18:../Dave/Generated/CMSIS_DSP/TransformFunctions/arm_cfft_radix4_init_f32.c ****  * You may obtain a copy of the License at
  19:../Dave/Generated/CMSIS_DSP/TransformFunctions/arm_cfft_radix4_init_f32.c ****  *
  20:../Dave/Generated/CMSIS_DSP/TransformFunctions/arm_cfft_radix4_init_f32.c ****  * www.apache.org/licenses/LICENSE-2.0
  21:../Dave/Generated/CMSIS_DSP/TransformFunctions/arm_cfft_radix4_init_f32.c ****  *
  22:../Dave/Generated/CMSIS_DSP/TransformFunctions/arm_cfft_radix4_init_f32.c ****  * Unless required by applicable law or agreed to in writing, software
  23:../Dave/Generated/CMSIS_DSP/TransformFunctions/arm_cfft_radix4_init_f32.c ****  * distributed under the License is distributed on an AS IS BASIS, WITHOUT
  24:../Dave/Generated/CMSIS_DSP/TransformFunctions/arm_cfft_radix4_init_f32.c ****  * WARRANTIES OR CONDITIONS OF ANY KIND, either express or implied.
  25:../Dave/Generated/CMSIS_DSP/TransformFunctions/arm_cfft_radix4_init_f32.c ****  * See the License for the specific language governing permissions and
  26:../Dave/Generated/CMSIS_DSP/TransformFunctions/arm_cfft_radix4_init_f32.c ****  * limitations under the License.
  27:../Dave/Generated/CMSIS_DSP/TransformFunctions/arm_cfft_radix4_init_f32.c ****  */
  28:../Dave/Generated/CMSIS_DSP/TransformFunctions/arm_cfft_radix4_init_f32.c **** 
  29:../Dave/Generated/CMSIS_DSP/TransformFunctions/arm_cfft_radix4_init_f32.c **** #include "CMSIS_DSP/cmsis_dsp.h"
  30:../Dave/Generated/CMSIS_DSP/TransformFunctions/arm_cfft_radix4_init_f32.c **** #include "CMSIS_DSP/arm_common_tables.h"
  31:../Dave/Generated/CMSIS_DSP/TransformFunctions/arm_cfft_radix4_init_f32.c **** 
  32:../Dave/Generated/CMSIS_DSP/TransformFunctions/arm_cfft_radix4_init_f32.c **** /**
  33:../Dave/Generated/CMSIS_DSP/TransformFunctions/arm_cfft_radix4_init_f32.c ****  * @ingroup groupTransforms
  34:../Dave/Generated/CMSIS_DSP/TransformFunctions/arm_cfft_radix4_init_f32.c ****  */
  35:../Dave/Generated/CMSIS_DSP/TransformFunctions/arm_cfft_radix4_init_f32.c **** 
  36:../Dave/Generated/CMSIS_DSP/TransformFunctions/arm_cfft_radix4_init_f32.c **** /**
  37:../Dave/Generated/CMSIS_DSP/TransformFunctions/arm_cfft_radix4_init_f32.c ****  * @addtogroup ComplexFFT
  38:../Dave/Generated/CMSIS_DSP/TransformFunctions/arm_cfft_radix4_init_f32.c ****  * @{
  39:../Dave/Generated/CMSIS_DSP/TransformFunctions/arm_cfft_radix4_init_f32.c ****  */
  40:../Dave/Generated/CMSIS_DSP/TransformFunctions/arm_cfft_radix4_init_f32.c **** 
  41:../Dave/Generated/CMSIS_DSP/TransformFunctions/arm_cfft_radix4_init_f32.c **** /**
  42:../Dave/Generated/CMSIS_DSP/TransformFunctions/arm_cfft_radix4_init_f32.c **** * @brief  Initialization function for the floating-point CFFT/CIFFT.
  43:../Dave/Generated/CMSIS_DSP/TransformFunctions/arm_cfft_radix4_init_f32.c **** * @deprecated Do not use this function.  It has been superceded by \ref arm_cfft_f32 and will be re
  44:../Dave/Generated/CMSIS_DSP/TransformFunctions/arm_cfft_radix4_init_f32.c **** * in the future.
  45:../Dave/Generated/CMSIS_DSP/TransformFunctions/arm_cfft_radix4_init_f32.c **** * @param[in,out] *S             points to an instance of the floating-point CFFT/CIFFT structure.
  46:../Dave/Generated/CMSIS_DSP/TransformFunctions/arm_cfft_radix4_init_f32.c **** * @param[in]     fftLen         length of the FFT.
  47:../Dave/Generated/CMSIS_DSP/TransformFunctions/arm_cfft_radix4_init_f32.c **** * @param[in]     ifftFlag       flag that selects forward (ifftFlag=0) or inverse (ifftFlag=1) tran
  48:../Dave/Generated/CMSIS_DSP/TransformFunctions/arm_cfft_radix4_init_f32.c **** * @param[in]     bitReverseFlag flag that enables (bitReverseFlag=1) or disables (bitReverseFlag=0)
  49:../Dave/Generated/CMSIS_DSP/TransformFunctions/arm_cfft_radix4_init_f32.c **** * @return        The function returns ARM_MATH_SUCCESS if initialization is successful or ARM_MATH_
  50:../Dave/Generated/CMSIS_DSP/TransformFunctions/arm_cfft_radix4_init_f32.c **** *
  51:../Dave/Generated/CMSIS_DSP/TransformFunctions/arm_cfft_radix4_init_f32.c **** * \par Description:
  52:../Dave/Generated/CMSIS_DSP/TransformFunctions/arm_cfft_radix4_init_f32.c **** * \par
  53:../Dave/Generated/CMSIS_DSP/TransformFunctions/arm_cfft_radix4_init_f32.c **** * The parameter <code>ifftFlag</code> controls whether a forward or inverse transform is computed.
  54:../Dave/Generated/CMSIS_DSP/TransformFunctions/arm_cfft_radix4_init_f32.c **** * Set(=1) ifftFlag for calculation of CIFFT otherwise  CFFT is calculated
  55:../Dave/Generated/CMSIS_DSP/TransformFunctions/arm_cfft_radix4_init_f32.c **** * \par
  56:../Dave/Generated/CMSIS_DSP/TransformFunctions/arm_cfft_radix4_init_f32.c **** * The parameter <code>bitReverseFlag</code> controls whether output is in normal order or bit rever
  57:../Dave/Generated/CMSIS_DSP/TransformFunctions/arm_cfft_radix4_init_f32.c **** * Set(=1) bitReverseFlag for output to be in normal order otherwise output is in bit reversed order
  58:../Dave/Generated/CMSIS_DSP/TransformFunctions/arm_cfft_radix4_init_f32.c **** * \par
  59:../Dave/Generated/CMSIS_DSP/TransformFunctions/arm_cfft_radix4_init_f32.c **** * The parameter <code>fftLen</code>	Specifies length of CFFT/CIFFT process. Supported FFT Lengths a
  60:../Dave/Generated/CMSIS_DSP/TransformFunctions/arm_cfft_radix4_init_f32.c **** * \par
  61:../Dave/Generated/CMSIS_DSP/TransformFunctions/arm_cfft_radix4_init_f32.c **** * This Function also initializes Twiddle factor table pointer and Bit reversal table pointer.
  62:../Dave/Generated/CMSIS_DSP/TransformFunctions/arm_cfft_radix4_init_f32.c **** */
  63:../Dave/Generated/CMSIS_DSP/TransformFunctions/arm_cfft_radix4_init_f32.c **** 
  64:../Dave/Generated/CMSIS_DSP/TransformFunctions/arm_cfft_radix4_init_f32.c **** arm_status arm_cfft_radix4_init_f32(
  65:../Dave/Generated/CMSIS_DSP/TransformFunctions/arm_cfft_radix4_init_f32.c ****   arm_cfft_radix4_instance_f32 * S,
  66:../Dave/Generated/CMSIS_DSP/TransformFunctions/arm_cfft_radix4_init_f32.c ****   uint16_t fftLen,
  67:../Dave/Generated/CMSIS_DSP/TransformFunctions/arm_cfft_radix4_init_f32.c ****   uint8_t ifftFlag,
  68:../Dave/Generated/CMSIS_DSP/TransformFunctions/arm_cfft_radix4_init_f32.c ****   uint8_t bitReverseFlag)
  69:../Dave/Generated/CMSIS_DSP/TransformFunctions/arm_cfft_radix4_init_f32.c **** {
  28              	 .loc 1 69 0
  29              	 .cfi_startproc
  30              	 
  31              	 
  32              	 
  33              	.LVL0:
  34 0000 10B4     	 push {r4}
  35              	.LCFI0:
  36              	 .cfi_def_cfa_offset 4
  37              	 .cfi_offset 4,-4
  70:../Dave/Generated/CMSIS_DSP/TransformFunctions/arm_cfft_radix4_init_f32.c ****   /*  Initialise the default arm status */
  71:../Dave/Generated/CMSIS_DSP/TransformFunctions/arm_cfft_radix4_init_f32.c ****   arm_status status = ARM_MATH_SUCCESS;
  72:../Dave/Generated/CMSIS_DSP/TransformFunctions/arm_cfft_radix4_init_f32.c **** 
  73:../Dave/Generated/CMSIS_DSP/TransformFunctions/arm_cfft_radix4_init_f32.c ****   /*  Initialise the FFT length */
  74:../Dave/Generated/CMSIS_DSP/TransformFunctions/arm_cfft_radix4_init_f32.c ****   S->fftLen = fftLen;
  75:../Dave/Generated/CMSIS_DSP/TransformFunctions/arm_cfft_radix4_init_f32.c **** 
  76:../Dave/Generated/CMSIS_DSP/TransformFunctions/arm_cfft_radix4_init_f32.c ****   /*  Initialise the Twiddle coefficient pointer */
  77:../Dave/Generated/CMSIS_DSP/TransformFunctions/arm_cfft_radix4_init_f32.c ****   S->pTwiddle = (float32_t *) twiddleCoef;
  78:../Dave/Generated/CMSIS_DSP/TransformFunctions/arm_cfft_radix4_init_f32.c **** 
  79:../Dave/Generated/CMSIS_DSP/TransformFunctions/arm_cfft_radix4_init_f32.c ****   /*  Initialise the Flag for selection of CFFT or CIFFT */
  80:../Dave/Generated/CMSIS_DSP/TransformFunctions/arm_cfft_radix4_init_f32.c ****   S->ifftFlag = ifftFlag;
  81:../Dave/Generated/CMSIS_DSP/TransformFunctions/arm_cfft_radix4_init_f32.c **** 
  82:../Dave/Generated/CMSIS_DSP/TransformFunctions/arm_cfft_radix4_init_f32.c ****   /*  Initialise the Flag for calculation Bit reversal or not */
  83:../Dave/Generated/CMSIS_DSP/TransformFunctions/arm_cfft_radix4_init_f32.c ****   S->bitReverseFlag = bitReverseFlag;
  84:../Dave/Generated/CMSIS_DSP/TransformFunctions/arm_cfft_radix4_init_f32.c **** 
  85:../Dave/Generated/CMSIS_DSP/TransformFunctions/arm_cfft_radix4_init_f32.c ****   /*  Initializations of structure parameters depending on the FFT length */
  86:../Dave/Generated/CMSIS_DSP/TransformFunctions/arm_cfft_radix4_init_f32.c ****   switch (S->fftLen)
  38              	 .loc 1 86 0
  39 0002 B1F5807F 	 cmp r1,#256
  77:../Dave/Generated/CMSIS_DSP/TransformFunctions/arm_cfft_radix4_init_f32.c **** 
  40              	 .loc 1 77 0
  41 0006 2B4C     	 ldr r4,.L12
  80:../Dave/Generated/CMSIS_DSP/TransformFunctions/arm_cfft_radix4_init_f32.c **** 
  42              	 .loc 1 80 0
  43 0008 8270     	 strb r2,[r0,#2]
  83:../Dave/Generated/CMSIS_DSP/TransformFunctions/arm_cfft_radix4_init_f32.c **** 
  44              	 .loc 1 83 0
  45 000a C370     	 strb r3,[r0,#3]
  74:../Dave/Generated/CMSIS_DSP/TransformFunctions/arm_cfft_radix4_init_f32.c **** 
  46              	 .loc 1 74 0
  47 000c 0180     	 strh r1,[r0]
  77:../Dave/Generated/CMSIS_DSP/TransformFunctions/arm_cfft_radix4_init_f32.c **** 
  48              	 .loc 1 77 0
  49 000e 4460     	 str r4,[r0,#4]
  50              	 .loc 1 86 0
  51 0010 43D0     	 beq .L3
  52 0012 0FD8     	 bhi .L4
  53 0014 1029     	 cmp r1,#16
  54 0016 32D0     	 beq .L5
  55 0018 4029     	 cmp r1,#64
  56 001a 1ED1     	 bne .L9
  87:../Dave/Generated/CMSIS_DSP/TransformFunctions/arm_cfft_radix4_init_f32.c ****   {
  88:../Dave/Generated/CMSIS_DSP/TransformFunctions/arm_cfft_radix4_init_f32.c **** 
  89:../Dave/Generated/CMSIS_DSP/TransformFunctions/arm_cfft_radix4_init_f32.c ****   case 4096u:
  90:../Dave/Generated/CMSIS_DSP/TransformFunctions/arm_cfft_radix4_init_f32.c ****     /*  Initializations of structure parameters for 4096 point FFT */
  91:../Dave/Generated/CMSIS_DSP/TransformFunctions/arm_cfft_radix4_init_f32.c **** 
  92:../Dave/Generated/CMSIS_DSP/TransformFunctions/arm_cfft_radix4_init_f32.c ****     /*  Initialise the twiddle coef modifier value */
  93:../Dave/Generated/CMSIS_DSP/TransformFunctions/arm_cfft_radix4_init_f32.c ****     S->twidCoefModifier = 1u;
  94:../Dave/Generated/CMSIS_DSP/TransformFunctions/arm_cfft_radix4_init_f32.c ****     /*  Initialise the bit reversal table modifier */
  95:../Dave/Generated/CMSIS_DSP/TransformFunctions/arm_cfft_radix4_init_f32.c ****     S->bitRevFactor = 1u;
  96:../Dave/Generated/CMSIS_DSP/TransformFunctions/arm_cfft_radix4_init_f32.c ****     /*  Initialise the bit reversal table pointer */
  97:../Dave/Generated/CMSIS_DSP/TransformFunctions/arm_cfft_radix4_init_f32.c ****     S->pBitRevTable = (uint16_t *) armBitRevTable;
  98:../Dave/Generated/CMSIS_DSP/TransformFunctions/arm_cfft_radix4_init_f32.c ****     /*  Initialise the 1/fftLen Value */
  99:../Dave/Generated/CMSIS_DSP/TransformFunctions/arm_cfft_radix4_init_f32.c ****     S->onebyfftLen = 0.000244140625;
 100:../Dave/Generated/CMSIS_DSP/TransformFunctions/arm_cfft_radix4_init_f32.c ****     break;
 101:../Dave/Generated/CMSIS_DSP/TransformFunctions/arm_cfft_radix4_init_f32.c **** 
 102:../Dave/Generated/CMSIS_DSP/TransformFunctions/arm_cfft_radix4_init_f32.c ****   case 1024u:
 103:../Dave/Generated/CMSIS_DSP/TransformFunctions/arm_cfft_radix4_init_f32.c ****     /*  Initializations of structure parameters for 1024 point FFT */
 104:../Dave/Generated/CMSIS_DSP/TransformFunctions/arm_cfft_radix4_init_f32.c **** 
 105:../Dave/Generated/CMSIS_DSP/TransformFunctions/arm_cfft_radix4_init_f32.c ****     /*  Initialise the twiddle coef modifier value */
 106:../Dave/Generated/CMSIS_DSP/TransformFunctions/arm_cfft_radix4_init_f32.c ****     S->twidCoefModifier = 4u;
 107:../Dave/Generated/CMSIS_DSP/TransformFunctions/arm_cfft_radix4_init_f32.c ****     /*  Initialise the bit reversal table modifier */
 108:../Dave/Generated/CMSIS_DSP/TransformFunctions/arm_cfft_radix4_init_f32.c ****     S->bitRevFactor = 4u;
 109:../Dave/Generated/CMSIS_DSP/TransformFunctions/arm_cfft_radix4_init_f32.c ****     /*  Initialise the bit reversal table pointer */
 110:../Dave/Generated/CMSIS_DSP/TransformFunctions/arm_cfft_radix4_init_f32.c ****     S->pBitRevTable = (uint16_t *) & armBitRevTable[3];
 111:../Dave/Generated/CMSIS_DSP/TransformFunctions/arm_cfft_radix4_init_f32.c ****     /*  Initialise the 1/fftLen Value */
 112:../Dave/Generated/CMSIS_DSP/TransformFunctions/arm_cfft_radix4_init_f32.c ****     S->onebyfftLen = 0.0009765625f;
 113:../Dave/Generated/CMSIS_DSP/TransformFunctions/arm_cfft_radix4_init_f32.c ****     break;
 114:../Dave/Generated/CMSIS_DSP/TransformFunctions/arm_cfft_radix4_init_f32.c **** 
 115:../Dave/Generated/CMSIS_DSP/TransformFunctions/arm_cfft_radix4_init_f32.c **** 
 116:../Dave/Generated/CMSIS_DSP/TransformFunctions/arm_cfft_radix4_init_f32.c ****   case 256u:
 117:../Dave/Generated/CMSIS_DSP/TransformFunctions/arm_cfft_radix4_init_f32.c ****     /*  Initializations of structure parameters for 256 point FFT */
 118:../Dave/Generated/CMSIS_DSP/TransformFunctions/arm_cfft_radix4_init_f32.c ****     S->twidCoefModifier = 16u;
 119:../Dave/Generated/CMSIS_DSP/TransformFunctions/arm_cfft_radix4_init_f32.c ****     S->bitRevFactor = 16u;
 120:../Dave/Generated/CMSIS_DSP/TransformFunctions/arm_cfft_radix4_init_f32.c ****     S->pBitRevTable = (uint16_t *) & armBitRevTable[15];
 121:../Dave/Generated/CMSIS_DSP/TransformFunctions/arm_cfft_radix4_init_f32.c ****     S->onebyfftLen = 0.00390625f;
 122:../Dave/Generated/CMSIS_DSP/TransformFunctions/arm_cfft_radix4_init_f32.c ****     break;
 123:../Dave/Generated/CMSIS_DSP/TransformFunctions/arm_cfft_radix4_init_f32.c **** 
 124:../Dave/Generated/CMSIS_DSP/TransformFunctions/arm_cfft_radix4_init_f32.c ****   case 64u:
 125:../Dave/Generated/CMSIS_DSP/TransformFunctions/arm_cfft_radix4_init_f32.c ****     /*  Initializations of structure parameters for 64 point FFT */
 126:../Dave/Generated/CMSIS_DSP/TransformFunctions/arm_cfft_radix4_init_f32.c ****     S->twidCoefModifier = 64u;
 127:../Dave/Generated/CMSIS_DSP/TransformFunctions/arm_cfft_radix4_init_f32.c ****     S->bitRevFactor = 64u;
 128:../Dave/Generated/CMSIS_DSP/TransformFunctions/arm_cfft_radix4_init_f32.c ****     S->pBitRevTable = (uint16_t *) & armBitRevTable[63];
 129:../Dave/Generated/CMSIS_DSP/TransformFunctions/arm_cfft_radix4_init_f32.c ****     S->onebyfftLen = 0.015625f;
  57              	 .loc 1 129 0
  58 001c 4FF07252 	 mov r2,#1015021568
  59              	.LVL1:
 128:../Dave/Generated/CMSIS_DSP/TransformFunctions/arm_cfft_radix4_init_f32.c ****     S->onebyfftLen = 0.015625f;
  60              	 .loc 1 128 0
  61 0020 254B     	 ldr r3,.L12+4
  62              	.LVL2:
 126:../Dave/Generated/CMSIS_DSP/TransformFunctions/arm_cfft_radix4_init_f32.c ****     S->bitRevFactor = 64u;
  63              	 .loc 1 126 0
  64 0022 8181     	 strh r1,[r0,#12]
 127:../Dave/Generated/CMSIS_DSP/TransformFunctions/arm_cfft_radix4_init_f32.c ****     S->pBitRevTable = (uint16_t *) & armBitRevTable[63];
  65              	 .loc 1 127 0
  66 0024 C181     	 strh r1,[r0,#14]
  67              	 .loc 1 129 0
  68 0026 0261     	 str r2,[r0,#16]
 128:../Dave/Generated/CMSIS_DSP/TransformFunctions/arm_cfft_radix4_init_f32.c ****     S->onebyfftLen = 0.015625f;
  69              	 .loc 1 128 0
  70 0028 8360     	 str r3,[r0,#8]
  71:../Dave/Generated/CMSIS_DSP/TransformFunctions/arm_cfft_radix4_init_f32.c **** 
  71              	 .loc 1 71 0
  72 002a 0020     	 movs r0,#0
  73              	.LVL3:
 130:../Dave/Generated/CMSIS_DSP/TransformFunctions/arm_cfft_radix4_init_f32.c ****     break;
 131:../Dave/Generated/CMSIS_DSP/TransformFunctions/arm_cfft_radix4_init_f32.c **** 
 132:../Dave/Generated/CMSIS_DSP/TransformFunctions/arm_cfft_radix4_init_f32.c ****   case 16u:
 133:../Dave/Generated/CMSIS_DSP/TransformFunctions/arm_cfft_radix4_init_f32.c ****     /*  Initializations of structure parameters for 16 point FFT */
 134:../Dave/Generated/CMSIS_DSP/TransformFunctions/arm_cfft_radix4_init_f32.c ****     S->twidCoefModifier = 256u;
 135:../Dave/Generated/CMSIS_DSP/TransformFunctions/arm_cfft_radix4_init_f32.c ****     S->bitRevFactor = 256u;
 136:../Dave/Generated/CMSIS_DSP/TransformFunctions/arm_cfft_radix4_init_f32.c ****     S->pBitRevTable = (uint16_t *) & armBitRevTable[255];
 137:../Dave/Generated/CMSIS_DSP/TransformFunctions/arm_cfft_radix4_init_f32.c ****     S->onebyfftLen = 0.0625f;
 138:../Dave/Generated/CMSIS_DSP/TransformFunctions/arm_cfft_radix4_init_f32.c ****     break;
 139:../Dave/Generated/CMSIS_DSP/TransformFunctions/arm_cfft_radix4_init_f32.c **** 
 140:../Dave/Generated/CMSIS_DSP/TransformFunctions/arm_cfft_radix4_init_f32.c **** 
 141:../Dave/Generated/CMSIS_DSP/TransformFunctions/arm_cfft_radix4_init_f32.c ****   default:
 142:../Dave/Generated/CMSIS_DSP/TransformFunctions/arm_cfft_radix4_init_f32.c ****     /*  Reporting argument error if fftSize is not valid value */
 143:../Dave/Generated/CMSIS_DSP/TransformFunctions/arm_cfft_radix4_init_f32.c ****     status = ARM_MATH_ARGUMENT_ERROR;
 144:../Dave/Generated/CMSIS_DSP/TransformFunctions/arm_cfft_radix4_init_f32.c ****     break;
 145:../Dave/Generated/CMSIS_DSP/TransformFunctions/arm_cfft_radix4_init_f32.c ****   }
 146:../Dave/Generated/CMSIS_DSP/TransformFunctions/arm_cfft_radix4_init_f32.c **** 
 147:../Dave/Generated/CMSIS_DSP/TransformFunctions/arm_cfft_radix4_init_f32.c ****   return (status);
 148:../Dave/Generated/CMSIS_DSP/TransformFunctions/arm_cfft_radix4_init_f32.c **** }
  74              	 .loc 1 148 0
  75 002c 40B2     	 sxtb r0,r0
  76 002e 5DF8044B 	 ldr r4,[sp],#4
  77              	.LCFI1:
  78              	 .cfi_remember_state
  79              	 .cfi_restore 4
  80              	 .cfi_def_cfa_offset 0
  81 0032 7047     	 bx lr
  82              	.LVL4:
  83              	.L4:
  84              	.LCFI2:
  85              	 .cfi_restore_state
  86:../Dave/Generated/CMSIS_DSP/TransformFunctions/arm_cfft_radix4_init_f32.c ****   {
  86              	 .loc 1 86 0
  87 0034 B1F5806F 	 cmp r1,#1024
  88 0038 14D0     	 beq .L7
  89 003a B1F5805F 	 cmp r1,#4096
  90 003e 0CD1     	 bne .L9
  99:../Dave/Generated/CMSIS_DSP/TransformFunctions/arm_cfft_radix4_init_f32.c ****     break;
  91              	 .loc 1 99 0
  92 0040 4FF06653 	 mov r3,#964689920
  93              	.LVL5:
  94 0044 0361     	 str r3,[r0,#16]
  97:../Dave/Generated/CMSIS_DSP/TransformFunctions/arm_cfft_radix4_init_f32.c ****     /*  Initialise the 1/fftLen Value */
  95              	 .loc 1 97 0
  96 0046 1D4A     	 ldr r2,.L12+8
  97              	.LVL6:
  98 0048 8260     	 str r2,[r0,#8]
  93:../Dave/Generated/CMSIS_DSP/TransformFunctions/arm_cfft_radix4_init_f32.c ****     /*  Initialise the bit reversal table modifier */
  99              	 .loc 1 93 0
 100 004a 0123     	 movs r3,#1
 101 004c 8381     	 strh r3,[r0,#12]
  95:../Dave/Generated/CMSIS_DSP/TransformFunctions/arm_cfft_radix4_init_f32.c ****     /*  Initialise the bit reversal table pointer */
 102              	 .loc 1 95 0
 103 004e C381     	 strh r3,[r0,#14]
  71:../Dave/Generated/CMSIS_DSP/TransformFunctions/arm_cfft_radix4_init_f32.c **** 
 104              	 .loc 1 71 0
 105 0050 0020     	 movs r0,#0
 106              	.LVL7:
 107              	 .loc 1 148 0
 108 0052 40B2     	 sxtb r0,r0
 109 0054 5DF8044B 	 ldr r4,[sp],#4
 110              	.LCFI3:
 111              	 .cfi_remember_state
 112              	 .cfi_restore 4
 113              	 .cfi_def_cfa_offset 0
 114 0058 7047     	 bx lr
 115              	.LVL8:
 116              	.L9:
 117              	.LCFI4:
 118              	 .cfi_restore_state
 143:../Dave/Generated/CMSIS_DSP/TransformFunctions/arm_cfft_radix4_init_f32.c ****     break;
 119              	 .loc 1 143 0
 120 005a FF20     	 movs r0,#255
 121              	.LVL9:
 122              	 .loc 1 148 0
 123 005c 40B2     	 sxtb r0,r0
 124 005e 5DF8044B 	 ldr r4,[sp],#4
 125              	.LCFI5:
 126              	 .cfi_remember_state
 127              	 .cfi_restore 4
 128              	 .cfi_def_cfa_offset 0
 129 0062 7047     	 bx lr
 130              	.LVL10:
 131              	.L7:
 132              	.LCFI6:
 133              	 .cfi_restore_state
 112:../Dave/Generated/CMSIS_DSP/TransformFunctions/arm_cfft_radix4_init_f32.c ****     break;
 134              	 .loc 1 112 0
 135 0064 4FF06A53 	 mov r3,#981467136
 136              	.LVL11:
 137 0068 0361     	 str r3,[r0,#16]
 110:../Dave/Generated/CMSIS_DSP/TransformFunctions/arm_cfft_radix4_init_f32.c ****     /*  Initialise the 1/fftLen Value */
 138              	 .loc 1 110 0
 139 006a 154A     	 ldr r2,.L12+12
 140              	.LVL12:
 141 006c 8260     	 str r2,[r0,#8]
 106:../Dave/Generated/CMSIS_DSP/TransformFunctions/arm_cfft_radix4_init_f32.c ****     /*  Initialise the bit reversal table modifier */
 142              	 .loc 1 106 0
 143 006e 0423     	 movs r3,#4
 144 0070 8381     	 strh r3,[r0,#12]
 108:../Dave/Generated/CMSIS_DSP/TransformFunctions/arm_cfft_radix4_init_f32.c ****     /*  Initialise the bit reversal table pointer */
 145              	 .loc 1 108 0
 146 0072 C381     	 strh r3,[r0,#14]
  71:../Dave/Generated/CMSIS_DSP/TransformFunctions/arm_cfft_radix4_init_f32.c **** 
 147              	 .loc 1 71 0
 148 0074 0020     	 movs r0,#0
 149              	.LVL13:
 150              	 .loc 1 148 0
 151 0076 40B2     	 sxtb r0,r0
 152 0078 5DF8044B 	 ldr r4,[sp],#4
 153              	.LCFI7:
 154              	 .cfi_remember_state
 155              	 .cfi_restore 4
 156              	 .cfi_def_cfa_offset 0
 157 007c 7047     	 bx lr
 158              	.LVL14:
 159              	.L5:
 160              	.LCFI8:
 161              	 .cfi_restore_state
 137:../Dave/Generated/CMSIS_DSP/TransformFunctions/arm_cfft_radix4_init_f32.c ****     break;
 162              	 .loc 1 137 0
 163 007e 4FF07653 	 mov r3,#1031798784
 164              	.LVL15:
 165 0082 0361     	 str r3,[r0,#16]
 136:../Dave/Generated/CMSIS_DSP/TransformFunctions/arm_cfft_radix4_init_f32.c ****     S->onebyfftLen = 0.0625f;
 166              	 .loc 1 136 0
 167 0084 0F4A     	 ldr r2,.L12+16
 168              	.LVL16:
 169 0086 8260     	 str r2,[r0,#8]
 134:../Dave/Generated/CMSIS_DSP/TransformFunctions/arm_cfft_radix4_init_f32.c ****     S->bitRevFactor = 256u;
 170              	 .loc 1 134 0
 171 0088 4FF48073 	 mov r3,#256
 172 008c 8381     	 strh r3,[r0,#12]
 135:../Dave/Generated/CMSIS_DSP/TransformFunctions/arm_cfft_radix4_init_f32.c ****     S->pBitRevTable = (uint16_t *) & armBitRevTable[255];
 173              	 .loc 1 135 0
 174 008e C381     	 strh r3,[r0,#14]
  71:../Dave/Generated/CMSIS_DSP/TransformFunctions/arm_cfft_radix4_init_f32.c **** 
 175              	 .loc 1 71 0
 176 0090 0020     	 movs r0,#0
 177              	.LVL17:
 178              	 .loc 1 148 0
 179 0092 40B2     	 sxtb r0,r0
 180 0094 5DF8044B 	 ldr r4,[sp],#4
 181              	.LCFI9:
 182              	 .cfi_remember_state
 183              	 .cfi_restore 4
 184              	 .cfi_def_cfa_offset 0
 185 0098 7047     	 bx lr
 186              	.LVL18:
 187              	.L3:
 188              	.LCFI10:
 189              	 .cfi_restore_state
 121:../Dave/Generated/CMSIS_DSP/TransformFunctions/arm_cfft_radix4_init_f32.c ****     break;
 190              	 .loc 1 121 0
 191 009a 4FF06E53 	 mov r3,#998244352
 192              	.LVL19:
 193 009e 0361     	 str r3,[r0,#16]
 120:../Dave/Generated/CMSIS_DSP/TransformFunctions/arm_cfft_radix4_init_f32.c ****     S->onebyfftLen = 0.00390625f;
 194              	 .loc 1 120 0
 195 00a0 094A     	 ldr r2,.L12+20
 196              	.LVL20:
 197 00a2 8260     	 str r2,[r0,#8]
 118:../Dave/Generated/CMSIS_DSP/TransformFunctions/arm_cfft_radix4_init_f32.c ****     S->bitRevFactor = 16u;
 198              	 .loc 1 118 0
 199 00a4 1023     	 movs r3,#16
 200 00a6 8381     	 strh r3,[r0,#12]
 119:../Dave/Generated/CMSIS_DSP/TransformFunctions/arm_cfft_radix4_init_f32.c ****     S->pBitRevTable = (uint16_t *) & armBitRevTable[15];
 201              	 .loc 1 119 0
 202 00a8 C381     	 strh r3,[r0,#14]
  71:../Dave/Generated/CMSIS_DSP/TransformFunctions/arm_cfft_radix4_init_f32.c **** 
 203              	 .loc 1 71 0
 204 00aa 0020     	 movs r0,#0
 205              	.LVL21:
 206              	 .loc 1 148 0
 207 00ac 40B2     	 sxtb r0,r0
 208 00ae 5DF8044B 	 ldr r4,[sp],#4
 209              	.LCFI11:
 210              	 .cfi_restore 4
 211              	 .cfi_def_cfa_offset 0
 212 00b2 7047     	 bx lr
 213              	.L13:
 214              	 .align 2
 215              	.L12:
 216 00b4 00000000 	 .word twiddleCoef_4096
 217 00b8 7E000000 	 .word armBitRevTable+126
 218 00bc 00000000 	 .word armBitRevTable
 219 00c0 06000000 	 .word armBitRevTable+6
 220 00c4 FE010000 	 .word armBitRevTable+510
 221 00c8 1E000000 	 .word armBitRevTable+30
 222              	 .cfi_endproc
 223              	.LFE135:
 225              	 .text
 226              	.Letext0:
 227              	 .file 2 "c:\\infineon\\tools\\dave ide\\4.5.0.202105191637\\eclipse\\arm-gcc-49\\arm-none-eabi\\include\\machine\\_default_types.h"
 228              	 .file 3 "c:\\infineon\\tools\\dave ide\\4.5.0.202105191637\\eclipse\\arm-gcc-49\\arm-none-eabi\\include\\stdint.h"
 229              	 .file 4 "C:/Users/Utente/Desktop/Tesi/Firmware_Software/DAVE project/S2GLP_Pulsed_Doppler/Dave/Generated/CMSIS_DSP/arm_math.h"
 230              	 .file 5 "C:/Users/Utente/Desktop/Tesi/Firmware_Software/DAVE project/S2GLP_Pulsed_Doppler/Dave/Generated/CMSIS_DSP/arm_common_tables.h"
DEFINED SYMBOLS
                            *ABS*:00000000 arm_cfft_radix4_init_f32.c
    {standard input}:20     .text.arm_cfft_radix4_init_f32:00000000 $t
    {standard input}:25     .text.arm_cfft_radix4_init_f32:00000000 arm_cfft_radix4_init_f32
    {standard input}:216    .text.arm_cfft_radix4_init_f32:000000b4 $d
                     .debug_frame:00000010 $d

UNDEFINED SYMBOLS
twiddleCoef_4096
armBitRevTable
