   1              	 .syntax unified
   2              	 .cpu cortex-m4
   3              	 .eabi_attribute 27,3
   4              	 .fpu fpv4-sp-d16
   5              	 .eabi_attribute 20,1
   6              	 .eabi_attribute 21,1
   7              	 .eabi_attribute 23,3
   8              	 .eabi_attribute 24,1
   9              	 .eabi_attribute 25,1
  10              	 .eabi_attribute 26,1
  11              	 .eabi_attribute 30,2
  12              	 .eabi_attribute 34,1
  13              	 .eabi_attribute 18,4
  14              	 .thumb
  15              	 .file "clock_xmc4.c"
  16              	 .text
  17              	.Ltext0:
  18              	 .cfi_sections .debug_frame
  19              	 .section .text.CLOCK_XMC4_GetAppVersion,"ax",%progbits
  20              	 .align 2
  21              	 .global CLOCK_XMC4_GetAppVersion
  22              	 .thumb
  23              	 .thumb_func
  25              	CLOCK_XMC4_GetAppVersion:
  26              	.LFB172:
  27              	 .file 1 "../Dave/Generated/CLOCK_XMC4/clock_xmc4.c"
   1:../Dave/Generated/CLOCK_XMC4/clock_xmc4.c **** /**
   2:../Dave/Generated/CLOCK_XMC4/clock_xmc4.c ****  * @file clock_xmc4.c
   3:../Dave/Generated/CLOCK_XMC4/clock_xmc4.c ****  * @date 2016-07-08
   4:../Dave/Generated/CLOCK_XMC4/clock_xmc4.c ****  *
   5:../Dave/Generated/CLOCK_XMC4/clock_xmc4.c ****  * NOTE:
   6:../Dave/Generated/CLOCK_XMC4/clock_xmc4.c ****  * This file is generated by DAVE. Any manual modification done to this file will be lost when the 
   7:../Dave/Generated/CLOCK_XMC4/clock_xmc4.c ****  *
   8:../Dave/Generated/CLOCK_XMC4/clock_xmc4.c ****  * @cond
   9:../Dave/Generated/CLOCK_XMC4/clock_xmc4.c ****  **************************************************************************************************
  10:../Dave/Generated/CLOCK_XMC4/clock_xmc4.c ****  * CLOCK_XMC4 v4.0.22 - APP to configure System and Peripheral Clocks.
  11:../Dave/Generated/CLOCK_XMC4/clock_xmc4.c ****  *
  12:../Dave/Generated/CLOCK_XMC4/clock_xmc4.c ****  * Copyright (c) 2015-2016, Infineon Technologies AG
  13:../Dave/Generated/CLOCK_XMC4/clock_xmc4.c ****  * All rights reserved.                        
  14:../Dave/Generated/CLOCK_XMC4/clock_xmc4.c ****  *                                             
  15:../Dave/Generated/CLOCK_XMC4/clock_xmc4.c ****  * Redistribution and use in source and binary forms, with or without modification,are permitted pr
  16:../Dave/Generated/CLOCK_XMC4/clock_xmc4.c ****  * following conditions are met:   
  17:../Dave/Generated/CLOCK_XMC4/clock_xmc4.c ****  *                                                                              
  18:../Dave/Generated/CLOCK_XMC4/clock_xmc4.c ****  *   Redistributions of source code must retain the above copyright notice, this list of conditions
  19:../Dave/Generated/CLOCK_XMC4/clock_xmc4.c ****  *   disclaimer.                        
  20:../Dave/Generated/CLOCK_XMC4/clock_xmc4.c ****  * 
  21:../Dave/Generated/CLOCK_XMC4/clock_xmc4.c ****  *   Redistributions in binary form must reproduce the above copyright notice, this list of conditi
  22:../Dave/Generated/CLOCK_XMC4/clock_xmc4.c ****  *   following disclaimer in the documentation and/or other materials provided with the distributio
  23:../Dave/Generated/CLOCK_XMC4/clock_xmc4.c ****  *                         
  24:../Dave/Generated/CLOCK_XMC4/clock_xmc4.c ****  *   Neither the name of the copyright holders nor the names of its contributors may be used to end
  25:../Dave/Generated/CLOCK_XMC4/clock_xmc4.c ****  *   products derived from this software without specific prior written permission. 
  26:../Dave/Generated/CLOCK_XMC4/clock_xmc4.c ****  *                                             
  27:../Dave/Generated/CLOCK_XMC4/clock_xmc4.c ****  * THIS SOFTWARE IS PROVIDED BY THE COPYRIGHT HOLDERS AND CONTRIBUTORS "AS IS" AND ANY EXPRESS OR I
  28:../Dave/Generated/CLOCK_XMC4/clock_xmc4.c ****  * INCLUDING, BUT NOT LIMITED TO, THE IMPLIED WARRANTIES OF MERCHANTABILITY AND FITNESS FOR A PARTI
  29:../Dave/Generated/CLOCK_XMC4/clock_xmc4.c ****  * DISCLAIMED. IN NO EVENT SHALL THE COPYRIGHT HOLDER OR CONTRIBUTORS BE LIABLE  FOR ANY DIRECT, IN
  30:../Dave/Generated/CLOCK_XMC4/clock_xmc4.c ****  * SPECIAL, EXEMPLARY, OR CONSEQUENTIAL DAMAGES (INCLUDING, BUT NOT LIMITED TO, PROCUREMENT OF SUBS
  31:../Dave/Generated/CLOCK_XMC4/clock_xmc4.c ****  * SERVICES; LOSS OF USE, DATA, OR PROFITS; OR BUSINESS INTERRUPTION) HOWEVER CAUSED AND ON ANY THE
  32:../Dave/Generated/CLOCK_XMC4/clock_xmc4.c ****  * WHETHER IN CONTRACT, STRICT LIABILITY,OR TORT (INCLUDING NEGLIGENCE OR OTHERWISE) ARISING IN ANY
  33:../Dave/Generated/CLOCK_XMC4/clock_xmc4.c ****  * USE OF THIS SOFTWARE, EVEN IF ADVISED OF THE POSSIBILITY OF SUCH DAMAGE.    
  34:../Dave/Generated/CLOCK_XMC4/clock_xmc4.c ****  *                                                                              
  35:../Dave/Generated/CLOCK_XMC4/clock_xmc4.c ****  * To improve the quality of the software, users are encouraged to share modifications, enhancement
  36:../Dave/Generated/CLOCK_XMC4/clock_xmc4.c ****  * with Infineon Technologies AG (dave@infineon.com).        
  37:../Dave/Generated/CLOCK_XMC4/clock_xmc4.c ****  **************************************************************************************************
  38:../Dave/Generated/CLOCK_XMC4/clock_xmc4.c ****  *
  39:../Dave/Generated/CLOCK_XMC4/clock_xmc4.c ****  * Change History
  40:../Dave/Generated/CLOCK_XMC4/clock_xmc4.c ****  * --------------
  41:../Dave/Generated/CLOCK_XMC4/clock_xmc4.c ****  * 2015-02-16:
  42:../Dave/Generated/CLOCK_XMC4/clock_xmc4.c ****  *     - Initial version for DAVEv4. <BR>
  43:../Dave/Generated/CLOCK_XMC4/clock_xmc4.c ****  * 2015-05-08:
  44:../Dave/Generated/CLOCK_XMC4/clock_xmc4.c ****  *     - Typo mistake corrected in _GetAppVersion(). <BR>
  45:../Dave/Generated/CLOCK_XMC4/clock_xmc4.c ****  * 2015-09-22:
  46:../Dave/Generated/CLOCK_XMC4/clock_xmc4.c ****  *     - CLOCK_XMC4_Init and CLOCK_XMC4_StepSystemPllFrequency() APIs are provided. <BR>
  47:../Dave/Generated/CLOCK_XMC4/clock_xmc4.c ****  * 2015-11-20:
  48:../Dave/Generated/CLOCK_XMC4/clock_xmc4.c ****  *     - XMC_ASSERT is added for debugging purpose. <BR>
  49:../Dave/Generated/CLOCK_XMC4/clock_xmc4.c ****  * 2015-12-20:
  50:../Dave/Generated/CLOCK_XMC4/clock_xmc4.c ****  *     - Comments are improved. <BR>
  51:../Dave/Generated/CLOCK_XMC4/clock_xmc4.c ****  * 2015-12-24:
  52:../Dave/Generated/CLOCK_XMC4/clock_xmc4.c ****  *     - TRAP event settings are moved to SystemCoreClockSetup API from CLOCK_XMC4_Init. <BR>
  53:../Dave/Generated/CLOCK_XMC4/clock_xmc4.c ****  *     - Code size is improved. <BR>
  54:../Dave/Generated/CLOCK_XMC4/clock_xmc4.c ****  *     - OSCHP_GetFrequency API is made to available to user only when high precision oscillator is
  55:../Dave/Generated/CLOCK_XMC4/clock_xmc4.c ****  * 2016-07-08:
  56:../Dave/Generated/CLOCK_XMC4/clock_xmc4.c ****  *     - Fixed incorrect case for an included header.<br>
  57:../Dave/Generated/CLOCK_XMC4/clock_xmc4.c ****  *
  58:../Dave/Generated/CLOCK_XMC4/clock_xmc4.c ****  * @endcond 
  59:../Dave/Generated/CLOCK_XMC4/clock_xmc4.c ****  *
  60:../Dave/Generated/CLOCK_XMC4/clock_xmc4.c ****  */
  61:../Dave/Generated/CLOCK_XMC4/clock_xmc4.c **** 
  62:../Dave/Generated/CLOCK_XMC4/clock_xmc4.c **** /**************************************************************************************************
  63:../Dave/Generated/CLOCK_XMC4/clock_xmc4.c ****  * HEADER FILES                                                                                    
  64:../Dave/Generated/CLOCK_XMC4/clock_xmc4.c ****  **************************************************************************************************
  65:../Dave/Generated/CLOCK_XMC4/clock_xmc4.c **** #include "clock_xmc4.h"
  66:../Dave/Generated/CLOCK_XMC4/clock_xmc4.c **** 
  67:../Dave/Generated/CLOCK_XMC4/clock_xmc4.c **** /**************************************************************************************************
  68:../Dave/Generated/CLOCK_XMC4/clock_xmc4.c ****  * MACROS
  69:../Dave/Generated/CLOCK_XMC4/clock_xmc4.c ****  **************************************************************************************************
  70:../Dave/Generated/CLOCK_XMC4/clock_xmc4.c **** 
  71:../Dave/Generated/CLOCK_XMC4/clock_xmc4.c **** /**************************************************************************************************
  72:../Dave/Generated/CLOCK_XMC4/clock_xmc4.c ****  * LOCAL DATA
  73:../Dave/Generated/CLOCK_XMC4/clock_xmc4.c ****  **************************************************************************************************
  74:../Dave/Generated/CLOCK_XMC4/clock_xmc4.c **** 
  75:../Dave/Generated/CLOCK_XMC4/clock_xmc4.c **** /**************************************************************************************************
  76:../Dave/Generated/CLOCK_XMC4/clock_xmc4.c ****  * LOCAL ROUTINES
  77:../Dave/Generated/CLOCK_XMC4/clock_xmc4.c ****  **************************************************************************************************
  78:../Dave/Generated/CLOCK_XMC4/clock_xmc4.c **** 
  79:../Dave/Generated/CLOCK_XMC4/clock_xmc4.c **** /**************************************************************************************************
  80:../Dave/Generated/CLOCK_XMC4/clock_xmc4.c **** * API IMPLEMENTATION
  81:../Dave/Generated/CLOCK_XMC4/clock_xmc4.c **** ***************************************************************************************************
  82:../Dave/Generated/CLOCK_XMC4/clock_xmc4.c **** /*  API to retrieve version of the APP */
  83:../Dave/Generated/CLOCK_XMC4/clock_xmc4.c **** DAVE_APP_VERSION_t CLOCK_XMC4_GetAppVersion(void)
  84:../Dave/Generated/CLOCK_XMC4/clock_xmc4.c **** {
  28              	 .loc 1 84 0
  29              	 .cfi_startproc
  30              	 
  31              	 
  32              	 
  33              	.LVL0:
  85:../Dave/Generated/CLOCK_XMC4/clock_xmc4.c ****   DAVE_APP_VERSION_t version;
  86:../Dave/Generated/CLOCK_XMC4/clock_xmc4.c ****   version.major = (uint8_t)CLOCK_XMC4_MAJOR_VERSION;
  87:../Dave/Generated/CLOCK_XMC4/clock_xmc4.c ****   version.minor = (uint8_t)CLOCK_XMC4_MINOR_VERSION;
  88:../Dave/Generated/CLOCK_XMC4/clock_xmc4.c ****   version.patch = (uint8_t)CLOCK_XMC4_PATCH_VERSION;
  89:../Dave/Generated/CLOCK_XMC4/clock_xmc4.c **** 
  90:../Dave/Generated/CLOCK_XMC4/clock_xmc4.c ****   return (version);
  34              	 .loc 1 90 0
  35 0000 0023     	 movs r3,#0
  36 0002 1846     	 mov r0,r3
  37 0004 0422     	 movs r2,#4
  38 0006 62F30700 	 bfi r0,r2,#0,#8
  39 000a 63F30F20 	 bfi r0,r3,#8,#8
  40 000e 1623     	 movs r3,#22
  41 0010 63F31740 	 bfi r0,r3,#16,#8
  84:../Dave/Generated/CLOCK_XMC4/clock_xmc4.c ****   DAVE_APP_VERSION_t version;
  42              	 .loc 1 84 0
  43 0014 82B0     	 sub sp,sp,#8
  44              	.LCFI0:
  45              	 .cfi_def_cfa_offset 8
  91:../Dave/Generated/CLOCK_XMC4/clock_xmc4.c **** }
  46              	 .loc 1 91 0
  47 0016 02B0     	 add sp,sp,#8
  48              	.LCFI1:
  49              	 .cfi_def_cfa_offset 0
  50              	 
  51 0018 7047     	 bx lr
  52              	 .cfi_endproc
  53              	.LFE172:
  55 001a 00BF     	 .section .text.CLOCK_XMC4_Init,"ax",%progbits
  56              	 .align 2
  57              	 .global CLOCK_XMC4_Init
  58              	 .thumb
  59              	 .thumb_func
  61              	CLOCK_XMC4_Init:
  62              	.LFB173:
  92:../Dave/Generated/CLOCK_XMC4/clock_xmc4.c **** 
  93:../Dave/Generated/CLOCK_XMC4/clock_xmc4.c **** /*
  94:../Dave/Generated/CLOCK_XMC4/clock_xmc4.c ****  * API to initialize the CLOCK_XMC4 APP TRAP events
  95:../Dave/Generated/CLOCK_XMC4/clock_xmc4.c ****  */
  96:../Dave/Generated/CLOCK_XMC4/clock_xmc4.c **** CLOCK_XMC4_STATUS_t CLOCK_XMC4_Init(CLOCK_XMC4_t *handle)
  97:../Dave/Generated/CLOCK_XMC4/clock_xmc4.c **** {
  63              	 .loc 1 97 0
  64              	 .cfi_startproc
  65              	 
  66              	 
  67              	 
  68              	.LVL1:
  98:../Dave/Generated/CLOCK_XMC4/clock_xmc4.c ****   CLOCK_XMC4_STATUS_t status = CLOCK_XMC4_STATUS_SUCCESS;
  99:../Dave/Generated/CLOCK_XMC4/clock_xmc4.c **** 
 100:../Dave/Generated/CLOCK_XMC4/clock_xmc4.c ****   XMC_ASSERT("CLOCK_XMC4 APP handle function pointer uninitialized", (handle != NULL));
 101:../Dave/Generated/CLOCK_XMC4/clock_xmc4.c **** 
 102:../Dave/Generated/CLOCK_XMC4/clock_xmc4.c ****   handle->init_status = true;
  69              	 .loc 1 102 0
  70 0000 0123     	 movs r3,#1
  71 0002 0370     	 strb r3,[r0]
 103:../Dave/Generated/CLOCK_XMC4/clock_xmc4.c **** 
 104:../Dave/Generated/CLOCK_XMC4/clock_xmc4.c ****   return (status);
 105:../Dave/Generated/CLOCK_XMC4/clock_xmc4.c **** }
  72              	 .loc 1 105 0
  73 0004 0020     	 movs r0,#0
  74              	.LVL2:
  75 0006 7047     	 bx lr
  76              	 .cfi_endproc
  77              	.LFE173:
  79              	 .section .text.OSCHP_GetFrequency,"ax",%progbits
  80              	 .align 2
  81              	 .global OSCHP_GetFrequency
  82              	 .thumb
  83              	 .thumb_func
  85              	OSCHP_GetFrequency:
  86              	.LFB174:
 106:../Dave/Generated/CLOCK_XMC4/clock_xmc4.c **** 
 107:../Dave/Generated/CLOCK_XMC4/clock_xmc4.c **** #ifdef CLOCK_XMC4_OSCHP_ENABLED
 108:../Dave/Generated/CLOCK_XMC4/clock_xmc4.c **** /*  API to retrieve high precision external oscillator frequency */
 109:../Dave/Generated/CLOCK_XMC4/clock_xmc4.c **** uint32_t OSCHP_GetFrequency(void)
 110:../Dave/Generated/CLOCK_XMC4/clock_xmc4.c **** {
  87              	 .loc 1 110 0
  88              	 .cfi_startproc
  89              	 
  90              	 
  91              	 
 111:../Dave/Generated/CLOCK_XMC4/clock_xmc4.c ****   return (CLOCK_XMC4_OSCHP_FREQUENCY);
 112:../Dave/Generated/CLOCK_XMC4/clock_xmc4.c **** }
  92              	 .loc 1 112 0
  93 0000 0048     	 ldr r0,.L5
  94 0002 7047     	 bx lr
  95              	.L6:
  96              	 .align 2
  97              	.L5:
  98 0004 001BB700 	 .word 12000000
  99              	 .cfi_endproc
 100              	.LFE174:
 102              	 .section .text.CLOCK_XMC4_StepSystemPllFrequency,"ax",%progbits
 103              	 .align 2
 104              	 .global CLOCK_XMC4_StepSystemPllFrequency
 105              	 .thumb
 106              	 .thumb_func
 108              	CLOCK_XMC4_StepSystemPllFrequency:
 109              	.LFB175:
 113:../Dave/Generated/CLOCK_XMC4/clock_xmc4.c **** #endif
 114:../Dave/Generated/CLOCK_XMC4/clock_xmc4.c **** 
 115:../Dave/Generated/CLOCK_XMC4/clock_xmc4.c **** /*  API for ramping down the system PLL clock frequency */
 116:../Dave/Generated/CLOCK_XMC4/clock_xmc4.c **** void CLOCK_XMC4_StepSystemPllFrequency(uint32_t kdiv)
 117:../Dave/Generated/CLOCK_XMC4/clock_xmc4.c **** {
 110              	 .loc 1 117 0
 111              	 .cfi_startproc
 112              	 
 113              	 
 114              	 
 115              	.LVL3:
 118:../Dave/Generated/CLOCK_XMC4/clock_xmc4.c ****   XMC_ASSERT("Incorrect kdiv value", ((kdiv >= 1) && (kdiv >= 128)));
 119:../Dave/Generated/CLOCK_XMC4/clock_xmc4.c ****   XMC_SCU_CLOCK_StepSystemPllFrequency(kdiv);
 116              	 .loc 1 119 0
 117 0000 FFF7FEBF 	 b XMC_SCU_CLOCK_StepSystemPllFrequency
 118              	.LVL4:
 119              	 .cfi_endproc
 120              	.LFE175:
 122              	 .text
 123              	.Letext0:
 124              	 .file 2 "c:\\infineon\\tools\\dave ide\\4.5.0.202105191637\\eclipse\\arm-gcc-49\\arm-none-eabi\\include\\machine\\_default_types.h"
 125              	 .file 3 "c:\\infineon\\tools\\dave ide\\4.5.0.202105191637\\eclipse\\arm-gcc-49\\arm-none-eabi\\include\\stdint.h"
 126              	 .file 4 "C:/Users/Utente/Desktop/Tesi/Firmware_Software/DAVE project/S2GLP_Pulsed_Doppler/Dave/Generated/DAVE_Common.h"
 127              	 .file 5 "../Dave/Generated/CLOCK_XMC4/clock_xmc4.h"
 128              	 .file 6 "C:/Users/Utente/Desktop/Tesi/Firmware_Software/DAVE project/S2GLP_Pulsed_Doppler/Libraries/CMSIS/Include/core_cm4.h"
 129              	 .file 7 "C:/Users/Utente/Desktop/Tesi/Firmware_Software/DAVE project/S2GLP_Pulsed_Doppler/Libraries/CMSIS/Infineon/XMC4700_series/Include/system_XMC4700.h"
 130              	 .file 8 "C:/Users/Utente/Desktop/Tesi/Firmware_Software/DAVE project/S2GLP_Pulsed_Doppler/Libraries/XMCLib/inc/xmc4_scu.h"
DEFINED SYMBOLS
                            *ABS*:00000000 clock_xmc4.c
    {standard input}:20     .text.CLOCK_XMC4_GetAppVersion:00000000 $t
    {standard input}:25     .text.CLOCK_XMC4_GetAppVersion:00000000 CLOCK_XMC4_GetAppVersion
    {standard input}:56     .text.CLOCK_XMC4_Init:00000000 $t
    {standard input}:61     .text.CLOCK_XMC4_Init:00000000 CLOCK_XMC4_Init
    {standard input}:80     .text.OSCHP_GetFrequency:00000000 $t
    {standard input}:85     .text.OSCHP_GetFrequency:00000000 OSCHP_GetFrequency
    {standard input}:98     .text.OSCHP_GetFrequency:00000004 $d
    {standard input}:103    .text.CLOCK_XMC4_StepSystemPllFrequency:00000000 $t
    {standard input}:108    .text.CLOCK_XMC4_StepSystemPllFrequency:00000000 CLOCK_XMC4_StepSystemPllFrequency
                     .debug_frame:00000010 $d

UNDEFINED SYMBOLS
XMC_SCU_CLOCK_StepSystemPllFrequency
