   1              	 .syntax unified
   2              	 .cpu cortex-m4
   3              	 .eabi_attribute 27,3
   4              	 .fpu fpv4-sp-d16
   5              	 .eabi_attribute 20,1
   6              	 .eabi_attribute 21,1
   7              	 .eabi_attribute 23,3
   8              	 .eabi_attribute 24,1
   9              	 .eabi_attribute 25,1
  10              	 .eabi_attribute 26,1
  11              	 .eabi_attribute 30,2
  12              	 .eabi_attribute 34,1
  13              	 .eabi_attribute 18,4
  14              	 .thumb
  15              	 .file "arm_mean_q7.c"
  16              	 .text
  17              	.Ltext0:
  18              	 .cfi_sections .debug_frame
  19              	 .section .text.arm_mean_q7,"ax",%progbits
  20              	 .align 2
  21              	 .global arm_mean_q7
  22              	 .thumb
  23              	 .thumb_func
  25              	arm_mean_q7:
  26              	.LFB135:
  27              	 .file 1 "../Dave/Generated/CMSIS_DSP/StatisticsFunctions/arm_mean_q7.c"
   1:../Dave/Generated/CMSIS_DSP/StatisticsFunctions/arm_mean_q7.c **** /* ----------------------------------------------------------------------
   2:../Dave/Generated/CMSIS_DSP/StatisticsFunctions/arm_mean_q7.c ****  * Project:      CMSIS DSP Library
   3:../Dave/Generated/CMSIS_DSP/StatisticsFunctions/arm_mean_q7.c ****  * Title:        arm_mean_q7.c
   4:../Dave/Generated/CMSIS_DSP/StatisticsFunctions/arm_mean_q7.c ****  * Description:  Mean value of a Q7 vector
   5:../Dave/Generated/CMSIS_DSP/StatisticsFunctions/arm_mean_q7.c ****  *
   6:../Dave/Generated/CMSIS_DSP/StatisticsFunctions/arm_mean_q7.c ****  * $Date:        27. January 2017
   7:../Dave/Generated/CMSIS_DSP/StatisticsFunctions/arm_mean_q7.c ****  * $Revision:    V.1.5.1
   8:../Dave/Generated/CMSIS_DSP/StatisticsFunctions/arm_mean_q7.c ****  *
   9:../Dave/Generated/CMSIS_DSP/StatisticsFunctions/arm_mean_q7.c ****  * Target Processor: Cortex-M cores
  10:../Dave/Generated/CMSIS_DSP/StatisticsFunctions/arm_mean_q7.c ****  * -------------------------------------------------------------------- */
  11:../Dave/Generated/CMSIS_DSP/StatisticsFunctions/arm_mean_q7.c **** /*
  12:../Dave/Generated/CMSIS_DSP/StatisticsFunctions/arm_mean_q7.c ****  * Copyright (C) 2010-2017 ARM Limited or its affiliates. All rights reserved.
  13:../Dave/Generated/CMSIS_DSP/StatisticsFunctions/arm_mean_q7.c ****  *
  14:../Dave/Generated/CMSIS_DSP/StatisticsFunctions/arm_mean_q7.c ****  * SPDX-License-Identifier: Apache-2.0
  15:../Dave/Generated/CMSIS_DSP/StatisticsFunctions/arm_mean_q7.c ****  *
  16:../Dave/Generated/CMSIS_DSP/StatisticsFunctions/arm_mean_q7.c ****  * Licensed under the Apache License, Version 2.0 (the License); you may
  17:../Dave/Generated/CMSIS_DSP/StatisticsFunctions/arm_mean_q7.c ****  * not use this file except in compliance with the License.
  18:../Dave/Generated/CMSIS_DSP/StatisticsFunctions/arm_mean_q7.c ****  * You may obtain a copy of the License at
  19:../Dave/Generated/CMSIS_DSP/StatisticsFunctions/arm_mean_q7.c ****  *
  20:../Dave/Generated/CMSIS_DSP/StatisticsFunctions/arm_mean_q7.c ****  * www.apache.org/licenses/LICENSE-2.0
  21:../Dave/Generated/CMSIS_DSP/StatisticsFunctions/arm_mean_q7.c ****  *
  22:../Dave/Generated/CMSIS_DSP/StatisticsFunctions/arm_mean_q7.c ****  * Unless required by applicable law or agreed to in writing, software
  23:../Dave/Generated/CMSIS_DSP/StatisticsFunctions/arm_mean_q7.c ****  * distributed under the License is distributed on an AS IS BASIS, WITHOUT
  24:../Dave/Generated/CMSIS_DSP/StatisticsFunctions/arm_mean_q7.c ****  * WARRANTIES OR CONDITIONS OF ANY KIND, either express or implied.
  25:../Dave/Generated/CMSIS_DSP/StatisticsFunctions/arm_mean_q7.c ****  * See the License for the specific language governing permissions and
  26:../Dave/Generated/CMSIS_DSP/StatisticsFunctions/arm_mean_q7.c ****  * limitations under the License.
  27:../Dave/Generated/CMSIS_DSP/StatisticsFunctions/arm_mean_q7.c ****  */
  28:../Dave/Generated/CMSIS_DSP/StatisticsFunctions/arm_mean_q7.c **** 
  29:../Dave/Generated/CMSIS_DSP/StatisticsFunctions/arm_mean_q7.c **** #include "CMSIS_DSP/cmsis_dsp.h"
  30:../Dave/Generated/CMSIS_DSP/StatisticsFunctions/arm_mean_q7.c **** 
  31:../Dave/Generated/CMSIS_DSP/StatisticsFunctions/arm_mean_q7.c **** /**
  32:../Dave/Generated/CMSIS_DSP/StatisticsFunctions/arm_mean_q7.c ****  * @ingroup groupStats
  33:../Dave/Generated/CMSIS_DSP/StatisticsFunctions/arm_mean_q7.c ****  */
  34:../Dave/Generated/CMSIS_DSP/StatisticsFunctions/arm_mean_q7.c **** 
  35:../Dave/Generated/CMSIS_DSP/StatisticsFunctions/arm_mean_q7.c **** /**
  36:../Dave/Generated/CMSIS_DSP/StatisticsFunctions/arm_mean_q7.c ****  * @addtogroup mean
  37:../Dave/Generated/CMSIS_DSP/StatisticsFunctions/arm_mean_q7.c ****  * @{
  38:../Dave/Generated/CMSIS_DSP/StatisticsFunctions/arm_mean_q7.c ****  */
  39:../Dave/Generated/CMSIS_DSP/StatisticsFunctions/arm_mean_q7.c **** 
  40:../Dave/Generated/CMSIS_DSP/StatisticsFunctions/arm_mean_q7.c **** 
  41:../Dave/Generated/CMSIS_DSP/StatisticsFunctions/arm_mean_q7.c **** /**
  42:../Dave/Generated/CMSIS_DSP/StatisticsFunctions/arm_mean_q7.c ****  * @brief Mean value of a Q7 vector.
  43:../Dave/Generated/CMSIS_DSP/StatisticsFunctions/arm_mean_q7.c ****  * @param[in]       *pSrc points to the input vector
  44:../Dave/Generated/CMSIS_DSP/StatisticsFunctions/arm_mean_q7.c ****  * @param[in]       blockSize length of the input vector
  45:../Dave/Generated/CMSIS_DSP/StatisticsFunctions/arm_mean_q7.c ****  * @param[out]      *pResult mean value returned here
  46:../Dave/Generated/CMSIS_DSP/StatisticsFunctions/arm_mean_q7.c ****  * @return none.
  47:../Dave/Generated/CMSIS_DSP/StatisticsFunctions/arm_mean_q7.c ****  *
  48:../Dave/Generated/CMSIS_DSP/StatisticsFunctions/arm_mean_q7.c ****  * @details
  49:../Dave/Generated/CMSIS_DSP/StatisticsFunctions/arm_mean_q7.c ****  * <b>Scaling and Overflow Behavior:</b>
  50:../Dave/Generated/CMSIS_DSP/StatisticsFunctions/arm_mean_q7.c ****  * \par
  51:../Dave/Generated/CMSIS_DSP/StatisticsFunctions/arm_mean_q7.c ****  * The function is implemented using a 32-bit internal accumulator.
  52:../Dave/Generated/CMSIS_DSP/StatisticsFunctions/arm_mean_q7.c ****  * The input is represented in 1.7 format and is accumulated in a 32-bit
  53:../Dave/Generated/CMSIS_DSP/StatisticsFunctions/arm_mean_q7.c ****  * accumulator in 25.7 format.
  54:../Dave/Generated/CMSIS_DSP/StatisticsFunctions/arm_mean_q7.c ****  * There is no risk of internal overflow with this approach, and the
  55:../Dave/Generated/CMSIS_DSP/StatisticsFunctions/arm_mean_q7.c ****  * full precision of intermediate result is preserved.
  56:../Dave/Generated/CMSIS_DSP/StatisticsFunctions/arm_mean_q7.c ****  * Finally, the accumulator is truncated to yield a result of 1.7 format.
  57:../Dave/Generated/CMSIS_DSP/StatisticsFunctions/arm_mean_q7.c ****  *
  58:../Dave/Generated/CMSIS_DSP/StatisticsFunctions/arm_mean_q7.c ****  */
  59:../Dave/Generated/CMSIS_DSP/StatisticsFunctions/arm_mean_q7.c **** 
  60:../Dave/Generated/CMSIS_DSP/StatisticsFunctions/arm_mean_q7.c **** void arm_mean_q7(
  61:../Dave/Generated/CMSIS_DSP/StatisticsFunctions/arm_mean_q7.c ****   q7_t * pSrc,
  62:../Dave/Generated/CMSIS_DSP/StatisticsFunctions/arm_mean_q7.c ****   uint32_t blockSize,
  63:../Dave/Generated/CMSIS_DSP/StatisticsFunctions/arm_mean_q7.c ****   q7_t * pResult)
  64:../Dave/Generated/CMSIS_DSP/StatisticsFunctions/arm_mean_q7.c **** {
  28              	 .loc 1 64 0
  29              	 .cfi_startproc
  30              	 
  31              	 
  32              	.LVL0:
  33 0000 F0B5     	 push {r4,r5,r6,r7,lr}
  34              	.LCFI0:
  35              	 .cfi_def_cfa_offset 20
  36              	 .cfi_offset 4,-20
  37              	 .cfi_offset 5,-16
  38              	 .cfi_offset 6,-12
  39              	 .cfi_offset 7,-8
  40              	 .cfi_offset 14,-4
  65:../Dave/Generated/CMSIS_DSP/StatisticsFunctions/arm_mean_q7.c ****   q31_t sum = 0;                                 /* Temporary result storage */
  66:../Dave/Generated/CMSIS_DSP/StatisticsFunctions/arm_mean_q7.c ****   uint32_t blkCnt;                               /* loop counter */
  67:../Dave/Generated/CMSIS_DSP/StatisticsFunctions/arm_mean_q7.c **** 
  68:../Dave/Generated/CMSIS_DSP/StatisticsFunctions/arm_mean_q7.c **** #if defined (ARM_MATH_DSP)
  69:../Dave/Generated/CMSIS_DSP/StatisticsFunctions/arm_mean_q7.c ****   /* Run the below code for Cortex-M4 and Cortex-M3 */
  70:../Dave/Generated/CMSIS_DSP/StatisticsFunctions/arm_mean_q7.c **** 
  71:../Dave/Generated/CMSIS_DSP/StatisticsFunctions/arm_mean_q7.c ****   q31_t in;
  72:../Dave/Generated/CMSIS_DSP/StatisticsFunctions/arm_mean_q7.c **** 
  73:../Dave/Generated/CMSIS_DSP/StatisticsFunctions/arm_mean_q7.c ****   /*loop Unrolling */
  74:../Dave/Generated/CMSIS_DSP/StatisticsFunctions/arm_mean_q7.c ****   blkCnt = blockSize >> 2u;
  75:../Dave/Generated/CMSIS_DSP/StatisticsFunctions/arm_mean_q7.c **** 
  76:../Dave/Generated/CMSIS_DSP/StatisticsFunctions/arm_mean_q7.c ****   /* First part of the processing with loop unrolling.  Compute 4 outputs at a time.
  77:../Dave/Generated/CMSIS_DSP/StatisticsFunctions/arm_mean_q7.c ****    ** a second loop below computes the remaining 1 to 3 samples. */
  78:../Dave/Generated/CMSIS_DSP/StatisticsFunctions/arm_mean_q7.c ****   while (blkCnt > 0u)
  41              	 .loc 1 78 0
  42 0002 5FEA910E 	 lsrs lr,r1,#2
  43              	.LVL1:
  44 0006 1FD0     	 beq .L6
  45 0008 0646     	 mov r6,r0
  46 000a 7546     	 mov r5,lr
  47 000c 0023     	 movs r3,#0
  48              	.LVL2:
  49              	.L3:
  79:../Dave/Generated/CMSIS_DSP/StatisticsFunctions/arm_mean_q7.c ****   {
  80:../Dave/Generated/CMSIS_DSP/StatisticsFunctions/arm_mean_q7.c ****     /* C = (A[0] + A[1] + A[2] + ... + A[blockSize-1]) */
  81:../Dave/Generated/CMSIS_DSP/StatisticsFunctions/arm_mean_q7.c ****     in = *__SIMD32(pSrc)++;
  50              	 .loc 1 81 0
  51 000e 56F8044B 	 ldr r4,[r6],#4
  52              	.LVL3:
  82:../Dave/Generated/CMSIS_DSP/StatisticsFunctions/arm_mean_q7.c **** 
  83:../Dave/Generated/CMSIS_DSP/StatisticsFunctions/arm_mean_q7.c ****     sum += ((in << 24u) >> 24u);
  84:../Dave/Generated/CMSIS_DSP/StatisticsFunctions/arm_mean_q7.c ****     sum += ((in << 16u) >> 24u);
  53              	 .loc 1 84 0
  54 0012 44F30727 	 sbfx r7,r4,#8,#8
  83:../Dave/Generated/CMSIS_DSP/StatisticsFunctions/arm_mean_q7.c ****     sum += ((in << 16u) >> 24u);
  55              	 .loc 1 83 0
  56 0016 43FA84F3 	 sxtab r3,r3,r4
  57              	.LVL4:
  58              	 .loc 1 84 0
  59 001a 3B44     	 add r3,r3,r7
  60              	.LVL5:
  85:../Dave/Generated/CMSIS_DSP/StatisticsFunctions/arm_mean_q7.c ****     sum += ((in <<  8u) >> 24u);
  61              	 .loc 1 85 0
  62 001c 44F30747 	 sbfx r7,r4,#16,#8
  63 0020 3B44     	 add r3,r3,r7
  64              	.LVL6:
  78:../Dave/Generated/CMSIS_DSP/StatisticsFunctions/arm_mean_q7.c ****   {
  65              	 .loc 1 78 0
  66 0022 013D     	 subs r5,r5,#1
  67              	.LVL7:
  86:../Dave/Generated/CMSIS_DSP/StatisticsFunctions/arm_mean_q7.c ****     sum +=  (in >> 24u);
  68              	 .loc 1 86 0
  69 0024 03EB2463 	 add r3,r3,r4,asr#24
  70              	.LVL8:
  78:../Dave/Generated/CMSIS_DSP/StatisticsFunctions/arm_mean_q7.c ****   {
  71              	 .loc 1 78 0
  72 0028 F1D1     	 bne .L3
  73 002a 00EB8E00 	 add r0,r0,lr,lsl#2
  74              	.LVL9:
  75              	.L2:
  87:../Dave/Generated/CMSIS_DSP/StatisticsFunctions/arm_mean_q7.c **** 
  88:../Dave/Generated/CMSIS_DSP/StatisticsFunctions/arm_mean_q7.c ****     /* Decrement the loop counter */
  89:../Dave/Generated/CMSIS_DSP/StatisticsFunctions/arm_mean_q7.c ****     blkCnt--;
  90:../Dave/Generated/CMSIS_DSP/StatisticsFunctions/arm_mean_q7.c ****   }
  91:../Dave/Generated/CMSIS_DSP/StatisticsFunctions/arm_mean_q7.c **** 
  92:../Dave/Generated/CMSIS_DSP/StatisticsFunctions/arm_mean_q7.c ****   /* If the blockSize is not a multiple of 4, compute any remaining output samples here.
  93:../Dave/Generated/CMSIS_DSP/StatisticsFunctions/arm_mean_q7.c ****    ** No loop unrolling is used. */
  94:../Dave/Generated/CMSIS_DSP/StatisticsFunctions/arm_mean_q7.c ****   blkCnt = blockSize % 0x4u;
  95:../Dave/Generated/CMSIS_DSP/StatisticsFunctions/arm_mean_q7.c **** 
  96:../Dave/Generated/CMSIS_DSP/StatisticsFunctions/arm_mean_q7.c **** #else
  97:../Dave/Generated/CMSIS_DSP/StatisticsFunctions/arm_mean_q7.c ****   /* Run the below code for Cortex-M0 */
  98:../Dave/Generated/CMSIS_DSP/StatisticsFunctions/arm_mean_q7.c **** 
  99:../Dave/Generated/CMSIS_DSP/StatisticsFunctions/arm_mean_q7.c ****   /* Loop over blockSize number of values */
 100:../Dave/Generated/CMSIS_DSP/StatisticsFunctions/arm_mean_q7.c ****   blkCnt = blockSize;
 101:../Dave/Generated/CMSIS_DSP/StatisticsFunctions/arm_mean_q7.c **** 
 102:../Dave/Generated/CMSIS_DSP/StatisticsFunctions/arm_mean_q7.c **** #endif /* #if defined (ARM_MATH_DSP) */
 103:../Dave/Generated/CMSIS_DSP/StatisticsFunctions/arm_mean_q7.c **** 
 104:../Dave/Generated/CMSIS_DSP/StatisticsFunctions/arm_mean_q7.c ****   while (blkCnt > 0u)
  76              	 .loc 1 104 0
  77 002e 11F00305 	 ands r5,r1,#3
  78              	.LVL10:
  79 0032 05D0     	 beq .L4
  80 0034 0544     	 add r5,r5,r0
  81              	.LVL11:
  82              	.L5:
 105:../Dave/Generated/CMSIS_DSP/StatisticsFunctions/arm_mean_q7.c ****   {
 106:../Dave/Generated/CMSIS_DSP/StatisticsFunctions/arm_mean_q7.c ****     /* C = (A[0] + A[1] + A[2] + ... + A[blockSize-1]) */
 107:../Dave/Generated/CMSIS_DSP/StatisticsFunctions/arm_mean_q7.c ****     sum += *pSrc++;
  83              	 .loc 1 107 0
  84 0036 10F9014B 	 ldrsb r4,[r0],#1
  85              	.LVL12:
 104:../Dave/Generated/CMSIS_DSP/StatisticsFunctions/arm_mean_q7.c ****   {
  86              	 .loc 1 104 0
  87 003a A842     	 cmp r0,r5
  88              	 .loc 1 107 0
  89 003c 2344     	 add r3,r3,r4
  90              	.LVL13:
 104:../Dave/Generated/CMSIS_DSP/StatisticsFunctions/arm_mean_q7.c ****   {
  91              	 .loc 1 104 0
  92 003e FAD1     	 bne .L5
  93              	.LVL14:
  94              	.L4:
 108:../Dave/Generated/CMSIS_DSP/StatisticsFunctions/arm_mean_q7.c **** 
 109:../Dave/Generated/CMSIS_DSP/StatisticsFunctions/arm_mean_q7.c ****     /* Decrement the loop counter */
 110:../Dave/Generated/CMSIS_DSP/StatisticsFunctions/arm_mean_q7.c ****     blkCnt--;
 111:../Dave/Generated/CMSIS_DSP/StatisticsFunctions/arm_mean_q7.c ****   }
 112:../Dave/Generated/CMSIS_DSP/StatisticsFunctions/arm_mean_q7.c **** 
 113:../Dave/Generated/CMSIS_DSP/StatisticsFunctions/arm_mean_q7.c ****   /* C = (A[0] + A[1] + A[2] + ... + A[blockSize-1]) / blockSize  */
 114:../Dave/Generated/CMSIS_DSP/StatisticsFunctions/arm_mean_q7.c ****   /* Store the result to the destination */
 115:../Dave/Generated/CMSIS_DSP/StatisticsFunctions/arm_mean_q7.c ****   *pResult = (q7_t) (sum / (int32_t) blockSize);
  95              	 .loc 1 115 0
  96 0040 93FBF1F3 	 sdiv r3,r3,r1
  97              	.LVL15:
  98 0044 1370     	 strb r3,[r2]
  99 0046 F0BD     	 pop {r4,r5,r6,r7,pc}
 100              	.LVL16:
 101              	.L6:
  65:../Dave/Generated/CMSIS_DSP/StatisticsFunctions/arm_mean_q7.c ****   uint32_t blkCnt;                               /* loop counter */
 102              	 .loc 1 65 0
 103 0048 7346     	 mov r3,lr
 104 004a F0E7     	 b .L2
 105              	 .cfi_endproc
 106              	.LFE135:
 108              	 .text
 109              	.Letext0:
 110              	 .file 2 "c:\\infineon\\tools\\dave ide\\4.5.0.202105191637\\eclipse\\arm-gcc-49\\arm-none-eabi\\include\\machine\\_default_types.h"
 111              	 .file 3 "c:\\infineon\\tools\\dave ide\\4.5.0.202105191637\\eclipse\\arm-gcc-49\\arm-none-eabi\\include\\stdint.h"
 112              	 .file 4 "C:/Users/Utente/Desktop/Tesi/Firmware_Software/DAVE project/S2GLP_Pulsed_Doppler/Dave/Generated/CMSIS_DSP/arm_math.h"
DEFINED SYMBOLS
                            *ABS*:00000000 arm_mean_q7.c
    {standard input}:20     .text.arm_mean_q7:00000000 $t
    {standard input}:25     .text.arm_mean_q7:00000000 arm_mean_q7
                     .debug_frame:00000010 $d

NO UNDEFINED SYMBOLS
