   1              	 .syntax unified
   2              	 .cpu cortex-m4
   3              	 .eabi_attribute 27,3
   4              	 .fpu fpv4-sp-d16
   5              	 .eabi_attribute 20,1
   6              	 .eabi_attribute 21,1
   7              	 .eabi_attribute 23,3
   8              	 .eabi_attribute 24,1
   9              	 .eabi_attribute 25,1
  10              	 .eabi_attribute 26,1
  11              	 .eabi_attribute 30,2
  12              	 .eabi_attribute 34,1
  13              	 .eabi_attribute 18,4
  14              	 .thumb
  15              	 .file "arm_std_q31.c"
  16              	 .text
  17              	.Ltext0:
  18              	 .cfi_sections .debug_frame
  19              	 .global __aeabi_ldivmod
  20              	 .section .text.arm_std_q31,"ax",%progbits
  21              	 .align 2
  22              	 .global arm_std_q31
  23              	 .thumb
  24              	 .thumb_func
  26              	arm_std_q31:
  27              	.LFB135:
  28              	 .file 1 "../Dave/Generated/CMSIS_DSP/StatisticsFunctions/arm_std_q31.c"
   1:../Dave/Generated/CMSIS_DSP/StatisticsFunctions/arm_std_q31.c **** /* ----------------------------------------------------------------------
   2:../Dave/Generated/CMSIS_DSP/StatisticsFunctions/arm_std_q31.c ****  * Project:      CMSIS DSP Library
   3:../Dave/Generated/CMSIS_DSP/StatisticsFunctions/arm_std_q31.c ****  * Title:        arm_std_q31.c
   4:../Dave/Generated/CMSIS_DSP/StatisticsFunctions/arm_std_q31.c ****  * Description:  Standard deviation of an array of Q31 type.
   5:../Dave/Generated/CMSIS_DSP/StatisticsFunctions/arm_std_q31.c ****  *
   6:../Dave/Generated/CMSIS_DSP/StatisticsFunctions/arm_std_q31.c ****  * $Date:        27. January 2017
   7:../Dave/Generated/CMSIS_DSP/StatisticsFunctions/arm_std_q31.c ****  * $Revision:    V.1.5.1
   8:../Dave/Generated/CMSIS_DSP/StatisticsFunctions/arm_std_q31.c ****  *
   9:../Dave/Generated/CMSIS_DSP/StatisticsFunctions/arm_std_q31.c ****  * Target Processor: Cortex-M cores
  10:../Dave/Generated/CMSIS_DSP/StatisticsFunctions/arm_std_q31.c ****  * -------------------------------------------------------------------- */
  11:../Dave/Generated/CMSIS_DSP/StatisticsFunctions/arm_std_q31.c **** /*
  12:../Dave/Generated/CMSIS_DSP/StatisticsFunctions/arm_std_q31.c ****  * Copyright (C) 2010-2017 ARM Limited or its affiliates. All rights reserved.
  13:../Dave/Generated/CMSIS_DSP/StatisticsFunctions/arm_std_q31.c ****  *
  14:../Dave/Generated/CMSIS_DSP/StatisticsFunctions/arm_std_q31.c ****  * SPDX-License-Identifier: Apache-2.0
  15:../Dave/Generated/CMSIS_DSP/StatisticsFunctions/arm_std_q31.c ****  *
  16:../Dave/Generated/CMSIS_DSP/StatisticsFunctions/arm_std_q31.c ****  * Licensed under the Apache License, Version 2.0 (the License); you may
  17:../Dave/Generated/CMSIS_DSP/StatisticsFunctions/arm_std_q31.c ****  * not use this file except in compliance with the License.
  18:../Dave/Generated/CMSIS_DSP/StatisticsFunctions/arm_std_q31.c ****  * You may obtain a copy of the License at
  19:../Dave/Generated/CMSIS_DSP/StatisticsFunctions/arm_std_q31.c ****  *
  20:../Dave/Generated/CMSIS_DSP/StatisticsFunctions/arm_std_q31.c ****  * www.apache.org/licenses/LICENSE-2.0
  21:../Dave/Generated/CMSIS_DSP/StatisticsFunctions/arm_std_q31.c ****  *
  22:../Dave/Generated/CMSIS_DSP/StatisticsFunctions/arm_std_q31.c ****  * Unless required by applicable law or agreed to in writing, software
  23:../Dave/Generated/CMSIS_DSP/StatisticsFunctions/arm_std_q31.c ****  * distributed under the License is distributed on an AS IS BASIS, WITHOUT
  24:../Dave/Generated/CMSIS_DSP/StatisticsFunctions/arm_std_q31.c ****  * WARRANTIES OR CONDITIONS OF ANY KIND, either express or implied.
  25:../Dave/Generated/CMSIS_DSP/StatisticsFunctions/arm_std_q31.c ****  * See the License for the specific language governing permissions and
  26:../Dave/Generated/CMSIS_DSP/StatisticsFunctions/arm_std_q31.c ****  * limitations under the License.
  27:../Dave/Generated/CMSIS_DSP/StatisticsFunctions/arm_std_q31.c ****  */
  28:../Dave/Generated/CMSIS_DSP/StatisticsFunctions/arm_std_q31.c **** 
  29:../Dave/Generated/CMSIS_DSP/StatisticsFunctions/arm_std_q31.c **** #include "CMSIS_DSP/cmsis_dsp.h"
  30:../Dave/Generated/CMSIS_DSP/StatisticsFunctions/arm_std_q31.c **** 
  31:../Dave/Generated/CMSIS_DSP/StatisticsFunctions/arm_std_q31.c **** /**
  32:../Dave/Generated/CMSIS_DSP/StatisticsFunctions/arm_std_q31.c ****  * @ingroup groupStats
  33:../Dave/Generated/CMSIS_DSP/StatisticsFunctions/arm_std_q31.c ****  */
  34:../Dave/Generated/CMSIS_DSP/StatisticsFunctions/arm_std_q31.c **** 
  35:../Dave/Generated/CMSIS_DSP/StatisticsFunctions/arm_std_q31.c **** /**
  36:../Dave/Generated/CMSIS_DSP/StatisticsFunctions/arm_std_q31.c ****  * @addtogroup STD
  37:../Dave/Generated/CMSIS_DSP/StatisticsFunctions/arm_std_q31.c ****  * @{
  38:../Dave/Generated/CMSIS_DSP/StatisticsFunctions/arm_std_q31.c ****  */
  39:../Dave/Generated/CMSIS_DSP/StatisticsFunctions/arm_std_q31.c **** 
  40:../Dave/Generated/CMSIS_DSP/StatisticsFunctions/arm_std_q31.c **** /**
  41:../Dave/Generated/CMSIS_DSP/StatisticsFunctions/arm_std_q31.c ****  * @brief Standard deviation of the elements of a Q31 vector.
  42:../Dave/Generated/CMSIS_DSP/StatisticsFunctions/arm_std_q31.c ****  * @param[in]       *pSrc points to the input vector
  43:../Dave/Generated/CMSIS_DSP/StatisticsFunctions/arm_std_q31.c ****  * @param[in]       blockSize length of the input vector
  44:../Dave/Generated/CMSIS_DSP/StatisticsFunctions/arm_std_q31.c ****  * @param[out]      *pResult standard deviation value returned here
  45:../Dave/Generated/CMSIS_DSP/StatisticsFunctions/arm_std_q31.c ****  * @return none.
  46:../Dave/Generated/CMSIS_DSP/StatisticsFunctions/arm_std_q31.c ****  * @details
  47:../Dave/Generated/CMSIS_DSP/StatisticsFunctions/arm_std_q31.c ****  * <b>Scaling and Overflow Behavior:</b>
  48:../Dave/Generated/CMSIS_DSP/StatisticsFunctions/arm_std_q31.c ****  *
  49:../Dave/Generated/CMSIS_DSP/StatisticsFunctions/arm_std_q31.c ****  *\par
  50:../Dave/Generated/CMSIS_DSP/StatisticsFunctions/arm_std_q31.c ****  * The function is implemented using an internal 64-bit accumulator.
  51:../Dave/Generated/CMSIS_DSP/StatisticsFunctions/arm_std_q31.c ****  * The input is represented in 1.31 format, which is then downshifted by 8 bits
  52:../Dave/Generated/CMSIS_DSP/StatisticsFunctions/arm_std_q31.c ****  * which yields 1.23, and intermediate multiplication yields a 2.46 format.
  53:../Dave/Generated/CMSIS_DSP/StatisticsFunctions/arm_std_q31.c ****  * The accumulator maintains full precision of the intermediate multiplication results,
  54:../Dave/Generated/CMSIS_DSP/StatisticsFunctions/arm_std_q31.c ****  * but provides only a 16 guard bits.
  55:../Dave/Generated/CMSIS_DSP/StatisticsFunctions/arm_std_q31.c ****  * There is no saturation on intermediate additions.
  56:../Dave/Generated/CMSIS_DSP/StatisticsFunctions/arm_std_q31.c ****  * If the accumulator overflows it wraps around and distorts the result.
  57:../Dave/Generated/CMSIS_DSP/StatisticsFunctions/arm_std_q31.c ****  * In order to avoid overflows completely the input signal must be scaled down by
  58:../Dave/Generated/CMSIS_DSP/StatisticsFunctions/arm_std_q31.c ****  * log2(blockSize)-8 bits, as a total of blockSize additions are performed internally.
  59:../Dave/Generated/CMSIS_DSP/StatisticsFunctions/arm_std_q31.c ****  * After division, internal variables should be Q18.46
  60:../Dave/Generated/CMSIS_DSP/StatisticsFunctions/arm_std_q31.c ****  * Finally, the 18.46 accumulator is right shifted by 15 bits to yield a 1.31 format value.
  61:../Dave/Generated/CMSIS_DSP/StatisticsFunctions/arm_std_q31.c ****  *
  62:../Dave/Generated/CMSIS_DSP/StatisticsFunctions/arm_std_q31.c ****  */
  63:../Dave/Generated/CMSIS_DSP/StatisticsFunctions/arm_std_q31.c **** 
  64:../Dave/Generated/CMSIS_DSP/StatisticsFunctions/arm_std_q31.c **** void arm_std_q31(
  65:../Dave/Generated/CMSIS_DSP/StatisticsFunctions/arm_std_q31.c ****   q31_t * pSrc,
  66:../Dave/Generated/CMSIS_DSP/StatisticsFunctions/arm_std_q31.c ****   uint32_t blockSize,
  67:../Dave/Generated/CMSIS_DSP/StatisticsFunctions/arm_std_q31.c ****   q31_t * pResult)
  68:../Dave/Generated/CMSIS_DSP/StatisticsFunctions/arm_std_q31.c **** {
  29              	 .loc 1 68 0
  30              	 .cfi_startproc
  31              	 
  32              	 
  33              	.LVL0:
  34 0000 2DE9F04F 	 push {r4,r5,r6,r7,r8,r9,r10,fp,lr}
  35              	.LCFI0:
  36              	 .cfi_def_cfa_offset 36
  37              	 .cfi_offset 4,-36
  38              	 .cfi_offset 5,-32
  39              	 .cfi_offset 6,-28
  40              	 .cfi_offset 7,-24
  41              	 .cfi_offset 8,-20
  42              	 .cfi_offset 9,-16
  43              	 .cfi_offset 10,-12
  44              	 .cfi_offset 11,-8
  45              	 .cfi_offset 14,-4
  69:../Dave/Generated/CMSIS_DSP/StatisticsFunctions/arm_std_q31.c ****   q63_t sum = 0;                                 /* Accumulator */
  70:../Dave/Generated/CMSIS_DSP/StatisticsFunctions/arm_std_q31.c ****   q63_t meanOfSquares, squareOfMean;             /* square of mean and mean of square */
  71:../Dave/Generated/CMSIS_DSP/StatisticsFunctions/arm_std_q31.c ****   q31_t in;                                      /* input value */
  72:../Dave/Generated/CMSIS_DSP/StatisticsFunctions/arm_std_q31.c ****   uint32_t blkCnt;                               /* loop counter */
  73:../Dave/Generated/CMSIS_DSP/StatisticsFunctions/arm_std_q31.c ****   q63_t sumOfSquares = 0;                        /* Accumulator */
  74:../Dave/Generated/CMSIS_DSP/StatisticsFunctions/arm_std_q31.c **** 
  75:../Dave/Generated/CMSIS_DSP/StatisticsFunctions/arm_std_q31.c ****   if (blockSize == 1u)
  46              	 .loc 1 75 0
  47 0004 0129     	 cmp r1,#1
  68:../Dave/Generated/CMSIS_DSP/StatisticsFunctions/arm_std_q31.c ****   q63_t sum = 0;                                 /* Accumulator */
  48              	 .loc 1 68 0
  49 0006 83B0     	 sub sp,sp,#12
  50              	.LCFI1:
  51              	 .cfi_def_cfa_offset 48
  68:../Dave/Generated/CMSIS_DSP/StatisticsFunctions/arm_std_q31.c ****   q63_t sum = 0;                                 /* Accumulator */
  52              	 .loc 1 68 0
  53 0008 8A46     	 mov r10,r1
  54 000a 9346     	 mov fp,r2
  55              	 .loc 1 75 0
  56 000c 62D0     	 beq .L17
  57              	.LVL1:
  76:../Dave/Generated/CMSIS_DSP/StatisticsFunctions/arm_std_q31.c ****   {
  77:../Dave/Generated/CMSIS_DSP/StatisticsFunctions/arm_std_q31.c ****     *pResult = 0;
  78:../Dave/Generated/CMSIS_DSP/StatisticsFunctions/arm_std_q31.c ****     return;
  79:../Dave/Generated/CMSIS_DSP/StatisticsFunctions/arm_std_q31.c ****   }
  80:../Dave/Generated/CMSIS_DSP/StatisticsFunctions/arm_std_q31.c **** 
  81:../Dave/Generated/CMSIS_DSP/StatisticsFunctions/arm_std_q31.c **** #if defined (ARM_MATH_DSP)
  82:../Dave/Generated/CMSIS_DSP/StatisticsFunctions/arm_std_q31.c ****   /* Run the below code for Cortex-M4 and Cortex-M3 */
  83:../Dave/Generated/CMSIS_DSP/StatisticsFunctions/arm_std_q31.c **** 
  84:../Dave/Generated/CMSIS_DSP/StatisticsFunctions/arm_std_q31.c ****   /*loop Unrolling */
  85:../Dave/Generated/CMSIS_DSP/StatisticsFunctions/arm_std_q31.c ****   blkCnt = blockSize >> 2u;
  86:../Dave/Generated/CMSIS_DSP/StatisticsFunctions/arm_std_q31.c **** 
  87:../Dave/Generated/CMSIS_DSP/StatisticsFunctions/arm_std_q31.c ****   /* First part of the processing with loop unrolling.  Compute 4 outputs at a time.
  88:../Dave/Generated/CMSIS_DSP/StatisticsFunctions/arm_std_q31.c ****    ** a second loop below computes the remaining 1 to 3 samples. */
  89:../Dave/Generated/CMSIS_DSP/StatisticsFunctions/arm_std_q31.c ****   while (blkCnt > 0u)
  58              	 .loc 1 89 0
  59 000e 4FF00008 	 mov r8,#0
  60 0012 4FF00009 	 mov r9,#0
  61 0016 5FEA910C 	 lsrs ip,r1,#2
  62              	.LVL2:
  63 001a 4446     	 mov r4,r8
  64 001c 4D46     	 mov r5,r9
  65 001e 27D0     	 beq .L4
  66 0020 00F11007 	 add r7,r0,#16
  67 0024 E646     	 mov lr,ip
  68              	.LVL3:
  69              	.L5:
  90:../Dave/Generated/CMSIS_DSP/StatisticsFunctions/arm_std_q31.c ****   {
  91:../Dave/Generated/CMSIS_DSP/StatisticsFunctions/arm_std_q31.c ****     /* C = (A[0] * A[0] + A[1] * A[1] + ... + A[blockSize-1] * A[blockSize-1])  */
  92:../Dave/Generated/CMSIS_DSP/StatisticsFunctions/arm_std_q31.c ****     /* Compute Sum of squares of the input samples
  93:../Dave/Generated/CMSIS_DSP/StatisticsFunctions/arm_std_q31.c ****      * and then store the result in a temporary variable, sum. */
  94:../Dave/Generated/CMSIS_DSP/StatisticsFunctions/arm_std_q31.c ****     in = *pSrc++ >> 8u;
  95:../Dave/Generated/CMSIS_DSP/StatisticsFunctions/arm_std_q31.c ****     sum += in;
  96:../Dave/Generated/CMSIS_DSP/StatisticsFunctions/arm_std_q31.c ****     sumOfSquares += ((q63_t) (in) * (in));
  97:../Dave/Generated/CMSIS_DSP/StatisticsFunctions/arm_std_q31.c ****     in = *pSrc++ >> 8u;
  98:../Dave/Generated/CMSIS_DSP/StatisticsFunctions/arm_std_q31.c ****     sum += in;
  99:../Dave/Generated/CMSIS_DSP/StatisticsFunctions/arm_std_q31.c ****     sumOfSquares += ((q63_t) (in) * (in));
 100:../Dave/Generated/CMSIS_DSP/StatisticsFunctions/arm_std_q31.c ****     in = *pSrc++ >> 8u;
 101:../Dave/Generated/CMSIS_DSP/StatisticsFunctions/arm_std_q31.c ****     sum += in;
 102:../Dave/Generated/CMSIS_DSP/StatisticsFunctions/arm_std_q31.c ****     sumOfSquares += ((q63_t) (in) * (in));
 103:../Dave/Generated/CMSIS_DSP/StatisticsFunctions/arm_std_q31.c ****     in = *pSrc++ >> 8u;
  70              	 .loc 1 103 0
  71 0026 17E90E00 	 ldmdb r7,{r1,r2,r3}
  94:../Dave/Generated/CMSIS_DSP/StatisticsFunctions/arm_std_q31.c ****     sum += in;
  72              	 .loc 1 94 0
  73 002a 57F8106C 	 ldr r6,[r7,#-16]
  74 002e 3612     	 asrs r6,r6,#8
  75              	.LVL4:
  97:../Dave/Generated/CMSIS_DSP/StatisticsFunctions/arm_std_q31.c ****     sum += in;
  76              	 .loc 1 97 0
  77 0030 0912     	 asrs r1,r1,#8
  95:../Dave/Generated/CMSIS_DSP/StatisticsFunctions/arm_std_q31.c ****     sumOfSquares += ((q63_t) (in) * (in));
  78              	 .loc 1 95 0
  79 0032 A419     	 adds r4,r4,r6
  80              	.LVL5:
 100:../Dave/Generated/CMSIS_DSP/StatisticsFunctions/arm_std_q31.c ****     sum += in;
  81              	 .loc 1 100 0
  82 0034 4FEA2222 	 asr r2,r2,#8
  95:../Dave/Generated/CMSIS_DSP/StatisticsFunctions/arm_std_q31.c ****     sumOfSquares += ((q63_t) (in) * (in));
  83              	 .loc 1 95 0
  84 0038 45EBE675 	 adc r5,r5,r6,asr#31
  85              	.LVL6:
  98:../Dave/Generated/CMSIS_DSP/StatisticsFunctions/arm_std_q31.c ****     sumOfSquares += ((q63_t) (in) * (in));
  86              	 .loc 1 98 0
  87 003c 6418     	 adds r4,r4,r1
  88              	.LVL7:
  89              	 .loc 1 103 0
  90 003e 4FEA2323 	 asr r3,r3,#8
  98:../Dave/Generated/CMSIS_DSP/StatisticsFunctions/arm_std_q31.c ****     sumOfSquares += ((q63_t) (in) * (in));
  91              	 .loc 1 98 0
  92 0042 45EBE175 	 adc r5,r5,r1,asr#31
  96:../Dave/Generated/CMSIS_DSP/StatisticsFunctions/arm_std_q31.c ****     in = *pSrc++ >> 8u;
  93              	 .loc 1 96 0
  94 0046 C6FB0689 	 smlal r8,r9,r6,r6
  95              	.LVL8:
 101:../Dave/Generated/CMSIS_DSP/StatisticsFunctions/arm_std_q31.c ****     sumOfSquares += ((q63_t) (in) * (in));
  96              	 .loc 1 101 0
  97 004a A418     	 adds r4,r4,r2
  98              	.LVL9:
  99 004c 45EBE275 	 adc r5,r5,r2,asr#31
  99:../Dave/Generated/CMSIS_DSP/StatisticsFunctions/arm_std_q31.c ****     in = *pSrc++ >> 8u;
 100              	 .loc 1 99 0
 101 0050 C1FB0189 	 smlal r8,r9,r1,r1
 102              	.LVL10:
 104:../Dave/Generated/CMSIS_DSP/StatisticsFunctions/arm_std_q31.c ****     sum += in;
 103              	 .loc 1 104 0
 104 0054 E418     	 adds r4,r4,r3
 105              	.LVL11:
 102:../Dave/Generated/CMSIS_DSP/StatisticsFunctions/arm_std_q31.c ****     in = *pSrc++ >> 8u;
 106              	 .loc 1 102 0
 107 0056 C2FB0289 	 smlal r8,r9,r2,r2
 108              	.LVL12:
 109              	 .loc 1 104 0
 110 005a 45EBE375 	 adc r5,r5,r3,asr#31
 111              	.LVL13:
  89:../Dave/Generated/CMSIS_DSP/StatisticsFunctions/arm_std_q31.c ****   {
 112              	 .loc 1 89 0
 113 005e BEF1010E 	 subs lr,lr,#1
 114              	.LVL14:
 105:../Dave/Generated/CMSIS_DSP/StatisticsFunctions/arm_std_q31.c ****     sumOfSquares += ((q63_t) (in) * (in));
 115              	 .loc 1 105 0
 116 0062 C3FB0389 	 smlal r8,r9,r3,r3
 117              	.LVL15:
 118 0066 07F11007 	 add r7,r7,#16
 119              	.LVL16:
  89:../Dave/Generated/CMSIS_DSP/StatisticsFunctions/arm_std_q31.c ****   {
 120              	 .loc 1 89 0
 121 006a DCD1     	 bne .L5
 122 006c 00EB0C10 	 add r0,r0,ip,lsl#4
 123              	.LVL17:
 124              	.L4:
 106:../Dave/Generated/CMSIS_DSP/StatisticsFunctions/arm_std_q31.c **** 
 107:../Dave/Generated/CMSIS_DSP/StatisticsFunctions/arm_std_q31.c ****     /* Decrement the loop counter */
 108:../Dave/Generated/CMSIS_DSP/StatisticsFunctions/arm_std_q31.c ****     blkCnt--;
 109:../Dave/Generated/CMSIS_DSP/StatisticsFunctions/arm_std_q31.c ****   }
 110:../Dave/Generated/CMSIS_DSP/StatisticsFunctions/arm_std_q31.c **** 
 111:../Dave/Generated/CMSIS_DSP/StatisticsFunctions/arm_std_q31.c ****   /* If the blockSize is not a multiple of 4, compute any remaining output samples here.
 112:../Dave/Generated/CMSIS_DSP/StatisticsFunctions/arm_std_q31.c ****    ** No loop unrolling is used. */
 113:../Dave/Generated/CMSIS_DSP/StatisticsFunctions/arm_std_q31.c ****   blkCnt = blockSize % 0x4u;
 114:../Dave/Generated/CMSIS_DSP/StatisticsFunctions/arm_std_q31.c **** 
 115:../Dave/Generated/CMSIS_DSP/StatisticsFunctions/arm_std_q31.c ****   while (blkCnt > 0u)
 125              	 .loc 1 115 0
 126 0070 1AF00302 	 ands r2,r10,#3
 127              	.LVL18:
 128 0074 09D0     	 beq .L6
 129              	.LVL19:
 130              	.L7:
 116:../Dave/Generated/CMSIS_DSP/StatisticsFunctions/arm_std_q31.c ****   {
 117:../Dave/Generated/CMSIS_DSP/StatisticsFunctions/arm_std_q31.c ****     /* C = (A[0] * A[0] + A[1] * A[1] + ... + A[blockSize-1] * A[blockSize-1]) */
 118:../Dave/Generated/CMSIS_DSP/StatisticsFunctions/arm_std_q31.c ****     /* Compute Sum of squares of the input samples
 119:../Dave/Generated/CMSIS_DSP/StatisticsFunctions/arm_std_q31.c ****      * and then store the result in a temporary variable, sum. */
 120:../Dave/Generated/CMSIS_DSP/StatisticsFunctions/arm_std_q31.c ****     in = *pSrc++ >> 8u;
 131              	 .loc 1 120 0
 132 0076 50F8043B 	 ldr r3,[r0],#4
 133              	.LVL20:
 134 007a 1B12     	 asrs r3,r3,#8
 135              	.LVL21:
 121:../Dave/Generated/CMSIS_DSP/StatisticsFunctions/arm_std_q31.c ****     sum += in;
 136              	 .loc 1 121 0
 137 007c E418     	 adds r4,r4,r3
 138              	.LVL22:
 139 007e 45EBE375 	 adc r5,r5,r3,asr#31
 140              	.LVL23:
 115:../Dave/Generated/CMSIS_DSP/StatisticsFunctions/arm_std_q31.c ****   {
 141              	 .loc 1 115 0
 142 0082 013A     	 subs r2,r2,#1
 143              	.LVL24:
 122:../Dave/Generated/CMSIS_DSP/StatisticsFunctions/arm_std_q31.c ****     sumOfSquares += ((q63_t) (in) * (in));
 144              	 .loc 1 122 0
 145 0084 C3FB0389 	 smlal r8,r9,r3,r3
 146              	.LVL25:
 115:../Dave/Generated/CMSIS_DSP/StatisticsFunctions/arm_std_q31.c ****   {
 147              	 .loc 1 115 0
 148 0088 F5D1     	 bne .L7
 149              	.LVL26:
 150              	.L6:
 123:../Dave/Generated/CMSIS_DSP/StatisticsFunctions/arm_std_q31.c **** 
 124:../Dave/Generated/CMSIS_DSP/StatisticsFunctions/arm_std_q31.c ****     /* Decrement the loop counter */
 125:../Dave/Generated/CMSIS_DSP/StatisticsFunctions/arm_std_q31.c ****     blkCnt--;
 126:../Dave/Generated/CMSIS_DSP/StatisticsFunctions/arm_std_q31.c ****   }
 127:../Dave/Generated/CMSIS_DSP/StatisticsFunctions/arm_std_q31.c **** 
 128:../Dave/Generated/CMSIS_DSP/StatisticsFunctions/arm_std_q31.c ****   /* Compute Mean of squares of the input samples
 129:../Dave/Generated/CMSIS_DSP/StatisticsFunctions/arm_std_q31.c ****    * and then store the result in a temporary variable, meanOfSquares. */
 130:../Dave/Generated/CMSIS_DSP/StatisticsFunctions/arm_std_q31.c ****   meanOfSquares = sumOfSquares / (q63_t)(blockSize - 1u);
 151              	 .loc 1 130 0
 152 008a 0AF1FF3C 	 add ip,r10,#-1
 153              	.LVL27:
 154 008e 6246     	 mov r2,ip
 155 0090 4046     	 mov r0,r8
 156              	.LVL28:
 157 0092 4946     	 mov r1,r9
 158 0094 0023     	 movs r3,#0
 159 0096 CDF804C0 	 str ip,[sp,#4]
 160 009a FFF7FEFF 	 bl __aeabi_ldivmod
 161              	.LVL29:
 131:../Dave/Generated/CMSIS_DSP/StatisticsFunctions/arm_std_q31.c **** 
 132:../Dave/Generated/CMSIS_DSP/StatisticsFunctions/arm_std_q31.c **** #else
 133:../Dave/Generated/CMSIS_DSP/StatisticsFunctions/arm_std_q31.c ****   /* Run the below code for Cortex-M0 */
 134:../Dave/Generated/CMSIS_DSP/StatisticsFunctions/arm_std_q31.c **** 
 135:../Dave/Generated/CMSIS_DSP/StatisticsFunctions/arm_std_q31.c ****   /* Loop over blockSize number of values */
 136:../Dave/Generated/CMSIS_DSP/StatisticsFunctions/arm_std_q31.c ****   blkCnt = blockSize;
 137:../Dave/Generated/CMSIS_DSP/StatisticsFunctions/arm_std_q31.c **** 
 138:../Dave/Generated/CMSIS_DSP/StatisticsFunctions/arm_std_q31.c ****   while (blkCnt > 0u)
 139:../Dave/Generated/CMSIS_DSP/StatisticsFunctions/arm_std_q31.c ****   {
 140:../Dave/Generated/CMSIS_DSP/StatisticsFunctions/arm_std_q31.c ****     /* C = (A[0] * A[0] + A[1] * A[1] + ... + A[blockSize-1] * A[blockSize-1]) */
 141:../Dave/Generated/CMSIS_DSP/StatisticsFunctions/arm_std_q31.c ****     /* Compute Sum of squares of the input samples
 142:../Dave/Generated/CMSIS_DSP/StatisticsFunctions/arm_std_q31.c ****      * and then store the result in a temporary variable, sumOfSquares. */
 143:../Dave/Generated/CMSIS_DSP/StatisticsFunctions/arm_std_q31.c ****     in = *pSrc++ >> 8u;
 144:../Dave/Generated/CMSIS_DSP/StatisticsFunctions/arm_std_q31.c ****     sumOfSquares += ((q63_t) (in) * (in));
 145:../Dave/Generated/CMSIS_DSP/StatisticsFunctions/arm_std_q31.c **** 
 146:../Dave/Generated/CMSIS_DSP/StatisticsFunctions/arm_std_q31.c ****     /* C = (A[0] + A[1] + A[2] + ... + A[blockSize-1]) */
 147:../Dave/Generated/CMSIS_DSP/StatisticsFunctions/arm_std_q31.c ****     /* Compute sum of all input values and then store the result in a temporary variable, sum. */
 148:../Dave/Generated/CMSIS_DSP/StatisticsFunctions/arm_std_q31.c ****     sum += in;
 149:../Dave/Generated/CMSIS_DSP/StatisticsFunctions/arm_std_q31.c **** 
 150:../Dave/Generated/CMSIS_DSP/StatisticsFunctions/arm_std_q31.c ****     /* Decrement the loop counter */
 151:../Dave/Generated/CMSIS_DSP/StatisticsFunctions/arm_std_q31.c ****     blkCnt--;
 152:../Dave/Generated/CMSIS_DSP/StatisticsFunctions/arm_std_q31.c ****   }
 153:../Dave/Generated/CMSIS_DSP/StatisticsFunctions/arm_std_q31.c **** 
 154:../Dave/Generated/CMSIS_DSP/StatisticsFunctions/arm_std_q31.c ****   /* Compute Mean of squares of the input samples
 155:../Dave/Generated/CMSIS_DSP/StatisticsFunctions/arm_std_q31.c ****    * and then store the result in a temporary variable, meanOfSquares. */
 156:../Dave/Generated/CMSIS_DSP/StatisticsFunctions/arm_std_q31.c ****   meanOfSquares = sumOfSquares / (q63_t)(blockSize - 1u);
 157:../Dave/Generated/CMSIS_DSP/StatisticsFunctions/arm_std_q31.c **** 
 158:../Dave/Generated/CMSIS_DSP/StatisticsFunctions/arm_std_q31.c **** #endif /* #if defined (ARM_MATH_DSP) */
 159:../Dave/Generated/CMSIS_DSP/StatisticsFunctions/arm_std_q31.c **** 
 160:../Dave/Generated/CMSIS_DSP/StatisticsFunctions/arm_std_q31.c ****   /* Compute square of mean */
 161:../Dave/Generated/CMSIS_DSP/StatisticsFunctions/arm_std_q31.c ****   squareOfMean = sum * sum / (q63_t)(blockSize * (blockSize - 1u));
 162              	 .loc 1 161 0
 163 009e DDF804C0 	 ldr ip,[sp,#4]
 164 00a2 04FB05F3 	 mul r3,r4,r5
 130:../Dave/Generated/CMSIS_DSP/StatisticsFunctions/arm_std_q31.c **** 
 165              	 .loc 1 130 0
 166 00a6 0646     	 mov r6,r0
 167 00a8 0F46     	 mov r7,r1
 168              	 .loc 1 161 0
 169 00aa A4FB0401 	 umull r0,r1,r4,r4
 170 00ae 01EB4301 	 add r1,r1,r3,lsl#1
 171 00b2 0AFB0CF2 	 mul r2,r10,ip
 172 00b6 0023     	 movs r3,#0
 173 00b8 FFF7FEFF 	 bl __aeabi_ldivmod
 174              	.LVL30:
 162:../Dave/Generated/CMSIS_DSP/StatisticsFunctions/arm_std_q31.c **** 
 163:../Dave/Generated/CMSIS_DSP/StatisticsFunctions/arm_std_q31.c ****   /* Compute standard deviation and then store the result to the destination */
 164:../Dave/Generated/CMSIS_DSP/StatisticsFunctions/arm_std_q31.c ****   arm_sqrt_q31((meanOfSquares - squareOfMean) >> 15u, pResult);
 175              	 .loc 1 164 0
 176 00bc 361A     	 subs r6,r6,r0
 177 00be 67EB0107 	 sbc r7,r7,r1
 178 00c2 F00B     	 lsrs r0,r6,#15
 179 00c4 5946     	 mov r1,fp
 180 00c6 40EA4740 	 orr r0,r0,r7,lsl#17
 165:../Dave/Generated/CMSIS_DSP/StatisticsFunctions/arm_std_q31.c **** }
 181              	 .loc 1 165 0
 182 00ca 03B0     	 add sp,sp,#12
 183              	.LCFI2:
 184              	 .cfi_remember_state
 185              	 .cfi_def_cfa_offset 36
 186              	 
 187 00cc BDE8F04F 	 pop {r4,r5,r6,r7,r8,r9,r10,fp,lr}
 188              	.LCFI3:
 189              	 .cfi_restore 14
 190              	 .cfi_restore 11
 191              	 .cfi_restore 10
 192              	 .cfi_restore 9
 193              	 .cfi_restore 8
 194              	 .cfi_restore 7
 195              	 .cfi_restore 6
 196              	 .cfi_restore 5
 197              	 .cfi_restore 4
 198              	 .cfi_def_cfa_offset 0
 199              	.LVL31:
 164:../Dave/Generated/CMSIS_DSP/StatisticsFunctions/arm_std_q31.c **** }
 200              	 .loc 1 164 0
 201 00d0 FFF7FEBF 	 b arm_sqrt_q31
 202              	.LVL32:
 203              	.L17:
 204              	.LCFI4:
 205              	 .cfi_restore_state
  77:../Dave/Generated/CMSIS_DSP/StatisticsFunctions/arm_std_q31.c ****     return;
 206              	 .loc 1 77 0
 207 00d4 0023     	 movs r3,#0
 208 00d6 1360     	 str r3,[r2]
 209              	 .loc 1 165 0
 210 00d8 03B0     	 add sp,sp,#12
 211              	.LCFI5:
 212              	 .cfi_def_cfa_offset 36
 213              	 
 214 00da BDE8F08F 	 pop {r4,r5,r6,r7,r8,r9,r10,fp,pc}
 215              	 .cfi_endproc
 216              	.LFE135:
 218 00de 00BF     	 .text
 219              	.Letext0:
 220              	 .file 2 "c:\\infineon\\tools\\dave ide\\4.5.0.202105191637\\eclipse\\arm-gcc-49\\arm-none-eabi\\include\\machine\\_default_types.h"
 221              	 .file 3 "c:\\infineon\\tools\\dave ide\\4.5.0.202105191637\\eclipse\\arm-gcc-49\\arm-none-eabi\\include\\stdint.h"
 222              	 .file 4 "C:/Users/Utente/Desktop/Tesi/Firmware_Software/DAVE project/S2GLP_Pulsed_Doppler/Dave/Generated/CMSIS_DSP/arm_math.h"
DEFINED SYMBOLS
                            *ABS*:00000000 arm_std_q31.c
    {standard input}:21     .text.arm_std_q31:00000000 $t
    {standard input}:26     .text.arm_std_q31:00000000 arm_std_q31
                     .debug_frame:00000010 $d

UNDEFINED SYMBOLS
__aeabi_ldivmod
arm_sqrt_q31
