   1              	 .syntax unified
   2              	 .cpu cortex-m4
   3              	 .eabi_attribute 27,3
   4              	 .fpu fpv4-sp-d16
   5              	 .eabi_attribute 20,1
   6              	 .eabi_attribute 21,1
   7              	 .eabi_attribute 23,3
   8              	 .eabi_attribute 24,1
   9              	 .eabi_attribute 25,1
  10              	 .eabi_attribute 26,1
  11              	 .eabi_attribute 30,2
  12              	 .eabi_attribute 34,1
  13              	 .eabi_attribute 18,4
  14              	 .thumb
  15              	 .file "arm_mean_q31.c"
  16              	 .text
  17              	.Ltext0:
  18              	 .cfi_sections .debug_frame
  19              	 .global __aeabi_ldivmod
  20              	 .section .text.arm_mean_q31,"ax",%progbits
  21              	 .align 2
  22              	 .global arm_mean_q31
  23              	 .thumb
  24              	 .thumb_func
  26              	arm_mean_q31:
  27              	.LFB135:
  28              	 .file 1 "../Dave/Generated/CMSIS_DSP/StatisticsFunctions/arm_mean_q31.c"
   1:../Dave/Generated/CMSIS_DSP/StatisticsFunctions/arm_mean_q31.c **** /* ----------------------------------------------------------------------
   2:../Dave/Generated/CMSIS_DSP/StatisticsFunctions/arm_mean_q31.c ****  * Project:      CMSIS DSP Library
   3:../Dave/Generated/CMSIS_DSP/StatisticsFunctions/arm_mean_q31.c ****  * Title:        arm_mean_q31.c
   4:../Dave/Generated/CMSIS_DSP/StatisticsFunctions/arm_mean_q31.c ****  * Description:  Mean value of a Q31 vector
   5:../Dave/Generated/CMSIS_DSP/StatisticsFunctions/arm_mean_q31.c ****  *
   6:../Dave/Generated/CMSIS_DSP/StatisticsFunctions/arm_mean_q31.c ****  * $Date:        27. January 2017
   7:../Dave/Generated/CMSIS_DSP/StatisticsFunctions/arm_mean_q31.c ****  * $Revision:    V.1.5.1
   8:../Dave/Generated/CMSIS_DSP/StatisticsFunctions/arm_mean_q31.c ****  *
   9:../Dave/Generated/CMSIS_DSP/StatisticsFunctions/arm_mean_q31.c ****  * Target Processor: Cortex-M cores
  10:../Dave/Generated/CMSIS_DSP/StatisticsFunctions/arm_mean_q31.c ****  * -------------------------------------------------------------------- */
  11:../Dave/Generated/CMSIS_DSP/StatisticsFunctions/arm_mean_q31.c **** /*
  12:../Dave/Generated/CMSIS_DSP/StatisticsFunctions/arm_mean_q31.c ****  * Copyright (C) 2010-2017 ARM Limited or its affiliates. All rights reserved.
  13:../Dave/Generated/CMSIS_DSP/StatisticsFunctions/arm_mean_q31.c ****  *
  14:../Dave/Generated/CMSIS_DSP/StatisticsFunctions/arm_mean_q31.c ****  * SPDX-License-Identifier: Apache-2.0
  15:../Dave/Generated/CMSIS_DSP/StatisticsFunctions/arm_mean_q31.c ****  *
  16:../Dave/Generated/CMSIS_DSP/StatisticsFunctions/arm_mean_q31.c ****  * Licensed under the Apache License, Version 2.0 (the License); you may
  17:../Dave/Generated/CMSIS_DSP/StatisticsFunctions/arm_mean_q31.c ****  * not use this file except in compliance with the License.
  18:../Dave/Generated/CMSIS_DSP/StatisticsFunctions/arm_mean_q31.c ****  * You may obtain a copy of the License at
  19:../Dave/Generated/CMSIS_DSP/StatisticsFunctions/arm_mean_q31.c ****  *
  20:../Dave/Generated/CMSIS_DSP/StatisticsFunctions/arm_mean_q31.c ****  * www.apache.org/licenses/LICENSE-2.0
  21:../Dave/Generated/CMSIS_DSP/StatisticsFunctions/arm_mean_q31.c ****  *
  22:../Dave/Generated/CMSIS_DSP/StatisticsFunctions/arm_mean_q31.c ****  * Unless required by applicable law or agreed to in writing, software
  23:../Dave/Generated/CMSIS_DSP/StatisticsFunctions/arm_mean_q31.c ****  * distributed under the License is distributed on an AS IS BASIS, WITHOUT
  24:../Dave/Generated/CMSIS_DSP/StatisticsFunctions/arm_mean_q31.c ****  * WARRANTIES OR CONDITIONS OF ANY KIND, either express or implied.
  25:../Dave/Generated/CMSIS_DSP/StatisticsFunctions/arm_mean_q31.c ****  * See the License for the specific language governing permissions and
  26:../Dave/Generated/CMSIS_DSP/StatisticsFunctions/arm_mean_q31.c ****  * limitations under the License.
  27:../Dave/Generated/CMSIS_DSP/StatisticsFunctions/arm_mean_q31.c ****  */
  28:../Dave/Generated/CMSIS_DSP/StatisticsFunctions/arm_mean_q31.c **** 
  29:../Dave/Generated/CMSIS_DSP/StatisticsFunctions/arm_mean_q31.c **** #include "CMSIS_DSP/cmsis_dsp.h"
  30:../Dave/Generated/CMSIS_DSP/StatisticsFunctions/arm_mean_q31.c **** 
  31:../Dave/Generated/CMSIS_DSP/StatisticsFunctions/arm_mean_q31.c **** /**
  32:../Dave/Generated/CMSIS_DSP/StatisticsFunctions/arm_mean_q31.c ****  * @ingroup groupStats
  33:../Dave/Generated/CMSIS_DSP/StatisticsFunctions/arm_mean_q31.c ****  */
  34:../Dave/Generated/CMSIS_DSP/StatisticsFunctions/arm_mean_q31.c **** 
  35:../Dave/Generated/CMSIS_DSP/StatisticsFunctions/arm_mean_q31.c **** /**
  36:../Dave/Generated/CMSIS_DSP/StatisticsFunctions/arm_mean_q31.c ****  * @addtogroup mean
  37:../Dave/Generated/CMSIS_DSP/StatisticsFunctions/arm_mean_q31.c ****  * @{
  38:../Dave/Generated/CMSIS_DSP/StatisticsFunctions/arm_mean_q31.c ****  */
  39:../Dave/Generated/CMSIS_DSP/StatisticsFunctions/arm_mean_q31.c **** 
  40:../Dave/Generated/CMSIS_DSP/StatisticsFunctions/arm_mean_q31.c **** 
  41:../Dave/Generated/CMSIS_DSP/StatisticsFunctions/arm_mean_q31.c **** /**
  42:../Dave/Generated/CMSIS_DSP/StatisticsFunctions/arm_mean_q31.c ****  * @brief Mean value of a Q31 vector.
  43:../Dave/Generated/CMSIS_DSP/StatisticsFunctions/arm_mean_q31.c ****  * @param[in]       *pSrc points to the input vector
  44:../Dave/Generated/CMSIS_DSP/StatisticsFunctions/arm_mean_q31.c ****  * @param[in]       blockSize length of the input vector
  45:../Dave/Generated/CMSIS_DSP/StatisticsFunctions/arm_mean_q31.c ****  * @param[out]      *pResult mean value returned here
  46:../Dave/Generated/CMSIS_DSP/StatisticsFunctions/arm_mean_q31.c ****  * @return none.
  47:../Dave/Generated/CMSIS_DSP/StatisticsFunctions/arm_mean_q31.c ****  *
  48:../Dave/Generated/CMSIS_DSP/StatisticsFunctions/arm_mean_q31.c ****  * @details
  49:../Dave/Generated/CMSIS_DSP/StatisticsFunctions/arm_mean_q31.c ****  * <b>Scaling and Overflow Behavior:</b>
  50:../Dave/Generated/CMSIS_DSP/StatisticsFunctions/arm_mean_q31.c ****  *\par
  51:../Dave/Generated/CMSIS_DSP/StatisticsFunctions/arm_mean_q31.c ****  * The function is implemented using a 64-bit internal accumulator.
  52:../Dave/Generated/CMSIS_DSP/StatisticsFunctions/arm_mean_q31.c ****  * The input is represented in 1.31 format and is accumulated in a 64-bit
  53:../Dave/Generated/CMSIS_DSP/StatisticsFunctions/arm_mean_q31.c ****  * accumulator in 33.31 format.
  54:../Dave/Generated/CMSIS_DSP/StatisticsFunctions/arm_mean_q31.c ****  * There is no risk of internal overflow with this approach, and the
  55:../Dave/Generated/CMSIS_DSP/StatisticsFunctions/arm_mean_q31.c ****  * full precision of intermediate result is preserved.
  56:../Dave/Generated/CMSIS_DSP/StatisticsFunctions/arm_mean_q31.c ****  * Finally, the accumulator is truncated to yield a result of 1.31 format.
  57:../Dave/Generated/CMSIS_DSP/StatisticsFunctions/arm_mean_q31.c ****  *
  58:../Dave/Generated/CMSIS_DSP/StatisticsFunctions/arm_mean_q31.c ****  */
  59:../Dave/Generated/CMSIS_DSP/StatisticsFunctions/arm_mean_q31.c **** 
  60:../Dave/Generated/CMSIS_DSP/StatisticsFunctions/arm_mean_q31.c **** void arm_mean_q31(
  61:../Dave/Generated/CMSIS_DSP/StatisticsFunctions/arm_mean_q31.c ****   q31_t * pSrc,
  62:../Dave/Generated/CMSIS_DSP/StatisticsFunctions/arm_mean_q31.c ****   uint32_t blockSize,
  63:../Dave/Generated/CMSIS_DSP/StatisticsFunctions/arm_mean_q31.c ****   q31_t * pResult)
  64:../Dave/Generated/CMSIS_DSP/StatisticsFunctions/arm_mean_q31.c **** {
  29              	 .loc 1 64 0
  30              	 .cfi_startproc
  31              	 
  32              	 
  33              	.LVL0:
  34 0000 2DE9F843 	 push {r3,r4,r5,r6,r7,r8,r9,lr}
  35              	.LCFI0:
  36              	 .cfi_def_cfa_offset 32
  37              	 .cfi_offset 3,-32
  38              	 .cfi_offset 4,-28
  39              	 .cfi_offset 5,-24
  40              	 .cfi_offset 6,-20
  41              	 .cfi_offset 7,-16
  42              	 .cfi_offset 8,-12
  43              	 .cfi_offset 9,-8
  44              	 .cfi_offset 14,-4
  65:../Dave/Generated/CMSIS_DSP/StatisticsFunctions/arm_mean_q31.c ****   q63_t sum = 0;                                 /* Temporary result storage */
  66:../Dave/Generated/CMSIS_DSP/StatisticsFunctions/arm_mean_q31.c ****   uint32_t blkCnt;                               /* loop counter */
  67:../Dave/Generated/CMSIS_DSP/StatisticsFunctions/arm_mean_q31.c **** 
  68:../Dave/Generated/CMSIS_DSP/StatisticsFunctions/arm_mean_q31.c **** #if defined (ARM_MATH_DSP)
  69:../Dave/Generated/CMSIS_DSP/StatisticsFunctions/arm_mean_q31.c ****   /* Run the below code for Cortex-M4 and Cortex-M3 */
  70:../Dave/Generated/CMSIS_DSP/StatisticsFunctions/arm_mean_q31.c **** 
  71:../Dave/Generated/CMSIS_DSP/StatisticsFunctions/arm_mean_q31.c ****   q31_t in1, in2, in3, in4;
  72:../Dave/Generated/CMSIS_DSP/StatisticsFunctions/arm_mean_q31.c **** 
  73:../Dave/Generated/CMSIS_DSP/StatisticsFunctions/arm_mean_q31.c ****   /*loop Unrolling */
  74:../Dave/Generated/CMSIS_DSP/StatisticsFunctions/arm_mean_q31.c ****   blkCnt = blockSize >> 2u;
  75:../Dave/Generated/CMSIS_DSP/StatisticsFunctions/arm_mean_q31.c **** 
  76:../Dave/Generated/CMSIS_DSP/StatisticsFunctions/arm_mean_q31.c ****   /* First part of the processing with loop unrolling.  Compute 4 outputs at a time.
  77:../Dave/Generated/CMSIS_DSP/StatisticsFunctions/arm_mean_q31.c ****    ** a second loop below computes the remaining 1 to 3 samples. */
  78:../Dave/Generated/CMSIS_DSP/StatisticsFunctions/arm_mean_q31.c ****   while (blkCnt > 0u)
  45              	 .loc 1 78 0
  46 0004 5FEA9108 	 lsrs r8,r1,#2
  64:../Dave/Generated/CMSIS_DSP/StatisticsFunctions/arm_mean_q31.c ****   q63_t sum = 0;                                 /* Temporary result storage */
  47              	 .loc 1 64 0
  48 0008 8E46     	 mov lr,r1
  49              	.LVL1:
  50 000a 9146     	 mov r9,r2
  51              	 .loc 1 78 0
  52 000c 33D0     	 beq .L6
  53 000e 00F11001 	 add r1,r0,#16
  54              	.LVL2:
  55 0012 C446     	 mov ip,r8
  56 0014 0022     	 movs r2,#0
  57              	.LVL3:
  58 0016 0023     	 movs r3,#0
  59              	.LVL4:
  60              	.L3:
  79:../Dave/Generated/CMSIS_DSP/StatisticsFunctions/arm_mean_q31.c ****   {
  80:../Dave/Generated/CMSIS_DSP/StatisticsFunctions/arm_mean_q31.c ****     /* C = (A[0] + A[1] + A[2] + ... + A[blockSize-1]) */
  81:../Dave/Generated/CMSIS_DSP/StatisticsFunctions/arm_mean_q31.c ****     in1 = *pSrc++;
  82:../Dave/Generated/CMSIS_DSP/StatisticsFunctions/arm_mean_q31.c ****     in2 = *pSrc++;
  83:../Dave/Generated/CMSIS_DSP/StatisticsFunctions/arm_mean_q31.c ****     in3 = *pSrc++;
  84:../Dave/Generated/CMSIS_DSP/StatisticsFunctions/arm_mean_q31.c ****     in4 = *pSrc++;
  85:../Dave/Generated/CMSIS_DSP/StatisticsFunctions/arm_mean_q31.c **** 
  86:../Dave/Generated/CMSIS_DSP/StatisticsFunctions/arm_mean_q31.c ****     sum += in1;
  61              	 .loc 1 86 0
  62 0018 51F8107C 	 ldr r7,[r1,#-16]
  87:../Dave/Generated/CMSIS_DSP/StatisticsFunctions/arm_mean_q31.c ****     sum += in2;
  63              	 .loc 1 87 0
  64 001c 51F80C6C 	 ldr r6,[r1,#-12]
  88:../Dave/Generated/CMSIS_DSP/StatisticsFunctions/arm_mean_q31.c ****     sum += in3;
  65              	 .loc 1 88 0
  66 0020 51F8085C 	 ldr r5,[r1,#-8]
  89:../Dave/Generated/CMSIS_DSP/StatisticsFunctions/arm_mean_q31.c ****     sum += in4;
  67              	 .loc 1 89 0
  68 0024 51F8044C 	 ldr r4,[r1,#-4]
  86:../Dave/Generated/CMSIS_DSP/StatisticsFunctions/arm_mean_q31.c ****     sum += in2;
  69              	 .loc 1 86 0
  70 0028 D219     	 adds r2,r2,r7
  71              	.LVL5:
  72 002a 43EBE773 	 adc r3,r3,r7,asr#31
  73              	.LVL6:
  87:../Dave/Generated/CMSIS_DSP/StatisticsFunctions/arm_mean_q31.c ****     sum += in3;
  74              	 .loc 1 87 0
  75 002e 9219     	 adds r2,r2,r6
  76              	.LVL7:
  77 0030 43EBE673 	 adc r3,r3,r6,asr#31
  78              	.LVL8:
  88:../Dave/Generated/CMSIS_DSP/StatisticsFunctions/arm_mean_q31.c ****     sum += in4;
  79              	 .loc 1 88 0
  80 0034 5219     	 adds r2,r2,r5
  81              	.LVL9:
  82 0036 43EBE573 	 adc r3,r3,r5,asr#31
  83              	.LVL10:
  84              	 .loc 1 89 0
  85 003a 1219     	 adds r2,r2,r4
  86              	.LVL11:
  87 003c 43EBE473 	 adc r3,r3,r4,asr#31
  88              	.LVL12:
  78:../Dave/Generated/CMSIS_DSP/StatisticsFunctions/arm_mean_q31.c ****   {
  89              	 .loc 1 78 0
  90 0040 BCF1010C 	 subs ip,ip,#1
  91              	.LVL13:
  92 0044 01F11001 	 add r1,r1,#16
  93              	.LVL14:
  94 0048 E6D1     	 bne .L3
  95 004a 00EB0810 	 add r0,r0,r8,lsl#4
  96              	.LVL15:
  97              	.L2:
  90:../Dave/Generated/CMSIS_DSP/StatisticsFunctions/arm_mean_q31.c **** 
  91:../Dave/Generated/CMSIS_DSP/StatisticsFunctions/arm_mean_q31.c ****     /* Decrement the loop counter */
  92:../Dave/Generated/CMSIS_DSP/StatisticsFunctions/arm_mean_q31.c ****     blkCnt--;
  93:../Dave/Generated/CMSIS_DSP/StatisticsFunctions/arm_mean_q31.c ****   }
  94:../Dave/Generated/CMSIS_DSP/StatisticsFunctions/arm_mean_q31.c **** 
  95:../Dave/Generated/CMSIS_DSP/StatisticsFunctions/arm_mean_q31.c ****   /* If the blockSize is not a multiple of 4, compute any remaining output samples here.
  96:../Dave/Generated/CMSIS_DSP/StatisticsFunctions/arm_mean_q31.c ****    ** No loop unrolling is used. */
  97:../Dave/Generated/CMSIS_DSP/StatisticsFunctions/arm_mean_q31.c ****   blkCnt = blockSize % 0x4u;
  98:../Dave/Generated/CMSIS_DSP/StatisticsFunctions/arm_mean_q31.c **** 
  99:../Dave/Generated/CMSIS_DSP/StatisticsFunctions/arm_mean_q31.c **** #else
 100:../Dave/Generated/CMSIS_DSP/StatisticsFunctions/arm_mean_q31.c ****   /* Run the below code for Cortex-M0 */
 101:../Dave/Generated/CMSIS_DSP/StatisticsFunctions/arm_mean_q31.c **** 
 102:../Dave/Generated/CMSIS_DSP/StatisticsFunctions/arm_mean_q31.c ****   /* Loop over blockSize number of values */
 103:../Dave/Generated/CMSIS_DSP/StatisticsFunctions/arm_mean_q31.c ****   blkCnt = blockSize;
 104:../Dave/Generated/CMSIS_DSP/StatisticsFunctions/arm_mean_q31.c **** 
 105:../Dave/Generated/CMSIS_DSP/StatisticsFunctions/arm_mean_q31.c **** #endif /* #if defined (ARM_MATH_DSP) */
 106:../Dave/Generated/CMSIS_DSP/StatisticsFunctions/arm_mean_q31.c **** 
 107:../Dave/Generated/CMSIS_DSP/StatisticsFunctions/arm_mean_q31.c ****   while (blkCnt > 0u)
  98              	 .loc 1 107 0
  99 004e 1EF00301 	 ands r1,lr,#3
 100              	.LVL16:
 101 0052 06D0     	 beq .L4
 102              	.L5:
 108:../Dave/Generated/CMSIS_DSP/StatisticsFunctions/arm_mean_q31.c ****   {
 109:../Dave/Generated/CMSIS_DSP/StatisticsFunctions/arm_mean_q31.c ****     /* C = (A[0] + A[1] + A[2] + ... + A[blockSize-1]) */
 110:../Dave/Generated/CMSIS_DSP/StatisticsFunctions/arm_mean_q31.c ****     sum += *pSrc++;
 103              	 .loc 1 110 0
 104 0054 50F8044B 	 ldr r4,[r0],#4
 105              	.LVL17:
 106 0058 1219     	 adds r2,r2,r4
 107              	.LVL18:
 108 005a 43EBE473 	 adc r3,r3,r4,asr#31
 109              	.LVL19:
 107:../Dave/Generated/CMSIS_DSP/StatisticsFunctions/arm_mean_q31.c ****   {
 110              	 .loc 1 107 0
 111 005e 0139     	 subs r1,r1,#1
 112              	.LVL20:
 113 0060 F8D1     	 bne .L5
 114              	.L4:
 111:../Dave/Generated/CMSIS_DSP/StatisticsFunctions/arm_mean_q31.c **** 
 112:../Dave/Generated/CMSIS_DSP/StatisticsFunctions/arm_mean_q31.c ****     /* Decrement the loop counter */
 113:../Dave/Generated/CMSIS_DSP/StatisticsFunctions/arm_mean_q31.c ****     blkCnt--;
 114:../Dave/Generated/CMSIS_DSP/StatisticsFunctions/arm_mean_q31.c ****   }
 115:../Dave/Generated/CMSIS_DSP/StatisticsFunctions/arm_mean_q31.c **** 
 116:../Dave/Generated/CMSIS_DSP/StatisticsFunctions/arm_mean_q31.c ****   /* C = (A[0] + A[1] + A[2] + ... + A[blockSize-1]) / blockSize  */
 117:../Dave/Generated/CMSIS_DSP/StatisticsFunctions/arm_mean_q31.c ****   /* Store the result to the destination */
 118:../Dave/Generated/CMSIS_DSP/StatisticsFunctions/arm_mean_q31.c ****   *pResult = (q31_t) (sum / (int32_t) blockSize);
 115              	 .loc 1 118 0
 116 0062 1046     	 mov r0,r2
 117              	.LVL21:
 118 0064 7246     	 mov r2,lr
 119              	.LVL22:
 120 0066 1946     	 mov r1,r3
 121              	.LVL23:
 122 0068 D317     	 asrs r3,r2,#31
 123 006a FFF7FEFF 	 bl __aeabi_ldivmod
 124              	.LVL24:
 125 006e C9F80000 	 str r0,[r9]
 126 0072 BDE8F883 	 pop {r3,r4,r5,r6,r7,r8,r9,pc}
 127              	.LVL25:
 128              	.L6:
  65:../Dave/Generated/CMSIS_DSP/StatisticsFunctions/arm_mean_q31.c ****   uint32_t blkCnt;                               /* loop counter */
 129              	 .loc 1 65 0
 130 0076 0022     	 movs r2,#0
 131              	.LVL26:
 132 0078 0023     	 movs r3,#0
 133 007a E8E7     	 b .L2
 134              	 .cfi_endproc
 135              	.LFE135:
 137              	 .text
 138              	.Letext0:
 139              	 .file 2 "c:\\infineon\\tools\\dave ide\\4.5.0.202105191637\\eclipse\\arm-gcc-49\\arm-none-eabi\\include\\machine\\_default_types.h"
 140              	 .file 3 "c:\\infineon\\tools\\dave ide\\4.5.0.202105191637\\eclipse\\arm-gcc-49\\arm-none-eabi\\include\\stdint.h"
 141              	 .file 4 "C:/Users/Utente/Desktop/Tesi/Firmware_Software/DAVE project/S2GLP_Pulsed_Doppler/Dave/Generated/CMSIS_DSP/arm_math.h"
DEFINED SYMBOLS
                            *ABS*:00000000 arm_mean_q31.c
    {standard input}:21     .text.arm_mean_q31:00000000 $t
    {standard input}:26     .text.arm_mean_q31:00000000 arm_mean_q31
                     .debug_frame:00000010 $d

UNDEFINED SYMBOLS
__aeabi_ldivmod
