   1              	 .syntax unified
   2              	 .cpu cortex-m4
   3              	 .eabi_attribute 27,3
   4              	 .fpu fpv4-sp-d16
   5              	 .eabi_attribute 20,1
   6              	 .eabi_attribute 21,1
   7              	 .eabi_attribute 23,3
   8              	 .eabi_attribute 24,1
   9              	 .eabi_attribute 25,1
  10              	 .eabi_attribute 26,1
  11              	 .eabi_attribute 30,2
  12              	 .eabi_attribute 34,1
  13              	 .eabi_attribute 18,4
  14              	 .thumb
  15              	 .file "arm_cmplx_mult_real_q31.c"
  16              	 .text
  17              	.Ltext0:
  18              	 .cfi_sections .debug_frame
  19              	 .section .text.arm_cmplx_mult_real_q31,"ax",%progbits
  20              	 .align 2
  21              	 .global arm_cmplx_mult_real_q31
  22              	 .thumb
  23              	 .thumb_func
  25              	arm_cmplx_mult_real_q31:
  26              	.LFB135:
  27              	 .file 1 "../Dave/Generated/CMSIS_DSP/ComplexMathFunctions/arm_cmplx_mult_real_q31.c"
   1:../Dave/Generated/CMSIS_DSP/ComplexMathFunctions/arm_cmplx_mult_real_q31.c **** /* ----------------------------------------------------------------------
   2:../Dave/Generated/CMSIS_DSP/ComplexMathFunctions/arm_cmplx_mult_real_q31.c ****  * Project:      CMSIS DSP Library
   3:../Dave/Generated/CMSIS_DSP/ComplexMathFunctions/arm_cmplx_mult_real_q31.c ****  * Title:        arm_cmplx_mult_real_q31.c
   4:../Dave/Generated/CMSIS_DSP/ComplexMathFunctions/arm_cmplx_mult_real_q31.c ****  * Description:  Q31 complex by real multiplication
   5:../Dave/Generated/CMSIS_DSP/ComplexMathFunctions/arm_cmplx_mult_real_q31.c ****  *
   6:../Dave/Generated/CMSIS_DSP/ComplexMathFunctions/arm_cmplx_mult_real_q31.c ****  * $Date:        27. January 2017
   7:../Dave/Generated/CMSIS_DSP/ComplexMathFunctions/arm_cmplx_mult_real_q31.c ****  * $Revision:    V.1.5.1
   8:../Dave/Generated/CMSIS_DSP/ComplexMathFunctions/arm_cmplx_mult_real_q31.c ****  *
   9:../Dave/Generated/CMSIS_DSP/ComplexMathFunctions/arm_cmplx_mult_real_q31.c ****  * Target Processor: Cortex-M cores
  10:../Dave/Generated/CMSIS_DSP/ComplexMathFunctions/arm_cmplx_mult_real_q31.c ****  * -------------------------------------------------------------------- */
  11:../Dave/Generated/CMSIS_DSP/ComplexMathFunctions/arm_cmplx_mult_real_q31.c **** /*
  12:../Dave/Generated/CMSIS_DSP/ComplexMathFunctions/arm_cmplx_mult_real_q31.c ****  * Copyright (C) 2010-2017 ARM Limited or its affiliates. All rights reserved.
  13:../Dave/Generated/CMSIS_DSP/ComplexMathFunctions/arm_cmplx_mult_real_q31.c ****  *
  14:../Dave/Generated/CMSIS_DSP/ComplexMathFunctions/arm_cmplx_mult_real_q31.c ****  * SPDX-License-Identifier: Apache-2.0
  15:../Dave/Generated/CMSIS_DSP/ComplexMathFunctions/arm_cmplx_mult_real_q31.c ****  *
  16:../Dave/Generated/CMSIS_DSP/ComplexMathFunctions/arm_cmplx_mult_real_q31.c ****  * Licensed under the Apache License, Version 2.0 (the License); you may
  17:../Dave/Generated/CMSIS_DSP/ComplexMathFunctions/arm_cmplx_mult_real_q31.c ****  * not use this file except in compliance with the License.
  18:../Dave/Generated/CMSIS_DSP/ComplexMathFunctions/arm_cmplx_mult_real_q31.c ****  * You may obtain a copy of the License at
  19:../Dave/Generated/CMSIS_DSP/ComplexMathFunctions/arm_cmplx_mult_real_q31.c ****  *
  20:../Dave/Generated/CMSIS_DSP/ComplexMathFunctions/arm_cmplx_mult_real_q31.c ****  * www.apache.org/licenses/LICENSE-2.0
  21:../Dave/Generated/CMSIS_DSP/ComplexMathFunctions/arm_cmplx_mult_real_q31.c ****  *
  22:../Dave/Generated/CMSIS_DSP/ComplexMathFunctions/arm_cmplx_mult_real_q31.c ****  * Unless required by applicable law or agreed to in writing, software
  23:../Dave/Generated/CMSIS_DSP/ComplexMathFunctions/arm_cmplx_mult_real_q31.c ****  * distributed under the License is distributed on an AS IS BASIS, WITHOUT
  24:../Dave/Generated/CMSIS_DSP/ComplexMathFunctions/arm_cmplx_mult_real_q31.c ****  * WARRANTIES OR CONDITIONS OF ANY KIND, either express or implied.
  25:../Dave/Generated/CMSIS_DSP/ComplexMathFunctions/arm_cmplx_mult_real_q31.c ****  * See the License for the specific language governing permissions and
  26:../Dave/Generated/CMSIS_DSP/ComplexMathFunctions/arm_cmplx_mult_real_q31.c ****  * limitations under the License.
  27:../Dave/Generated/CMSIS_DSP/ComplexMathFunctions/arm_cmplx_mult_real_q31.c ****  */
  28:../Dave/Generated/CMSIS_DSP/ComplexMathFunctions/arm_cmplx_mult_real_q31.c **** 
  29:../Dave/Generated/CMSIS_DSP/ComplexMathFunctions/arm_cmplx_mult_real_q31.c **** #include "CMSIS_DSP/cmsis_dsp.h"
  30:../Dave/Generated/CMSIS_DSP/ComplexMathFunctions/arm_cmplx_mult_real_q31.c **** 
  31:../Dave/Generated/CMSIS_DSP/ComplexMathFunctions/arm_cmplx_mult_real_q31.c **** /**
  32:../Dave/Generated/CMSIS_DSP/ComplexMathFunctions/arm_cmplx_mult_real_q31.c ****  * @ingroup groupCmplxMath
  33:../Dave/Generated/CMSIS_DSP/ComplexMathFunctions/arm_cmplx_mult_real_q31.c ****  */
  34:../Dave/Generated/CMSIS_DSP/ComplexMathFunctions/arm_cmplx_mult_real_q31.c **** 
  35:../Dave/Generated/CMSIS_DSP/ComplexMathFunctions/arm_cmplx_mult_real_q31.c **** /**
  36:../Dave/Generated/CMSIS_DSP/ComplexMathFunctions/arm_cmplx_mult_real_q31.c ****  * @addtogroup CmplxByRealMult
  37:../Dave/Generated/CMSIS_DSP/ComplexMathFunctions/arm_cmplx_mult_real_q31.c ****  * @{
  38:../Dave/Generated/CMSIS_DSP/ComplexMathFunctions/arm_cmplx_mult_real_q31.c ****  */
  39:../Dave/Generated/CMSIS_DSP/ComplexMathFunctions/arm_cmplx_mult_real_q31.c **** 
  40:../Dave/Generated/CMSIS_DSP/ComplexMathFunctions/arm_cmplx_mult_real_q31.c **** 
  41:../Dave/Generated/CMSIS_DSP/ComplexMathFunctions/arm_cmplx_mult_real_q31.c **** /**
  42:../Dave/Generated/CMSIS_DSP/ComplexMathFunctions/arm_cmplx_mult_real_q31.c ****  * @brief  Q31 complex-by-real multiplication
  43:../Dave/Generated/CMSIS_DSP/ComplexMathFunctions/arm_cmplx_mult_real_q31.c ****  * @param[in]  *pSrcCmplx points to the complex input vector
  44:../Dave/Generated/CMSIS_DSP/ComplexMathFunctions/arm_cmplx_mult_real_q31.c ****  * @param[in]  *pSrcReal points to the real input vector
  45:../Dave/Generated/CMSIS_DSP/ComplexMathFunctions/arm_cmplx_mult_real_q31.c ****  * @param[out]  *pCmplxDst points to the complex output vector
  46:../Dave/Generated/CMSIS_DSP/ComplexMathFunctions/arm_cmplx_mult_real_q31.c ****  * @param[in]  numSamples number of samples in each vector
  47:../Dave/Generated/CMSIS_DSP/ComplexMathFunctions/arm_cmplx_mult_real_q31.c ****  * @return none.
  48:../Dave/Generated/CMSIS_DSP/ComplexMathFunctions/arm_cmplx_mult_real_q31.c ****  *
  49:../Dave/Generated/CMSIS_DSP/ComplexMathFunctions/arm_cmplx_mult_real_q31.c ****  * <b>Scaling and Overflow Behavior:</b>
  50:../Dave/Generated/CMSIS_DSP/ComplexMathFunctions/arm_cmplx_mult_real_q31.c ****  * \par
  51:../Dave/Generated/CMSIS_DSP/ComplexMathFunctions/arm_cmplx_mult_real_q31.c ****  * The function uses saturating arithmetic.
  52:../Dave/Generated/CMSIS_DSP/ComplexMathFunctions/arm_cmplx_mult_real_q31.c ****  * Results outside of the allowable Q31 range[0x80000000 0x7FFFFFFF] will be saturated.
  53:../Dave/Generated/CMSIS_DSP/ComplexMathFunctions/arm_cmplx_mult_real_q31.c ****  */
  54:../Dave/Generated/CMSIS_DSP/ComplexMathFunctions/arm_cmplx_mult_real_q31.c **** 
  55:../Dave/Generated/CMSIS_DSP/ComplexMathFunctions/arm_cmplx_mult_real_q31.c **** void arm_cmplx_mult_real_q31(
  56:../Dave/Generated/CMSIS_DSP/ComplexMathFunctions/arm_cmplx_mult_real_q31.c ****   q31_t * pSrcCmplx,
  57:../Dave/Generated/CMSIS_DSP/ComplexMathFunctions/arm_cmplx_mult_real_q31.c ****   q31_t * pSrcReal,
  58:../Dave/Generated/CMSIS_DSP/ComplexMathFunctions/arm_cmplx_mult_real_q31.c ****   q31_t * pCmplxDst,
  59:../Dave/Generated/CMSIS_DSP/ComplexMathFunctions/arm_cmplx_mult_real_q31.c ****   uint32_t numSamples)
  60:../Dave/Generated/CMSIS_DSP/ComplexMathFunctions/arm_cmplx_mult_real_q31.c **** {
  28              	 .loc 1 60 0
  29              	 .cfi_startproc
  30              	 
  31              	 
  32              	.LVL0:
  33 0000 2DE9F04F 	 push {r4,r5,r6,r7,r8,r9,r10,fp,lr}
  34              	.LCFI0:
  35              	 .cfi_def_cfa_offset 36
  36              	 .cfi_offset 4,-36
  37              	 .cfi_offset 5,-32
  38              	 .cfi_offset 6,-28
  39              	 .cfi_offset 7,-24
  40              	 .cfi_offset 8,-20
  41              	 .cfi_offset 9,-16
  42              	 .cfi_offset 10,-12
  43              	 .cfi_offset 11,-8
  44              	 .cfi_offset 14,-4
  45 0004 85B0     	 sub sp,sp,#20
  46              	.LCFI1:
  47              	 .cfi_def_cfa_offset 56
  48              	 .loc 1 60 0
  49 0006 8346     	 mov fp,r0
  50 0008 0293     	 str r3,[sp,#8]
  61:../Dave/Generated/CMSIS_DSP/ComplexMathFunctions/arm_cmplx_mult_real_q31.c ****   q31_t inA1;                                    /* Temporary variable to store input value */
  62:../Dave/Generated/CMSIS_DSP/ComplexMathFunctions/arm_cmplx_mult_real_q31.c **** 
  63:../Dave/Generated/CMSIS_DSP/ComplexMathFunctions/arm_cmplx_mult_real_q31.c **** #if defined (ARM_MATH_DSP)
  64:../Dave/Generated/CMSIS_DSP/ComplexMathFunctions/arm_cmplx_mult_real_q31.c **** 
  65:../Dave/Generated/CMSIS_DSP/ComplexMathFunctions/arm_cmplx_mult_real_q31.c ****   /* Run the below code for Cortex-M4 and Cortex-M3 */
  66:../Dave/Generated/CMSIS_DSP/ComplexMathFunctions/arm_cmplx_mult_real_q31.c ****   uint32_t blkCnt;                               /* loop counters */
  67:../Dave/Generated/CMSIS_DSP/ComplexMathFunctions/arm_cmplx_mult_real_q31.c ****   q31_t inA2, inA3, inA4;                        /* Temporary variables to hold input data */
  68:../Dave/Generated/CMSIS_DSP/ComplexMathFunctions/arm_cmplx_mult_real_q31.c ****   q31_t inB1, inB2;                              /* Temporary variabels to hold input data */
  69:../Dave/Generated/CMSIS_DSP/ComplexMathFunctions/arm_cmplx_mult_real_q31.c ****   q31_t out1, out2, out3, out4;                  /* Temporary variables to hold output data */
  70:../Dave/Generated/CMSIS_DSP/ComplexMathFunctions/arm_cmplx_mult_real_q31.c **** 
  71:../Dave/Generated/CMSIS_DSP/ComplexMathFunctions/arm_cmplx_mult_real_q31.c ****   /* loop Unrolling */
  72:../Dave/Generated/CMSIS_DSP/ComplexMathFunctions/arm_cmplx_mult_real_q31.c ****   blkCnt = numSamples >> 2u;
  73:../Dave/Generated/CMSIS_DSP/ComplexMathFunctions/arm_cmplx_mult_real_q31.c **** 
  74:../Dave/Generated/CMSIS_DSP/ComplexMathFunctions/arm_cmplx_mult_real_q31.c ****   /* First part of the processing with loop unrolling.  Compute 4 outputs at a time.
  75:../Dave/Generated/CMSIS_DSP/ComplexMathFunctions/arm_cmplx_mult_real_q31.c ****    ** a second loop below computes the remaining 1 to 3 samples. */
  76:../Dave/Generated/CMSIS_DSP/ComplexMathFunctions/arm_cmplx_mult_real_q31.c ****   while (blkCnt > 0u)
  51              	 .loc 1 76 0
  52 000a 9B08     	 lsrs r3,r3,#2
  53              	.LVL1:
  60:../Dave/Generated/CMSIS_DSP/ComplexMathFunctions/arm_cmplx_mult_real_q31.c ****   q31_t inA1;                                    /* Temporary variable to store input value */
  54              	 .loc 1 60 0
  55 000c 8E46     	 mov lr,r1
  56 000e 1046     	 mov r0,r2
  57              	.LVL2:
  58 0010 0192     	 str r2,[sp,#4]
  59              	 .loc 1 76 0
  60 0012 1946     	 mov r1,r3
  61              	.LVL3:
  62 0014 0393     	 str r3,[sp,#12]
  63 0016 69D0     	 beq .L2
  64 0018 0346     	 mov r3,r0
  65 001a 0EF11007 	 add r7,lr,#16
  66 001e 0BF12002 	 add r2,fp,#32
  67              	.LVL4:
  68 0022 2033     	 adds r3,r3,#32
  69 0024 8A46     	 mov r10,r1
  70 0026 F446     	 mov ip,lr
  71              	.LVL5:
  72              	.L3:
  77:../Dave/Generated/CMSIS_DSP/ComplexMathFunctions/arm_cmplx_mult_real_q31.c ****   {
  78:../Dave/Generated/CMSIS_DSP/ComplexMathFunctions/arm_cmplx_mult_real_q31.c ****     /* C[2 * i] = A[2 * i] * B[i].            */
  79:../Dave/Generated/CMSIS_DSP/ComplexMathFunctions/arm_cmplx_mult_real_q31.c ****     /* C[2 * i + 1] = A[2 * i + 1] * B[i].        */
  80:../Dave/Generated/CMSIS_DSP/ComplexMathFunctions/arm_cmplx_mult_real_q31.c ****     /* read real input from complex input buffer */
  81:../Dave/Generated/CMSIS_DSP/ComplexMathFunctions/arm_cmplx_mult_real_q31.c ****     inA1 = *pSrcCmplx++;
  73              	 .loc 1 81 0
  74 0028 52F8206C 	 ldr r6,[r2,#-32]
  75              	.LVL6:
  82:../Dave/Generated/CMSIS_DSP/ComplexMathFunctions/arm_cmplx_mult_real_q31.c ****     inA2 = *pSrcCmplx++;
  83:../Dave/Generated/CMSIS_DSP/ComplexMathFunctions/arm_cmplx_mult_real_q31.c ****     /* read input from real input bufer */
  84:../Dave/Generated/CMSIS_DSP/ComplexMathFunctions/arm_cmplx_mult_real_q31.c ****     inB1 = *pSrcReal++;
  76              	 .loc 1 84 0
  77 002c 57F8100C 	 ldr r0,[r7,#-16]
  82:../Dave/Generated/CMSIS_DSP/ComplexMathFunctions/arm_cmplx_mult_real_q31.c ****     inA2 = *pSrcCmplx++;
  78              	 .loc 1 82 0
  79 0030 52F81C1C 	 ldr r1,[r2,#-28]
  80              	.LVL7:
  85:../Dave/Generated/CMSIS_DSP/ComplexMathFunctions/arm_cmplx_mult_real_q31.c ****     inB2 = *pSrcReal++;
  81              	 .loc 1 85 0
  82 0034 57F80C4C 	 ldr r4,[r7,#-12]
  83              	.LVL8:
  86:../Dave/Generated/CMSIS_DSP/ComplexMathFunctions/arm_cmplx_mult_real_q31.c ****     /* read imaginary input from complex input buffer */
  87:../Dave/Generated/CMSIS_DSP/ComplexMathFunctions/arm_cmplx_mult_real_q31.c ****     inA3 = *pSrcCmplx++;
  88:../Dave/Generated/CMSIS_DSP/ComplexMathFunctions/arm_cmplx_mult_real_q31.c ****     inA4 = *pSrcCmplx++;
  84              	 .loc 1 88 0
  85 0038 52F8145C 	 ldr r5,[r2,#-20]
  86              	.LVL9:
  89:../Dave/Generated/CMSIS_DSP/ComplexMathFunctions/arm_cmplx_mult_real_q31.c **** 
  90:../Dave/Generated/CMSIS_DSP/ComplexMathFunctions/arm_cmplx_mult_real_q31.c ****     /* multiply complex input with real input */
  91:../Dave/Generated/CMSIS_DSP/ComplexMathFunctions/arm_cmplx_mult_real_q31.c ****     out1 = ((q63_t) inA1 * inB1) >> 32;
  87              	 .loc 1 91 0
  88 003c 86FB0089 	 smull r8,r9,r6,r0
  92:../Dave/Generated/CMSIS_DSP/ComplexMathFunctions/arm_cmplx_mult_real_q31.c ****     out2 = ((q63_t) inA2 * inB1) >> 32;
  89              	 .loc 1 92 0
  90 0040 80FB0101 	 smull r0,r1,r0,r1
  91              	.LVL10:
  92              	.LBB2:
  93:../Dave/Generated/CMSIS_DSP/ComplexMathFunctions/arm_cmplx_mult_real_q31.c ****     out3 = ((q63_t) inA3 * inB2) >> 32;
  94:../Dave/Generated/CMSIS_DSP/ComplexMathFunctions/arm_cmplx_mult_real_q31.c ****     out4 = ((q63_t) inA4 * inB2) >> 32;
  95:../Dave/Generated/CMSIS_DSP/ComplexMathFunctions/arm_cmplx_mult_real_q31.c **** 
  96:../Dave/Generated/CMSIS_DSP/ComplexMathFunctions/arm_cmplx_mult_real_q31.c ****     /* sature the result */
  97:../Dave/Generated/CMSIS_DSP/ComplexMathFunctions/arm_cmplx_mult_real_q31.c ****     out1 = __SSAT(out1, 31);
  98:../Dave/Generated/CMSIS_DSP/ComplexMathFunctions/arm_cmplx_mult_real_q31.c ****     out2 = __SSAT(out2, 31);
  93              	 .loc 1 98 0
  94              	
  95 0044 01F31E06 	 ssat r6,#31,r1
  96              	
  97              	.LVL11:
  98              	 .thumb
  99              	.LBE2:
  93:../Dave/Generated/CMSIS_DSP/ComplexMathFunctions/arm_cmplx_mult_real_q31.c ****     out3 = ((q63_t) inA3 * inB2) >> 32;
 100              	 .loc 1 93 0
 101 0048 52F8181C 	 ldr r1,[r2,#-24]
 102              	.LVL12:
 103              	.LBB3:
  97:../Dave/Generated/CMSIS_DSP/ComplexMathFunctions/arm_cmplx_mult_real_q31.c ****     out2 = __SSAT(out2, 31);
 104              	 .loc 1 97 0
 105              	
 106 004c 09F31E08 	 ssat r8,#31,r9
 107              	
 108              	.LVL13:
 109              	 .thumb
 110              	.LBE3:
  93:../Dave/Generated/CMSIS_DSP/ComplexMathFunctions/arm_cmplx_mult_real_q31.c ****     out3 = ((q63_t) inA3 * inB2) >> 32;
 111              	 .loc 1 93 0
 112 0050 81FB0401 	 smull r0,r1,r1,r4
  99:../Dave/Generated/CMSIS_DSP/ComplexMathFunctions/arm_cmplx_mult_real_q31.c ****     out3 = __SSAT(out3, 31);
 100:../Dave/Generated/CMSIS_DSP/ComplexMathFunctions/arm_cmplx_mult_real_q31.c ****     out4 = __SSAT(out4, 31);
 101:../Dave/Generated/CMSIS_DSP/ComplexMathFunctions/arm_cmplx_mult_real_q31.c **** 
 102:../Dave/Generated/CMSIS_DSP/ComplexMathFunctions/arm_cmplx_mult_real_q31.c ****     /* get result in 1.31 format */
 103:../Dave/Generated/CMSIS_DSP/ComplexMathFunctions/arm_cmplx_mult_real_q31.c ****     out1 = out1 << 1;
 113              	 .loc 1 103 0
 114 0054 4FEA4808 	 lsl r8,r8,#1
 115              	.LVL14:
  94:../Dave/Generated/CMSIS_DSP/ComplexMathFunctions/arm_cmplx_mult_real_q31.c **** 
 116              	 .loc 1 94 0
 117 0058 84FB0545 	 smull r4,r5,r4,r5
 118              	.LVL15:
 104:../Dave/Generated/CMSIS_DSP/ComplexMathFunctions/arm_cmplx_mult_real_q31.c ****     out2 = out2 << 1;
 119              	 .loc 1 104 0
 120 005c 7600     	 lsls r6,r6,#1
 121              	.LVL16:
 122              	.LBB4:
  99:../Dave/Generated/CMSIS_DSP/ComplexMathFunctions/arm_cmplx_mult_real_q31.c ****     out3 = __SSAT(out3, 31);
 123              	 .loc 1 99 0
 124              	
 125 005e 01F31E00 	 ssat r0,#31,r1
 126              	
 127              	.LVL17:
 128              	 .thumb
 129              	.LBE4:
 130              	.LBB5:
 100:../Dave/Generated/CMSIS_DSP/ComplexMathFunctions/arm_cmplx_mult_real_q31.c **** 
 131              	 .loc 1 100 0
 132              	
 133 0062 05F31E01 	 ssat r1,#31,r5
 134              	
 135              	.LVL18:
 136              	 .thumb
 137              	.LBE5:
 105:../Dave/Generated/CMSIS_DSP/ComplexMathFunctions/arm_cmplx_mult_real_q31.c ****     out3 = out3 << 1;
 138              	 .loc 1 105 0
 139 0066 4000     	 lsls r0,r0,#1
 140              	.LVL19:
 106:../Dave/Generated/CMSIS_DSP/ComplexMathFunctions/arm_cmplx_mult_real_q31.c ****     out4 = out4 << 1;
 141              	 .loc 1 106 0
 142 0068 4900     	 lsls r1,r1,#1
 143              	.LVL20:
 107:../Dave/Generated/CMSIS_DSP/ComplexMathFunctions/arm_cmplx_mult_real_q31.c **** 
 108:../Dave/Generated/CMSIS_DSP/ComplexMathFunctions/arm_cmplx_mult_real_q31.c ****     /* store the result to destination buffer */
 109:../Dave/Generated/CMSIS_DSP/ComplexMathFunctions/arm_cmplx_mult_real_q31.c ****     *pCmplxDst++ = out1;
 144              	 .loc 1 109 0
 145 006a 43F8208C 	 str r8,[r3,#-32]
 146              	.LVL21:
 110:../Dave/Generated/CMSIS_DSP/ComplexMathFunctions/arm_cmplx_mult_real_q31.c ****     *pCmplxDst++ = out2;
 147              	 .loc 1 110 0
 148 006e 43F81C6C 	 str r6,[r3,#-28]
 149              	.LVL22:
 111:../Dave/Generated/CMSIS_DSP/ComplexMathFunctions/arm_cmplx_mult_real_q31.c ****     *pCmplxDst++ = out3;
 150              	 .loc 1 111 0
 151 0072 43F8180C 	 str r0,[r3,#-24]
 152              	.LVL23:
 112:../Dave/Generated/CMSIS_DSP/ComplexMathFunctions/arm_cmplx_mult_real_q31.c ****     *pCmplxDst++ = out4;
 153              	 .loc 1 112 0
 154 0076 43F8141C 	 str r1,[r3,#-20]
 155              	.LVL24:
 113:../Dave/Generated/CMSIS_DSP/ComplexMathFunctions/arm_cmplx_mult_real_q31.c **** 
 114:../Dave/Generated/CMSIS_DSP/ComplexMathFunctions/arm_cmplx_mult_real_q31.c ****     /* read real input from complex input buffer */
 115:../Dave/Generated/CMSIS_DSP/ComplexMathFunctions/arm_cmplx_mult_real_q31.c ****     inA1 = *pSrcCmplx++;
 156              	 .loc 1 115 0
 157 007a 52F8106C 	 ldr r6,[r2,#-16]
 158              	.LVL25:
 116:../Dave/Generated/CMSIS_DSP/ComplexMathFunctions/arm_cmplx_mult_real_q31.c ****     inA2 = *pSrcCmplx++;
 117:../Dave/Generated/CMSIS_DSP/ComplexMathFunctions/arm_cmplx_mult_real_q31.c ****     /* read input from real input bufer */
 118:../Dave/Generated/CMSIS_DSP/ComplexMathFunctions/arm_cmplx_mult_real_q31.c ****     inB1 = *pSrcReal++;
 159              	 .loc 1 118 0
 160 007e 57F8080C 	 ldr r0,[r7,#-8]
 161              	.LVL26:
 116:../Dave/Generated/CMSIS_DSP/ComplexMathFunctions/arm_cmplx_mult_real_q31.c ****     inA2 = *pSrcCmplx++;
 162              	 .loc 1 116 0
 163 0082 52F80C1C 	 ldr r1,[r2,#-12]
 164              	.LVL27:
 119:../Dave/Generated/CMSIS_DSP/ComplexMathFunctions/arm_cmplx_mult_real_q31.c ****     inB2 = *pSrcReal++;
 165              	 .loc 1 119 0
 166 0086 57F8044C 	 ldr r4,[r7,#-4]
 167              	.LVL28:
 120:../Dave/Generated/CMSIS_DSP/ComplexMathFunctions/arm_cmplx_mult_real_q31.c ****     /* read imaginary input from complex input buffer */
 121:../Dave/Generated/CMSIS_DSP/ComplexMathFunctions/arm_cmplx_mult_real_q31.c ****     inA3 = *pSrcCmplx++;
 122:../Dave/Generated/CMSIS_DSP/ComplexMathFunctions/arm_cmplx_mult_real_q31.c ****     inA4 = *pSrcCmplx++;
 168              	 .loc 1 122 0
 169 008a 52F8045C 	 ldr r5,[r2,#-4]
 170              	.LVL29:
 123:../Dave/Generated/CMSIS_DSP/ComplexMathFunctions/arm_cmplx_mult_real_q31.c **** 
 124:../Dave/Generated/CMSIS_DSP/ComplexMathFunctions/arm_cmplx_mult_real_q31.c ****     /* multiply complex input with real input */
 125:../Dave/Generated/CMSIS_DSP/ComplexMathFunctions/arm_cmplx_mult_real_q31.c ****     out1 = ((q63_t) inA1 * inB1) >> 32;
 171              	 .loc 1 125 0
 172 008e 86FB0089 	 smull r8,r9,r6,r0
 126:../Dave/Generated/CMSIS_DSP/ComplexMathFunctions/arm_cmplx_mult_real_q31.c ****     out2 = ((q63_t) inA2 * inB1) >> 32;
 173              	 .loc 1 126 0
 174 0092 80FB0101 	 smull r0,r1,r0,r1
 175              	.LVL30:
 176              	.LBB6:
 127:../Dave/Generated/CMSIS_DSP/ComplexMathFunctions/arm_cmplx_mult_real_q31.c ****     out3 = ((q63_t) inA3 * inB2) >> 32;
 128:../Dave/Generated/CMSIS_DSP/ComplexMathFunctions/arm_cmplx_mult_real_q31.c ****     out4 = ((q63_t) inA4 * inB2) >> 32;
 129:../Dave/Generated/CMSIS_DSP/ComplexMathFunctions/arm_cmplx_mult_real_q31.c **** 
 130:../Dave/Generated/CMSIS_DSP/ComplexMathFunctions/arm_cmplx_mult_real_q31.c ****     /* sature the result */
 131:../Dave/Generated/CMSIS_DSP/ComplexMathFunctions/arm_cmplx_mult_real_q31.c ****     out1 = __SSAT(out1, 31);
 132:../Dave/Generated/CMSIS_DSP/ComplexMathFunctions/arm_cmplx_mult_real_q31.c ****     out2 = __SSAT(out2, 31);
 177              	 .loc 1 132 0
 178              	
 179 0096 01F31E06 	 ssat r6,#31,r1
 180              	
 181              	.LVL31:
 182              	 .thumb
 183              	.LBE6:
 127:../Dave/Generated/CMSIS_DSP/ComplexMathFunctions/arm_cmplx_mult_real_q31.c ****     out3 = ((q63_t) inA3 * inB2) >> 32;
 184              	 .loc 1 127 0
 185 009a 52F8081C 	 ldr r1,[r2,#-8]
 186              	.LVL32:
 187              	.LBB7:
 131:../Dave/Generated/CMSIS_DSP/ComplexMathFunctions/arm_cmplx_mult_real_q31.c ****     out2 = __SSAT(out2, 31);
 188              	 .loc 1 131 0
 189              	
 190 009e 09F31E08 	 ssat r8,#31,r9
 191              	
 192              	.LVL33:
 193              	 .thumb
 194              	.LBE7:
 127:../Dave/Generated/CMSIS_DSP/ComplexMathFunctions/arm_cmplx_mult_real_q31.c ****     out3 = ((q63_t) inA3 * inB2) >> 32;
 195              	 .loc 1 127 0
 196 00a2 81FB0401 	 smull r0,r1,r1,r4
 133:../Dave/Generated/CMSIS_DSP/ComplexMathFunctions/arm_cmplx_mult_real_q31.c ****     out3 = __SSAT(out3, 31);
 134:../Dave/Generated/CMSIS_DSP/ComplexMathFunctions/arm_cmplx_mult_real_q31.c ****     out4 = __SSAT(out4, 31);
 135:../Dave/Generated/CMSIS_DSP/ComplexMathFunctions/arm_cmplx_mult_real_q31.c **** 
 136:../Dave/Generated/CMSIS_DSP/ComplexMathFunctions/arm_cmplx_mult_real_q31.c ****     /* get result in 1.31 format */
 137:../Dave/Generated/CMSIS_DSP/ComplexMathFunctions/arm_cmplx_mult_real_q31.c ****     out1 = out1 << 1;
 197              	 .loc 1 137 0
 198 00a6 4FEA4808 	 lsl r8,r8,#1
 199              	.LVL34:
 200              	.LBB8:
 133:../Dave/Generated/CMSIS_DSP/ComplexMathFunctions/arm_cmplx_mult_real_q31.c ****     out3 = __SSAT(out3, 31);
 201              	 .loc 1 133 0
 202              	
 203 00aa 01F31E00 	 ssat r0,#31,r1
 204              	
 205              	.LVL35:
 206              	 .thumb
 207              	.LBE8:
 138:../Dave/Generated/CMSIS_DSP/ComplexMathFunctions/arm_cmplx_mult_real_q31.c ****     out2 = out2 << 1;
 208              	 .loc 1 138 0
 209 00ae 7600     	 lsls r6,r6,#1
 210              	.LVL36:
 128:../Dave/Generated/CMSIS_DSP/ComplexMathFunctions/arm_cmplx_mult_real_q31.c **** 
 211              	 .loc 1 128 0
 212 00b0 84FB0545 	 smull r4,r5,r4,r5
 213              	.LVL37:
 139:../Dave/Generated/CMSIS_DSP/ComplexMathFunctions/arm_cmplx_mult_real_q31.c ****     out3 = out3 << 1;
 214              	 .loc 1 139 0
 215 00b4 4000     	 lsls r0,r0,#1
 216              	.LVL38:
 217              	.LBB9:
 134:../Dave/Generated/CMSIS_DSP/ComplexMathFunctions/arm_cmplx_mult_real_q31.c **** 
 218              	 .loc 1 134 0
 219              	
 220 00b6 05F31E01 	 ssat r1,#31,r5
 221              	
 222              	.LVL39:
 223              	 .thumb
 224              	.LBE9:
  76:../Dave/Generated/CMSIS_DSP/ComplexMathFunctions/arm_cmplx_mult_real_q31.c ****   {
 225              	 .loc 1 76 0
 226 00ba BAF1010A 	 subs r10,r10,#1
 227              	.LVL40:
 140:../Dave/Generated/CMSIS_DSP/ComplexMathFunctions/arm_cmplx_mult_real_q31.c ****     out4 = out4 << 1;
 228              	 .loc 1 140 0
 229 00be 4FEA4101 	 lsl r1,r1,#1
 230              	.LVL41:
 141:../Dave/Generated/CMSIS_DSP/ComplexMathFunctions/arm_cmplx_mult_real_q31.c **** 
 142:../Dave/Generated/CMSIS_DSP/ComplexMathFunctions/arm_cmplx_mult_real_q31.c ****     /* store the result to destination buffer */
 143:../Dave/Generated/CMSIS_DSP/ComplexMathFunctions/arm_cmplx_mult_real_q31.c ****     *pCmplxDst++ = out1;
 231              	 .loc 1 143 0
 232 00c2 43F8108C 	 str r8,[r3,#-16]
 233              	.LVL42:
 144:../Dave/Generated/CMSIS_DSP/ComplexMathFunctions/arm_cmplx_mult_real_q31.c ****     *pCmplxDst++ = out2;
 234              	 .loc 1 144 0
 235 00c6 43F80C6C 	 str r6,[r3,#-12]
 236              	.LVL43:
 145:../Dave/Generated/CMSIS_DSP/ComplexMathFunctions/arm_cmplx_mult_real_q31.c ****     *pCmplxDst++ = out3;
 146:../Dave/Generated/CMSIS_DSP/ComplexMathFunctions/arm_cmplx_mult_real_q31.c ****     *pCmplxDst++ = out4;
 237              	 .loc 1 146 0
 238 00ca 03E90300 	 stmdb r3,{r0,r1}
 239 00ce 07F11007 	 add r7,r7,#16
 240              	.LVL44:
 241 00d2 02F12002 	 add r2,r2,#32
 242              	.LVL45:
 243 00d6 03F12003 	 add r3,r3,#32
  76:../Dave/Generated/CMSIS_DSP/ComplexMathFunctions/arm_cmplx_mult_real_q31.c ****   {
 244              	 .loc 1 76 0
 245 00da A5D1     	 bne .L3
 246 00dc 039A     	 ldr r2,[sp,#12]
 247              	.LVL46:
 248 00de 5301     	 lsls r3,r2,#5
 249 00e0 0CEB021E 	 add lr,ip,r2,lsl#4
 250 00e4 019A     	 ldr r2,[sp,#4]
 251 00e6 1A44     	 add r2,r2,r3
 252 00e8 9B44     	 add fp,fp,r3
 253 00ea 0192     	 str r2,[sp,#4]
 254              	.LVL47:
 255              	.L2:
 147:../Dave/Generated/CMSIS_DSP/ComplexMathFunctions/arm_cmplx_mult_real_q31.c **** 
 148:../Dave/Generated/CMSIS_DSP/ComplexMathFunctions/arm_cmplx_mult_real_q31.c ****     /* Decrement the numSamples loop counter */
 149:../Dave/Generated/CMSIS_DSP/ComplexMathFunctions/arm_cmplx_mult_real_q31.c ****     blkCnt--;
 150:../Dave/Generated/CMSIS_DSP/ComplexMathFunctions/arm_cmplx_mult_real_q31.c ****   }
 151:../Dave/Generated/CMSIS_DSP/ComplexMathFunctions/arm_cmplx_mult_real_q31.c **** 
 152:../Dave/Generated/CMSIS_DSP/ComplexMathFunctions/arm_cmplx_mult_real_q31.c ****   /* If the numSamples is not a multiple of 4, compute any remaining output samples here.
 153:../Dave/Generated/CMSIS_DSP/ComplexMathFunctions/arm_cmplx_mult_real_q31.c ****    ** No loop unrolling is used. */
 154:../Dave/Generated/CMSIS_DSP/ComplexMathFunctions/arm_cmplx_mult_real_q31.c ****   blkCnt = numSamples % 0x4u;
 155:../Dave/Generated/CMSIS_DSP/ComplexMathFunctions/arm_cmplx_mult_real_q31.c **** 
 156:../Dave/Generated/CMSIS_DSP/ComplexMathFunctions/arm_cmplx_mult_real_q31.c ****   while (blkCnt > 0u)
 256              	 .loc 1 156 0
 257 00ec 029B     	 ldr r3,[sp,#8]
 258 00ee 13F00303 	 ands r3,r3,#3
 259              	.LVL48:
 260 00f2 1DD0     	 beq .L1
 261 00f4 019A     	 ldr r2,[sp,#4]
 262              	.LVL49:
 263 00f6 0BF1080B 	 add fp,fp,#8
 264              	.LVL50:
 265 00fa 0832     	 adds r2,r2,#8
 266              	.LVL51:
 267              	.L5:
 157:../Dave/Generated/CMSIS_DSP/ComplexMathFunctions/arm_cmplx_mult_real_q31.c ****   {
 158:../Dave/Generated/CMSIS_DSP/ComplexMathFunctions/arm_cmplx_mult_real_q31.c ****     /* C[2 * i] = A[2 * i] * B[i].            */
 159:../Dave/Generated/CMSIS_DSP/ComplexMathFunctions/arm_cmplx_mult_real_q31.c ****     /* C[2 * i + 1] = A[2 * i + 1] * B[i].        */
 160:../Dave/Generated/CMSIS_DSP/ComplexMathFunctions/arm_cmplx_mult_real_q31.c ****     /* read real input from complex input buffer */
 161:../Dave/Generated/CMSIS_DSP/ComplexMathFunctions/arm_cmplx_mult_real_q31.c ****     inA1 = *pSrcCmplx++;
 268              	 .loc 1 161 0
 269 00fc 5BF8084C 	 ldr r4,[fp,#-8]
 270              	.LVL52:
 162:../Dave/Generated/CMSIS_DSP/ComplexMathFunctions/arm_cmplx_mult_real_q31.c ****     inA2 = *pSrcCmplx++;
 163:../Dave/Generated/CMSIS_DSP/ComplexMathFunctions/arm_cmplx_mult_real_q31.c ****     /* read input from real input bufer */
 164:../Dave/Generated/CMSIS_DSP/ComplexMathFunctions/arm_cmplx_mult_real_q31.c ****     inB1 = *pSrcReal++;
 271              	 .loc 1 164 0
 272 0100 5EF8041B 	 ldr r1,[lr],#4
 273              	.LVL53:
 162:../Dave/Generated/CMSIS_DSP/ComplexMathFunctions/arm_cmplx_mult_real_q31.c ****     inA2 = *pSrcCmplx++;
 274              	 .loc 1 162 0
 275 0104 5BF8040C 	 ldr r0,[fp,#-4]
 276              	.LVL54:
 165:../Dave/Generated/CMSIS_DSP/ComplexMathFunctions/arm_cmplx_mult_real_q31.c **** 
 166:../Dave/Generated/CMSIS_DSP/ComplexMathFunctions/arm_cmplx_mult_real_q31.c ****     /* multiply complex input with real input */
 167:../Dave/Generated/CMSIS_DSP/ComplexMathFunctions/arm_cmplx_mult_real_q31.c ****     out1 = ((q63_t) inA1 * inB1) >> 32;
 277              	 .loc 1 167 0
 278 0108 84FB0145 	 smull r4,r5,r4,r1
 279              	.LVL55:
 156:../Dave/Generated/CMSIS_DSP/ComplexMathFunctions/arm_cmplx_mult_real_q31.c ****   {
 280              	 .loc 1 156 0
 281 010c 013B     	 subs r3,r3,#1
 282              	.LVL56:
 168:../Dave/Generated/CMSIS_DSP/ComplexMathFunctions/arm_cmplx_mult_real_q31.c ****     out2 = ((q63_t) inA2 * inB1) >> 32;
 283              	 .loc 1 168 0
 284 010e 81FB0001 	 smull r0,r1,r1,r0
 285              	.LVL57:
 286              	.LBB10:
 169:../Dave/Generated/CMSIS_DSP/ComplexMathFunctions/arm_cmplx_mult_real_q31.c **** 
 170:../Dave/Generated/CMSIS_DSP/ComplexMathFunctions/arm_cmplx_mult_real_q31.c ****     /* sature the result */
 171:../Dave/Generated/CMSIS_DSP/ComplexMathFunctions/arm_cmplx_mult_real_q31.c ****     out1 = __SSAT(out1, 31);
 287              	 .loc 1 171 0
 288              	
 289 0112 05F31E04 	 ssat r4,#31,r5
 290              	
 291              	.LVL58:
 292              	 .thumb
 293              	.LBE10:
 294              	.LBB11:
 172:../Dave/Generated/CMSIS_DSP/ComplexMathFunctions/arm_cmplx_mult_real_q31.c ****     out2 = __SSAT(out2, 31);
 295              	 .loc 1 172 0
 296              	
 297 0116 01F31E01 	 ssat r1,#31,r1
 298              	
 299              	.LVL59:
 300              	 .thumb
 301              	.LBE11:
 173:../Dave/Generated/CMSIS_DSP/ComplexMathFunctions/arm_cmplx_mult_real_q31.c **** 
 174:../Dave/Generated/CMSIS_DSP/ComplexMathFunctions/arm_cmplx_mult_real_q31.c ****     /* get result in 1.31 format */
 175:../Dave/Generated/CMSIS_DSP/ComplexMathFunctions/arm_cmplx_mult_real_q31.c ****     out1 = out1 << 1;
 302              	 .loc 1 175 0
 303 011a 4FEA4400 	 lsl r0,r4,#1
 304              	.LVL60:
 176:../Dave/Generated/CMSIS_DSP/ComplexMathFunctions/arm_cmplx_mult_real_q31.c ****     out2 = out2 << 1;
 305              	 .loc 1 176 0
 306 011e 4FEA4101 	 lsl r1,r1,#1
 307              	.LVL61:
 177:../Dave/Generated/CMSIS_DSP/ComplexMathFunctions/arm_cmplx_mult_real_q31.c **** 
 178:../Dave/Generated/CMSIS_DSP/ComplexMathFunctions/arm_cmplx_mult_real_q31.c ****     /* store the result to destination buffer */
 179:../Dave/Generated/CMSIS_DSP/ComplexMathFunctions/arm_cmplx_mult_real_q31.c ****     *pCmplxDst++ = out1;
 180:../Dave/Generated/CMSIS_DSP/ComplexMathFunctions/arm_cmplx_mult_real_q31.c ****     *pCmplxDst++ = out2;
 308              	 .loc 1 180 0
 309 0122 02E90300 	 stmdb r2,{r0,r1}
 310              	.LVL62:
 311 0126 0BF1080B 	 add fp,fp,#8
 312              	.LVL63:
 313 012a 02F10802 	 add r2,r2,#8
 156:../Dave/Generated/CMSIS_DSP/ComplexMathFunctions/arm_cmplx_mult_real_q31.c ****   {
 314              	 .loc 1 156 0
 315 012e E5D1     	 bne .L5
 316              	.LVL64:
 317              	.L1:
 181:../Dave/Generated/CMSIS_DSP/ComplexMathFunctions/arm_cmplx_mult_real_q31.c **** 
 182:../Dave/Generated/CMSIS_DSP/ComplexMathFunctions/arm_cmplx_mult_real_q31.c ****     /* Decrement the numSamples loop counter */
 183:../Dave/Generated/CMSIS_DSP/ComplexMathFunctions/arm_cmplx_mult_real_q31.c ****     blkCnt--;
 184:../Dave/Generated/CMSIS_DSP/ComplexMathFunctions/arm_cmplx_mult_real_q31.c ****   }
 185:../Dave/Generated/CMSIS_DSP/ComplexMathFunctions/arm_cmplx_mult_real_q31.c **** 
 186:../Dave/Generated/CMSIS_DSP/ComplexMathFunctions/arm_cmplx_mult_real_q31.c **** #else
 187:../Dave/Generated/CMSIS_DSP/ComplexMathFunctions/arm_cmplx_mult_real_q31.c **** 
 188:../Dave/Generated/CMSIS_DSP/ComplexMathFunctions/arm_cmplx_mult_real_q31.c ****   /* Run the below code for Cortex-M0 */
 189:../Dave/Generated/CMSIS_DSP/ComplexMathFunctions/arm_cmplx_mult_real_q31.c **** 
 190:../Dave/Generated/CMSIS_DSP/ComplexMathFunctions/arm_cmplx_mult_real_q31.c ****   while (numSamples > 0u)
 191:../Dave/Generated/CMSIS_DSP/ComplexMathFunctions/arm_cmplx_mult_real_q31.c ****   {
 192:../Dave/Generated/CMSIS_DSP/ComplexMathFunctions/arm_cmplx_mult_real_q31.c ****     /* realOut = realA * realB.            */
 193:../Dave/Generated/CMSIS_DSP/ComplexMathFunctions/arm_cmplx_mult_real_q31.c ****     /* imagReal = imagA * realB.               */
 194:../Dave/Generated/CMSIS_DSP/ComplexMathFunctions/arm_cmplx_mult_real_q31.c ****     inA1 = *pSrcReal++;
 195:../Dave/Generated/CMSIS_DSP/ComplexMathFunctions/arm_cmplx_mult_real_q31.c ****     /* store the result in the destination buffer. */
 196:../Dave/Generated/CMSIS_DSP/ComplexMathFunctions/arm_cmplx_mult_real_q31.c ****     *pCmplxDst++ =
 197:../Dave/Generated/CMSIS_DSP/ComplexMathFunctions/arm_cmplx_mult_real_q31.c ****       (q31_t) clip_q63_to_q31(((q63_t) * pSrcCmplx++ * inA1) >> 31);
 198:../Dave/Generated/CMSIS_DSP/ComplexMathFunctions/arm_cmplx_mult_real_q31.c ****     *pCmplxDst++ =
 199:../Dave/Generated/CMSIS_DSP/ComplexMathFunctions/arm_cmplx_mult_real_q31.c ****       (q31_t) clip_q63_to_q31(((q63_t) * pSrcCmplx++ * inA1) >> 31);
 200:../Dave/Generated/CMSIS_DSP/ComplexMathFunctions/arm_cmplx_mult_real_q31.c **** 
 201:../Dave/Generated/CMSIS_DSP/ComplexMathFunctions/arm_cmplx_mult_real_q31.c ****     /* Decrement the numSamples loop counter */
 202:../Dave/Generated/CMSIS_DSP/ComplexMathFunctions/arm_cmplx_mult_real_q31.c ****     numSamples--;
 203:../Dave/Generated/CMSIS_DSP/ComplexMathFunctions/arm_cmplx_mult_real_q31.c ****   }
 204:../Dave/Generated/CMSIS_DSP/ComplexMathFunctions/arm_cmplx_mult_real_q31.c **** 
 205:../Dave/Generated/CMSIS_DSP/ComplexMathFunctions/arm_cmplx_mult_real_q31.c **** #endif /* #if defined (ARM_MATH_DSP) */
 206:../Dave/Generated/CMSIS_DSP/ComplexMathFunctions/arm_cmplx_mult_real_q31.c **** 
 207:../Dave/Generated/CMSIS_DSP/ComplexMathFunctions/arm_cmplx_mult_real_q31.c **** }
 318              	 .loc 1 207 0
 319 0130 05B0     	 add sp,sp,#20
 320              	.LCFI2:
 321              	 .cfi_def_cfa_offset 36
 322              	 
 323 0132 BDE8F08F 	 pop {r4,r5,r6,r7,r8,r9,r10,fp,pc}
 324              	 .cfi_endproc
 325              	.LFE135:
 327 0136 00BF     	 .text
 328              	.Letext0:
 329              	 .file 2 "c:\\infineon\\tools\\dave ide\\4.5.0.202105191637\\eclipse\\arm-gcc-49\\arm-none-eabi\\include\\machine\\_default_types.h"
 330              	 .file 3 "c:\\infineon\\tools\\dave ide\\4.5.0.202105191637\\eclipse\\arm-gcc-49\\arm-none-eabi\\include\\stdint.h"
 331              	 .file 4 "C:/Users/Utente/Desktop/Tesi/Firmware_Software/DAVE project/S2GLP_Pulsed_Doppler/Dave/Generated/CMSIS_DSP/arm_math.h"
DEFINED SYMBOLS
                            *ABS*:00000000 arm_cmplx_mult_real_q31.c
    {standard input}:20     .text.arm_cmplx_mult_real_q31:00000000 $t
    {standard input}:25     .text.arm_cmplx_mult_real_q31:00000000 arm_cmplx_mult_real_q31
                     .debug_frame:00000010 $d

NO UNDEFINED SYMBOLS
