   1              	 .syntax unified
   2              	 .cpu cortex-m4
   3              	 .eabi_attribute 27,3
   4              	 .fpu fpv4-sp-d16
   5              	 .eabi_attribute 20,1
   6              	 .eabi_attribute 21,1
   7              	 .eabi_attribute 23,3
   8              	 .eabi_attribute 24,1
   9              	 .eabi_attribute 25,1
  10              	 .eabi_attribute 26,1
  11              	 .eabi_attribute 30,2
  12              	 .eabi_attribute 34,1
  13              	 .eabi_attribute 18,4
  14              	 .thumb
  15              	 .file "interrupt_conf.c"
  16              	 .text
  17              	.Ltext0:
  18              	 .cfi_sections .debug_frame
  19              	 .global INTERRUPT_ERROR_TOGGLE
  20              	 .global INTERRUPT_BB_PRE_TRIGGER
  21              	 .global INTERRUPT_BGT_VCC_ON
  22              	 .global INTERRUPT_PTAT_S_H_DELAY
  23              	 .global INTERRUPT_PTAT_TIMER
  24              	 .global INTERRUPT_FRAME
  25              	 .section .rodata.INTERRUPT_ERROR_TOGGLE,"a",%progbits
  26              	 .align 2
  29              	INTERRUPT_ERROR_TOGGLE:
  30 0000 3B       	 .byte 59
  31 0001 3F       	 .byte 63
  32 0002 00       	 .byte 0
  33 0003 01       	 .byte 1
  34              	 .section .rodata.INTERRUPT_BB_PRE_TRIGGER,"a",%progbits
  35              	 .align 2
  38              	INTERRUPT_BB_PRE_TRIGGER:
  39 0000 3A       	 .byte 58
  40 0001 3F       	 .byte 63
  41 0002 00       	 .byte 0
  42 0003 01       	 .byte 1
  43              	 .section .rodata.INTERRUPT_PTAT_TIMER,"a",%progbits
  44              	 .align 2
  47              	INTERRUPT_PTAT_TIMER:
  48 0000 39       	 .byte 57
  49 0001 3F       	 .byte 63
  50 0002 00       	 .byte 0
  51 0003 01       	 .byte 1
  52              	 .section .rodata.INTERRUPT_FRAME,"a",%progbits
  53              	 .align 2
  56              	INTERRUPT_FRAME:
  57 0000 31       	 .byte 49
  58 0001 3D       	 .byte 61
  59 0002 00       	 .byte 0
  60 0003 01       	 .byte 1
  61              	 .section .rodata.INTERRUPT_PTAT_S_H_DELAY,"a",%progbits
  62              	 .align 2
  65              	INTERRUPT_PTAT_S_H_DELAY:
  66 0000 38       	 .byte 56
  67 0001 3F       	 .byte 63
  68 0002 00       	 .byte 0
  69 0003 01       	 .byte 1
  70              	 .section .rodata.INTERRUPT_BGT_VCC_ON,"a",%progbits
  71              	 .align 2
  74              	INTERRUPT_BGT_VCC_ON:
  75 0000 3F       	 .byte 63
  76 0001 3F       	 .byte 63
  77 0002 00       	 .byte 0
  78 0003 01       	 .byte 1
  79              	 .text
  80              	.Letext0:
  81              	 .file 1 "c:\\infineon\\tools\\dave ide\\4.5.0.202105191637\\eclipse\\arm-gcc-49\\arm-none-eabi\\include\\machine\\_default_types.h"
  82              	 .file 2 "c:\\infineon\\tools\\dave ide\\4.5.0.202105191637\\eclipse\\arm-gcc-49\\arm-none-eabi\\include\\stdint.h"
  83              	 .file 3 "C:/Users/Utente/Desktop/Tesi/Firmware_Software/DAVE project/S2GLP_Pulsed_Doppler/Libraries/CMSIS/Infineon/XMC4700_series/Include/XMC4700.h"
  84              	 .file 4 "../Dave/Generated/INTERRUPT/interrupt.h"
  85              	 .file 5 "C:/Users/Utente/Desktop/Tesi/Firmware_Software/DAVE project/S2GLP_Pulsed_Doppler/Libraries/CMSIS/Include/core_cm4.h"
  86              	 .file 6 "../Dave/Generated/INTERRUPT/interrupt_conf.c"
DEFINED SYMBOLS
                            *ABS*:00000000 interrupt_conf.c
    {standard input}:29     .rodata.INTERRUPT_ERROR_TOGGLE:00000000 INTERRUPT_ERROR_TOGGLE
    {standard input}:38     .rodata.INTERRUPT_BB_PRE_TRIGGER:00000000 INTERRUPT_BB_PRE_TRIGGER
    {standard input}:74     .rodata.INTERRUPT_BGT_VCC_ON:00000000 INTERRUPT_BGT_VCC_ON
    {standard input}:65     .rodata.INTERRUPT_PTAT_S_H_DELAY:00000000 INTERRUPT_PTAT_S_H_DELAY
    {standard input}:47     .rodata.INTERRUPT_PTAT_TIMER:00000000 INTERRUPT_PTAT_TIMER
    {standard input}:56     .rodata.INTERRUPT_FRAME:00000000 INTERRUPT_FRAME
    {standard input}:26     .rodata.INTERRUPT_ERROR_TOGGLE:00000000 $d
    {standard input}:35     .rodata.INTERRUPT_BB_PRE_TRIGGER:00000000 $d
    {standard input}:44     .rodata.INTERRUPT_PTAT_TIMER:00000000 $d
    {standard input}:53     .rodata.INTERRUPT_FRAME:00000000 $d
    {standard input}:62     .rodata.INTERRUPT_PTAT_S_H_DELAY:00000000 $d
    {standard input}:71     .rodata.INTERRUPT_BGT_VCC_ON:00000000 $d

NO UNDEFINED SYMBOLS
