   1              	 .syntax unified
   2              	 .cpu cortex-m4
   3              	 .eabi_attribute 27,3
   4              	 .fpu fpv4-sp-d16
   5              	 .eabi_attribute 20,1
   6              	 .eabi_attribute 21,1
   7              	 .eabi_attribute 23,3
   8              	 .eabi_attribute 24,1
   9              	 .eabi_attribute 25,1
  10              	 .eabi_attribute 26,1
  11              	 .eabi_attribute 30,2
  12              	 .eabi_attribute 34,1
  13              	 .eabi_attribute 18,4
  14              	 .thumb
  15              	 .file "arm_pid_reset_q31.c"
  16              	 .text
  17              	.Ltext0:
  18              	 .cfi_sections .debug_frame
  19              	 .section .text.arm_pid_reset_q31,"ax",%progbits
  20              	 .align 2
  21              	 .global arm_pid_reset_q31
  22              	 .thumb
  23              	 .thumb_func
  25              	arm_pid_reset_q31:
  26              	.LFB135:
  27              	 .file 1 "../Dave/Generated/CMSIS_DSP/ControllerFunctions/arm_pid_reset_q31.c"
   1:../Dave/Generated/CMSIS_DSP/ControllerFunctions/arm_pid_reset_q31.c **** /* ----------------------------------------------------------------------
   2:../Dave/Generated/CMSIS_DSP/ControllerFunctions/arm_pid_reset_q31.c ****  * Project:      CMSIS DSP Library
   3:../Dave/Generated/CMSIS_DSP/ControllerFunctions/arm_pid_reset_q31.c ****  * Title:        arm_pid_reset_q31.c
   4:../Dave/Generated/CMSIS_DSP/ControllerFunctions/arm_pid_reset_q31.c ****  * Description:  Q31 PID Control reset function
   5:../Dave/Generated/CMSIS_DSP/ControllerFunctions/arm_pid_reset_q31.c ****  *
   6:../Dave/Generated/CMSIS_DSP/ControllerFunctions/arm_pid_reset_q31.c ****  * $Date:        27. January 2017
   7:../Dave/Generated/CMSIS_DSP/ControllerFunctions/arm_pid_reset_q31.c ****  * $Revision:    V.1.5.1
   8:../Dave/Generated/CMSIS_DSP/ControllerFunctions/arm_pid_reset_q31.c ****  *
   9:../Dave/Generated/CMSIS_DSP/ControllerFunctions/arm_pid_reset_q31.c ****  * Target Processor: Cortex-M cores
  10:../Dave/Generated/CMSIS_DSP/ControllerFunctions/arm_pid_reset_q31.c ****  * -------------------------------------------------------------------- */
  11:../Dave/Generated/CMSIS_DSP/ControllerFunctions/arm_pid_reset_q31.c **** /*
  12:../Dave/Generated/CMSIS_DSP/ControllerFunctions/arm_pid_reset_q31.c ****  * Copyright (C) 2010-2017 ARM Limited or its affiliates. All rights reserved.
  13:../Dave/Generated/CMSIS_DSP/ControllerFunctions/arm_pid_reset_q31.c ****  *
  14:../Dave/Generated/CMSIS_DSP/ControllerFunctions/arm_pid_reset_q31.c ****  * SPDX-License-Identifier: Apache-2.0
  15:../Dave/Generated/CMSIS_DSP/ControllerFunctions/arm_pid_reset_q31.c ****  *
  16:../Dave/Generated/CMSIS_DSP/ControllerFunctions/arm_pid_reset_q31.c ****  * Licensed under the Apache License, Version 2.0 (the License); you may
  17:../Dave/Generated/CMSIS_DSP/ControllerFunctions/arm_pid_reset_q31.c ****  * not use this file except in compliance with the License.
  18:../Dave/Generated/CMSIS_DSP/ControllerFunctions/arm_pid_reset_q31.c ****  * You may obtain a copy of the License at
  19:../Dave/Generated/CMSIS_DSP/ControllerFunctions/arm_pid_reset_q31.c ****  *
  20:../Dave/Generated/CMSIS_DSP/ControllerFunctions/arm_pid_reset_q31.c ****  * www.apache.org/licenses/LICENSE-2.0
  21:../Dave/Generated/CMSIS_DSP/ControllerFunctions/arm_pid_reset_q31.c ****  *
  22:../Dave/Generated/CMSIS_DSP/ControllerFunctions/arm_pid_reset_q31.c ****  * Unless required by applicable law or agreed to in writing, software
  23:../Dave/Generated/CMSIS_DSP/ControllerFunctions/arm_pid_reset_q31.c ****  * distributed under the License is distributed on an AS IS BASIS, WITHOUT
  24:../Dave/Generated/CMSIS_DSP/ControllerFunctions/arm_pid_reset_q31.c ****  * WARRANTIES OR CONDITIONS OF ANY KIND, either express or implied.
  25:../Dave/Generated/CMSIS_DSP/ControllerFunctions/arm_pid_reset_q31.c ****  * See the License for the specific language governing permissions and
  26:../Dave/Generated/CMSIS_DSP/ControllerFunctions/arm_pid_reset_q31.c ****  * limitations under the License.
  27:../Dave/Generated/CMSIS_DSP/ControllerFunctions/arm_pid_reset_q31.c ****  */
  28:../Dave/Generated/CMSIS_DSP/ControllerFunctions/arm_pid_reset_q31.c **** 
  29:../Dave/Generated/CMSIS_DSP/ControllerFunctions/arm_pid_reset_q31.c **** #include "CMSIS_DSP/cmsis_dsp.h"
  30:../Dave/Generated/CMSIS_DSP/ControllerFunctions/arm_pid_reset_q31.c **** 
  31:../Dave/Generated/CMSIS_DSP/ControllerFunctions/arm_pid_reset_q31.c ****  /**
  32:../Dave/Generated/CMSIS_DSP/ControllerFunctions/arm_pid_reset_q31.c ****  * @addtogroup PID
  33:../Dave/Generated/CMSIS_DSP/ControllerFunctions/arm_pid_reset_q31.c ****  * @{
  34:../Dave/Generated/CMSIS_DSP/ControllerFunctions/arm_pid_reset_q31.c ****  */
  35:../Dave/Generated/CMSIS_DSP/ControllerFunctions/arm_pid_reset_q31.c **** 
  36:../Dave/Generated/CMSIS_DSP/ControllerFunctions/arm_pid_reset_q31.c **** /**
  37:../Dave/Generated/CMSIS_DSP/ControllerFunctions/arm_pid_reset_q31.c **** * @brief  Reset function for the Q31 PID Control.
  38:../Dave/Generated/CMSIS_DSP/ControllerFunctions/arm_pid_reset_q31.c **** * @param[in] *S	Instance pointer of PID control data structure.
  39:../Dave/Generated/CMSIS_DSP/ControllerFunctions/arm_pid_reset_q31.c **** * @return none.
  40:../Dave/Generated/CMSIS_DSP/ControllerFunctions/arm_pid_reset_q31.c **** * \par Description:
  41:../Dave/Generated/CMSIS_DSP/ControllerFunctions/arm_pid_reset_q31.c **** * The function resets the state buffer to zeros.
  42:../Dave/Generated/CMSIS_DSP/ControllerFunctions/arm_pid_reset_q31.c **** */
  43:../Dave/Generated/CMSIS_DSP/ControllerFunctions/arm_pid_reset_q31.c **** void arm_pid_reset_q31(
  44:../Dave/Generated/CMSIS_DSP/ControllerFunctions/arm_pid_reset_q31.c ****   arm_pid_instance_q31 * S)
  45:../Dave/Generated/CMSIS_DSP/ControllerFunctions/arm_pid_reset_q31.c **** {
  28              	 .loc 1 45 0
  29              	 .cfi_startproc
  30              	 
  31              	 
  32              	 
  33              	.LVL0:
  46:../Dave/Generated/CMSIS_DSP/ControllerFunctions/arm_pid_reset_q31.c **** 
  47:../Dave/Generated/CMSIS_DSP/ControllerFunctions/arm_pid_reset_q31.c ****   /* Clear the state buffer.  The size will be always 3 samples */
  48:../Dave/Generated/CMSIS_DSP/ControllerFunctions/arm_pid_reset_q31.c ****   memset(S->state, 0, 3u * sizeof(q31_t));
  34              	 .loc 1 48 0
  35 0000 0023     	 movs r3,#0
  36 0002 0373     	 strb r3,[r0,#12]
  37 0004 4373     	 strb r3,[r0,#13]
  38 0006 8373     	 strb r3,[r0,#14]
  39 0008 C373     	 strb r3,[r0,#15]
  40 000a 0374     	 strb r3,[r0,#16]
  41 000c 4374     	 strb r3,[r0,#17]
  42 000e 8374     	 strb r3,[r0,#18]
  43 0010 C374     	 strb r3,[r0,#19]
  44 0012 0375     	 strb r3,[r0,#20]
  45 0014 4375     	 strb r3,[r0,#21]
  46 0016 8375     	 strb r3,[r0,#22]
  47 0018 C375     	 strb r3,[r0,#23]
  48 001a 7047     	 bx lr
  49              	 .cfi_endproc
  50              	.LFE135:
  52              	 .text
  53              	.Letext0:
  54              	 .file 2 "c:\\infineon\\tools\\dave ide\\4.5.0.202105191637\\eclipse\\arm-gcc-49\\arm-none-eabi\\include\\machine\\_default_types.h"
  55              	 .file 3 "c:\\infineon\\tools\\dave ide\\4.5.0.202105191637\\eclipse\\arm-gcc-49\\arm-none-eabi\\include\\stdint.h"
  56              	 .file 4 "C:/Users/Utente/Desktop/Tesi/Firmware_Software/DAVE project/S2GLP_Pulsed_Doppler/Dave/Generated/CMSIS_DSP/arm_math.h"
DEFINED SYMBOLS
                            *ABS*:00000000 arm_pid_reset_q31.c
    {standard input}:20     .text.arm_pid_reset_q31:00000000 $t
    {standard input}:25     .text.arm_pid_reset_q31:00000000 arm_pid_reset_q31
                     .debug_frame:00000010 $d

NO UNDEFINED SYMBOLS
