   1              	 .syntax unified
   2              	 .cpu cortex-m4
   3              	 .eabi_attribute 27,3
   4              	 .fpu fpv4-sp-d16
   5              	 .eabi_attribute 20,1
   6              	 .eabi_attribute 21,1
   7              	 .eabi_attribute 23,3
   8              	 .eabi_attribute 24,1
   9              	 .eabi_attribute 25,1
  10              	 .eabi_attribute 26,1
  11              	 .eabi_attribute 30,2
  12              	 .eabi_attribute 34,1
  13              	 .eabi_attribute 18,4
  14              	 .thumb
  15              	 .file "syscalls.c"
  16              	 .text
  17              	.Ltext0:
  18              	 .cfi_sections .debug_frame
  19              	 .section .text._sbrk,"ax",%progbits
  20              	 .align 2
  21              	 .global _sbrk
  22              	 .thumb
  23              	 .thumb_func
  25              	_sbrk:
  26              	.LFB0:
  27              	 .file 1 "../Libraries/Newlib/syscalls.c"
   1:../Libraries/Newlib/syscalls.c **** /**************************************************************************************************
   2:../Libraries/Newlib/syscalls.c ****  * @file     syscalls.c
   3:../Libraries/Newlib/syscalls.c ****  * @brief    Newlib stubs
   4:../Libraries/Newlib/syscalls.c ****  * @version  V1.6
   5:../Libraries/Newlib/syscalls.c ****  * @date     20 Apr 2017
   6:../Libraries/Newlib/syscalls.c ****  *
   7:../Libraries/Newlib/syscalls.c ****  * @cond
   8:../Libraries/Newlib/syscalls.c ****  **************************************************************************************************
   9:../Libraries/Newlib/syscalls.c ****  * Copyright (c) 2015-2017, Infineon Technologies AG
  10:../Libraries/Newlib/syscalls.c ****  * All rights reserved.
  11:../Libraries/Newlib/syscalls.c ****  *
  12:../Libraries/Newlib/syscalls.c ****  * Redistribution and use in source and binary forms, with or without modification,are permitted pr
  13:../Libraries/Newlib/syscalls.c ****  * following conditions are met:
  14:../Libraries/Newlib/syscalls.c ****  *
  15:../Libraries/Newlib/syscalls.c ****  * Redistributions of source code must retain the above copyright notice, this list of conditions a
  16:../Libraries/Newlib/syscalls.c ****  * disclaimer.
  17:../Libraries/Newlib/syscalls.c ****  *
  18:../Libraries/Newlib/syscalls.c ****  * Redistributions in binary form must reproduce the above copyright notice, this list of condition
  19:../Libraries/Newlib/syscalls.c ****  * disclaimer in the documentation and/or other materials provided with the distribution.
  20:../Libraries/Newlib/syscalls.c ****  *
  21:../Libraries/Newlib/syscalls.c ****  * Neither the name of the copyright holders nor the names of its contributors may be used to endor
  22:../Libraries/Newlib/syscalls.c ****  * products derived from this software without specific prior written permission.
  23:../Libraries/Newlib/syscalls.c ****  *
  24:../Libraries/Newlib/syscalls.c ****  * THIS SOFTWARE IS PROVIDED BY THE COPYRIGHT HOLDERS AND CONTRIBUTORS "AS IS" AND ANY EXPRESS OR I
  25:../Libraries/Newlib/syscalls.c ****  * INCLUDING, BUT NOT LIMITED TO, THE IMPLIED WARRANTIES OF MERCHANTABILITY AND FITNESS FOR A PARTI
  26:../Libraries/Newlib/syscalls.c ****  * DISCLAIMED. IN NO EVENT SHALL THE COPYRIGHT HOLDER OR CONTRIBUTORS BE LIABLE  FOR ANY DIRECT, IN
  27:../Libraries/Newlib/syscalls.c ****  * SPECIAL, EXEMPLARY, OR CONSEQUENTIAL DAMAGES (INCLUDING, BUT NOT LIMITED TO, PROCUREMENT OF SUBS
  28:../Libraries/Newlib/syscalls.c ****  * SERVICES; LOSS OF USE, DATA, OR PROFITS; OR BUSINESS INTERRUPTION) HOWEVER CAUSED AND ON ANY THE
  29:../Libraries/Newlib/syscalls.c ****  * WHETHER IN CONTRACT, STRICT LIABILITY,OR TORT (INCLUDING NEGLIGENCE OR OTHERWISE) ARISING IN ANY
  30:../Libraries/Newlib/syscalls.c ****  * OF THIS SOFTWARE, EVEN IF ADVISED OF THE POSSIBILITY OF SUCH DAMAGE.
  31:../Libraries/Newlib/syscalls.c ****  *
  32:../Libraries/Newlib/syscalls.c ****  * To improve the quality of the software, users are encouraged to share modifications, enhancement
  33:../Libraries/Newlib/syscalls.c ****  * Infineon Technologies AG dave@infineon.com).
  34:../Libraries/Newlib/syscalls.c ****  **************************************************************************************************
  35:../Libraries/Newlib/syscalls.c ****  *
  36:../Libraries/Newlib/syscalls.c ****  * *************************** Change history ********************************
  37:../Libraries/Newlib/syscalls.c ****  * V0.1                  : Initial version
  38:../Libraries/Newlib/syscalls.c ****  * V0.2                  : Label updates
  39:../Libraries/Newlib/syscalls.c ****  * V1.0                  : Made _sbrk device agnostic
  40:../Libraries/Newlib/syscalls.c ****  * V1.1                  : C++ support
  41:../Libraries/Newlib/syscalls.c ****  * V1.2                  : Restored compatibility with old project files
  42:../Libraries/Newlib/syscalls.c ****  * V1.3    Jan 2014, PKB : Encapsulating everything in this file for use only with GCC
  43:../Libraries/Newlib/syscalls.c ****  * V1.4 11 Dec 2015, JFT : Fix heap overflow
  44:../Libraries/Newlib/syscalls.c ****  * V1.5 09 Mar 2016, JFT : Add dso_handle to support destructors call at exit 
  45:../Libraries/Newlib/syscalls.c ****  * V1.6 20 Apr 2017, JFT : Foward declaration of __sbrk to fix link time optimization (-flto) compi
  46:../Libraries/Newlib/syscalls.c ****  * @endcond
  47:../Libraries/Newlib/syscalls.c ****  */
  48:../Libraries/Newlib/syscalls.c **** 
  49:../Libraries/Newlib/syscalls.c **** /*
  50:../Libraries/Newlib/syscalls.c ****  * This file contains stubs for standard C library functionality that must
  51:../Libraries/Newlib/syscalls.c ****  * typically be provided for the underlying platform.
  52:../Libraries/Newlib/syscalls.c ****  *
  53:../Libraries/Newlib/syscalls.c ****  */
  54:../Libraries/Newlib/syscalls.c **** #if defined ( __GNUC__ )
  55:../Libraries/Newlib/syscalls.c **** 
  56:../Libraries/Newlib/syscalls.c **** #include <stdint.h>
  57:../Libraries/Newlib/syscalls.c **** #include <errno.h>
  58:../Libraries/Newlib/syscalls.c **** #include <sys/types.h>
  59:../Libraries/Newlib/syscalls.c **** 
  60:../Libraries/Newlib/syscalls.c **** /* Forward prototypes.  */
  61:../Libraries/Newlib/syscalls.c **** caddr_t _sbrk(int nbytes) __attribute__((externally_visible));
  62:../Libraries/Newlib/syscalls.c **** void _init(void) __attribute__((externally_visible));
  63:../Libraries/Newlib/syscalls.c **** 
  64:../Libraries/Newlib/syscalls.c **** /* c++ destructor dynamic shared object needed if -fuse-cxa-atexit is used*/
  65:../Libraries/Newlib/syscalls.c **** void *__dso_handle __attribute__ ((weak));
  66:../Libraries/Newlib/syscalls.c **** 
  67:../Libraries/Newlib/syscalls.c **** // defined in linker script
  68:../Libraries/Newlib/syscalls.c **** extern caddr_t Heap_Bank1_Start;
  69:../Libraries/Newlib/syscalls.c **** extern caddr_t Heap_Bank1_End;
  70:../Libraries/Newlib/syscalls.c **** caddr_t _sbrk(int nbytes)
  71:../Libraries/Newlib/syscalls.c **** {
  28              	 .loc 1 71 0
  29              	 .cfi_startproc
  30              	 
  31              	 
  32              	.LVL0:
  72:../Libraries/Newlib/syscalls.c ****   static caddr_t heap_ptr = NULL;
  73:../Libraries/Newlib/syscalls.c ****   caddr_t base;
  74:../Libraries/Newlib/syscalls.c **** 
  75:../Libraries/Newlib/syscalls.c ****   if (heap_ptr == NULL) {
  33              	 .loc 1 75 0
  34 0000 0C4A     	 ldr r2,.L8
  71:../Libraries/Newlib/syscalls.c ****   static caddr_t heap_ptr = NULL;
  35              	 .loc 1 71 0
  36 0002 08B5     	 push {r3,lr}
  37              	.LCFI0:
  38              	 .cfi_def_cfa_offset 8
  39              	 .cfi_offset 3,-8
  40              	 .cfi_offset 14,-4
  41              	 .loc 1 75 0
  42 0004 1368     	 ldr r3,[r2]
  43 0006 8BB1     	 cbz r3,.L7
  44              	.L2:
  45              	.LVL1:
  76:../Libraries/Newlib/syscalls.c ****     heap_ptr = (caddr_t)&Heap_Bank1_Start;
  77:../Libraries/Newlib/syscalls.c ****   }
  78:../Libraries/Newlib/syscalls.c **** 
  79:../Libraries/Newlib/syscalls.c ****   base = heap_ptr;
  80:../Libraries/Newlib/syscalls.c **** 
  81:../Libraries/Newlib/syscalls.c ****   /* heap word alignment */
  82:../Libraries/Newlib/syscalls.c ****   nbytes = (nbytes + 3) & ~0x3U;
  46              	 .loc 1 82 0
  47 0008 0330     	 adds r0,r0,#3
  48              	.LVL2:
  49 000a 20F00300 	 bic r0,r0,#3
  50              	.LVL3:
  83:../Libraries/Newlib/syscalls.c ****   if ((caddr_t)&Heap_Bank1_End > (heap_ptr + nbytes))
  51              	 .loc 1 83 0
  52 000e 0A49     	 ldr r1,.L8+4
  53 0010 1844     	 add r0,r0,r3
  54              	.LVL4:
  55 0012 8842     	 cmp r0,r1
  56 0014 02D2     	 bcs .L3
  84:../Libraries/Newlib/syscalls.c ****   {
  85:../Libraries/Newlib/syscalls.c ****     heap_ptr += nbytes;
  57              	 .loc 1 85 0
  58 0016 1060     	 str r0,[r2]
  86:../Libraries/Newlib/syscalls.c ****     return (base);
  87:../Libraries/Newlib/syscalls.c ****   }
  88:../Libraries/Newlib/syscalls.c ****   else
  89:../Libraries/Newlib/syscalls.c ****   {
  90:../Libraries/Newlib/syscalls.c ****     /* Heap overflow */
  91:../Libraries/Newlib/syscalls.c ****     errno = ENOMEM;
  92:../Libraries/Newlib/syscalls.c ****     return ((caddr_t)-1);
  93:../Libraries/Newlib/syscalls.c ****   }
  94:../Libraries/Newlib/syscalls.c **** }
  59              	 .loc 1 94 0
  60 0018 1846     	 mov r0,r3
  61 001a 08BD     	 pop {r3,pc}
  62              	.LVL5:
  63              	.L3:
  91:../Libraries/Newlib/syscalls.c ****     return ((caddr_t)-1);
  64              	 .loc 1 91 0
  65 001c FFF7FEFF 	 bl __errno
  66              	.LVL6:
  67 0020 0C23     	 movs r3,#12
  68 0022 0360     	 str r3,[r0]
  92:../Libraries/Newlib/syscalls.c ****   }
  69              	 .loc 1 92 0
  70 0024 4FF0FF33 	 mov r3,#-1
  71              	 .loc 1 94 0
  72 0028 1846     	 mov r0,r3
  73 002a 08BD     	 pop {r3,pc}
  74              	.LVL7:
  75              	.L7:
  76:../Libraries/Newlib/syscalls.c ****   }
  76              	 .loc 1 76 0
  77 002c 034B     	 ldr r3,.L8+8
  78 002e 1360     	 str r3,[r2]
  79 0030 EAE7     	 b .L2
  80              	.L9:
  81 0032 00BF     	 .align 2
  82              	.L8:
  83 0034 00000000 	 .word .LANCHOR0
  84 0038 00000000 	 .word Heap_Bank1_End
  85 003c 00000000 	 .word Heap_Bank1_Start
  86              	 .cfi_endproc
  87              	.LFE0:
  89              	 .section .text._init,"ax",%progbits
  90              	 .align 2
  91              	 .global _init
  92              	 .thumb
  93              	 .thumb_func
  95              	_init:
  96              	.LFB1:
  95:../Libraries/Newlib/syscalls.c **** 
  96:../Libraries/Newlib/syscalls.c **** /* Init */
  97:../Libraries/Newlib/syscalls.c **** void _init(void)
  98:../Libraries/Newlib/syscalls.c **** {}
  97              	 .loc 1 98 0
  98              	 .cfi_startproc
  99              	 
 100              	 
 101              	 
 102 0000 7047     	 bx lr
 103              	 .cfi_endproc
 104              	.LFE1:
 106              	 .weak __dso_handle
 107 0002 00BF     	 .section .bss.__dso_handle,"aw",%nobits
 108              	 .align 2
 111              	__dso_handle:
 112 0000 00000000 	 .space 4
 113              	 .section .bss.heap_ptr.4331,"aw",%nobits
 114              	 .align 2
 115              	 .set .LANCHOR0,.+0
 118              	heap_ptr.4331:
 119 0000 00000000 	 .space 4
 120              	 .text
 121              	.Letext0:
 122              	 .file 2 "c:\\infineon\\tools\\dave ide\\4.5.0.202105191637\\eclipse\\arm-gcc-49\\arm-none-eabi\\include\\sys\\types.h"
 123              	 .file 3 "c:\\infineon\\tools\\dave ide\\4.5.0.202105191637\\eclipse\\arm-gcc-49\\arm-none-eabi\\include\\sys\\errno.h"
DEFINED SYMBOLS
                            *ABS*:00000000 syscalls.c
    {standard input}:20     .text._sbrk:00000000 $t
    {standard input}:25     .text._sbrk:00000000 _sbrk
    {standard input}:83     .text._sbrk:00000034 $d
    {standard input}:90     .text._init:00000000 $t
    {standard input}:95     .text._init:00000000 _init
    {standard input}:111    .bss.__dso_handle:00000000 __dso_handle
    {standard input}:108    .bss.__dso_handle:00000000 $d
    {standard input}:114    .bss.heap_ptr.4331:00000000 $d
    {standard input}:118    .bss.heap_ptr.4331:00000000 heap_ptr.4331
                     .debug_frame:00000010 $d

UNDEFINED SYMBOLS
__errno
Heap_Bank1_End
Heap_Bank1_Start
