   1              	 .syntax unified
   2              	 .cpu cortex-m4
   3              	 .eabi_attribute 27,3
   4              	 .fpu fpv4-sp-d16
   5              	 .eabi_attribute 20,1
   6              	 .eabi_attribute 21,1
   7              	 .eabi_attribute 23,3
   8              	 .eabi_attribute 24,1
   9              	 .eabi_attribute 25,1
  10              	 .eabi_attribute 26,1
  11              	 .eabi_attribute 30,2
  12              	 .eabi_attribute 34,1
  13              	 .eabi_attribute 18,4
  14              	 .thumb
  15              	 .file "arm_fir_decimate_init_q31.c"
  16              	 .text
  17              	.Ltext0:
  18              	 .cfi_sections .debug_frame
  19              	 .section .text.arm_fir_decimate_init_q31,"ax",%progbits
  20              	 .align 2
  21              	 .global arm_fir_decimate_init_q31
  22              	 .thumb
  23              	 .thumb_func
  25              	arm_fir_decimate_init_q31:
  26              	.LFB135:
  27              	 .file 1 "../Dave/Generated/CMSIS_DSP/FilteringFunctions/arm_fir_decimate_init_q31.c"
   1:../Dave/Generated/CMSIS_DSP/FilteringFunctions/arm_fir_decimate_init_q31.c **** /* ----------------------------------------------------------------------
   2:../Dave/Generated/CMSIS_DSP/FilteringFunctions/arm_fir_decimate_init_q31.c ****  * Project:      CMSIS DSP Library
   3:../Dave/Generated/CMSIS_DSP/FilteringFunctions/arm_fir_decimate_init_q31.c ****  * Title:        arm_fir_decimate_init_q31.c
   4:../Dave/Generated/CMSIS_DSP/FilteringFunctions/arm_fir_decimate_init_q31.c ****  * Description:  Initialization function for Q31 FIR Decimation filter
   5:../Dave/Generated/CMSIS_DSP/FilteringFunctions/arm_fir_decimate_init_q31.c ****  *
   6:../Dave/Generated/CMSIS_DSP/FilteringFunctions/arm_fir_decimate_init_q31.c ****  * $Date:        27. January 2017
   7:../Dave/Generated/CMSIS_DSP/FilteringFunctions/arm_fir_decimate_init_q31.c ****  * $Revision:    V.1.5.1
   8:../Dave/Generated/CMSIS_DSP/FilteringFunctions/arm_fir_decimate_init_q31.c ****  *
   9:../Dave/Generated/CMSIS_DSP/FilteringFunctions/arm_fir_decimate_init_q31.c ****  * Target Processor: Cortex-M cores
  10:../Dave/Generated/CMSIS_DSP/FilteringFunctions/arm_fir_decimate_init_q31.c ****  * -------------------------------------------------------------------- */
  11:../Dave/Generated/CMSIS_DSP/FilteringFunctions/arm_fir_decimate_init_q31.c **** /*
  12:../Dave/Generated/CMSIS_DSP/FilteringFunctions/arm_fir_decimate_init_q31.c ****  * Copyright (C) 2010-2017 ARM Limited or its affiliates. All rights reserved.
  13:../Dave/Generated/CMSIS_DSP/FilteringFunctions/arm_fir_decimate_init_q31.c ****  *
  14:../Dave/Generated/CMSIS_DSP/FilteringFunctions/arm_fir_decimate_init_q31.c ****  * SPDX-License-Identifier: Apache-2.0
  15:../Dave/Generated/CMSIS_DSP/FilteringFunctions/arm_fir_decimate_init_q31.c ****  *
  16:../Dave/Generated/CMSIS_DSP/FilteringFunctions/arm_fir_decimate_init_q31.c ****  * Licensed under the Apache License, Version 2.0 (the License); you may
  17:../Dave/Generated/CMSIS_DSP/FilteringFunctions/arm_fir_decimate_init_q31.c ****  * not use this file except in compliance with the License.
  18:../Dave/Generated/CMSIS_DSP/FilteringFunctions/arm_fir_decimate_init_q31.c ****  * You may obtain a copy of the License at
  19:../Dave/Generated/CMSIS_DSP/FilteringFunctions/arm_fir_decimate_init_q31.c ****  *
  20:../Dave/Generated/CMSIS_DSP/FilteringFunctions/arm_fir_decimate_init_q31.c ****  * www.apache.org/licenses/LICENSE-2.0
  21:../Dave/Generated/CMSIS_DSP/FilteringFunctions/arm_fir_decimate_init_q31.c ****  *
  22:../Dave/Generated/CMSIS_DSP/FilteringFunctions/arm_fir_decimate_init_q31.c ****  * Unless required by applicable law or agreed to in writing, software
  23:../Dave/Generated/CMSIS_DSP/FilteringFunctions/arm_fir_decimate_init_q31.c ****  * distributed under the License is distributed on an AS IS BASIS, WITHOUT
  24:../Dave/Generated/CMSIS_DSP/FilteringFunctions/arm_fir_decimate_init_q31.c ****  * WARRANTIES OR CONDITIONS OF ANY KIND, either express or implied.
  25:../Dave/Generated/CMSIS_DSP/FilteringFunctions/arm_fir_decimate_init_q31.c ****  * See the License for the specific language governing permissions and
  26:../Dave/Generated/CMSIS_DSP/FilteringFunctions/arm_fir_decimate_init_q31.c ****  * limitations under the License.
  27:../Dave/Generated/CMSIS_DSP/FilteringFunctions/arm_fir_decimate_init_q31.c ****  */
  28:../Dave/Generated/CMSIS_DSP/FilteringFunctions/arm_fir_decimate_init_q31.c **** 
  29:../Dave/Generated/CMSIS_DSP/FilteringFunctions/arm_fir_decimate_init_q31.c **** #include "CMSIS_DSP/cmsis_dsp.h"
  30:../Dave/Generated/CMSIS_DSP/FilteringFunctions/arm_fir_decimate_init_q31.c **** 
  31:../Dave/Generated/CMSIS_DSP/FilteringFunctions/arm_fir_decimate_init_q31.c **** /**
  32:../Dave/Generated/CMSIS_DSP/FilteringFunctions/arm_fir_decimate_init_q31.c ****  * @ingroup groupFilters
  33:../Dave/Generated/CMSIS_DSP/FilteringFunctions/arm_fir_decimate_init_q31.c ****  */
  34:../Dave/Generated/CMSIS_DSP/FilteringFunctions/arm_fir_decimate_init_q31.c **** 
  35:../Dave/Generated/CMSIS_DSP/FilteringFunctions/arm_fir_decimate_init_q31.c **** /**
  36:../Dave/Generated/CMSIS_DSP/FilteringFunctions/arm_fir_decimate_init_q31.c ****  * @addtogroup FIR_decimate
  37:../Dave/Generated/CMSIS_DSP/FilteringFunctions/arm_fir_decimate_init_q31.c ****  * @{
  38:../Dave/Generated/CMSIS_DSP/FilteringFunctions/arm_fir_decimate_init_q31.c ****  */
  39:../Dave/Generated/CMSIS_DSP/FilteringFunctions/arm_fir_decimate_init_q31.c **** 
  40:../Dave/Generated/CMSIS_DSP/FilteringFunctions/arm_fir_decimate_init_q31.c **** /**
  41:../Dave/Generated/CMSIS_DSP/FilteringFunctions/arm_fir_decimate_init_q31.c ****  * @brief  Initialization function for the Q31 FIR decimator.
  42:../Dave/Generated/CMSIS_DSP/FilteringFunctions/arm_fir_decimate_init_q31.c ****  * @param[in,out] *S points to an instance of the Q31 FIR decimator structure.
  43:../Dave/Generated/CMSIS_DSP/FilteringFunctions/arm_fir_decimate_init_q31.c ****  * @param[in] numTaps  number of coefficients in the filter.
  44:../Dave/Generated/CMSIS_DSP/FilteringFunctions/arm_fir_decimate_init_q31.c ****  * @param[in] M  decimation factor.
  45:../Dave/Generated/CMSIS_DSP/FilteringFunctions/arm_fir_decimate_init_q31.c ****  * @param[in] *pCoeffs points to the filter coefficients.
  46:../Dave/Generated/CMSIS_DSP/FilteringFunctions/arm_fir_decimate_init_q31.c ****  * @param[in] *pState points to the state buffer.
  47:../Dave/Generated/CMSIS_DSP/FilteringFunctions/arm_fir_decimate_init_q31.c ****  * @param[in] blockSize number of input samples to process per call.
  48:../Dave/Generated/CMSIS_DSP/FilteringFunctions/arm_fir_decimate_init_q31.c ****  * @return    The function returns ARM_MATH_SUCCESS if initialization was successful or ARM_MATH_LE
  49:../Dave/Generated/CMSIS_DSP/FilteringFunctions/arm_fir_decimate_init_q31.c ****  * <code>blockSize</code> is not a multiple of <code>M</code>.
  50:../Dave/Generated/CMSIS_DSP/FilteringFunctions/arm_fir_decimate_init_q31.c ****  *
  51:../Dave/Generated/CMSIS_DSP/FilteringFunctions/arm_fir_decimate_init_q31.c ****  * <b>Description:</b>
  52:../Dave/Generated/CMSIS_DSP/FilteringFunctions/arm_fir_decimate_init_q31.c ****  * \par
  53:../Dave/Generated/CMSIS_DSP/FilteringFunctions/arm_fir_decimate_init_q31.c ****  * <code>pCoeffs</code> points to the array of filter coefficients stored in time reversed order:
  54:../Dave/Generated/CMSIS_DSP/FilteringFunctions/arm_fir_decimate_init_q31.c ****  * <pre>
  55:../Dave/Generated/CMSIS_DSP/FilteringFunctions/arm_fir_decimate_init_q31.c ****  *    {b[numTaps-1], b[numTaps-2], b[N-2], ..., b[1], b[0]}
  56:../Dave/Generated/CMSIS_DSP/FilteringFunctions/arm_fir_decimate_init_q31.c ****  * </pre>
  57:../Dave/Generated/CMSIS_DSP/FilteringFunctions/arm_fir_decimate_init_q31.c ****  * \par
  58:../Dave/Generated/CMSIS_DSP/FilteringFunctions/arm_fir_decimate_init_q31.c ****  * <code>pState</code> points to the array of state variables.
  59:../Dave/Generated/CMSIS_DSP/FilteringFunctions/arm_fir_decimate_init_q31.c ****  * <code>pState</code> is of length <code>numTaps+blockSize-1</code> words where <code>blockSize</c
  60:../Dave/Generated/CMSIS_DSP/FilteringFunctions/arm_fir_decimate_init_q31.c ****  * <code>M</code> is the decimation factor.
  61:../Dave/Generated/CMSIS_DSP/FilteringFunctions/arm_fir_decimate_init_q31.c ****  */
  62:../Dave/Generated/CMSIS_DSP/FilteringFunctions/arm_fir_decimate_init_q31.c **** 
  63:../Dave/Generated/CMSIS_DSP/FilteringFunctions/arm_fir_decimate_init_q31.c **** arm_status arm_fir_decimate_init_q31(
  64:../Dave/Generated/CMSIS_DSP/FilteringFunctions/arm_fir_decimate_init_q31.c ****   arm_fir_decimate_instance_q31 * S,
  65:../Dave/Generated/CMSIS_DSP/FilteringFunctions/arm_fir_decimate_init_q31.c ****   uint16_t numTaps,
  66:../Dave/Generated/CMSIS_DSP/FilteringFunctions/arm_fir_decimate_init_q31.c ****   uint8_t M,
  67:../Dave/Generated/CMSIS_DSP/FilteringFunctions/arm_fir_decimate_init_q31.c ****   q31_t * pCoeffs,
  68:../Dave/Generated/CMSIS_DSP/FilteringFunctions/arm_fir_decimate_init_q31.c ****   q31_t * pState,
  69:../Dave/Generated/CMSIS_DSP/FilteringFunctions/arm_fir_decimate_init_q31.c ****   uint32_t blockSize)
  70:../Dave/Generated/CMSIS_DSP/FilteringFunctions/arm_fir_decimate_init_q31.c **** {
  28              	 .loc 1 70 0
  29              	 .cfi_startproc
  30              	 
  31              	 
  32              	.LVL0:
  33 0000 F8B5     	 push {r3,r4,r5,r6,r7,lr}
  34              	.LCFI0:
  35              	 .cfi_def_cfa_offset 24
  36              	 .cfi_offset 3,-24
  37              	 .cfi_offset 4,-20
  38              	 .cfi_offset 5,-16
  39              	 .cfi_offset 6,-12
  40              	 .cfi_offset 7,-8
  41              	 .cfi_offset 14,-4
  42              	 .loc 1 70 0
  43 0002 079D     	 ldr r5,[sp,#28]
  71:../Dave/Generated/CMSIS_DSP/FilteringFunctions/arm_fir_decimate_init_q31.c ****   arm_status status;
  72:../Dave/Generated/CMSIS_DSP/FilteringFunctions/arm_fir_decimate_init_q31.c **** 
  73:../Dave/Generated/CMSIS_DSP/FilteringFunctions/arm_fir_decimate_init_q31.c ****   /* The size of the input block must be a multiple of the decimation factor */
  74:../Dave/Generated/CMSIS_DSP/FilteringFunctions/arm_fir_decimate_init_q31.c ****   if ((blockSize % M) != 0u)
  44              	 .loc 1 74 0
  45 0004 B5FBF2F4 	 udiv r4,r5,r2
  46 0008 02FB1454 	 mls r4,r2,r4,r5
  70:../Dave/Generated/CMSIS_DSP/FilteringFunctions/arm_fir_decimate_init_q31.c ****   arm_status status;
  47              	 .loc 1 70 0
  48 000c 1746     	 mov r7,r2
  49              	 .loc 1 74 0
  50 000e 8CB9     	 cbnz r4,.L3
  51 0010 01F18042 	 add r2,r1,#1073741824
  52              	.LVL1:
  53 0014 013A     	 subs r2,r2,#1
  75:../Dave/Generated/CMSIS_DSP/FilteringFunctions/arm_fir_decimate_init_q31.c ****   {
  76:../Dave/Generated/CMSIS_DSP/FilteringFunctions/arm_fir_decimate_init_q31.c ****     /* Set status as ARM_MATH_LENGTH_ERROR */
  77:../Dave/Generated/CMSIS_DSP/FilteringFunctions/arm_fir_decimate_init_q31.c ****     status = ARM_MATH_LENGTH_ERROR;
  78:../Dave/Generated/CMSIS_DSP/FilteringFunctions/arm_fir_decimate_init_q31.c ****   }
  79:../Dave/Generated/CMSIS_DSP/FilteringFunctions/arm_fir_decimate_init_q31.c ****   else
  80:../Dave/Generated/CMSIS_DSP/FilteringFunctions/arm_fir_decimate_init_q31.c ****   {
  81:../Dave/Generated/CMSIS_DSP/FilteringFunctions/arm_fir_decimate_init_q31.c ****     /* Assign filter taps */
  82:../Dave/Generated/CMSIS_DSP/FilteringFunctions/arm_fir_decimate_init_q31.c ****     S->numTaps = numTaps;
  83:../Dave/Generated/CMSIS_DSP/FilteringFunctions/arm_fir_decimate_init_q31.c **** 
  84:../Dave/Generated/CMSIS_DSP/FilteringFunctions/arm_fir_decimate_init_q31.c ****     /* Assign coefficient pointer */
  85:../Dave/Generated/CMSIS_DSP/FilteringFunctions/arm_fir_decimate_init_q31.c ****     S->pCoeffs = pCoeffs;
  86:../Dave/Generated/CMSIS_DSP/FilteringFunctions/arm_fir_decimate_init_q31.c **** 
  87:../Dave/Generated/CMSIS_DSP/FilteringFunctions/arm_fir_decimate_init_q31.c ****     /* Clear the state buffer.  The size is always (blockSize + numTaps - 1) */
  88:../Dave/Generated/CMSIS_DSP/FilteringFunctions/arm_fir_decimate_init_q31.c ****     memset(pState, 0, (numTaps + (blockSize - 1)) * sizeof(q31_t));
  54              	 .loc 1 88 0
  55 0016 2A44     	 add r2,r2,r5
  56 0018 0646     	 mov r6,r0
  82:../Dave/Generated/CMSIS_DSP/FilteringFunctions/arm_fir_decimate_init_q31.c **** 
  57              	 .loc 1 82 0
  58 001a 4180     	 strh r1,[r0,#2]
  85:../Dave/Generated/CMSIS_DSP/FilteringFunctions/arm_fir_decimate_init_q31.c **** 
  59              	 .loc 1 85 0
  60 001c 4360     	 str r3,[r0,#4]
  61              	 .loc 1 88 0
  62 001e 9200     	 lsls r2,r2,#2
  63 0020 0698     	 ldr r0,[sp,#24]
  64              	.LVL2:
  65 0022 2146     	 mov r1,r4
  66              	.LVL3:
  67 0024 FFF7FEFF 	 bl memset
  68              	.LVL4:
  89:../Dave/Generated/CMSIS_DSP/FilteringFunctions/arm_fir_decimate_init_q31.c **** 
  90:../Dave/Generated/CMSIS_DSP/FilteringFunctions/arm_fir_decimate_init_q31.c ****     /* Assign state pointer */
  91:../Dave/Generated/CMSIS_DSP/FilteringFunctions/arm_fir_decimate_init_q31.c ****     S->pState = pState;
  69              	 .loc 1 91 0
  70 0028 069B     	 ldr r3,[sp,#24]
  71 002a B360     	 str r3,[r6,#8]
  92:../Dave/Generated/CMSIS_DSP/FilteringFunctions/arm_fir_decimate_init_q31.c **** 
  93:../Dave/Generated/CMSIS_DSP/FilteringFunctions/arm_fir_decimate_init_q31.c ****     /* Assign Decimation factor */
  94:../Dave/Generated/CMSIS_DSP/FilteringFunctions/arm_fir_decimate_init_q31.c ****     S->M = M;
  72              	 .loc 1 94 0
  73 002c 3770     	 strb r7,[r6]
  74              	.LVL5:
  95:../Dave/Generated/CMSIS_DSP/FilteringFunctions/arm_fir_decimate_init_q31.c **** 
  96:../Dave/Generated/CMSIS_DSP/FilteringFunctions/arm_fir_decimate_init_q31.c ****     status = ARM_MATH_SUCCESS;
  75              	 .loc 1 96 0
  76 002e 2046     	 mov r0,r4
  77              	.LVL6:
  78              	.L2:
  97:../Dave/Generated/CMSIS_DSP/FilteringFunctions/arm_fir_decimate_init_q31.c ****   }
  98:../Dave/Generated/CMSIS_DSP/FilteringFunctions/arm_fir_decimate_init_q31.c **** 
  99:../Dave/Generated/CMSIS_DSP/FilteringFunctions/arm_fir_decimate_init_q31.c ****   return (status);
 100:../Dave/Generated/CMSIS_DSP/FilteringFunctions/arm_fir_decimate_init_q31.c **** 
 101:../Dave/Generated/CMSIS_DSP/FilteringFunctions/arm_fir_decimate_init_q31.c **** }
  79              	 .loc 1 101 0
  80 0030 40B2     	 sxtb r0,r0
  81 0032 F8BD     	 pop {r3,r4,r5,r6,r7,pc}
  82              	.LVL7:
  83              	.L3:
  77:../Dave/Generated/CMSIS_DSP/FilteringFunctions/arm_fir_decimate_init_q31.c ****   }
  84              	 .loc 1 77 0
  85 0034 FE20     	 movs r0,#254
  86              	.LVL8:
  87 0036 FBE7     	 b .L2
  88              	 .cfi_endproc
  89              	.LFE135:
  91              	 .text
  92              	.Letext0:
  93              	 .file 2 "c:\\infineon\\tools\\dave ide\\4.5.0.202105191637\\eclipse\\arm-gcc-49\\arm-none-eabi\\include\\machine\\_default_types.h"
  94              	 .file 3 "c:\\infineon\\tools\\dave ide\\4.5.0.202105191637\\eclipse\\arm-gcc-49\\arm-none-eabi\\include\\stdint.h"
  95              	 .file 4 "C:/Users/Utente/Desktop/Tesi/Firmware_Software/DAVE project/S2GLP_Pulsed_Doppler/Dave/Generated/CMSIS_DSP/arm_math.h"
DEFINED SYMBOLS
                            *ABS*:00000000 arm_fir_decimate_init_q31.c
    {standard input}:20     .text.arm_fir_decimate_init_q31:00000000 $t
    {standard input}:25     .text.arm_fir_decimate_init_q31:00000000 arm_fir_decimate_init_q31
                     .debug_frame:00000010 $d

UNDEFINED SYMBOLS
memset
