   1              	 .syntax unified
   2              	 .cpu cortex-m4
   3              	 .eabi_attribute 27,3
   4              	 .fpu fpv4-sp-d16
   5              	 .eabi_attribute 20,1
   6              	 .eabi_attribute 21,1
   7              	 .eabi_attribute 23,3
   8              	 .eabi_attribute 24,1
   9              	 .eabi_attribute 25,1
  10              	 .eabi_attribute 26,1
  11              	 .eabi_attribute 30,2
  12              	 .eabi_attribute 34,1
  13              	 .eabi_attribute 18,4
  14              	 .thumb
  15              	 .file "arm_lms_init_q15.c"
  16              	 .text
  17              	.Ltext0:
  18              	 .cfi_sections .debug_frame
  19              	 .section .text.arm_lms_init_q15,"ax",%progbits
  20              	 .align 2
  21              	 .global arm_lms_init_q15
  22              	 .thumb
  23              	 .thumb_func
  25              	arm_lms_init_q15:
  26              	.LFB135:
  27              	 .file 1 "../Dave/Generated/CMSIS_DSP/FilteringFunctions/arm_lms_init_q15.c"
   1:../Dave/Generated/CMSIS_DSP/FilteringFunctions/arm_lms_init_q15.c **** /* ----------------------------------------------------------------------
   2:../Dave/Generated/CMSIS_DSP/FilteringFunctions/arm_lms_init_q15.c ****  * Project:      CMSIS DSP Library
   3:../Dave/Generated/CMSIS_DSP/FilteringFunctions/arm_lms_init_q15.c ****  * Title:        arm_lms_init_q15.c
   4:../Dave/Generated/CMSIS_DSP/FilteringFunctions/arm_lms_init_q15.c ****  * Description:  Q15 LMS filter initialization function
   5:../Dave/Generated/CMSIS_DSP/FilteringFunctions/arm_lms_init_q15.c ****  *
   6:../Dave/Generated/CMSIS_DSP/FilteringFunctions/arm_lms_init_q15.c ****  * $Date:        27. January 2017
   7:../Dave/Generated/CMSIS_DSP/FilteringFunctions/arm_lms_init_q15.c ****  * $Revision:    V.1.5.1
   8:../Dave/Generated/CMSIS_DSP/FilteringFunctions/arm_lms_init_q15.c ****  *
   9:../Dave/Generated/CMSIS_DSP/FilteringFunctions/arm_lms_init_q15.c ****  * Target Processor: Cortex-M cores
  10:../Dave/Generated/CMSIS_DSP/FilteringFunctions/arm_lms_init_q15.c ****  * -------------------------------------------------------------------- */
  11:../Dave/Generated/CMSIS_DSP/FilteringFunctions/arm_lms_init_q15.c **** /*
  12:../Dave/Generated/CMSIS_DSP/FilteringFunctions/arm_lms_init_q15.c ****  * Copyright (C) 2010-2017 ARM Limited or its affiliates. All rights reserved.
  13:../Dave/Generated/CMSIS_DSP/FilteringFunctions/arm_lms_init_q15.c ****  *
  14:../Dave/Generated/CMSIS_DSP/FilteringFunctions/arm_lms_init_q15.c ****  * SPDX-License-Identifier: Apache-2.0
  15:../Dave/Generated/CMSIS_DSP/FilteringFunctions/arm_lms_init_q15.c ****  *
  16:../Dave/Generated/CMSIS_DSP/FilteringFunctions/arm_lms_init_q15.c ****  * Licensed under the Apache License, Version 2.0 (the License); you may
  17:../Dave/Generated/CMSIS_DSP/FilteringFunctions/arm_lms_init_q15.c ****  * not use this file except in compliance with the License.
  18:../Dave/Generated/CMSIS_DSP/FilteringFunctions/arm_lms_init_q15.c ****  * You may obtain a copy of the License at
  19:../Dave/Generated/CMSIS_DSP/FilteringFunctions/arm_lms_init_q15.c ****  *
  20:../Dave/Generated/CMSIS_DSP/FilteringFunctions/arm_lms_init_q15.c ****  * www.apache.org/licenses/LICENSE-2.0
  21:../Dave/Generated/CMSIS_DSP/FilteringFunctions/arm_lms_init_q15.c ****  *
  22:../Dave/Generated/CMSIS_DSP/FilteringFunctions/arm_lms_init_q15.c ****  * Unless required by applicable law or agreed to in writing, software
  23:../Dave/Generated/CMSIS_DSP/FilteringFunctions/arm_lms_init_q15.c ****  * distributed under the License is distributed on an AS IS BASIS, WITHOUT
  24:../Dave/Generated/CMSIS_DSP/FilteringFunctions/arm_lms_init_q15.c ****  * WARRANTIES OR CONDITIONS OF ANY KIND, either express or implied.
  25:../Dave/Generated/CMSIS_DSP/FilteringFunctions/arm_lms_init_q15.c ****  * See the License for the specific language governing permissions and
  26:../Dave/Generated/CMSIS_DSP/FilteringFunctions/arm_lms_init_q15.c ****  * limitations under the License.
  27:../Dave/Generated/CMSIS_DSP/FilteringFunctions/arm_lms_init_q15.c ****  */
  28:../Dave/Generated/CMSIS_DSP/FilteringFunctions/arm_lms_init_q15.c **** 
  29:../Dave/Generated/CMSIS_DSP/FilteringFunctions/arm_lms_init_q15.c **** #include "CMSIS_DSP/cmsis_dsp.h"
  30:../Dave/Generated/CMSIS_DSP/FilteringFunctions/arm_lms_init_q15.c **** 
  31:../Dave/Generated/CMSIS_DSP/FilteringFunctions/arm_lms_init_q15.c **** /**
  32:../Dave/Generated/CMSIS_DSP/FilteringFunctions/arm_lms_init_q15.c ****  * @ingroup groupFilters
  33:../Dave/Generated/CMSIS_DSP/FilteringFunctions/arm_lms_init_q15.c ****  */
  34:../Dave/Generated/CMSIS_DSP/FilteringFunctions/arm_lms_init_q15.c **** 
  35:../Dave/Generated/CMSIS_DSP/FilteringFunctions/arm_lms_init_q15.c **** /**
  36:../Dave/Generated/CMSIS_DSP/FilteringFunctions/arm_lms_init_q15.c ****  * @addtogroup LMS
  37:../Dave/Generated/CMSIS_DSP/FilteringFunctions/arm_lms_init_q15.c ****  * @{
  38:../Dave/Generated/CMSIS_DSP/FilteringFunctions/arm_lms_init_q15.c ****  */
  39:../Dave/Generated/CMSIS_DSP/FilteringFunctions/arm_lms_init_q15.c **** 
  40:../Dave/Generated/CMSIS_DSP/FilteringFunctions/arm_lms_init_q15.c **** /**
  41:../Dave/Generated/CMSIS_DSP/FilteringFunctions/arm_lms_init_q15.c **** * @brief Initialization function for the Q15 LMS filter.
  42:../Dave/Generated/CMSIS_DSP/FilteringFunctions/arm_lms_init_q15.c **** * @param[in] *S points to an instance of the Q15 LMS filter structure.
  43:../Dave/Generated/CMSIS_DSP/FilteringFunctions/arm_lms_init_q15.c **** * @param[in] numTaps  number of filter coefficients.
  44:../Dave/Generated/CMSIS_DSP/FilteringFunctions/arm_lms_init_q15.c **** * @param[in] *pCoeffs points to the coefficient buffer.
  45:../Dave/Generated/CMSIS_DSP/FilteringFunctions/arm_lms_init_q15.c **** * @param[in] *pState points to the state buffer.
  46:../Dave/Generated/CMSIS_DSP/FilteringFunctions/arm_lms_init_q15.c **** * @param[in] mu step size that controls filter coefficient updates.
  47:../Dave/Generated/CMSIS_DSP/FilteringFunctions/arm_lms_init_q15.c **** * @param[in] blockSize number of samples to process.
  48:../Dave/Generated/CMSIS_DSP/FilteringFunctions/arm_lms_init_q15.c **** * @param[in] postShift bit shift applied to coefficients.
  49:../Dave/Generated/CMSIS_DSP/FilteringFunctions/arm_lms_init_q15.c **** * @return    none.
  50:../Dave/Generated/CMSIS_DSP/FilteringFunctions/arm_lms_init_q15.c **** *
  51:../Dave/Generated/CMSIS_DSP/FilteringFunctions/arm_lms_init_q15.c **** * \par Description:
  52:../Dave/Generated/CMSIS_DSP/FilteringFunctions/arm_lms_init_q15.c **** * <code>pCoeffs</code> points to the array of filter coefficients stored in time reversed order:
  53:../Dave/Generated/CMSIS_DSP/FilteringFunctions/arm_lms_init_q15.c **** * <pre>
  54:../Dave/Generated/CMSIS_DSP/FilteringFunctions/arm_lms_init_q15.c **** *    {b[numTaps-1], b[numTaps-2], b[N-2], ..., b[1], b[0]}
  55:../Dave/Generated/CMSIS_DSP/FilteringFunctions/arm_lms_init_q15.c **** * </pre>
  56:../Dave/Generated/CMSIS_DSP/FilteringFunctions/arm_lms_init_q15.c **** * The initial filter coefficients serve as a starting point for the adaptive filter.
  57:../Dave/Generated/CMSIS_DSP/FilteringFunctions/arm_lms_init_q15.c **** * <code>pState</code> points to the array of state variables and size of array is
  58:../Dave/Generated/CMSIS_DSP/FilteringFunctions/arm_lms_init_q15.c **** * <code>numTaps+blockSize-1</code> samples, where <code>blockSize</code> is the number of
  59:../Dave/Generated/CMSIS_DSP/FilteringFunctions/arm_lms_init_q15.c **** * input samples processed by each call to <code>arm_lms_q15()</code>.
  60:../Dave/Generated/CMSIS_DSP/FilteringFunctions/arm_lms_init_q15.c **** */
  61:../Dave/Generated/CMSIS_DSP/FilteringFunctions/arm_lms_init_q15.c **** 
  62:../Dave/Generated/CMSIS_DSP/FilteringFunctions/arm_lms_init_q15.c **** void arm_lms_init_q15(
  63:../Dave/Generated/CMSIS_DSP/FilteringFunctions/arm_lms_init_q15.c ****   arm_lms_instance_q15 * S,
  64:../Dave/Generated/CMSIS_DSP/FilteringFunctions/arm_lms_init_q15.c ****   uint16_t numTaps,
  65:../Dave/Generated/CMSIS_DSP/FilteringFunctions/arm_lms_init_q15.c ****   q15_t * pCoeffs,
  66:../Dave/Generated/CMSIS_DSP/FilteringFunctions/arm_lms_init_q15.c ****   q15_t * pState,
  67:../Dave/Generated/CMSIS_DSP/FilteringFunctions/arm_lms_init_q15.c ****   q15_t mu,
  68:../Dave/Generated/CMSIS_DSP/FilteringFunctions/arm_lms_init_q15.c ****   uint32_t blockSize,
  69:../Dave/Generated/CMSIS_DSP/FilteringFunctions/arm_lms_init_q15.c ****   uint32_t postShift)
  70:../Dave/Generated/CMSIS_DSP/FilteringFunctions/arm_lms_init_q15.c **** {
  28              	 .loc 1 70 0
  29              	 .cfi_startproc
  30              	 
  31              	 
  32              	.LVL0:
  33 0000 2DE9F041 	 push {r4,r5,r6,r7,r8,lr}
  34              	.LCFI0:
  35              	 .cfi_def_cfa_offset 24
  36              	 .cfi_offset 4,-24
  37              	 .cfi_offset 5,-20
  38              	 .cfi_offset 6,-16
  39              	 .cfi_offset 7,-12
  40              	 .cfi_offset 8,-8
  41              	 .cfi_offset 14,-4
  42              	 .loc 1 70 0
  43 0004 079C     	 ldr r4,[sp,#28]
  71:../Dave/Generated/CMSIS_DSP/FilteringFunctions/arm_lms_init_q15.c ****   /* Assign filter taps */
  72:../Dave/Generated/CMSIS_DSP/FilteringFunctions/arm_lms_init_q15.c ****   S->numTaps = numTaps;
  73:../Dave/Generated/CMSIS_DSP/FilteringFunctions/arm_lms_init_q15.c **** 
  74:../Dave/Generated/CMSIS_DSP/FilteringFunctions/arm_lms_init_q15.c ****   /* Assign coefficient pointer */
  75:../Dave/Generated/CMSIS_DSP/FilteringFunctions/arm_lms_init_q15.c ****   S->pCoeffs = pCoeffs;
  44              	 .loc 1 75 0
  45 0006 8260     	 str r2,[r0,#8]
  46 0008 04F10044 	 add r4,r4,#-2147483648
  47 000c 013C     	 subs r4,r4,#1
  70:../Dave/Generated/CMSIS_DSP/FilteringFunctions/arm_lms_init_q15.c ****   /* Assign filter taps */
  48              	 .loc 1 70 0
  49 000e 0646     	 mov r6,r0
  76:../Dave/Generated/CMSIS_DSP/FilteringFunctions/arm_lms_init_q15.c **** 
  77:../Dave/Generated/CMSIS_DSP/FilteringFunctions/arm_lms_init_q15.c ****   /* Clear state buffer and size is always blockSize + numTaps - 1 */
  78:../Dave/Generated/CMSIS_DSP/FilteringFunctions/arm_lms_init_q15.c ****   memset(pState, 0, (numTaps + (blockSize - 1u)) * sizeof(q15_t));
  50              	 .loc 1 78 0
  51 0010 0C44     	 add r4,r4,r1
  72:../Dave/Generated/CMSIS_DSP/FilteringFunctions/arm_lms_init_q15.c **** 
  52              	 .loc 1 72 0
  53 0012 0180     	 strh r1,[r0]
  70:../Dave/Generated/CMSIS_DSP/FilteringFunctions/arm_lms_init_q15.c ****   /* Assign filter taps */
  54              	 .loc 1 70 0
  55 0014 BDF91880 	 ldrsh r8,[sp,#24]
  56 0018 089D     	 ldr r5,[sp,#32]
  57 001a 1F46     	 mov r7,r3
  58              	 .loc 1 78 0
  59 001c 6200     	 lsls r2,r4,#1
  60              	.LVL1:
  61 001e 1846     	 mov r0,r3
  62              	.LVL2:
  63 0020 0021     	 movs r1,#0
  64              	.LVL3:
  65 0022 FFF7FEFF 	 bl memset
  66              	.LVL4:
  79:../Dave/Generated/CMSIS_DSP/FilteringFunctions/arm_lms_init_q15.c **** 
  80:../Dave/Generated/CMSIS_DSP/FilteringFunctions/arm_lms_init_q15.c ****   /* Assign state pointer */
  81:../Dave/Generated/CMSIS_DSP/FilteringFunctions/arm_lms_init_q15.c ****   S->pState = pState;
  67              	 .loc 1 81 0
  68 0026 7760     	 str r7,[r6,#4]
  82:../Dave/Generated/CMSIS_DSP/FilteringFunctions/arm_lms_init_q15.c **** 
  83:../Dave/Generated/CMSIS_DSP/FilteringFunctions/arm_lms_init_q15.c ****   /* Assign Step size value */
  84:../Dave/Generated/CMSIS_DSP/FilteringFunctions/arm_lms_init_q15.c ****   S->mu = mu;
  69              	 .loc 1 84 0
  70 0028 A6F80C80 	 strh r8,[r6,#12]
  85:../Dave/Generated/CMSIS_DSP/FilteringFunctions/arm_lms_init_q15.c **** 
  86:../Dave/Generated/CMSIS_DSP/FilteringFunctions/arm_lms_init_q15.c ****   /* Assign postShift value to be applied */
  87:../Dave/Generated/CMSIS_DSP/FilteringFunctions/arm_lms_init_q15.c ****   S->postShift = postShift;
  71              	 .loc 1 87 0
  72 002c 3561     	 str r5,[r6,#16]
  73 002e BDE8F081 	 pop {r4,r5,r6,r7,r8,pc}
  74              	 .cfi_endproc
  75              	.LFE135:
  77 0032 00BF     	 .text
  78              	.Letext0:
  79              	 .file 2 "c:\\infineon\\tools\\dave ide\\4.5.0.202105191637\\eclipse\\arm-gcc-49\\arm-none-eabi\\include\\machine\\_default_types.h"
  80              	 .file 3 "c:\\infineon\\tools\\dave ide\\4.5.0.202105191637\\eclipse\\arm-gcc-49\\arm-none-eabi\\include\\stdint.h"
  81              	 .file 4 "C:/Users/Utente/Desktop/Tesi/Firmware_Software/DAVE project/S2GLP_Pulsed_Doppler/Dave/Generated/CMSIS_DSP/arm_math.h"
DEFINED SYMBOLS
                            *ABS*:00000000 arm_lms_init_q15.c
    {standard input}:20     .text.arm_lms_init_q15:00000000 $t
    {standard input}:25     .text.arm_lms_init_q15:00000000 arm_lms_init_q15
                     .debug_frame:00000010 $d

UNDEFINED SYMBOLS
memset
