   1              	 .syntax unified
   2              	 .cpu cortex-m4
   3              	 .eabi_attribute 27,3
   4              	 .fpu fpv4-sp-d16
   5              	 .eabi_attribute 20,1
   6              	 .eabi_attribute 21,1
   7              	 .eabi_attribute 23,3
   8              	 .eabi_attribute 24,1
   9              	 .eabi_attribute 25,1
  10              	 .eabi_attribute 26,1
  11              	 .eabi_attribute 30,2
  12              	 .eabi_attribute 34,1
  13              	 .eabi_attribute 18,4
  14              	 .thumb
  15              	 .file "arm_fir_init_q7.c"
  16              	 .text
  17              	.Ltext0:
  18              	 .cfi_sections .debug_frame
  19              	 .section .text.arm_fir_init_q7,"ax",%progbits
  20              	 .align 2
  21              	 .global arm_fir_init_q7
  22              	 .thumb
  23              	 .thumb_func
  25              	arm_fir_init_q7:
  26              	.LFB135:
  27              	 .file 1 "../Dave/Generated/CMSIS_DSP/FilteringFunctions/arm_fir_init_q7.c"
   1:../Dave/Generated/CMSIS_DSP/FilteringFunctions/arm_fir_init_q7.c **** /* ----------------------------------------------------------------------
   2:../Dave/Generated/CMSIS_DSP/FilteringFunctions/arm_fir_init_q7.c ****  * Project:      CMSIS DSP Library
   3:../Dave/Generated/CMSIS_DSP/FilteringFunctions/arm_fir_init_q7.c ****  * Title:        arm_fir_init_q7.c
   4:../Dave/Generated/CMSIS_DSP/FilteringFunctions/arm_fir_init_q7.c ****  * Description:  Q7 FIR filter initialization function
   5:../Dave/Generated/CMSIS_DSP/FilteringFunctions/arm_fir_init_q7.c ****  *
   6:../Dave/Generated/CMSIS_DSP/FilteringFunctions/arm_fir_init_q7.c ****  * $Date:        27. January 2017
   7:../Dave/Generated/CMSIS_DSP/FilteringFunctions/arm_fir_init_q7.c ****  * $Revision:    V.1.5.1
   8:../Dave/Generated/CMSIS_DSP/FilteringFunctions/arm_fir_init_q7.c ****  *
   9:../Dave/Generated/CMSIS_DSP/FilteringFunctions/arm_fir_init_q7.c ****  * Target Processor: Cortex-M cores
  10:../Dave/Generated/CMSIS_DSP/FilteringFunctions/arm_fir_init_q7.c ****  * -------------------------------------------------------------------- */
  11:../Dave/Generated/CMSIS_DSP/FilteringFunctions/arm_fir_init_q7.c **** /*
  12:../Dave/Generated/CMSIS_DSP/FilteringFunctions/arm_fir_init_q7.c ****  * Copyright (C) 2010-2017 ARM Limited or its affiliates. All rights reserved.
  13:../Dave/Generated/CMSIS_DSP/FilteringFunctions/arm_fir_init_q7.c ****  *
  14:../Dave/Generated/CMSIS_DSP/FilteringFunctions/arm_fir_init_q7.c ****  * SPDX-License-Identifier: Apache-2.0
  15:../Dave/Generated/CMSIS_DSP/FilteringFunctions/arm_fir_init_q7.c ****  *
  16:../Dave/Generated/CMSIS_DSP/FilteringFunctions/arm_fir_init_q7.c ****  * Licensed under the Apache License, Version 2.0 (the License); you may
  17:../Dave/Generated/CMSIS_DSP/FilteringFunctions/arm_fir_init_q7.c ****  * not use this file except in compliance with the License.
  18:../Dave/Generated/CMSIS_DSP/FilteringFunctions/arm_fir_init_q7.c ****  * You may obtain a copy of the License at
  19:../Dave/Generated/CMSIS_DSP/FilteringFunctions/arm_fir_init_q7.c ****  *
  20:../Dave/Generated/CMSIS_DSP/FilteringFunctions/arm_fir_init_q7.c ****  * www.apache.org/licenses/LICENSE-2.0
  21:../Dave/Generated/CMSIS_DSP/FilteringFunctions/arm_fir_init_q7.c ****  *
  22:../Dave/Generated/CMSIS_DSP/FilteringFunctions/arm_fir_init_q7.c ****  * Unless required by applicable law or agreed to in writing, software
  23:../Dave/Generated/CMSIS_DSP/FilteringFunctions/arm_fir_init_q7.c ****  * distributed under the License is distributed on an AS IS BASIS, WITHOUT
  24:../Dave/Generated/CMSIS_DSP/FilteringFunctions/arm_fir_init_q7.c ****  * WARRANTIES OR CONDITIONS OF ANY KIND, either express or implied.
  25:../Dave/Generated/CMSIS_DSP/FilteringFunctions/arm_fir_init_q7.c ****  * See the License for the specific language governing permissions and
  26:../Dave/Generated/CMSIS_DSP/FilteringFunctions/arm_fir_init_q7.c ****  * limitations under the License.
  27:../Dave/Generated/CMSIS_DSP/FilteringFunctions/arm_fir_init_q7.c ****  */
  28:../Dave/Generated/CMSIS_DSP/FilteringFunctions/arm_fir_init_q7.c **** 
  29:../Dave/Generated/CMSIS_DSP/FilteringFunctions/arm_fir_init_q7.c **** #include "CMSIS_DSP/cmsis_dsp.h"
  30:../Dave/Generated/CMSIS_DSP/FilteringFunctions/arm_fir_init_q7.c **** 
  31:../Dave/Generated/CMSIS_DSP/FilteringFunctions/arm_fir_init_q7.c **** /**
  32:../Dave/Generated/CMSIS_DSP/FilteringFunctions/arm_fir_init_q7.c ****  * @ingroup groupFilters
  33:../Dave/Generated/CMSIS_DSP/FilteringFunctions/arm_fir_init_q7.c ****  */
  34:../Dave/Generated/CMSIS_DSP/FilteringFunctions/arm_fir_init_q7.c **** 
  35:../Dave/Generated/CMSIS_DSP/FilteringFunctions/arm_fir_init_q7.c **** /**
  36:../Dave/Generated/CMSIS_DSP/FilteringFunctions/arm_fir_init_q7.c ****  * @addtogroup FIR
  37:../Dave/Generated/CMSIS_DSP/FilteringFunctions/arm_fir_init_q7.c ****  * @{
  38:../Dave/Generated/CMSIS_DSP/FilteringFunctions/arm_fir_init_q7.c ****  */
  39:../Dave/Generated/CMSIS_DSP/FilteringFunctions/arm_fir_init_q7.c **** /**
  40:../Dave/Generated/CMSIS_DSP/FilteringFunctions/arm_fir_init_q7.c ****  * @param[in,out] *S points to an instance of the Q7 FIR filter structure.
  41:../Dave/Generated/CMSIS_DSP/FilteringFunctions/arm_fir_init_q7.c ****  * @param[in] 	  numTaps  Number of filter coefficients in the filter.
  42:../Dave/Generated/CMSIS_DSP/FilteringFunctions/arm_fir_init_q7.c ****  * @param[in] 	  *pCoeffs points to the filter coefficients buffer.
  43:../Dave/Generated/CMSIS_DSP/FilteringFunctions/arm_fir_init_q7.c ****  * @param[in]     *pState points to the state buffer.
  44:../Dave/Generated/CMSIS_DSP/FilteringFunctions/arm_fir_init_q7.c ****  * @param[in]     blockSize number of samples that are processed per call.
  45:../Dave/Generated/CMSIS_DSP/FilteringFunctions/arm_fir_init_q7.c ****  * @return     	  none
  46:../Dave/Generated/CMSIS_DSP/FilteringFunctions/arm_fir_init_q7.c ****  *
  47:../Dave/Generated/CMSIS_DSP/FilteringFunctions/arm_fir_init_q7.c ****  * <b>Description:</b>
  48:../Dave/Generated/CMSIS_DSP/FilteringFunctions/arm_fir_init_q7.c ****  * \par
  49:../Dave/Generated/CMSIS_DSP/FilteringFunctions/arm_fir_init_q7.c ****  * <code>pCoeffs</code> points to the array of filter coefficients stored in time reversed order:
  50:../Dave/Generated/CMSIS_DSP/FilteringFunctions/arm_fir_init_q7.c ****  * <pre>
  51:../Dave/Generated/CMSIS_DSP/FilteringFunctions/arm_fir_init_q7.c ****  *    {b[numTaps-1], b[numTaps-2], b[N-2], ..., b[1], b[0]}
  52:../Dave/Generated/CMSIS_DSP/FilteringFunctions/arm_fir_init_q7.c ****  * </pre>
  53:../Dave/Generated/CMSIS_DSP/FilteringFunctions/arm_fir_init_q7.c ****  * \par
  54:../Dave/Generated/CMSIS_DSP/FilteringFunctions/arm_fir_init_q7.c ****  * <code>pState</code> points to the array of state variables.
  55:../Dave/Generated/CMSIS_DSP/FilteringFunctions/arm_fir_init_q7.c ****  * <code>pState</code> is of length <code>numTaps+blockSize-1</code> samples, where <code>blockSize
  56:../Dave/Generated/CMSIS_DSP/FilteringFunctions/arm_fir_init_q7.c ****  */
  57:../Dave/Generated/CMSIS_DSP/FilteringFunctions/arm_fir_init_q7.c **** 
  58:../Dave/Generated/CMSIS_DSP/FilteringFunctions/arm_fir_init_q7.c **** void arm_fir_init_q7(
  59:../Dave/Generated/CMSIS_DSP/FilteringFunctions/arm_fir_init_q7.c ****   arm_fir_instance_q7 * S,
  60:../Dave/Generated/CMSIS_DSP/FilteringFunctions/arm_fir_init_q7.c ****   uint16_t numTaps,
  61:../Dave/Generated/CMSIS_DSP/FilteringFunctions/arm_fir_init_q7.c ****   q7_t * pCoeffs,
  62:../Dave/Generated/CMSIS_DSP/FilteringFunctions/arm_fir_init_q7.c ****   q7_t * pState,
  63:../Dave/Generated/CMSIS_DSP/FilteringFunctions/arm_fir_init_q7.c ****   uint32_t blockSize)
  64:../Dave/Generated/CMSIS_DSP/FilteringFunctions/arm_fir_init_q7.c **** {
  28              	 .loc 1 64 0
  29              	 .cfi_startproc
  30              	 
  31              	 
  32              	.LVL0:
  33 0000 70B5     	 push {r4,r5,r6,lr}
  34              	.LCFI0:
  35              	 .cfi_def_cfa_offset 16
  36              	 .cfi_offset 4,-16
  37              	 .cfi_offset 5,-12
  38              	 .cfi_offset 6,-8
  39              	 .cfi_offset 14,-4
  40              	 .loc 1 64 0
  41 0002 049D     	 ldr r5,[sp,#16]
  65:../Dave/Generated/CMSIS_DSP/FilteringFunctions/arm_fir_init_q7.c **** 
  66:../Dave/Generated/CMSIS_DSP/FilteringFunctions/arm_fir_init_q7.c ****   /* Assign filter taps */
  67:../Dave/Generated/CMSIS_DSP/FilteringFunctions/arm_fir_init_q7.c ****   S->numTaps = numTaps;
  68:../Dave/Generated/CMSIS_DSP/FilteringFunctions/arm_fir_init_q7.c **** 
  69:../Dave/Generated/CMSIS_DSP/FilteringFunctions/arm_fir_init_q7.c ****   /* Assign coefficient pointer */
  70:../Dave/Generated/CMSIS_DSP/FilteringFunctions/arm_fir_init_q7.c ****   S->pCoeffs = pCoeffs;
  42              	 .loc 1 70 0
  43 0004 8260     	 str r2,[r0,#8]
  64:../Dave/Generated/CMSIS_DSP/FilteringFunctions/arm_fir_init_q7.c **** 
  44              	 .loc 1 64 0
  45 0006 0446     	 mov r4,r0
  46 0008 013D     	 subs r5,r5,#1
  67:../Dave/Generated/CMSIS_DSP/FilteringFunctions/arm_fir_init_q7.c **** 
  47              	 .loc 1 67 0
  48 000a 0180     	 strh r1,[r0]
  64:../Dave/Generated/CMSIS_DSP/FilteringFunctions/arm_fir_init_q7.c **** 
  49              	 .loc 1 64 0
  50 000c 1E46     	 mov r6,r3
  71:../Dave/Generated/CMSIS_DSP/FilteringFunctions/arm_fir_init_q7.c **** 
  72:../Dave/Generated/CMSIS_DSP/FilteringFunctions/arm_fir_init_q7.c ****   /* Clear the state buffer.  The size is always (blockSize + numTaps - 1) */
  73:../Dave/Generated/CMSIS_DSP/FilteringFunctions/arm_fir_init_q7.c ****   memset(pState, 0, (numTaps + (blockSize - 1u)) * sizeof(q7_t));
  51              	 .loc 1 73 0
  52 000e 6A18     	 adds r2,r5,r1
  53              	.LVL1:
  54 0010 1846     	 mov r0,r3
  55              	.LVL2:
  56 0012 0021     	 movs r1,#0
  57              	.LVL3:
  58 0014 FFF7FEFF 	 bl memset
  59              	.LVL4:
  74:../Dave/Generated/CMSIS_DSP/FilteringFunctions/arm_fir_init_q7.c **** 
  75:../Dave/Generated/CMSIS_DSP/FilteringFunctions/arm_fir_init_q7.c ****   /* Assign state pointer */
  76:../Dave/Generated/CMSIS_DSP/FilteringFunctions/arm_fir_init_q7.c ****   S->pState = pState;
  60              	 .loc 1 76 0
  61 0018 6660     	 str r6,[r4,#4]
  62 001a 70BD     	 pop {r4,r5,r6,pc}
  63              	 .cfi_endproc
  64              	.LFE135:
  66              	 .text
  67              	.Letext0:
  68              	 .file 2 "c:\\infineon\\tools\\dave ide\\4.5.0.202105191637\\eclipse\\arm-gcc-49\\arm-none-eabi\\include\\machine\\_default_types.h"
  69              	 .file 3 "c:\\infineon\\tools\\dave ide\\4.5.0.202105191637\\eclipse\\arm-gcc-49\\arm-none-eabi\\include\\stdint.h"
  70              	 .file 4 "C:/Users/Utente/Desktop/Tesi/Firmware_Software/DAVE project/S2GLP_Pulsed_Doppler/Dave/Generated/CMSIS_DSP/arm_math.h"
DEFINED SYMBOLS
                            *ABS*:00000000 arm_fir_init_q7.c
    {standard input}:20     .text.arm_fir_init_q7:00000000 $t
    {standard input}:25     .text.arm_fir_init_q7:00000000 arm_fir_init_q7
                     .debug_frame:00000010 $d

UNDEFINED SYMBOLS
memset
