   1              	 .syntax unified
   2              	 .cpu cortex-m4
   3              	 .eabi_attribute 27,3
   4              	 .fpu fpv4-sp-d16
   5              	 .eabi_attribute 20,1
   6              	 .eabi_attribute 21,1
   7              	 .eabi_attribute 23,3
   8              	 .eabi_attribute 24,1
   9              	 .eabi_attribute 25,1
  10              	 .eabi_attribute 26,1
  11              	 .eabi_attribute 30,2
  12              	 .eabi_attribute 34,1
  13              	 .eabi_attribute 18,4
  14              	 .thumb
  15              	 .file "arm_lms_norm_init_f32.c"
  16              	 .text
  17              	.Ltext0:
  18              	 .cfi_sections .debug_frame
  19              	 .section .text.arm_lms_norm_init_f32,"ax",%progbits
  20              	 .align 2
  21              	 .global arm_lms_norm_init_f32
  22              	 .thumb
  23              	 .thumb_func
  25              	arm_lms_norm_init_f32:
  26              	.LFB135:
  27              	 .file 1 "../Dave/Generated/CMSIS_DSP/FilteringFunctions/arm_lms_norm_init_f32.c"
   1:../Dave/Generated/CMSIS_DSP/FilteringFunctions/arm_lms_norm_init_f32.c **** /* ----------------------------------------------------------------------
   2:../Dave/Generated/CMSIS_DSP/FilteringFunctions/arm_lms_norm_init_f32.c ****  * Project:      CMSIS DSP Library
   3:../Dave/Generated/CMSIS_DSP/FilteringFunctions/arm_lms_norm_init_f32.c ****  * Title:        arm_lms_norm_init_f32.c
   4:../Dave/Generated/CMSIS_DSP/FilteringFunctions/arm_lms_norm_init_f32.c ****  * Description:  Floating-point NLMS filter initialization function
   5:../Dave/Generated/CMSIS_DSP/FilteringFunctions/arm_lms_norm_init_f32.c ****  *
   6:../Dave/Generated/CMSIS_DSP/FilteringFunctions/arm_lms_norm_init_f32.c ****  * $Date:        27. January 2017
   7:../Dave/Generated/CMSIS_DSP/FilteringFunctions/arm_lms_norm_init_f32.c ****  * $Revision:    V.1.5.1
   8:../Dave/Generated/CMSIS_DSP/FilteringFunctions/arm_lms_norm_init_f32.c ****  *
   9:../Dave/Generated/CMSIS_DSP/FilteringFunctions/arm_lms_norm_init_f32.c ****  * Target Processor: Cortex-M cores
  10:../Dave/Generated/CMSIS_DSP/FilteringFunctions/arm_lms_norm_init_f32.c ****  * -------------------------------------------------------------------- */
  11:../Dave/Generated/CMSIS_DSP/FilteringFunctions/arm_lms_norm_init_f32.c **** /*
  12:../Dave/Generated/CMSIS_DSP/FilteringFunctions/arm_lms_norm_init_f32.c ****  * Copyright (C) 2010-2017 ARM Limited or its affiliates. All rights reserved.
  13:../Dave/Generated/CMSIS_DSP/FilteringFunctions/arm_lms_norm_init_f32.c ****  *
  14:../Dave/Generated/CMSIS_DSP/FilteringFunctions/arm_lms_norm_init_f32.c ****  * SPDX-License-Identifier: Apache-2.0
  15:../Dave/Generated/CMSIS_DSP/FilteringFunctions/arm_lms_norm_init_f32.c ****  *
  16:../Dave/Generated/CMSIS_DSP/FilteringFunctions/arm_lms_norm_init_f32.c ****  * Licensed under the Apache License, Version 2.0 (the License); you may
  17:../Dave/Generated/CMSIS_DSP/FilteringFunctions/arm_lms_norm_init_f32.c ****  * not use this file except in compliance with the License.
  18:../Dave/Generated/CMSIS_DSP/FilteringFunctions/arm_lms_norm_init_f32.c ****  * You may obtain a copy of the License at
  19:../Dave/Generated/CMSIS_DSP/FilteringFunctions/arm_lms_norm_init_f32.c ****  *
  20:../Dave/Generated/CMSIS_DSP/FilteringFunctions/arm_lms_norm_init_f32.c ****  * www.apache.org/licenses/LICENSE-2.0
  21:../Dave/Generated/CMSIS_DSP/FilteringFunctions/arm_lms_norm_init_f32.c ****  *
  22:../Dave/Generated/CMSIS_DSP/FilteringFunctions/arm_lms_norm_init_f32.c ****  * Unless required by applicable law or agreed to in writing, software
  23:../Dave/Generated/CMSIS_DSP/FilteringFunctions/arm_lms_norm_init_f32.c ****  * distributed under the License is distributed on an AS IS BASIS, WITHOUT
  24:../Dave/Generated/CMSIS_DSP/FilteringFunctions/arm_lms_norm_init_f32.c ****  * WARRANTIES OR CONDITIONS OF ANY KIND, either express or implied.
  25:../Dave/Generated/CMSIS_DSP/FilteringFunctions/arm_lms_norm_init_f32.c ****  * See the License for the specific language governing permissions and
  26:../Dave/Generated/CMSIS_DSP/FilteringFunctions/arm_lms_norm_init_f32.c ****  * limitations under the License.
  27:../Dave/Generated/CMSIS_DSP/FilteringFunctions/arm_lms_norm_init_f32.c ****  */
  28:../Dave/Generated/CMSIS_DSP/FilteringFunctions/arm_lms_norm_init_f32.c **** 
  29:../Dave/Generated/CMSIS_DSP/FilteringFunctions/arm_lms_norm_init_f32.c **** #include "CMSIS_DSP/cmsis_dsp.h"
  30:../Dave/Generated/CMSIS_DSP/FilteringFunctions/arm_lms_norm_init_f32.c **** 
  31:../Dave/Generated/CMSIS_DSP/FilteringFunctions/arm_lms_norm_init_f32.c **** /**
  32:../Dave/Generated/CMSIS_DSP/FilteringFunctions/arm_lms_norm_init_f32.c ****  * @ingroup groupFilters
  33:../Dave/Generated/CMSIS_DSP/FilteringFunctions/arm_lms_norm_init_f32.c ****  */
  34:../Dave/Generated/CMSIS_DSP/FilteringFunctions/arm_lms_norm_init_f32.c **** 
  35:../Dave/Generated/CMSIS_DSP/FilteringFunctions/arm_lms_norm_init_f32.c **** /**
  36:../Dave/Generated/CMSIS_DSP/FilteringFunctions/arm_lms_norm_init_f32.c ****  * @addtogroup LMS_NORM
  37:../Dave/Generated/CMSIS_DSP/FilteringFunctions/arm_lms_norm_init_f32.c ****  * @{
  38:../Dave/Generated/CMSIS_DSP/FilteringFunctions/arm_lms_norm_init_f32.c ****  */
  39:../Dave/Generated/CMSIS_DSP/FilteringFunctions/arm_lms_norm_init_f32.c **** 
  40:../Dave/Generated/CMSIS_DSP/FilteringFunctions/arm_lms_norm_init_f32.c ****   /**
  41:../Dave/Generated/CMSIS_DSP/FilteringFunctions/arm_lms_norm_init_f32.c ****    * @brief Initialization function for floating-point normalized LMS filter.
  42:../Dave/Generated/CMSIS_DSP/FilteringFunctions/arm_lms_norm_init_f32.c ****    * @param[in] *S points to an instance of the floating-point LMS filter structure.
  43:../Dave/Generated/CMSIS_DSP/FilteringFunctions/arm_lms_norm_init_f32.c ****    * @param[in] numTaps  number of filter coefficients.
  44:../Dave/Generated/CMSIS_DSP/FilteringFunctions/arm_lms_norm_init_f32.c ****    * @param[in] *pCoeffs points to coefficient buffer.
  45:../Dave/Generated/CMSIS_DSP/FilteringFunctions/arm_lms_norm_init_f32.c ****    * @param[in] *pState points to state buffer.
  46:../Dave/Generated/CMSIS_DSP/FilteringFunctions/arm_lms_norm_init_f32.c ****    * @param[in] mu step size that controls filter coefficient updates.
  47:../Dave/Generated/CMSIS_DSP/FilteringFunctions/arm_lms_norm_init_f32.c ****    * @param[in] blockSize number of samples to process.
  48:../Dave/Generated/CMSIS_DSP/FilteringFunctions/arm_lms_norm_init_f32.c ****    * @return none.
  49:../Dave/Generated/CMSIS_DSP/FilteringFunctions/arm_lms_norm_init_f32.c ****    *
  50:../Dave/Generated/CMSIS_DSP/FilteringFunctions/arm_lms_norm_init_f32.c ****  * \par Description:
  51:../Dave/Generated/CMSIS_DSP/FilteringFunctions/arm_lms_norm_init_f32.c ****  * <code>pCoeffs</code> points to the array of filter coefficients stored in time reversed order:
  52:../Dave/Generated/CMSIS_DSP/FilteringFunctions/arm_lms_norm_init_f32.c ****  * <pre>
  53:../Dave/Generated/CMSIS_DSP/FilteringFunctions/arm_lms_norm_init_f32.c ****  *    {b[numTaps-1], b[numTaps-2], b[N-2], ..., b[1], b[0]}
  54:../Dave/Generated/CMSIS_DSP/FilteringFunctions/arm_lms_norm_init_f32.c ****  * </pre>
  55:../Dave/Generated/CMSIS_DSP/FilteringFunctions/arm_lms_norm_init_f32.c ****  * The initial filter coefficients serve as a starting point for the adaptive filter.
  56:../Dave/Generated/CMSIS_DSP/FilteringFunctions/arm_lms_norm_init_f32.c ****  * <code>pState</code> points to an array of length <code>numTaps+blockSize-1</code> samples,
  57:../Dave/Generated/CMSIS_DSP/FilteringFunctions/arm_lms_norm_init_f32.c ****  * where <code>blockSize</code> is the number of input samples processed by each call to <code>arm_
  58:../Dave/Generated/CMSIS_DSP/FilteringFunctions/arm_lms_norm_init_f32.c ****  */
  59:../Dave/Generated/CMSIS_DSP/FilteringFunctions/arm_lms_norm_init_f32.c **** 
  60:../Dave/Generated/CMSIS_DSP/FilteringFunctions/arm_lms_norm_init_f32.c **** void arm_lms_norm_init_f32(
  61:../Dave/Generated/CMSIS_DSP/FilteringFunctions/arm_lms_norm_init_f32.c ****   arm_lms_norm_instance_f32 * S,
  62:../Dave/Generated/CMSIS_DSP/FilteringFunctions/arm_lms_norm_init_f32.c ****   uint16_t numTaps,
  63:../Dave/Generated/CMSIS_DSP/FilteringFunctions/arm_lms_norm_init_f32.c ****   float32_t * pCoeffs,
  64:../Dave/Generated/CMSIS_DSP/FilteringFunctions/arm_lms_norm_init_f32.c ****   float32_t * pState,
  65:../Dave/Generated/CMSIS_DSP/FilteringFunctions/arm_lms_norm_init_f32.c ****   float32_t mu,
  66:../Dave/Generated/CMSIS_DSP/FilteringFunctions/arm_lms_norm_init_f32.c ****   uint32_t blockSize)
  67:../Dave/Generated/CMSIS_DSP/FilteringFunctions/arm_lms_norm_init_f32.c **** {
  28              	 .loc 1 67 0
  29              	 .cfi_startproc
  30              	 
  31              	 
  32              	.LVL0:
  33 0000 F8B5     	 push {r3,r4,r5,r6,r7,lr}
  34              	.LCFI0:
  35              	 .cfi_def_cfa_offset 24
  36              	 .cfi_offset 3,-24
  37              	 .cfi_offset 4,-20
  38              	 .cfi_offset 5,-16
  39              	 .cfi_offset 6,-12
  40              	 .cfi_offset 7,-8
  41              	 .cfi_offset 14,-4
  42              	 .loc 1 67 0
  43 0002 079C     	 ldr r4,[sp,#28]
  68:../Dave/Generated/CMSIS_DSP/FilteringFunctions/arm_lms_norm_init_f32.c ****   /* Assign filter taps */
  69:../Dave/Generated/CMSIS_DSP/FilteringFunctions/arm_lms_norm_init_f32.c ****   S->numTaps = numTaps;
  70:../Dave/Generated/CMSIS_DSP/FilteringFunctions/arm_lms_norm_init_f32.c **** 
  71:../Dave/Generated/CMSIS_DSP/FilteringFunctions/arm_lms_norm_init_f32.c ****   /* Assign coefficient pointer */
  72:../Dave/Generated/CMSIS_DSP/FilteringFunctions/arm_lms_norm_init_f32.c ****   S->pCoeffs = pCoeffs;
  44              	 .loc 1 72 0
  45 0004 8260     	 str r2,[r0,#8]
  46 0006 04F18044 	 add r4,r4,#1073741824
  47 000a 013C     	 subs r4,r4,#1
  73:../Dave/Generated/CMSIS_DSP/FilteringFunctions/arm_lms_norm_init_f32.c **** 
  74:../Dave/Generated/CMSIS_DSP/FilteringFunctions/arm_lms_norm_init_f32.c ****   /* Clear state buffer and size is always blockSize + numTaps - 1 */
  75:../Dave/Generated/CMSIS_DSP/FilteringFunctions/arm_lms_norm_init_f32.c ****   memset(pState, 0, (numTaps + (blockSize - 1u)) * sizeof(float32_t));
  48              	 .loc 1 75 0
  49 000c 0C44     	 add r4,r4,r1
  67:../Dave/Generated/CMSIS_DSP/FilteringFunctions/arm_lms_norm_init_f32.c ****   /* Assign filter taps */
  50              	 .loc 1 67 0
  51 000e 0546     	 mov r5,r0
  69:../Dave/Generated/CMSIS_DSP/FilteringFunctions/arm_lms_norm_init_f32.c **** 
  52              	 .loc 1 69 0
  53 0010 0180     	 strh r1,[r0]
  54              	 .loc 1 75 0
  55 0012 A200     	 lsls r2,r4,#2
  56              	.LVL1:
  57 0014 1846     	 mov r0,r3
  58              	.LVL2:
  59 0016 0021     	 movs r1,#0
  60              	.LVL3:
  67:../Dave/Generated/CMSIS_DSP/FilteringFunctions/arm_lms_norm_init_f32.c ****   /* Assign filter taps */
  61              	 .loc 1 67 0
  62 0018 069F     	 ldr r7,[sp,#24]
  63 001a 1E46     	 mov r6,r3
  64              	 .loc 1 75 0
  65 001c FFF7FEFF 	 bl memset
  66              	.LVL4:
  76:../Dave/Generated/CMSIS_DSP/FilteringFunctions/arm_lms_norm_init_f32.c **** 
  77:../Dave/Generated/CMSIS_DSP/FilteringFunctions/arm_lms_norm_init_f32.c ****   /* Assign state pointer */
  78:../Dave/Generated/CMSIS_DSP/FilteringFunctions/arm_lms_norm_init_f32.c ****   S->pState = pState;
  79:../Dave/Generated/CMSIS_DSP/FilteringFunctions/arm_lms_norm_init_f32.c **** 
  80:../Dave/Generated/CMSIS_DSP/FilteringFunctions/arm_lms_norm_init_f32.c ****   /* Assign Step size value */
  81:../Dave/Generated/CMSIS_DSP/FilteringFunctions/arm_lms_norm_init_f32.c ****   S->mu = mu;
  82:../Dave/Generated/CMSIS_DSP/FilteringFunctions/arm_lms_norm_init_f32.c **** 
  83:../Dave/Generated/CMSIS_DSP/FilteringFunctions/arm_lms_norm_init_f32.c ****   /* Initialise Energy to zero */
  84:../Dave/Generated/CMSIS_DSP/FilteringFunctions/arm_lms_norm_init_f32.c ****   S->energy = 0.0f;
  67              	 .loc 1 84 0
  68 0020 0022     	 movs r2,#0
  78:../Dave/Generated/CMSIS_DSP/FilteringFunctions/arm_lms_norm_init_f32.c **** 
  69              	 .loc 1 78 0
  70 0022 6E60     	 str r6,[r5,#4]
  81:../Dave/Generated/CMSIS_DSP/FilteringFunctions/arm_lms_norm_init_f32.c **** 
  71              	 .loc 1 81 0
  72 0024 EF60     	 str r7,[r5,#12]
  73              	 .loc 1 84 0
  74 0026 2A61     	 str r2,[r5,#16]
  85:../Dave/Generated/CMSIS_DSP/FilteringFunctions/arm_lms_norm_init_f32.c **** 
  86:../Dave/Generated/CMSIS_DSP/FilteringFunctions/arm_lms_norm_init_f32.c ****   /* Initialise x0 to zero */
  87:../Dave/Generated/CMSIS_DSP/FilteringFunctions/arm_lms_norm_init_f32.c ****   S->x0 = 0.0f;
  75              	 .loc 1 87 0
  76 0028 6A61     	 str r2,[r5,#20]
  77 002a F8BD     	 pop {r3,r4,r5,r6,r7,pc}
  78              	 .cfi_endproc
  79              	.LFE135:
  81              	 .text
  82              	.Letext0:
  83              	 .file 2 "c:\\infineon\\tools\\dave ide\\4.5.0.202105191637\\eclipse\\arm-gcc-49\\arm-none-eabi\\include\\machine\\_default_types.h"
  84              	 .file 3 "c:\\infineon\\tools\\dave ide\\4.5.0.202105191637\\eclipse\\arm-gcc-49\\arm-none-eabi\\include\\stdint.h"
  85              	 .file 4 "C:/Users/Utente/Desktop/Tesi/Firmware_Software/DAVE project/S2GLP_Pulsed_Doppler/Dave/Generated/CMSIS_DSP/arm_math.h"
DEFINED SYMBOLS
                            *ABS*:00000000 arm_lms_norm_init_f32.c
    {standard input}:20     .text.arm_lms_norm_init_f32:00000000 $t
    {standard input}:25     .text.arm_lms_norm_init_f32:00000000 arm_lms_norm_init_f32
                     .debug_frame:00000010 $d

UNDEFINED SYMBOLS
memset
