   1              	 .syntax unified
   2              	 .cpu cortex-m4
   3              	 .eabi_attribute 27,3
   4              	 .fpu fpv4-sp-d16
   5              	 .eabi_attribute 20,1
   6              	 .eabi_attribute 21,1
   7              	 .eabi_attribute 23,3
   8              	 .eabi_attribute 24,1
   9              	 .eabi_attribute 25,1
  10              	 .eabi_attribute 26,1
  11              	 .eabi_attribute 30,2
  12              	 .eabi_attribute 34,1
  13              	 .eabi_attribute 18,4
  14              	 .thumb
  15              	 .file "arm_fir_init_f32.c"
  16              	 .text
  17              	.Ltext0:
  18              	 .cfi_sections .debug_frame
  19              	 .section .text.arm_fir_init_f32,"ax",%progbits
  20              	 .align 2
  21              	 .global arm_fir_init_f32
  22              	 .thumb
  23              	 .thumb_func
  25              	arm_fir_init_f32:
  26              	.LFB135:
  27              	 .file 1 "../Dave/Generated/CMSIS_DSP/FilteringFunctions/arm_fir_init_f32.c"
   1:../Dave/Generated/CMSIS_DSP/FilteringFunctions/arm_fir_init_f32.c **** /* ----------------------------------------------------------------------
   2:../Dave/Generated/CMSIS_DSP/FilteringFunctions/arm_fir_init_f32.c ****  * Project:      CMSIS DSP Library
   3:../Dave/Generated/CMSIS_DSP/FilteringFunctions/arm_fir_init_f32.c ****  * Title:        arm_fir_init_f32.c
   4:../Dave/Generated/CMSIS_DSP/FilteringFunctions/arm_fir_init_f32.c ****  * Description:  Floating-point FIR filter initialization function
   5:../Dave/Generated/CMSIS_DSP/FilteringFunctions/arm_fir_init_f32.c ****  *
   6:../Dave/Generated/CMSIS_DSP/FilteringFunctions/arm_fir_init_f32.c ****  * $Date:        27. January 2017
   7:../Dave/Generated/CMSIS_DSP/FilteringFunctions/arm_fir_init_f32.c ****  * $Revision:    V.1.5.1
   8:../Dave/Generated/CMSIS_DSP/FilteringFunctions/arm_fir_init_f32.c ****  *
   9:../Dave/Generated/CMSIS_DSP/FilteringFunctions/arm_fir_init_f32.c ****  * Target Processor: Cortex-M cores
  10:../Dave/Generated/CMSIS_DSP/FilteringFunctions/arm_fir_init_f32.c ****  * -------------------------------------------------------------------- */
  11:../Dave/Generated/CMSIS_DSP/FilteringFunctions/arm_fir_init_f32.c **** /*
  12:../Dave/Generated/CMSIS_DSP/FilteringFunctions/arm_fir_init_f32.c ****  * Copyright (C) 2010-2017 ARM Limited or its affiliates. All rights reserved.
  13:../Dave/Generated/CMSIS_DSP/FilteringFunctions/arm_fir_init_f32.c ****  *
  14:../Dave/Generated/CMSIS_DSP/FilteringFunctions/arm_fir_init_f32.c ****  * SPDX-License-Identifier: Apache-2.0
  15:../Dave/Generated/CMSIS_DSP/FilteringFunctions/arm_fir_init_f32.c ****  *
  16:../Dave/Generated/CMSIS_DSP/FilteringFunctions/arm_fir_init_f32.c ****  * Licensed under the Apache License, Version 2.0 (the License); you may
  17:../Dave/Generated/CMSIS_DSP/FilteringFunctions/arm_fir_init_f32.c ****  * not use this file except in compliance with the License.
  18:../Dave/Generated/CMSIS_DSP/FilteringFunctions/arm_fir_init_f32.c ****  * You may obtain a copy of the License at
  19:../Dave/Generated/CMSIS_DSP/FilteringFunctions/arm_fir_init_f32.c ****  *
  20:../Dave/Generated/CMSIS_DSP/FilteringFunctions/arm_fir_init_f32.c ****  * www.apache.org/licenses/LICENSE-2.0
  21:../Dave/Generated/CMSIS_DSP/FilteringFunctions/arm_fir_init_f32.c ****  *
  22:../Dave/Generated/CMSIS_DSP/FilteringFunctions/arm_fir_init_f32.c ****  * Unless required by applicable law or agreed to in writing, software
  23:../Dave/Generated/CMSIS_DSP/FilteringFunctions/arm_fir_init_f32.c ****  * distributed under the License is distributed on an AS IS BASIS, WITHOUT
  24:../Dave/Generated/CMSIS_DSP/FilteringFunctions/arm_fir_init_f32.c ****  * WARRANTIES OR CONDITIONS OF ANY KIND, either express or implied.
  25:../Dave/Generated/CMSIS_DSP/FilteringFunctions/arm_fir_init_f32.c ****  * See the License for the specific language governing permissions and
  26:../Dave/Generated/CMSIS_DSP/FilteringFunctions/arm_fir_init_f32.c ****  * limitations under the License.
  27:../Dave/Generated/CMSIS_DSP/FilteringFunctions/arm_fir_init_f32.c ****  */
  28:../Dave/Generated/CMSIS_DSP/FilteringFunctions/arm_fir_init_f32.c **** 
  29:../Dave/Generated/CMSIS_DSP/FilteringFunctions/arm_fir_init_f32.c **** #include "CMSIS_DSP/cmsis_dsp.h"
  30:../Dave/Generated/CMSIS_DSP/FilteringFunctions/arm_fir_init_f32.c **** 
  31:../Dave/Generated/CMSIS_DSP/FilteringFunctions/arm_fir_init_f32.c **** /**
  32:../Dave/Generated/CMSIS_DSP/FilteringFunctions/arm_fir_init_f32.c ****  * @ingroup groupFilters
  33:../Dave/Generated/CMSIS_DSP/FilteringFunctions/arm_fir_init_f32.c ****  */
  34:../Dave/Generated/CMSIS_DSP/FilteringFunctions/arm_fir_init_f32.c **** 
  35:../Dave/Generated/CMSIS_DSP/FilteringFunctions/arm_fir_init_f32.c **** /**
  36:../Dave/Generated/CMSIS_DSP/FilteringFunctions/arm_fir_init_f32.c ****  * @addtogroup FIR
  37:../Dave/Generated/CMSIS_DSP/FilteringFunctions/arm_fir_init_f32.c ****  * @{
  38:../Dave/Generated/CMSIS_DSP/FilteringFunctions/arm_fir_init_f32.c ****  */
  39:../Dave/Generated/CMSIS_DSP/FilteringFunctions/arm_fir_init_f32.c **** 
  40:../Dave/Generated/CMSIS_DSP/FilteringFunctions/arm_fir_init_f32.c **** /**
  41:../Dave/Generated/CMSIS_DSP/FilteringFunctions/arm_fir_init_f32.c ****  * @details
  42:../Dave/Generated/CMSIS_DSP/FilteringFunctions/arm_fir_init_f32.c ****  *
  43:../Dave/Generated/CMSIS_DSP/FilteringFunctions/arm_fir_init_f32.c ****  * @param[in,out] *S points to an instance of the floating-point FIR filter structure.
  44:../Dave/Generated/CMSIS_DSP/FilteringFunctions/arm_fir_init_f32.c ****  * @param[in] 	  numTaps  Number of filter coefficients in the filter.
  45:../Dave/Generated/CMSIS_DSP/FilteringFunctions/arm_fir_init_f32.c ****  * @param[in]     *pCoeffs points to the filter coefficients buffer.
  46:../Dave/Generated/CMSIS_DSP/FilteringFunctions/arm_fir_init_f32.c ****  * @param[in]     *pState points to the state buffer.
  47:../Dave/Generated/CMSIS_DSP/FilteringFunctions/arm_fir_init_f32.c ****  * @param[in] 	  blockSize number of samples that are processed per call.
  48:../Dave/Generated/CMSIS_DSP/FilteringFunctions/arm_fir_init_f32.c ****  * @return 		  none.
  49:../Dave/Generated/CMSIS_DSP/FilteringFunctions/arm_fir_init_f32.c ****  *
  50:../Dave/Generated/CMSIS_DSP/FilteringFunctions/arm_fir_init_f32.c ****  * <b>Description:</b>
  51:../Dave/Generated/CMSIS_DSP/FilteringFunctions/arm_fir_init_f32.c ****  * \par
  52:../Dave/Generated/CMSIS_DSP/FilteringFunctions/arm_fir_init_f32.c ****  * <code>pCoeffs</code> points to the array of filter coefficients stored in time reversed order:
  53:../Dave/Generated/CMSIS_DSP/FilteringFunctions/arm_fir_init_f32.c ****  * <pre>
  54:../Dave/Generated/CMSIS_DSP/FilteringFunctions/arm_fir_init_f32.c ****  *    {b[numTaps-1], b[numTaps-2], b[N-2], ..., b[1], b[0]}
  55:../Dave/Generated/CMSIS_DSP/FilteringFunctions/arm_fir_init_f32.c ****  * </pre>
  56:../Dave/Generated/CMSIS_DSP/FilteringFunctions/arm_fir_init_f32.c ****  * \par
  57:../Dave/Generated/CMSIS_DSP/FilteringFunctions/arm_fir_init_f32.c ****  * <code>pState</code> points to the array of state variables.
  58:../Dave/Generated/CMSIS_DSP/FilteringFunctions/arm_fir_init_f32.c ****  * <code>pState</code> is of length <code>numTaps+blockSize-1</code> samples, where <code>blockSize
  59:../Dave/Generated/CMSIS_DSP/FilteringFunctions/arm_fir_init_f32.c ****  */
  60:../Dave/Generated/CMSIS_DSP/FilteringFunctions/arm_fir_init_f32.c **** 
  61:../Dave/Generated/CMSIS_DSP/FilteringFunctions/arm_fir_init_f32.c **** void arm_fir_init_f32(
  62:../Dave/Generated/CMSIS_DSP/FilteringFunctions/arm_fir_init_f32.c ****   arm_fir_instance_f32 * S,
  63:../Dave/Generated/CMSIS_DSP/FilteringFunctions/arm_fir_init_f32.c ****   uint16_t numTaps,
  64:../Dave/Generated/CMSIS_DSP/FilteringFunctions/arm_fir_init_f32.c ****   float32_t * pCoeffs,
  65:../Dave/Generated/CMSIS_DSP/FilteringFunctions/arm_fir_init_f32.c ****   float32_t * pState,
  66:../Dave/Generated/CMSIS_DSP/FilteringFunctions/arm_fir_init_f32.c ****   uint32_t blockSize)
  67:../Dave/Generated/CMSIS_DSP/FilteringFunctions/arm_fir_init_f32.c **** {
  28              	 .loc 1 67 0
  29              	 .cfi_startproc
  30              	 
  31              	 
  32              	.LVL0:
  33 0000 70B5     	 push {r4,r5,r6,lr}
  34              	.LCFI0:
  35              	 .cfi_def_cfa_offset 16
  36              	 .cfi_offset 4,-16
  37              	 .cfi_offset 5,-12
  38              	 .cfi_offset 6,-8
  39              	 .cfi_offset 14,-4
  40              	 .loc 1 67 0
  41 0002 049C     	 ldr r4,[sp,#16]
  68:../Dave/Generated/CMSIS_DSP/FilteringFunctions/arm_fir_init_f32.c ****   /* Assign filter taps */
  69:../Dave/Generated/CMSIS_DSP/FilteringFunctions/arm_fir_init_f32.c ****   S->numTaps = numTaps;
  70:../Dave/Generated/CMSIS_DSP/FilteringFunctions/arm_fir_init_f32.c **** 
  71:../Dave/Generated/CMSIS_DSP/FilteringFunctions/arm_fir_init_f32.c ****   /* Assign coefficient pointer */
  72:../Dave/Generated/CMSIS_DSP/FilteringFunctions/arm_fir_init_f32.c ****   S->pCoeffs = pCoeffs;
  42              	 .loc 1 72 0
  43 0004 8260     	 str r2,[r0,#8]
  44 0006 04F18044 	 add r4,r4,#1073741824
  45 000a 013C     	 subs r4,r4,#1
  67:../Dave/Generated/CMSIS_DSP/FilteringFunctions/arm_fir_init_f32.c ****   /* Assign filter taps */
  46              	 .loc 1 67 0
  47 000c 0546     	 mov r5,r0
  73:../Dave/Generated/CMSIS_DSP/FilteringFunctions/arm_fir_init_f32.c **** 
  74:../Dave/Generated/CMSIS_DSP/FilteringFunctions/arm_fir_init_f32.c ****   /* Clear state buffer and the size of state buffer is (blockSize + numTaps - 1) */
  75:../Dave/Generated/CMSIS_DSP/FilteringFunctions/arm_fir_init_f32.c ****   memset(pState, 0, (numTaps + (blockSize - 1u)) * sizeof(float32_t));
  48              	 .loc 1 75 0
  49 000e 0C44     	 add r4,r4,r1
  69:../Dave/Generated/CMSIS_DSP/FilteringFunctions/arm_fir_init_f32.c **** 
  50              	 .loc 1 69 0
  51 0010 0180     	 strh r1,[r0]
  67:../Dave/Generated/CMSIS_DSP/FilteringFunctions/arm_fir_init_f32.c ****   /* Assign filter taps */
  52              	 .loc 1 67 0
  53 0012 1E46     	 mov r6,r3
  54              	 .loc 1 75 0
  55 0014 A200     	 lsls r2,r4,#2
  56              	.LVL1:
  57 0016 1846     	 mov r0,r3
  58              	.LVL2:
  59 0018 0021     	 movs r1,#0
  60              	.LVL3:
  61 001a FFF7FEFF 	 bl memset
  62              	.LVL4:
  76:../Dave/Generated/CMSIS_DSP/FilteringFunctions/arm_fir_init_f32.c **** 
  77:../Dave/Generated/CMSIS_DSP/FilteringFunctions/arm_fir_init_f32.c ****   /* Assign state pointer */
  78:../Dave/Generated/CMSIS_DSP/FilteringFunctions/arm_fir_init_f32.c ****   S->pState = pState;
  63              	 .loc 1 78 0
  64 001e 6E60     	 str r6,[r5,#4]
  65 0020 70BD     	 pop {r4,r5,r6,pc}
  66              	 .cfi_endproc
  67              	.LFE135:
  69 0022 00BF     	 .text
  70              	.Letext0:
  71              	 .file 2 "c:\\infineon\\tools\\dave ide\\4.5.0.202105191637\\eclipse\\arm-gcc-49\\arm-none-eabi\\include\\machine\\_default_types.h"
  72              	 .file 3 "c:\\infineon\\tools\\dave ide\\4.5.0.202105191637\\eclipse\\arm-gcc-49\\arm-none-eabi\\include\\stdint.h"
  73              	 .file 4 "C:/Users/Utente/Desktop/Tesi/Firmware_Software/DAVE project/S2GLP_Pulsed_Doppler/Dave/Generated/CMSIS_DSP/arm_math.h"
DEFINED SYMBOLS
                            *ABS*:00000000 arm_fir_init_f32.c
    {standard input}:20     .text.arm_fir_init_f32:00000000 $t
    {standard input}:25     .text.arm_fir_init_f32:00000000 arm_fir_init_f32
                     .debug_frame:00000010 $d

UNDEFINED SYMBOLS
memset
