   1              	 .syntax unified
   2              	 .cpu cortex-m4
   3              	 .eabi_attribute 27,3
   4              	 .fpu fpv4-sp-d16
   5              	 .eabi_attribute 20,1
   6              	 .eabi_attribute 21,1
   7              	 .eabi_attribute 23,3
   8              	 .eabi_attribute 24,1
   9              	 .eabi_attribute 25,1
  10              	 .eabi_attribute 26,1
  11              	 .eabi_attribute 30,2
  12              	 .eabi_attribute 34,1
  13              	 .eabi_attribute 18,4
  14              	 .thumb
  15              	 .file "arm_biquad_cascade_df1_init_f32.c"
  16              	 .text
  17              	.Ltext0:
  18              	 .cfi_sections .debug_frame
  19              	 .section .text.arm_biquad_cascade_df1_init_f32,"ax",%progbits
  20              	 .align 2
  21              	 .global arm_biquad_cascade_df1_init_f32
  22              	 .thumb
  23              	 .thumb_func
  25              	arm_biquad_cascade_df1_init_f32:
  26              	.LFB135:
  27              	 .file 1 "../Dave/Generated/CMSIS_DSP/FilteringFunctions/arm_biquad_cascade_df1_init_f32.c"
   1:../Dave/Generated/CMSIS_DSP/FilteringFunctions/arm_biquad_cascade_df1_init_f32.c **** /* ----------------------------------------------------------------------
   2:../Dave/Generated/CMSIS_DSP/FilteringFunctions/arm_biquad_cascade_df1_init_f32.c ****  * Project:      CMSIS DSP Library
   3:../Dave/Generated/CMSIS_DSP/FilteringFunctions/arm_biquad_cascade_df1_init_f32.c ****  * Title:        arm_biquad_cascade_df1_init_f32.c
   4:../Dave/Generated/CMSIS_DSP/FilteringFunctions/arm_biquad_cascade_df1_init_f32.c ****  * Description:  Floating-point Biquad cascade DirectFormI(DF1) filter initialization function
   5:../Dave/Generated/CMSIS_DSP/FilteringFunctions/arm_biquad_cascade_df1_init_f32.c ****  *
   6:../Dave/Generated/CMSIS_DSP/FilteringFunctions/arm_biquad_cascade_df1_init_f32.c ****  * $Date:        27. January 2017
   7:../Dave/Generated/CMSIS_DSP/FilteringFunctions/arm_biquad_cascade_df1_init_f32.c ****  * $Revision:    V.1.5.1
   8:../Dave/Generated/CMSIS_DSP/FilteringFunctions/arm_biquad_cascade_df1_init_f32.c ****  *
   9:../Dave/Generated/CMSIS_DSP/FilteringFunctions/arm_biquad_cascade_df1_init_f32.c ****  * Target Processor: Cortex-M cores
  10:../Dave/Generated/CMSIS_DSP/FilteringFunctions/arm_biquad_cascade_df1_init_f32.c ****  * -------------------------------------------------------------------- */
  11:../Dave/Generated/CMSIS_DSP/FilteringFunctions/arm_biquad_cascade_df1_init_f32.c **** /*
  12:../Dave/Generated/CMSIS_DSP/FilteringFunctions/arm_biquad_cascade_df1_init_f32.c ****  * Copyright (C) 2010-2017 ARM Limited or its affiliates. All rights reserved.
  13:../Dave/Generated/CMSIS_DSP/FilteringFunctions/arm_biquad_cascade_df1_init_f32.c ****  *
  14:../Dave/Generated/CMSIS_DSP/FilteringFunctions/arm_biquad_cascade_df1_init_f32.c ****  * SPDX-License-Identifier: Apache-2.0
  15:../Dave/Generated/CMSIS_DSP/FilteringFunctions/arm_biquad_cascade_df1_init_f32.c ****  *
  16:../Dave/Generated/CMSIS_DSP/FilteringFunctions/arm_biquad_cascade_df1_init_f32.c ****  * Licensed under the Apache License, Version 2.0 (the License); you may
  17:../Dave/Generated/CMSIS_DSP/FilteringFunctions/arm_biquad_cascade_df1_init_f32.c ****  * not use this file except in compliance with the License.
  18:../Dave/Generated/CMSIS_DSP/FilteringFunctions/arm_biquad_cascade_df1_init_f32.c ****  * You may obtain a copy of the License at
  19:../Dave/Generated/CMSIS_DSP/FilteringFunctions/arm_biquad_cascade_df1_init_f32.c ****  *
  20:../Dave/Generated/CMSIS_DSP/FilteringFunctions/arm_biquad_cascade_df1_init_f32.c ****  * www.apache.org/licenses/LICENSE-2.0
  21:../Dave/Generated/CMSIS_DSP/FilteringFunctions/arm_biquad_cascade_df1_init_f32.c ****  *
  22:../Dave/Generated/CMSIS_DSP/FilteringFunctions/arm_biquad_cascade_df1_init_f32.c ****  * Unless required by applicable law or agreed to in writing, software
  23:../Dave/Generated/CMSIS_DSP/FilteringFunctions/arm_biquad_cascade_df1_init_f32.c ****  * distributed under the License is distributed on an AS IS BASIS, WITHOUT
  24:../Dave/Generated/CMSIS_DSP/FilteringFunctions/arm_biquad_cascade_df1_init_f32.c ****  * WARRANTIES OR CONDITIONS OF ANY KIND, either express or implied.
  25:../Dave/Generated/CMSIS_DSP/FilteringFunctions/arm_biquad_cascade_df1_init_f32.c ****  * See the License for the specific language governing permissions and
  26:../Dave/Generated/CMSIS_DSP/FilteringFunctions/arm_biquad_cascade_df1_init_f32.c ****  * limitations under the License.
  27:../Dave/Generated/CMSIS_DSP/FilteringFunctions/arm_biquad_cascade_df1_init_f32.c ****  */
  28:../Dave/Generated/CMSIS_DSP/FilteringFunctions/arm_biquad_cascade_df1_init_f32.c **** 
  29:../Dave/Generated/CMSIS_DSP/FilteringFunctions/arm_biquad_cascade_df1_init_f32.c **** #include "CMSIS_DSP/cmsis_dsp.h"
  30:../Dave/Generated/CMSIS_DSP/FilteringFunctions/arm_biquad_cascade_df1_init_f32.c **** 
  31:../Dave/Generated/CMSIS_DSP/FilteringFunctions/arm_biquad_cascade_df1_init_f32.c **** /**
  32:../Dave/Generated/CMSIS_DSP/FilteringFunctions/arm_biquad_cascade_df1_init_f32.c ****  * @ingroup groupFilters
  33:../Dave/Generated/CMSIS_DSP/FilteringFunctions/arm_biquad_cascade_df1_init_f32.c ****  */
  34:../Dave/Generated/CMSIS_DSP/FilteringFunctions/arm_biquad_cascade_df1_init_f32.c **** 
  35:../Dave/Generated/CMSIS_DSP/FilteringFunctions/arm_biquad_cascade_df1_init_f32.c **** /**
  36:../Dave/Generated/CMSIS_DSP/FilteringFunctions/arm_biquad_cascade_df1_init_f32.c ****  * @addtogroup BiquadCascadeDF1
  37:../Dave/Generated/CMSIS_DSP/FilteringFunctions/arm_biquad_cascade_df1_init_f32.c ****  * @{
  38:../Dave/Generated/CMSIS_DSP/FilteringFunctions/arm_biquad_cascade_df1_init_f32.c ****  */
  39:../Dave/Generated/CMSIS_DSP/FilteringFunctions/arm_biquad_cascade_df1_init_f32.c **** 
  40:../Dave/Generated/CMSIS_DSP/FilteringFunctions/arm_biquad_cascade_df1_init_f32.c **** /**
  41:../Dave/Generated/CMSIS_DSP/FilteringFunctions/arm_biquad_cascade_df1_init_f32.c ****  * @details
  42:../Dave/Generated/CMSIS_DSP/FilteringFunctions/arm_biquad_cascade_df1_init_f32.c ****  * @brief  Initialization function for the floating-point Biquad cascade filter.
  43:../Dave/Generated/CMSIS_DSP/FilteringFunctions/arm_biquad_cascade_df1_init_f32.c ****  * @param[in,out] *S           points to an instance of the floating-point Biquad cascade structure
  44:../Dave/Generated/CMSIS_DSP/FilteringFunctions/arm_biquad_cascade_df1_init_f32.c ****  * @param[in]     numStages    number of 2nd order stages in the filter.
  45:../Dave/Generated/CMSIS_DSP/FilteringFunctions/arm_biquad_cascade_df1_init_f32.c ****  * @param[in]     *pCoeffs     points to the filter coefficients array.
  46:../Dave/Generated/CMSIS_DSP/FilteringFunctions/arm_biquad_cascade_df1_init_f32.c ****  * @param[in]     *pState      points to the state array.
  47:../Dave/Generated/CMSIS_DSP/FilteringFunctions/arm_biquad_cascade_df1_init_f32.c ****  * @return        none
  48:../Dave/Generated/CMSIS_DSP/FilteringFunctions/arm_biquad_cascade_df1_init_f32.c ****  *
  49:../Dave/Generated/CMSIS_DSP/FilteringFunctions/arm_biquad_cascade_df1_init_f32.c ****  *
  50:../Dave/Generated/CMSIS_DSP/FilteringFunctions/arm_biquad_cascade_df1_init_f32.c ****  * <b>Coefficient and State Ordering:</b>
  51:../Dave/Generated/CMSIS_DSP/FilteringFunctions/arm_biquad_cascade_df1_init_f32.c ****  *
  52:../Dave/Generated/CMSIS_DSP/FilteringFunctions/arm_biquad_cascade_df1_init_f32.c ****  * \par
  53:../Dave/Generated/CMSIS_DSP/FilteringFunctions/arm_biquad_cascade_df1_init_f32.c ****  * The coefficients are stored in the array <code>pCoeffs</code> in the following order:
  54:../Dave/Generated/CMSIS_DSP/FilteringFunctions/arm_biquad_cascade_df1_init_f32.c ****  * <pre>
  55:../Dave/Generated/CMSIS_DSP/FilteringFunctions/arm_biquad_cascade_df1_init_f32.c ****  *     {b10, b11, b12, a11, a12, b20, b21, b22, a21, a22, ...}
  56:../Dave/Generated/CMSIS_DSP/FilteringFunctions/arm_biquad_cascade_df1_init_f32.c ****  * </pre>
  57:../Dave/Generated/CMSIS_DSP/FilteringFunctions/arm_biquad_cascade_df1_init_f32.c ****  *
  58:../Dave/Generated/CMSIS_DSP/FilteringFunctions/arm_biquad_cascade_df1_init_f32.c ****  * \par
  59:../Dave/Generated/CMSIS_DSP/FilteringFunctions/arm_biquad_cascade_df1_init_f32.c ****  * where <code>b1x</code> and <code>a1x</code> are the coefficients for the first stage,
  60:../Dave/Generated/CMSIS_DSP/FilteringFunctions/arm_biquad_cascade_df1_init_f32.c ****  * <code>b2x</code> and <code>a2x</code> are the coefficients for the second stage,
  61:../Dave/Generated/CMSIS_DSP/FilteringFunctions/arm_biquad_cascade_df1_init_f32.c ****  * and so on.  The <code>pCoeffs</code> array contains a total of <code>5*numStages</code> values.
  62:../Dave/Generated/CMSIS_DSP/FilteringFunctions/arm_biquad_cascade_df1_init_f32.c ****  *
  63:../Dave/Generated/CMSIS_DSP/FilteringFunctions/arm_biquad_cascade_df1_init_f32.c ****  * \par
  64:../Dave/Generated/CMSIS_DSP/FilteringFunctions/arm_biquad_cascade_df1_init_f32.c ****  * The <code>pState</code> is a pointer to state array.
  65:../Dave/Generated/CMSIS_DSP/FilteringFunctions/arm_biquad_cascade_df1_init_f32.c ****  * Each Biquad stage has 4 state variables <code>x[n-1], x[n-2], y[n-1],</code> and <code>y[n-2]</c
  66:../Dave/Generated/CMSIS_DSP/FilteringFunctions/arm_biquad_cascade_df1_init_f32.c ****  * The state variables are arranged in the <code>pState</code> array as:
  67:../Dave/Generated/CMSIS_DSP/FilteringFunctions/arm_biquad_cascade_df1_init_f32.c ****  * <pre>
  68:../Dave/Generated/CMSIS_DSP/FilteringFunctions/arm_biquad_cascade_df1_init_f32.c ****  *     {x[n-1], x[n-2], y[n-1], y[n-2]}
  69:../Dave/Generated/CMSIS_DSP/FilteringFunctions/arm_biquad_cascade_df1_init_f32.c ****  * </pre>
  70:../Dave/Generated/CMSIS_DSP/FilteringFunctions/arm_biquad_cascade_df1_init_f32.c ****  * The 4 state variables for stage 1 are first, then the 4 state variables for stage 2, and so on.
  71:../Dave/Generated/CMSIS_DSP/FilteringFunctions/arm_biquad_cascade_df1_init_f32.c ****  * The state array has a total length of <code>4*numStages</code> values.
  72:../Dave/Generated/CMSIS_DSP/FilteringFunctions/arm_biquad_cascade_df1_init_f32.c ****  * The state variables are updated after each block of data is processed; the coefficients are unto
  73:../Dave/Generated/CMSIS_DSP/FilteringFunctions/arm_biquad_cascade_df1_init_f32.c ****  *
  74:../Dave/Generated/CMSIS_DSP/FilteringFunctions/arm_biquad_cascade_df1_init_f32.c ****  */
  75:../Dave/Generated/CMSIS_DSP/FilteringFunctions/arm_biquad_cascade_df1_init_f32.c **** 
  76:../Dave/Generated/CMSIS_DSP/FilteringFunctions/arm_biquad_cascade_df1_init_f32.c **** void arm_biquad_cascade_df1_init_f32(
  77:../Dave/Generated/CMSIS_DSP/FilteringFunctions/arm_biquad_cascade_df1_init_f32.c ****   arm_biquad_casd_df1_inst_f32 * S,
  78:../Dave/Generated/CMSIS_DSP/FilteringFunctions/arm_biquad_cascade_df1_init_f32.c ****   uint8_t numStages,
  79:../Dave/Generated/CMSIS_DSP/FilteringFunctions/arm_biquad_cascade_df1_init_f32.c ****   float32_t * pCoeffs,
  80:../Dave/Generated/CMSIS_DSP/FilteringFunctions/arm_biquad_cascade_df1_init_f32.c ****   float32_t * pState)
  81:../Dave/Generated/CMSIS_DSP/FilteringFunctions/arm_biquad_cascade_df1_init_f32.c **** {
  28              	 .loc 1 81 0
  29              	 .cfi_startproc
  30              	 
  31              	 
  32              	.LVL0:
  33 0000 38B5     	 push {r3,r4,r5,lr}
  34              	.LCFI0:
  35              	 .cfi_def_cfa_offset 16
  36              	 .cfi_offset 3,-16
  37              	 .cfi_offset 4,-12
  38              	 .cfi_offset 5,-8
  39              	 .cfi_offset 14,-4
  40              	 .loc 1 81 0
  41 0002 0446     	 mov r4,r0
  82:../Dave/Generated/CMSIS_DSP/FilteringFunctions/arm_biquad_cascade_df1_init_f32.c ****   /* Assign filter stages */
  83:../Dave/Generated/CMSIS_DSP/FilteringFunctions/arm_biquad_cascade_df1_init_f32.c ****   S->numStages = numStages;
  84:../Dave/Generated/CMSIS_DSP/FilteringFunctions/arm_biquad_cascade_df1_init_f32.c **** 
  85:../Dave/Generated/CMSIS_DSP/FilteringFunctions/arm_biquad_cascade_df1_init_f32.c ****   /* Assign coefficient pointer */
  86:../Dave/Generated/CMSIS_DSP/FilteringFunctions/arm_biquad_cascade_df1_init_f32.c ****   S->pCoeffs = pCoeffs;
  42              	 .loc 1 86 0
  43 0004 8260     	 str r2,[r0,#8]
  83:../Dave/Generated/CMSIS_DSP/FilteringFunctions/arm_biquad_cascade_df1_init_f32.c **** 
  44              	 .loc 1 83 0
  45 0006 0160     	 str r1,[r0]
  81:../Dave/Generated/CMSIS_DSP/FilteringFunctions/arm_biquad_cascade_df1_init_f32.c ****   /* Assign filter stages */
  46              	 .loc 1 81 0
  47 0008 1D46     	 mov r5,r3
  87:../Dave/Generated/CMSIS_DSP/FilteringFunctions/arm_biquad_cascade_df1_init_f32.c **** 
  88:../Dave/Generated/CMSIS_DSP/FilteringFunctions/arm_biquad_cascade_df1_init_f32.c ****   /* Clear state buffer and size is always 4 * numStages */
  89:../Dave/Generated/CMSIS_DSP/FilteringFunctions/arm_biquad_cascade_df1_init_f32.c ****   memset(pState, 0, (4u * (uint32_t) numStages) * sizeof(float32_t));
  48              	 .loc 1 89 0
  49 000a 0A01     	 lsls r2,r1,#4
  50              	.LVL1:
  51 000c 1846     	 mov r0,r3
  52              	.LVL2:
  53 000e 0021     	 movs r1,#0
  54              	.LVL3:
  55 0010 FFF7FEFF 	 bl memset
  56              	.LVL4:
  90:../Dave/Generated/CMSIS_DSP/FilteringFunctions/arm_biquad_cascade_df1_init_f32.c **** 
  91:../Dave/Generated/CMSIS_DSP/FilteringFunctions/arm_biquad_cascade_df1_init_f32.c ****   /* Assign state pointer */
  92:../Dave/Generated/CMSIS_DSP/FilteringFunctions/arm_biquad_cascade_df1_init_f32.c ****   S->pState = pState;
  57              	 .loc 1 92 0
  58 0014 6560     	 str r5,[r4,#4]
  59 0016 38BD     	 pop {r3,r4,r5,pc}
  60              	 .cfi_endproc
  61              	.LFE135:
  63              	 .text
  64              	.Letext0:
  65              	 .file 2 "c:\\infineon\\tools\\dave ide\\4.5.0.202105191637\\eclipse\\arm-gcc-49\\arm-none-eabi\\include\\machine\\_default_types.h"
  66              	 .file 3 "c:\\infineon\\tools\\dave ide\\4.5.0.202105191637\\eclipse\\arm-gcc-49\\arm-none-eabi\\include\\stdint.h"
  67              	 .file 4 "C:/Users/Utente/Desktop/Tesi/Firmware_Software/DAVE project/S2GLP_Pulsed_Doppler/Dave/Generated/CMSIS_DSP/arm_math.h"
DEFINED SYMBOLS
                            *ABS*:00000000 arm_biquad_cascade_df1_init_f32.c
    {standard input}:20     .text.arm_biquad_cascade_df1_init_f32:00000000 $t
    {standard input}:25     .text.arm_biquad_cascade_df1_init_f32:00000000 arm_biquad_cascade_df1_init_f32
                     .debug_frame:00000010 $d

UNDEFINED SYMBOLS
memset
