   1              	 .syntax unified
   2              	 .cpu cortex-m4
   3              	 .eabi_attribute 27,3
   4              	 .fpu fpv4-sp-d16
   5              	 .eabi_attribute 20,1
   6              	 .eabi_attribute 21,1
   7              	 .eabi_attribute 23,3
   8              	 .eabi_attribute 24,1
   9              	 .eabi_attribute 25,1
  10              	 .eabi_attribute 26,1
  11              	 .eabi_attribute 30,2
  12              	 .eabi_attribute 34,1
  13              	 .eabi_attribute 18,4
  14              	 .thumb
  15              	 .file "arm_fir_lattice_init_q15.c"
  16              	 .text
  17              	.Ltext0:
  18              	 .cfi_sections .debug_frame
  19              	 .section .text.arm_fir_lattice_init_q15,"ax",%progbits
  20              	 .align 2
  21              	 .global arm_fir_lattice_init_q15
  22              	 .thumb
  23              	 .thumb_func
  25              	arm_fir_lattice_init_q15:
  26              	.LFB135:
  27              	 .file 1 "../Dave/Generated/CMSIS_DSP/FilteringFunctions/arm_fir_lattice_init_q15.c"
   1:../Dave/Generated/CMSIS_DSP/FilteringFunctions/arm_fir_lattice_init_q15.c **** /* ----------------------------------------------------------------------
   2:../Dave/Generated/CMSIS_DSP/FilteringFunctions/arm_fir_lattice_init_q15.c ****  * Project:      CMSIS DSP Library
   3:../Dave/Generated/CMSIS_DSP/FilteringFunctions/arm_fir_lattice_init_q15.c ****  * Title:        arm_fir_lattice_init_q15.c
   4:../Dave/Generated/CMSIS_DSP/FilteringFunctions/arm_fir_lattice_init_q15.c ****  * Description:  Q15 FIR Lattice filter initialization function
   5:../Dave/Generated/CMSIS_DSP/FilteringFunctions/arm_fir_lattice_init_q15.c ****  *
   6:../Dave/Generated/CMSIS_DSP/FilteringFunctions/arm_fir_lattice_init_q15.c ****  * $Date:        27. January 2017
   7:../Dave/Generated/CMSIS_DSP/FilteringFunctions/arm_fir_lattice_init_q15.c ****  * $Revision:    V.1.5.1
   8:../Dave/Generated/CMSIS_DSP/FilteringFunctions/arm_fir_lattice_init_q15.c ****  *
   9:../Dave/Generated/CMSIS_DSP/FilteringFunctions/arm_fir_lattice_init_q15.c ****  * Target Processor: Cortex-M cores
  10:../Dave/Generated/CMSIS_DSP/FilteringFunctions/arm_fir_lattice_init_q15.c ****  * -------------------------------------------------------------------- */
  11:../Dave/Generated/CMSIS_DSP/FilteringFunctions/arm_fir_lattice_init_q15.c **** /*
  12:../Dave/Generated/CMSIS_DSP/FilteringFunctions/arm_fir_lattice_init_q15.c ****  * Copyright (C) 2010-2017 ARM Limited or its affiliates. All rights reserved.
  13:../Dave/Generated/CMSIS_DSP/FilteringFunctions/arm_fir_lattice_init_q15.c ****  *
  14:../Dave/Generated/CMSIS_DSP/FilteringFunctions/arm_fir_lattice_init_q15.c ****  * SPDX-License-Identifier: Apache-2.0
  15:../Dave/Generated/CMSIS_DSP/FilteringFunctions/arm_fir_lattice_init_q15.c ****  *
  16:../Dave/Generated/CMSIS_DSP/FilteringFunctions/arm_fir_lattice_init_q15.c ****  * Licensed under the Apache License, Version 2.0 (the License); you may
  17:../Dave/Generated/CMSIS_DSP/FilteringFunctions/arm_fir_lattice_init_q15.c ****  * not use this file except in compliance with the License.
  18:../Dave/Generated/CMSIS_DSP/FilteringFunctions/arm_fir_lattice_init_q15.c ****  * You may obtain a copy of the License at
  19:../Dave/Generated/CMSIS_DSP/FilteringFunctions/arm_fir_lattice_init_q15.c ****  *
  20:../Dave/Generated/CMSIS_DSP/FilteringFunctions/arm_fir_lattice_init_q15.c ****  * www.apache.org/licenses/LICENSE-2.0
  21:../Dave/Generated/CMSIS_DSP/FilteringFunctions/arm_fir_lattice_init_q15.c ****  *
  22:../Dave/Generated/CMSIS_DSP/FilteringFunctions/arm_fir_lattice_init_q15.c ****  * Unless required by applicable law or agreed to in writing, software
  23:../Dave/Generated/CMSIS_DSP/FilteringFunctions/arm_fir_lattice_init_q15.c ****  * distributed under the License is distributed on an AS IS BASIS, WITHOUT
  24:../Dave/Generated/CMSIS_DSP/FilteringFunctions/arm_fir_lattice_init_q15.c ****  * WARRANTIES OR CONDITIONS OF ANY KIND, either express or implied.
  25:../Dave/Generated/CMSIS_DSP/FilteringFunctions/arm_fir_lattice_init_q15.c ****  * See the License for the specific language governing permissions and
  26:../Dave/Generated/CMSIS_DSP/FilteringFunctions/arm_fir_lattice_init_q15.c ****  * limitations under the License.
  27:../Dave/Generated/CMSIS_DSP/FilteringFunctions/arm_fir_lattice_init_q15.c ****  */
  28:../Dave/Generated/CMSIS_DSP/FilteringFunctions/arm_fir_lattice_init_q15.c **** 
  29:../Dave/Generated/CMSIS_DSP/FilteringFunctions/arm_fir_lattice_init_q15.c **** #include "CMSIS_DSP/cmsis_dsp.h"
  30:../Dave/Generated/CMSIS_DSP/FilteringFunctions/arm_fir_lattice_init_q15.c **** 
  31:../Dave/Generated/CMSIS_DSP/FilteringFunctions/arm_fir_lattice_init_q15.c **** /**
  32:../Dave/Generated/CMSIS_DSP/FilteringFunctions/arm_fir_lattice_init_q15.c ****  * @ingroup groupFilters
  33:../Dave/Generated/CMSIS_DSP/FilteringFunctions/arm_fir_lattice_init_q15.c ****  */
  34:../Dave/Generated/CMSIS_DSP/FilteringFunctions/arm_fir_lattice_init_q15.c **** 
  35:../Dave/Generated/CMSIS_DSP/FilteringFunctions/arm_fir_lattice_init_q15.c **** /**
  36:../Dave/Generated/CMSIS_DSP/FilteringFunctions/arm_fir_lattice_init_q15.c ****  * @addtogroup FIR_Lattice
  37:../Dave/Generated/CMSIS_DSP/FilteringFunctions/arm_fir_lattice_init_q15.c ****  * @{
  38:../Dave/Generated/CMSIS_DSP/FilteringFunctions/arm_fir_lattice_init_q15.c ****  */
  39:../Dave/Generated/CMSIS_DSP/FilteringFunctions/arm_fir_lattice_init_q15.c **** 
  40:../Dave/Generated/CMSIS_DSP/FilteringFunctions/arm_fir_lattice_init_q15.c ****   /**
  41:../Dave/Generated/CMSIS_DSP/FilteringFunctions/arm_fir_lattice_init_q15.c ****    * @brief Initialization function for the Q15 FIR lattice filter.
  42:../Dave/Generated/CMSIS_DSP/FilteringFunctions/arm_fir_lattice_init_q15.c ****    * @param[in] *S points to an instance of the Q15 FIR lattice structure.
  43:../Dave/Generated/CMSIS_DSP/FilteringFunctions/arm_fir_lattice_init_q15.c ****    * @param[in] numStages  number of filter stages.
  44:../Dave/Generated/CMSIS_DSP/FilteringFunctions/arm_fir_lattice_init_q15.c ****    * @param[in] *pCoeffs points to the coefficient buffer.  The array is of length numStages.
  45:../Dave/Generated/CMSIS_DSP/FilteringFunctions/arm_fir_lattice_init_q15.c ****    * @param[in] *pState points to the state buffer.  The array is of length numStages.
  46:../Dave/Generated/CMSIS_DSP/FilteringFunctions/arm_fir_lattice_init_q15.c ****    * @return none.
  47:../Dave/Generated/CMSIS_DSP/FilteringFunctions/arm_fir_lattice_init_q15.c ****    */
  48:../Dave/Generated/CMSIS_DSP/FilteringFunctions/arm_fir_lattice_init_q15.c **** 
  49:../Dave/Generated/CMSIS_DSP/FilteringFunctions/arm_fir_lattice_init_q15.c **** void arm_fir_lattice_init_q15(
  50:../Dave/Generated/CMSIS_DSP/FilteringFunctions/arm_fir_lattice_init_q15.c ****   arm_fir_lattice_instance_q15 * S,
  51:../Dave/Generated/CMSIS_DSP/FilteringFunctions/arm_fir_lattice_init_q15.c ****   uint16_t numStages,
  52:../Dave/Generated/CMSIS_DSP/FilteringFunctions/arm_fir_lattice_init_q15.c ****   q15_t * pCoeffs,
  53:../Dave/Generated/CMSIS_DSP/FilteringFunctions/arm_fir_lattice_init_q15.c ****   q15_t * pState)
  54:../Dave/Generated/CMSIS_DSP/FilteringFunctions/arm_fir_lattice_init_q15.c **** {
  28              	 .loc 1 54 0
  29              	 .cfi_startproc
  30              	 
  31              	 
  32              	.LVL0:
  33 0000 38B5     	 push {r3,r4,r5,lr}
  34              	.LCFI0:
  35              	 .cfi_def_cfa_offset 16
  36              	 .cfi_offset 3,-16
  37              	 .cfi_offset 4,-12
  38              	 .cfi_offset 5,-8
  39              	 .cfi_offset 14,-4
  40              	 .loc 1 54 0
  41 0002 0446     	 mov r4,r0
  55:../Dave/Generated/CMSIS_DSP/FilteringFunctions/arm_fir_lattice_init_q15.c ****   /* Assign filter taps */
  56:../Dave/Generated/CMSIS_DSP/FilteringFunctions/arm_fir_lattice_init_q15.c ****   S->numStages = numStages;
  57:../Dave/Generated/CMSIS_DSP/FilteringFunctions/arm_fir_lattice_init_q15.c **** 
  58:../Dave/Generated/CMSIS_DSP/FilteringFunctions/arm_fir_lattice_init_q15.c ****   /* Assign coefficient pointer */
  59:../Dave/Generated/CMSIS_DSP/FilteringFunctions/arm_fir_lattice_init_q15.c ****   S->pCoeffs = pCoeffs;
  42              	 .loc 1 59 0
  43 0004 8260     	 str r2,[r0,#8]
  56:../Dave/Generated/CMSIS_DSP/FilteringFunctions/arm_fir_lattice_init_q15.c **** 
  44              	 .loc 1 56 0
  45 0006 0180     	 strh r1,[r0]
  54:../Dave/Generated/CMSIS_DSP/FilteringFunctions/arm_fir_lattice_init_q15.c ****   /* Assign filter taps */
  46              	 .loc 1 54 0
  47 0008 1D46     	 mov r5,r3
  60:../Dave/Generated/CMSIS_DSP/FilteringFunctions/arm_fir_lattice_init_q15.c **** 
  61:../Dave/Generated/CMSIS_DSP/FilteringFunctions/arm_fir_lattice_init_q15.c ****   /* Clear state buffer and size is always numStages */
  62:../Dave/Generated/CMSIS_DSP/FilteringFunctions/arm_fir_lattice_init_q15.c ****   memset(pState, 0, (numStages) * sizeof(q15_t));
  48              	 .loc 1 62 0
  49 000a 4A00     	 lsls r2,r1,#1
  50              	.LVL1:
  51 000c 1846     	 mov r0,r3
  52              	.LVL2:
  53 000e 0021     	 movs r1,#0
  54              	.LVL3:
  55 0010 FFF7FEFF 	 bl memset
  56              	.LVL4:
  63:../Dave/Generated/CMSIS_DSP/FilteringFunctions/arm_fir_lattice_init_q15.c **** 
  64:../Dave/Generated/CMSIS_DSP/FilteringFunctions/arm_fir_lattice_init_q15.c ****   /* Assign state pointer */
  65:../Dave/Generated/CMSIS_DSP/FilteringFunctions/arm_fir_lattice_init_q15.c ****   S->pState = pState;
  57              	 .loc 1 65 0
  58 0014 6560     	 str r5,[r4,#4]
  59 0016 38BD     	 pop {r3,r4,r5,pc}
  60              	 .cfi_endproc
  61              	.LFE135:
  63              	 .text
  64              	.Letext0:
  65              	 .file 2 "c:\\infineon\\tools\\dave ide\\4.5.0.202105191637\\eclipse\\arm-gcc-49\\arm-none-eabi\\include\\machine\\_default_types.h"
  66              	 .file 3 "c:\\infineon\\tools\\dave ide\\4.5.0.202105191637\\eclipse\\arm-gcc-49\\arm-none-eabi\\include\\stdint.h"
  67              	 .file 4 "C:/Users/Utente/Desktop/Tesi/Firmware_Software/DAVE project/S2GLP_Pulsed_Doppler/Dave/Generated/CMSIS_DSP/arm_math.h"
DEFINED SYMBOLS
                            *ABS*:00000000 arm_fir_lattice_init_q15.c
    {standard input}:20     .text.arm_fir_lattice_init_q15:00000000 $t
    {standard input}:25     .text.arm_fir_lattice_init_q15:00000000 arm_fir_lattice_init_q15
                     .debug_frame:00000010 $d

UNDEFINED SYMBOLS
memset
