   1              	 .syntax unified
   2              	 .cpu cortex-m4
   3              	 .eabi_attribute 27,3
   4              	 .fpu fpv4-sp-d16
   5              	 .eabi_attribute 20,1
   6              	 .eabi_attribute 21,1
   7              	 .eabi_attribute 23,3
   8              	 .eabi_attribute 24,1
   9              	 .eabi_attribute 25,1
  10              	 .eabi_attribute 26,1
  11              	 .eabi_attribute 30,2
  12              	 .eabi_attribute 34,1
  13              	 .eabi_attribute 18,4
  14              	 .thumb
  15              	 .file "arm_fir_sparse_init_q31.c"
  16              	 .text
  17              	.Ltext0:
  18              	 .cfi_sections .debug_frame
  19              	 .section .text.arm_fir_sparse_init_q31,"ax",%progbits
  20              	 .align 2
  21              	 .global arm_fir_sparse_init_q31
  22              	 .thumb
  23              	 .thumb_func
  25              	arm_fir_sparse_init_q31:
  26              	.LFB135:
  27              	 .file 1 "../Dave/Generated/CMSIS_DSP/FilteringFunctions/arm_fir_sparse_init_q31.c"
   1:../Dave/Generated/CMSIS_DSP/FilteringFunctions/arm_fir_sparse_init_q31.c **** /* ----------------------------------------------------------------------
   2:../Dave/Generated/CMSIS_DSP/FilteringFunctions/arm_fir_sparse_init_q31.c ****  * Project:      CMSIS DSP Library
   3:../Dave/Generated/CMSIS_DSP/FilteringFunctions/arm_fir_sparse_init_q31.c ****  * Title:        arm_fir_sparse_init_q31.c
   4:../Dave/Generated/CMSIS_DSP/FilteringFunctions/arm_fir_sparse_init_q31.c ****  * Description:  Q31 sparse FIR filter initialization function
   5:../Dave/Generated/CMSIS_DSP/FilteringFunctions/arm_fir_sparse_init_q31.c ****  *
   6:../Dave/Generated/CMSIS_DSP/FilteringFunctions/arm_fir_sparse_init_q31.c ****  * $Date:        27. January 2017
   7:../Dave/Generated/CMSIS_DSP/FilteringFunctions/arm_fir_sparse_init_q31.c ****  * $Revision:    V.1.5.1
   8:../Dave/Generated/CMSIS_DSP/FilteringFunctions/arm_fir_sparse_init_q31.c ****  *
   9:../Dave/Generated/CMSIS_DSP/FilteringFunctions/arm_fir_sparse_init_q31.c ****  * Target Processor: Cortex-M cores
  10:../Dave/Generated/CMSIS_DSP/FilteringFunctions/arm_fir_sparse_init_q31.c ****  * -------------------------------------------------------------------- */
  11:../Dave/Generated/CMSIS_DSP/FilteringFunctions/arm_fir_sparse_init_q31.c **** /*
  12:../Dave/Generated/CMSIS_DSP/FilteringFunctions/arm_fir_sparse_init_q31.c ****  * Copyright (C) 2010-2017 ARM Limited or its affiliates. All rights reserved.
  13:../Dave/Generated/CMSIS_DSP/FilteringFunctions/arm_fir_sparse_init_q31.c ****  *
  14:../Dave/Generated/CMSIS_DSP/FilteringFunctions/arm_fir_sparse_init_q31.c ****  * SPDX-License-Identifier: Apache-2.0
  15:../Dave/Generated/CMSIS_DSP/FilteringFunctions/arm_fir_sparse_init_q31.c ****  *
  16:../Dave/Generated/CMSIS_DSP/FilteringFunctions/arm_fir_sparse_init_q31.c ****  * Licensed under the Apache License, Version 2.0 (the License); you may
  17:../Dave/Generated/CMSIS_DSP/FilteringFunctions/arm_fir_sparse_init_q31.c ****  * not use this file except in compliance with the License.
  18:../Dave/Generated/CMSIS_DSP/FilteringFunctions/arm_fir_sparse_init_q31.c ****  * You may obtain a copy of the License at
  19:../Dave/Generated/CMSIS_DSP/FilteringFunctions/arm_fir_sparse_init_q31.c ****  *
  20:../Dave/Generated/CMSIS_DSP/FilteringFunctions/arm_fir_sparse_init_q31.c ****  * www.apache.org/licenses/LICENSE-2.0
  21:../Dave/Generated/CMSIS_DSP/FilteringFunctions/arm_fir_sparse_init_q31.c ****  *
  22:../Dave/Generated/CMSIS_DSP/FilteringFunctions/arm_fir_sparse_init_q31.c ****  * Unless required by applicable law or agreed to in writing, software
  23:../Dave/Generated/CMSIS_DSP/FilteringFunctions/arm_fir_sparse_init_q31.c ****  * distributed under the License is distributed on an AS IS BASIS, WITHOUT
  24:../Dave/Generated/CMSIS_DSP/FilteringFunctions/arm_fir_sparse_init_q31.c ****  * WARRANTIES OR CONDITIONS OF ANY KIND, either express or implied.
  25:../Dave/Generated/CMSIS_DSP/FilteringFunctions/arm_fir_sparse_init_q31.c ****  * See the License for the specific language governing permissions and
  26:../Dave/Generated/CMSIS_DSP/FilteringFunctions/arm_fir_sparse_init_q31.c ****  * limitations under the License.
  27:../Dave/Generated/CMSIS_DSP/FilteringFunctions/arm_fir_sparse_init_q31.c ****  */
  28:../Dave/Generated/CMSIS_DSP/FilteringFunctions/arm_fir_sparse_init_q31.c **** 
  29:../Dave/Generated/CMSIS_DSP/FilteringFunctions/arm_fir_sparse_init_q31.c **** #include "CMSIS_DSP/cmsis_dsp.h"
  30:../Dave/Generated/CMSIS_DSP/FilteringFunctions/arm_fir_sparse_init_q31.c **** 
  31:../Dave/Generated/CMSIS_DSP/FilteringFunctions/arm_fir_sparse_init_q31.c **** /**
  32:../Dave/Generated/CMSIS_DSP/FilteringFunctions/arm_fir_sparse_init_q31.c ****  * @ingroup groupFilters
  33:../Dave/Generated/CMSIS_DSP/FilteringFunctions/arm_fir_sparse_init_q31.c ****  */
  34:../Dave/Generated/CMSIS_DSP/FilteringFunctions/arm_fir_sparse_init_q31.c **** 
  35:../Dave/Generated/CMSIS_DSP/FilteringFunctions/arm_fir_sparse_init_q31.c **** /**
  36:../Dave/Generated/CMSIS_DSP/FilteringFunctions/arm_fir_sparse_init_q31.c ****  * @addtogroup FIR_Sparse
  37:../Dave/Generated/CMSIS_DSP/FilteringFunctions/arm_fir_sparse_init_q31.c ****  * @{
  38:../Dave/Generated/CMSIS_DSP/FilteringFunctions/arm_fir_sparse_init_q31.c ****  */
  39:../Dave/Generated/CMSIS_DSP/FilteringFunctions/arm_fir_sparse_init_q31.c **** 
  40:../Dave/Generated/CMSIS_DSP/FilteringFunctions/arm_fir_sparse_init_q31.c **** /**
  41:../Dave/Generated/CMSIS_DSP/FilteringFunctions/arm_fir_sparse_init_q31.c ****  * @brief  Initialization function for the Q31 sparse FIR filter.
  42:../Dave/Generated/CMSIS_DSP/FilteringFunctions/arm_fir_sparse_init_q31.c ****  * @param[in,out] *S         points to an instance of the Q31 sparse FIR structure.
  43:../Dave/Generated/CMSIS_DSP/FilteringFunctions/arm_fir_sparse_init_q31.c ****  * @param[in]     numTaps    number of nonzero coefficients in the filter.
  44:../Dave/Generated/CMSIS_DSP/FilteringFunctions/arm_fir_sparse_init_q31.c ****  * @param[in]     *pCoeffs   points to the array of filter coefficients.
  45:../Dave/Generated/CMSIS_DSP/FilteringFunctions/arm_fir_sparse_init_q31.c ****  * @param[in]     *pState    points to the state buffer.
  46:../Dave/Generated/CMSIS_DSP/FilteringFunctions/arm_fir_sparse_init_q31.c ****  * @param[in]     *pTapDelay points to the array of offset times.
  47:../Dave/Generated/CMSIS_DSP/FilteringFunctions/arm_fir_sparse_init_q31.c ****  * @param[in]     maxDelay   maximum offset time supported.
  48:../Dave/Generated/CMSIS_DSP/FilteringFunctions/arm_fir_sparse_init_q31.c ****  * @param[in]     blockSize  number of samples that will be processed per block.
  49:../Dave/Generated/CMSIS_DSP/FilteringFunctions/arm_fir_sparse_init_q31.c ****  * @return none
  50:../Dave/Generated/CMSIS_DSP/FilteringFunctions/arm_fir_sparse_init_q31.c ****  *
  51:../Dave/Generated/CMSIS_DSP/FilteringFunctions/arm_fir_sparse_init_q31.c ****  * <b>Description:</b>
  52:../Dave/Generated/CMSIS_DSP/FilteringFunctions/arm_fir_sparse_init_q31.c ****  * \par
  53:../Dave/Generated/CMSIS_DSP/FilteringFunctions/arm_fir_sparse_init_q31.c ****  * <code>pCoeffs</code> holds the filter coefficients and has length <code>numTaps</code>.
  54:../Dave/Generated/CMSIS_DSP/FilteringFunctions/arm_fir_sparse_init_q31.c ****  * <code>pState</code> holds the filter's state variables and must be of length
  55:../Dave/Generated/CMSIS_DSP/FilteringFunctions/arm_fir_sparse_init_q31.c ****  * <code>maxDelay + blockSize</code>, where <code>maxDelay</code>
  56:../Dave/Generated/CMSIS_DSP/FilteringFunctions/arm_fir_sparse_init_q31.c ****  * is the maximum number of delay line values.
  57:../Dave/Generated/CMSIS_DSP/FilteringFunctions/arm_fir_sparse_init_q31.c ****  * <code>blockSize</code> is the number of words processed by <code>arm_fir_sparse_q31()</code> fun
  58:../Dave/Generated/CMSIS_DSP/FilteringFunctions/arm_fir_sparse_init_q31.c ****  */
  59:../Dave/Generated/CMSIS_DSP/FilteringFunctions/arm_fir_sparse_init_q31.c **** 
  60:../Dave/Generated/CMSIS_DSP/FilteringFunctions/arm_fir_sparse_init_q31.c **** void arm_fir_sparse_init_q31(
  61:../Dave/Generated/CMSIS_DSP/FilteringFunctions/arm_fir_sparse_init_q31.c ****   arm_fir_sparse_instance_q31 * S,
  62:../Dave/Generated/CMSIS_DSP/FilteringFunctions/arm_fir_sparse_init_q31.c ****   uint16_t numTaps,
  63:../Dave/Generated/CMSIS_DSP/FilteringFunctions/arm_fir_sparse_init_q31.c ****   q31_t * pCoeffs,
  64:../Dave/Generated/CMSIS_DSP/FilteringFunctions/arm_fir_sparse_init_q31.c ****   q31_t * pState,
  65:../Dave/Generated/CMSIS_DSP/FilteringFunctions/arm_fir_sparse_init_q31.c ****   int32_t * pTapDelay,
  66:../Dave/Generated/CMSIS_DSP/FilteringFunctions/arm_fir_sparse_init_q31.c ****   uint16_t maxDelay,
  67:../Dave/Generated/CMSIS_DSP/FilteringFunctions/arm_fir_sparse_init_q31.c ****   uint32_t blockSize)
  68:../Dave/Generated/CMSIS_DSP/FilteringFunctions/arm_fir_sparse_init_q31.c **** {
  28              	 .loc 1 68 0
  29              	 .cfi_startproc
  30              	 
  31              	 
  32              	.LVL0:
  33 0000 F8B5     	 push {r3,r4,r5,r6,r7,lr}
  34              	.LCFI0:
  35              	 .cfi_def_cfa_offset 24
  36              	 .cfi_offset 3,-24
  37              	 .cfi_offset 4,-20
  38              	 .cfi_offset 5,-16
  39              	 .cfi_offset 6,-12
  40              	 .cfi_offset 7,-8
  41              	 .cfi_offset 14,-4
  42              	 .loc 1 68 0
  43 0002 089D     	 ldr r5,[sp,#32]
  44 0004 BDF81CE0 	 ldrh lr,[sp,#28]
  45 0008 069E     	 ldr r6,[sp,#24]
  69:../Dave/Generated/CMSIS_DSP/FilteringFunctions/arm_fir_sparse_init_q31.c ****   /* Assign filter taps */
  70:../Dave/Generated/CMSIS_DSP/FilteringFunctions/arm_fir_sparse_init_q31.c ****   S->numTaps = numTaps;
  46              	 .loc 1 70 0
  47 000a 0180     	 strh r1,[r0]
  68:../Dave/Generated/CMSIS_DSP/FilteringFunctions/arm_fir_sparse_init_q31.c ****   /* Assign filter taps */
  48              	 .loc 1 68 0
  49 000c 1F46     	 mov r7,r3
  50 000e 0446     	 mov r4,r0
  71:../Dave/Generated/CMSIS_DSP/FilteringFunctions/arm_fir_sparse_init_q31.c **** 
  72:../Dave/Generated/CMSIS_DSP/FilteringFunctions/arm_fir_sparse_init_q31.c ****   /* Assign coefficient pointer */
  73:../Dave/Generated/CMSIS_DSP/FilteringFunctions/arm_fir_sparse_init_q31.c ****   S->pCoeffs = pCoeffs;
  74:../Dave/Generated/CMSIS_DSP/FilteringFunctions/arm_fir_sparse_init_q31.c **** 
  75:../Dave/Generated/CMSIS_DSP/FilteringFunctions/arm_fir_sparse_init_q31.c ****   /* Assign TapDelay pointer */
  76:../Dave/Generated/CMSIS_DSP/FilteringFunctions/arm_fir_sparse_init_q31.c ****   S->pTapDelay = pTapDelay;
  77:../Dave/Generated/CMSIS_DSP/FilteringFunctions/arm_fir_sparse_init_q31.c **** 
  78:../Dave/Generated/CMSIS_DSP/FilteringFunctions/arm_fir_sparse_init_q31.c ****   /* Assign MaxDelay */
  79:../Dave/Generated/CMSIS_DSP/FilteringFunctions/arm_fir_sparse_init_q31.c ****   S->maxDelay = maxDelay;
  80:../Dave/Generated/CMSIS_DSP/FilteringFunctions/arm_fir_sparse_init_q31.c **** 
  81:../Dave/Generated/CMSIS_DSP/FilteringFunctions/arm_fir_sparse_init_q31.c ****   /* reset the stateIndex to 0 */
  82:../Dave/Generated/CMSIS_DSP/FilteringFunctions/arm_fir_sparse_init_q31.c ****   S->stateIndex = 0u;
  51              	 .loc 1 82 0
  52 0010 0023     	 movs r3,#0
  53              	.LVL1:
  83:../Dave/Generated/CMSIS_DSP/FilteringFunctions/arm_fir_sparse_init_q31.c **** 
  84:../Dave/Generated/CMSIS_DSP/FilteringFunctions/arm_fir_sparse_init_q31.c ****   /* Clear state buffer and size is always maxDelay + blockSize */
  85:../Dave/Generated/CMSIS_DSP/FilteringFunctions/arm_fir_sparse_init_q31.c ****   memset(pState, 0, (maxDelay + blockSize) * sizeof(q31_t));
  54              	 .loc 1 85 0
  55 0012 7544     	 add r5,r5,lr
  73:../Dave/Generated/CMSIS_DSP/FilteringFunctions/arm_fir_sparse_init_q31.c **** 
  56              	 .loc 1 73 0
  57 0014 8260     	 str r2,[r0,#8]
  76:../Dave/Generated/CMSIS_DSP/FilteringFunctions/arm_fir_sparse_init_q31.c **** 
  58              	 .loc 1 76 0
  59 0016 0661     	 str r6,[r0,#16]
  79:../Dave/Generated/CMSIS_DSP/FilteringFunctions/arm_fir_sparse_init_q31.c **** 
  60              	 .loc 1 79 0
  61 0018 A0F80CE0 	 strh lr,[r0,#12]
  82:../Dave/Generated/CMSIS_DSP/FilteringFunctions/arm_fir_sparse_init_q31.c **** 
  62              	 .loc 1 82 0
  63 001c 4380     	 strh r3,[r0,#2]
  64              	 .loc 1 85 0
  65 001e AA00     	 lsls r2,r5,#2
  66              	.LVL2:
  67 0020 1946     	 mov r1,r3
  68              	.LVL3:
  69 0022 3846     	 mov r0,r7
  70              	.LVL4:
  71 0024 FFF7FEFF 	 bl memset
  72              	.LVL5:
  86:../Dave/Generated/CMSIS_DSP/FilteringFunctions/arm_fir_sparse_init_q31.c **** 
  87:../Dave/Generated/CMSIS_DSP/FilteringFunctions/arm_fir_sparse_init_q31.c ****   /* Assign state pointer */
  88:../Dave/Generated/CMSIS_DSP/FilteringFunctions/arm_fir_sparse_init_q31.c ****   S->pState = pState;
  73              	 .loc 1 88 0
  74 0028 6760     	 str r7,[r4,#4]
  75 002a F8BD     	 pop {r3,r4,r5,r6,r7,pc}
  76              	 .cfi_endproc
  77              	.LFE135:
  79              	 .text
  80              	.Letext0:
  81              	 .file 2 "c:\\infineon\\tools\\dave ide\\4.5.0.202105191637\\eclipse\\arm-gcc-49\\arm-none-eabi\\include\\machine\\_default_types.h"
  82              	 .file 3 "c:\\infineon\\tools\\dave ide\\4.5.0.202105191637\\eclipse\\arm-gcc-49\\arm-none-eabi\\include\\stdint.h"
  83              	 .file 4 "C:/Users/Utente/Desktop/Tesi/Firmware_Software/DAVE project/S2GLP_Pulsed_Doppler/Dave/Generated/CMSIS_DSP/arm_math.h"
DEFINED SYMBOLS
                            *ABS*:00000000 arm_fir_sparse_init_q31.c
    {standard input}:20     .text.arm_fir_sparse_init_q31:00000000 $t
    {standard input}:25     .text.arm_fir_sparse_init_q31:00000000 arm_fir_sparse_init_q31
                     .debug_frame:00000010 $d

UNDEFINED SYMBOLS
memset
