   1              	 .syntax unified
   2              	 .cpu cortex-m4
   3              	 .eabi_attribute 27,3
   4              	 .fpu fpv4-sp-d16
   5              	 .eabi_attribute 20,1
   6              	 .eabi_attribute 21,1
   7              	 .eabi_attribute 23,3
   8              	 .eabi_attribute 24,1
   9              	 .eabi_attribute 25,1
  10              	 .eabi_attribute 26,1
  11              	 .eabi_attribute 30,2
  12              	 .eabi_attribute 34,1
  13              	 .eabi_attribute 18,4
  14              	 .thumb
  15              	 .file "arm_fir_interpolate_init_q15.c"
  16              	 .text
  17              	.Ltext0:
  18              	 .cfi_sections .debug_frame
  19              	 .section .text.arm_fir_interpolate_init_q15,"ax",%progbits
  20              	 .align 2
  21              	 .global arm_fir_interpolate_init_q15
  22              	 .thumb
  23              	 .thumb_func
  25              	arm_fir_interpolate_init_q15:
  26              	.LFB135:
  27              	 .file 1 "../Dave/Generated/CMSIS_DSP/FilteringFunctions/arm_fir_interpolate_init_q15.c"
   1:../Dave/Generated/CMSIS_DSP/FilteringFunctions/arm_fir_interpolate_init_q15.c **** /* ----------------------------------------------------------------------
   2:../Dave/Generated/CMSIS_DSP/FilteringFunctions/arm_fir_interpolate_init_q15.c ****  * Project:      CMSIS DSP Library
   3:../Dave/Generated/CMSIS_DSP/FilteringFunctions/arm_fir_interpolate_init_q15.c ****  * Title:        arm_fir_interpolate_init_q15.c
   4:../Dave/Generated/CMSIS_DSP/FilteringFunctions/arm_fir_interpolate_init_q15.c ****  * Description:  Q15 FIR interpolator initialization function
   5:../Dave/Generated/CMSIS_DSP/FilteringFunctions/arm_fir_interpolate_init_q15.c ****  *
   6:../Dave/Generated/CMSIS_DSP/FilteringFunctions/arm_fir_interpolate_init_q15.c ****  * $Date:        27. January 2017
   7:../Dave/Generated/CMSIS_DSP/FilteringFunctions/arm_fir_interpolate_init_q15.c ****  * $Revision:    V.1.5.1
   8:../Dave/Generated/CMSIS_DSP/FilteringFunctions/arm_fir_interpolate_init_q15.c ****  *
   9:../Dave/Generated/CMSIS_DSP/FilteringFunctions/arm_fir_interpolate_init_q15.c ****  * Target Processor: Cortex-M cores
  10:../Dave/Generated/CMSIS_DSP/FilteringFunctions/arm_fir_interpolate_init_q15.c ****  * -------------------------------------------------------------------- */
  11:../Dave/Generated/CMSIS_DSP/FilteringFunctions/arm_fir_interpolate_init_q15.c **** /*
  12:../Dave/Generated/CMSIS_DSP/FilteringFunctions/arm_fir_interpolate_init_q15.c ****  * Copyright (C) 2010-2017 ARM Limited or its affiliates. All rights reserved.
  13:../Dave/Generated/CMSIS_DSP/FilteringFunctions/arm_fir_interpolate_init_q15.c ****  *
  14:../Dave/Generated/CMSIS_DSP/FilteringFunctions/arm_fir_interpolate_init_q15.c ****  * SPDX-License-Identifier: Apache-2.0
  15:../Dave/Generated/CMSIS_DSP/FilteringFunctions/arm_fir_interpolate_init_q15.c ****  *
  16:../Dave/Generated/CMSIS_DSP/FilteringFunctions/arm_fir_interpolate_init_q15.c ****  * Licensed under the Apache License, Version 2.0 (the License); you may
  17:../Dave/Generated/CMSIS_DSP/FilteringFunctions/arm_fir_interpolate_init_q15.c ****  * not use this file except in compliance with the License.
  18:../Dave/Generated/CMSIS_DSP/FilteringFunctions/arm_fir_interpolate_init_q15.c ****  * You may obtain a copy of the License at
  19:../Dave/Generated/CMSIS_DSP/FilteringFunctions/arm_fir_interpolate_init_q15.c ****  *
  20:../Dave/Generated/CMSIS_DSP/FilteringFunctions/arm_fir_interpolate_init_q15.c ****  * www.apache.org/licenses/LICENSE-2.0
  21:../Dave/Generated/CMSIS_DSP/FilteringFunctions/arm_fir_interpolate_init_q15.c ****  *
  22:../Dave/Generated/CMSIS_DSP/FilteringFunctions/arm_fir_interpolate_init_q15.c ****  * Unless required by applicable law or agreed to in writing, software
  23:../Dave/Generated/CMSIS_DSP/FilteringFunctions/arm_fir_interpolate_init_q15.c ****  * distributed under the License is distributed on an AS IS BASIS, WITHOUT
  24:../Dave/Generated/CMSIS_DSP/FilteringFunctions/arm_fir_interpolate_init_q15.c ****  * WARRANTIES OR CONDITIONS OF ANY KIND, either express or implied.
  25:../Dave/Generated/CMSIS_DSP/FilteringFunctions/arm_fir_interpolate_init_q15.c ****  * See the License for the specific language governing permissions and
  26:../Dave/Generated/CMSIS_DSP/FilteringFunctions/arm_fir_interpolate_init_q15.c ****  * limitations under the License.
  27:../Dave/Generated/CMSIS_DSP/FilteringFunctions/arm_fir_interpolate_init_q15.c ****  */
  28:../Dave/Generated/CMSIS_DSP/FilteringFunctions/arm_fir_interpolate_init_q15.c **** 
  29:../Dave/Generated/CMSIS_DSP/FilteringFunctions/arm_fir_interpolate_init_q15.c **** #include "CMSIS_DSP/cmsis_dsp.h"
  30:../Dave/Generated/CMSIS_DSP/FilteringFunctions/arm_fir_interpolate_init_q15.c **** 
  31:../Dave/Generated/CMSIS_DSP/FilteringFunctions/arm_fir_interpolate_init_q15.c **** /**
  32:../Dave/Generated/CMSIS_DSP/FilteringFunctions/arm_fir_interpolate_init_q15.c ****  * @ingroup groupFilters
  33:../Dave/Generated/CMSIS_DSP/FilteringFunctions/arm_fir_interpolate_init_q15.c ****  */
  34:../Dave/Generated/CMSIS_DSP/FilteringFunctions/arm_fir_interpolate_init_q15.c **** 
  35:../Dave/Generated/CMSIS_DSP/FilteringFunctions/arm_fir_interpolate_init_q15.c **** /**
  36:../Dave/Generated/CMSIS_DSP/FilteringFunctions/arm_fir_interpolate_init_q15.c ****  * @addtogroup FIR_Interpolate
  37:../Dave/Generated/CMSIS_DSP/FilteringFunctions/arm_fir_interpolate_init_q15.c ****  * @{
  38:../Dave/Generated/CMSIS_DSP/FilteringFunctions/arm_fir_interpolate_init_q15.c ****  */
  39:../Dave/Generated/CMSIS_DSP/FilteringFunctions/arm_fir_interpolate_init_q15.c **** 
  40:../Dave/Generated/CMSIS_DSP/FilteringFunctions/arm_fir_interpolate_init_q15.c **** /**
  41:../Dave/Generated/CMSIS_DSP/FilteringFunctions/arm_fir_interpolate_init_q15.c ****  * @brief  Initialization function for the Q15 FIR interpolator.
  42:../Dave/Generated/CMSIS_DSP/FilteringFunctions/arm_fir_interpolate_init_q15.c ****  * @param[in,out] *S        points to an instance of the Q15 FIR interpolator structure.
  43:../Dave/Generated/CMSIS_DSP/FilteringFunctions/arm_fir_interpolate_init_q15.c ****  * @param[in]     L         upsample factor.
  44:../Dave/Generated/CMSIS_DSP/FilteringFunctions/arm_fir_interpolate_init_q15.c ****  * @param[in]     numTaps   number of filter coefficients in the filter.
  45:../Dave/Generated/CMSIS_DSP/FilteringFunctions/arm_fir_interpolate_init_q15.c ****  * @param[in]     *pCoeffs  points to the filter coefficient buffer.
  46:../Dave/Generated/CMSIS_DSP/FilteringFunctions/arm_fir_interpolate_init_q15.c ****  * @param[in]     *pState   points to the state buffer.
  47:../Dave/Generated/CMSIS_DSP/FilteringFunctions/arm_fir_interpolate_init_q15.c ****  * @param[in]     blockSize number of input samples to process per call.
  48:../Dave/Generated/CMSIS_DSP/FilteringFunctions/arm_fir_interpolate_init_q15.c ****  * @return        The function returns ARM_MATH_SUCCESS if initialization was successful or ARM_MAT
  49:../Dave/Generated/CMSIS_DSP/FilteringFunctions/arm_fir_interpolate_init_q15.c ****  * the filter length <code>numTaps</code> is not a multiple of the interpolation factor <code>L</co
  50:../Dave/Generated/CMSIS_DSP/FilteringFunctions/arm_fir_interpolate_init_q15.c ****  *
  51:../Dave/Generated/CMSIS_DSP/FilteringFunctions/arm_fir_interpolate_init_q15.c ****  * <b>Description:</b>
  52:../Dave/Generated/CMSIS_DSP/FilteringFunctions/arm_fir_interpolate_init_q15.c ****  * \par
  53:../Dave/Generated/CMSIS_DSP/FilteringFunctions/arm_fir_interpolate_init_q15.c ****  * <code>pCoeffs</code> points to the array of filter coefficients stored in time reversed order:
  54:../Dave/Generated/CMSIS_DSP/FilteringFunctions/arm_fir_interpolate_init_q15.c ****  * <pre>
  55:../Dave/Generated/CMSIS_DSP/FilteringFunctions/arm_fir_interpolate_init_q15.c ****  *    {b[numTaps-1], b[numTaps-2], b[numTaps-2], ..., b[1], b[0]}
  56:../Dave/Generated/CMSIS_DSP/FilteringFunctions/arm_fir_interpolate_init_q15.c ****  * </pre>
  57:../Dave/Generated/CMSIS_DSP/FilteringFunctions/arm_fir_interpolate_init_q15.c ****  * The length of the filter <code>numTaps</code> must be a multiple of the interpolation factor <co
  58:../Dave/Generated/CMSIS_DSP/FilteringFunctions/arm_fir_interpolate_init_q15.c ****  * \par
  59:../Dave/Generated/CMSIS_DSP/FilteringFunctions/arm_fir_interpolate_init_q15.c ****  * <code>pState</code> points to the array of state variables.
  60:../Dave/Generated/CMSIS_DSP/FilteringFunctions/arm_fir_interpolate_init_q15.c ****  * <code>pState</code> is of length <code>(numTaps/L)+blockSize-1</code> words
  61:../Dave/Generated/CMSIS_DSP/FilteringFunctions/arm_fir_interpolate_init_q15.c ****  * where <code>blockSize</code> is the number of input samples processed by each call to <code>arm_
  62:../Dave/Generated/CMSIS_DSP/FilteringFunctions/arm_fir_interpolate_init_q15.c ****  */
  63:../Dave/Generated/CMSIS_DSP/FilteringFunctions/arm_fir_interpolate_init_q15.c **** 
  64:../Dave/Generated/CMSIS_DSP/FilteringFunctions/arm_fir_interpolate_init_q15.c **** arm_status arm_fir_interpolate_init_q15(
  65:../Dave/Generated/CMSIS_DSP/FilteringFunctions/arm_fir_interpolate_init_q15.c ****   arm_fir_interpolate_instance_q15 * S,
  66:../Dave/Generated/CMSIS_DSP/FilteringFunctions/arm_fir_interpolate_init_q15.c ****   uint8_t L,
  67:../Dave/Generated/CMSIS_DSP/FilteringFunctions/arm_fir_interpolate_init_q15.c ****   uint16_t numTaps,
  68:../Dave/Generated/CMSIS_DSP/FilteringFunctions/arm_fir_interpolate_init_q15.c ****   q15_t * pCoeffs,
  69:../Dave/Generated/CMSIS_DSP/FilteringFunctions/arm_fir_interpolate_init_q15.c ****   q15_t * pState,
  70:../Dave/Generated/CMSIS_DSP/FilteringFunctions/arm_fir_interpolate_init_q15.c ****   uint32_t blockSize)
  71:../Dave/Generated/CMSIS_DSP/FilteringFunctions/arm_fir_interpolate_init_q15.c **** {
  28              	 .loc 1 71 0
  29              	 .cfi_startproc
  30              	 
  31              	 
  32              	.LVL0:
  33 0000 70B5     	 push {r4,r5,r6,lr}
  34              	.LCFI0:
  35              	 .cfi_def_cfa_offset 16
  36              	 .cfi_offset 4,-16
  37              	 .cfi_offset 5,-12
  38              	 .cfi_offset 6,-8
  39              	 .cfi_offset 14,-4
  72:../Dave/Generated/CMSIS_DSP/FilteringFunctions/arm_fir_interpolate_init_q15.c ****   arm_status status;
  73:../Dave/Generated/CMSIS_DSP/FilteringFunctions/arm_fir_interpolate_init_q15.c **** 
  74:../Dave/Generated/CMSIS_DSP/FilteringFunctions/arm_fir_interpolate_init_q15.c ****   /* The filter length must be a multiple of the interpolation factor */
  75:../Dave/Generated/CMSIS_DSP/FilteringFunctions/arm_fir_interpolate_init_q15.c ****   if ((numTaps % L) != 0u)
  40              	 .loc 1 75 0
  41 0002 92FBF1F6 	 sdiv r6,r2,r1
  42 0006 01FB1624 	 mls r4,r1,r6,r2
  43 000a 94B9     	 cbnz r4,.L3
  44 000c 059A     	 ldr r2,[sp,#20]
  45              	.LVL1:
  76:../Dave/Generated/CMSIS_DSP/FilteringFunctions/arm_fir_interpolate_init_q15.c ****   {
  77:../Dave/Generated/CMSIS_DSP/FilteringFunctions/arm_fir_interpolate_init_q15.c ****     /* Set status as ARM_MATH_LENGTH_ERROR */
  78:../Dave/Generated/CMSIS_DSP/FilteringFunctions/arm_fir_interpolate_init_q15.c ****     status = ARM_MATH_LENGTH_ERROR;
  79:../Dave/Generated/CMSIS_DSP/FilteringFunctions/arm_fir_interpolate_init_q15.c ****   }
  80:../Dave/Generated/CMSIS_DSP/FilteringFunctions/arm_fir_interpolate_init_q15.c ****   else
  81:../Dave/Generated/CMSIS_DSP/FilteringFunctions/arm_fir_interpolate_init_q15.c ****   {
  82:../Dave/Generated/CMSIS_DSP/FilteringFunctions/arm_fir_interpolate_init_q15.c **** 
  83:../Dave/Generated/CMSIS_DSP/FilteringFunctions/arm_fir_interpolate_init_q15.c ****     /* Assign coefficient pointer */
  84:../Dave/Generated/CMSIS_DSP/FilteringFunctions/arm_fir_interpolate_init_q15.c ****     S->pCoeffs = pCoeffs;
  46              	 .loc 1 84 0
  47 000e 4360     	 str r3,[r0,#4]
  48 0010 02F10042 	 add r2,r2,#-2147483648
  49 0014 013A     	 subs r2,r2,#1
  85:../Dave/Generated/CMSIS_DSP/FilteringFunctions/arm_fir_interpolate_init_q15.c **** 
  86:../Dave/Generated/CMSIS_DSP/FilteringFunctions/arm_fir_interpolate_init_q15.c ****     /* Assign Interpolation factor */
  87:../Dave/Generated/CMSIS_DSP/FilteringFunctions/arm_fir_interpolate_init_q15.c ****     S->L = L;
  88:../Dave/Generated/CMSIS_DSP/FilteringFunctions/arm_fir_interpolate_init_q15.c **** 
  89:../Dave/Generated/CMSIS_DSP/FilteringFunctions/arm_fir_interpolate_init_q15.c ****     /* Assign polyPhaseLength */
  90:../Dave/Generated/CMSIS_DSP/FilteringFunctions/arm_fir_interpolate_init_q15.c ****     S->phaseLength = numTaps / L;
  91:../Dave/Generated/CMSIS_DSP/FilteringFunctions/arm_fir_interpolate_init_q15.c **** 
  92:../Dave/Generated/CMSIS_DSP/FilteringFunctions/arm_fir_interpolate_init_q15.c ****     /* Clear state buffer and size of buffer is always phaseLength + blockSize - 1 */
  93:../Dave/Generated/CMSIS_DSP/FilteringFunctions/arm_fir_interpolate_init_q15.c ****     memset(pState, 0,
  50              	 .loc 1 93 0
  51 0016 3244     	 add r2,r2,r6
  87:../Dave/Generated/CMSIS_DSP/FilteringFunctions/arm_fir_interpolate_init_q15.c **** 
  52              	 .loc 1 87 0
  53 0018 0170     	 strb r1,[r0]
  54 001a 0546     	 mov r5,r0
  90:../Dave/Generated/CMSIS_DSP/FilteringFunctions/arm_fir_interpolate_init_q15.c **** 
  55              	 .loc 1 90 0
  56 001c 4680     	 strh r6,[r0,#2]
  57              	 .loc 1 93 0
  58 001e 5200     	 lsls r2,r2,#1
  59 0020 0498     	 ldr r0,[sp,#16]
  60              	.LVL2:
  61 0022 2146     	 mov r1,r4
  62              	.LVL3:
  63 0024 FFF7FEFF 	 bl memset
  64              	.LVL4:
  94:../Dave/Generated/CMSIS_DSP/FilteringFunctions/arm_fir_interpolate_init_q15.c ****            (blockSize + ((uint32_t) S->phaseLength - 1u)) * sizeof(q15_t));
  95:../Dave/Generated/CMSIS_DSP/FilteringFunctions/arm_fir_interpolate_init_q15.c **** 
  96:../Dave/Generated/CMSIS_DSP/FilteringFunctions/arm_fir_interpolate_init_q15.c ****     /* Assign state pointer */
  97:../Dave/Generated/CMSIS_DSP/FilteringFunctions/arm_fir_interpolate_init_q15.c ****     S->pState = pState;
  65              	 .loc 1 97 0
  66 0028 049B     	 ldr r3,[sp,#16]
  67 002a AB60     	 str r3,[r5,#8]
  68              	.LVL5:
  98:../Dave/Generated/CMSIS_DSP/FilteringFunctions/arm_fir_interpolate_init_q15.c **** 
  99:../Dave/Generated/CMSIS_DSP/FilteringFunctions/arm_fir_interpolate_init_q15.c ****     status = ARM_MATH_SUCCESS;
  69              	 .loc 1 99 0
  70 002c 2046     	 mov r0,r4
  71              	.LVL6:
  72              	.L2:
 100:../Dave/Generated/CMSIS_DSP/FilteringFunctions/arm_fir_interpolate_init_q15.c ****   }
 101:../Dave/Generated/CMSIS_DSP/FilteringFunctions/arm_fir_interpolate_init_q15.c **** 
 102:../Dave/Generated/CMSIS_DSP/FilteringFunctions/arm_fir_interpolate_init_q15.c ****   return (status);
 103:../Dave/Generated/CMSIS_DSP/FilteringFunctions/arm_fir_interpolate_init_q15.c **** 
 104:../Dave/Generated/CMSIS_DSP/FilteringFunctions/arm_fir_interpolate_init_q15.c **** }
  73              	 .loc 1 104 0
  74 002e 40B2     	 sxtb r0,r0
  75 0030 70BD     	 pop {r4,r5,r6,pc}
  76              	.LVL7:
  77              	.L3:
  78:../Dave/Generated/CMSIS_DSP/FilteringFunctions/arm_fir_interpolate_init_q15.c ****   }
  78              	 .loc 1 78 0
  79 0032 FE20     	 movs r0,#254
  80              	.LVL8:
  81 0034 FBE7     	 b .L2
  82              	 .cfi_endproc
  83              	.LFE135:
  85 0036 00BF     	 .text
  86              	.Letext0:
  87              	 .file 2 "c:\\infineon\\tools\\dave ide\\4.5.0.202105191637\\eclipse\\arm-gcc-49\\arm-none-eabi\\include\\machine\\_default_types.h"
  88              	 .file 3 "c:\\infineon\\tools\\dave ide\\4.5.0.202105191637\\eclipse\\arm-gcc-49\\arm-none-eabi\\include\\stdint.h"
  89              	 .file 4 "C:/Users/Utente/Desktop/Tesi/Firmware_Software/DAVE project/S2GLP_Pulsed_Doppler/Dave/Generated/CMSIS_DSP/arm_math.h"
DEFINED SYMBOLS
                            *ABS*:00000000 arm_fir_interpolate_init_q15.c
    {standard input}:20     .text.arm_fir_interpolate_init_q15:00000000 $t
    {standard input}:25     .text.arm_fir_interpolate_init_q15:00000000 arm_fir_interpolate_init_q15
                     .debug_frame:00000010 $d

UNDEFINED SYMBOLS
memset
